22:25:14 | INFO    | ======================================================================
22:25:14 | INFO    |   配电网物资需求预测 —— VMD-CatBoost 模型对比实验
22:25:14 | INFO    |   物资: 10KV电缆 / 柱上变压器台成套设备 / 10kv交流避雷器
22:25:14 | INFO    |   模型: CatBoost / VMD-CatBoost / VMD-LSTM-CatBoost / VMD-LSTM / VMD-SVR
22:25:14 | INFO    | ======================================================================
22:25:14 | INFO    |   日志文件: outputs/logs\main_20260614_222514.log
22:25:14 | INFO    | [1/8] 加载数据...
22:25:14 | INFO    | 数据文件不存在，根据数据生成要求生成模拟数据...
22:25:15 | INFO    |   生成 Sheet[10KV电缆]: 60 条, demand范围=[0.00, 30.00]
22:25:15 | INFO    |   生成 Sheet[柱上变压器台成套设备]: 60 条, demand范围=[0.00, 18.00]
22:25:15 | INFO    |   生成 Sheet[10kv交流避雷器]: 60 条, demand范围=[0.00, 96.00]
22:25:15 | INFO    | 数据已保存至: C:\Users\lilacseeking\PycharmProjects\vmd-catboost\inputs\data\data.xlsx
22:25:23 | INFO    |   [图表] 需求量曲线 → outputs/figures\demand_curves_60m.png
22:25:23 | INFO    | 
22:25:23 | INFO    | [2/8] 处理 10KV电缆 (cable)...
22:25:23 | INFO    |   Top-4 影响因子: ['investment', 'history_demand', 'load_growth', 'equipment_cost']
22:25:23 | INFO    |   [特征工程] 原始4因子 + lag1/lag2 + month_sin/cos = 8维特征
22:25:23 | DEBUG   |   训练集: 48月, 测试集: 12月
22:25:23 | INFO    |   [3/8] 模型一: CatBoost...
22:25:23 | INFO    |   [CatBoost基线] iterations=1000, lr=0.03, depth=4, l2=5, RMSE, 仅4原始因子(无特征工程)
22:25:24 | INFO    |         MSE=52.1234 RMSE=7.2197 MAE=5.2434 R^2=0.3957
22:25:24 | INFO    |   [4/8] 模型二: VMD-CatBoost...
22:25:24 | DEBUG   |   [VMD优化] 最优K=4 (搜索范围[3, 4, 5, 6, 7], 频率分离阈值=1.5)
22:25:24 | INFO    |   [VMD-CatBoost] VMD最优K=4
22:25:24 | INFO    |   [VMD-CatBoost] IMF筛选: 4→4个 (保留[0, 1, 2, 3])
22:25:25 | INFO    |         MSE=69.0806 RMSE=8.3115 MAE=6.5447 R^2=0.1991
22:25:29 | INFO    |   [图表] VMD分解图(cable) → outputs/figures\vmd_decomposition_cable.png
22:25:29 | INFO    |   [5/8] 模型三: VMD-LSTM-CatBoost...
22:25:29 | DEBUG   |   [VMD优化] 最优K=4 (搜索范围[3, 4, 5, 6, 7], 频率分离阈值=1.5)
22:25:29 | INFO    |   [VMD-LSTM-CatBoost] VMD最优K=4
22:25:29 | INFO    |   [VMD-LSTM-CatBoost] IMF筛选: 4→4个 | 残差=IMF1(新idx=0), 模态=['IMF2', 'IMF3', 'IMF4']
22:25:29 | INFO    |   [LSTM架构] MultiFeatureLSTM | input_size=5, hidden_size=6, num_layers=2, dropout=0.25, ReduceLROnPlateau | CNN/池化层: 无(本模型不使用卷积/池化)
22:25:29 | INFO    |   [训练配置] optimizer=Adam, lr=0.002, weight_decay=0.0001, epochs=1000, patience=60, loss=MSELoss, batch_size=full_batch(全批次), device=cpu | 训练样本数(train_samples)=42, 序列长度(seq_len)=6
22:25:31 | DEBUG   |   [LSTM收敛] epoch=214, best_loss=0.010191
22:25:31 | DEBUG   |   [LSTM架构] SingleFeatureLSTM | hidden_size=6, num_layers=2, dropout=0.25, ReduceLROnPlateau | CNN/池化层: 无(本模型不使用卷积/池化)
22:25:31 | DEBUG   |   [训练配置] optimizer=Adam, lr=0.002, weight_decay=0.0001, epochs=1000, patience=60, loss=MSELoss, batch_size=full_batch(全批次), device=cpu | 训练样本数(train_samples)=42, 序列长度(seq_len)=6
22:25:32 | DEBUG   |   [LSTM收敛] epoch=141, best_loss=0.037020
22:25:32 | DEBUG   |   [LSTM架构] SingleFeatureLSTM | hidden_size=6, num_layers=2, dropout=0.25, ReduceLROnPlateau | CNN/池化层: 无(本模型不使用卷积/池化)
22:25:32 | DEBUG   |   [训练配置] optimizer=Adam, lr=0.002, weight_decay=0.0001, epochs=1000, patience=60, loss=MSELoss, batch_size=full_batch(全批次), device=cpu | 训练样本数(train_samples)=42, 序列长度(seq_len)=6
22:25:32 | DEBUG   |   [LSTM收敛] epoch=165, best_loss=0.007044
22:25:32 | DEBUG   |   [LSTM架构] SingleFeatureLSTM | hidden_size=6, num_layers=2, dropout=0.25, ReduceLROnPlateau | CNN/池化层: 无(本模型不使用卷积/池化)
22:25:32 | DEBUG   |   [训练配置] optimizer=Adam, lr=0.002, weight_decay=0.0001, epochs=1000, patience=60, loss=MSELoss, batch_size=full_batch(全批次), device=cpu | 训练样本数(train_samples)=42, 序列长度(seq_len)=6
22:25:33 | DEBUG   |   [LSTM收敛] epoch=224, best_loss=0.004920
22:25:35 | INFO    |         MSE=42.2001 RMSE=6.4962 MAE=4.9686 R^2=0.5107
22:25:35 | INFO    |   [6/8] 模型四: VMD-LSTM(直接求和)...
22:25:35 | DEBUG   |   [VMD优化] 最优K=4 (搜索范围[3, 4, 5, 6, 7], 频率分离阈值=1.5)
22:25:35 | INFO    |   [VMD-LSTM直接求和] VMD最优K=4 → 1×MultiFeatureLSTM(hidden=8,do=0.25) + N×SingleFeatureLSTM(hidden=6,do=0.25) → 直接求和 | 序列长度(seq_len)=6, 输入特征数(input_features)=4(top-4因子)
22:25:35 | INFO    |   [VMD-LSTM直接求和] IMF筛选: 4→4个 | 残差=IMF1(新idx=0), 模态=['IMF2', 'IMF3', 'IMF4']
22:25:35 | INFO    |   [LSTM架构] MultiFeatureLSTM | input_size=5, hidden_size=6, num_layers=2, dropout=0.25, ReduceLROnPlateau | CNN/池化层: 无(本模型不使用卷积/池化)
22:25:35 | INFO    |   [训练配置] optimizer=Adam, lr=0.002, weight_decay=0.0001, epochs=1000, patience=60, loss=MSELoss, batch_size=full_batch(全批次), device=cpu | 训练样本数(train_samples)=42, 序列长度(seq_len)=6
22:25:36 | DEBUG   |   [LSTM收敛] epoch=169, best_loss=0.012900
22:25:36 | DEBUG   |   [LSTM架构] SingleFeatureLSTM | hidden_size=6, num_layers=2, dropout=0.25, ReduceLROnPlateau | CNN/池化层: 无(本模型不使用卷积/池化)
22:25:36 | DEBUG   |   [训练配置] optimizer=Adam, lr=0.002, weight_decay=0.0001, epochs=1000, patience=60, loss=MSELoss, batch_size=full_batch(全批次), device=cpu | 训练样本数(train_samples)=42, 序列长度(seq_len)=6
22:25:36 | DEBUG   |   [LSTM收敛] epoch=108, best_loss=0.038680
22:25:36 | DEBUG   |   [LSTM架构] SingleFeatureLSTM | hidden_size=6, num_layers=2, dropout=0.25, ReduceLROnPlateau | CNN/池化层: 无(本模型不使用卷积/池化)
22:25:36 | DEBUG   |   [训练配置] optimizer=Adam, lr=0.002, weight_decay=0.0001, epochs=1000, patience=60, loss=MSELoss, batch_size=full_batch(全批次), device=cpu | 训练样本数(train_samples)=42, 序列长度(seq_len)=6
22:25:37 | DEBUG   |   [LSTM收敛] epoch=152, best_loss=0.002815
22:25:37 | DEBUG   |   [LSTM架构] SingleFeatureLSTM | hidden_size=6, num_layers=2, dropout=0.25, ReduceLROnPlateau | CNN/池化层: 无(本模型不使用卷积/池化)
22:25:37 | DEBUG   |   [训练配置] optimizer=Adam, lr=0.002, weight_decay=0.0001, epochs=1000, patience=60, loss=MSELoss, batch_size=full_batch(全批次), device=cpu | 训练样本数(train_samples)=42, 序列长度(seq_len)=6
22:25:37 | DEBUG   |   [LSTM收敛] epoch=94, best_loss=0.002072
22:25:37 | INFO    |         MSE=87.7725 RMSE=9.3687 MAE=7.6278 R^2=-0.0177
22:25:37 | INFO    |   [7/8] 模型五: VMD-SVR...
22:25:37 | DEBUG   |   [VMD优化] 最优K=4 (搜索范围[3, 4, 5, 6, 7], 频率分离阈值=1.5)
22:25:37 | INFO    |   [VMD-SVR] VMD最优K=4
22:25:37 | INFO    |   [VMD-SVR] IMF筛选: 4→4个 (保留[0, 1, 2, 3])
22:25:37 | INFO    |   [SVR超参数] kernel=rbf, C=[0.1, 1, 10, 100], gamma=['scale', 'auto', 0.01, 0.1], epsilon=[0.01, 0.05, 0.1, 0.2] | GridSearchCV(cv=3, scoring=neg_mse) | 输入特征数(input_features)=12 (4个IMF+4因子)
22:25:37 | INFO    |   [SVR最优参数] C=100, gamma=0.01, epsilon=0.05
22:25:37 | INFO    |         MSE=87.6763 RMSE=9.3636 MAE=7.4917 R^2=-0.0165
22:25:38 | INFO    |   [图表] 特征重要性(cable) → outputs/figures\feature_importance_cable.png
22:25:38 | INFO    | 
22:25:38 | INFO    | [2/8] 处理 柱上变压器台成套设备 (transformer)...
22:25:38 | INFO    |   Top-4 影响因子: ['load_growth', 'investment', 'history_demand', 'equipment_cost']
22:25:38 | INFO    |   [特征工程] 原始4因子 + lag1/lag2 + month_sin/cos = 8维特征
22:25:38 | DEBUG   |   训练集: 48月, 测试集: 12月
22:25:38 | INFO    |   [3/8] 模型一: CatBoost...
22:25:38 | INFO    |   [CatBoost基线] iterations=1000, lr=0.03, depth=4, l2=5, RMSE, 仅4原始因子(无特征工程)
22:25:38 | INFO    |         MSE=38.9040 RMSE=6.2373 MAE=5.5512 R^2=0.1337
22:25:38 | INFO    |   [4/8] 模型二: VMD-CatBoost...
22:25:38 | DEBUG   |   [VMD优化] 最优K=5 (搜索范围[3, 4, 5, 6, 7], 频率分离阈值=1.5)
22:25:38 | INFO    |   [VMD-CatBoost] VMD最优K=5
22:25:38 | INFO    |   [VMD-CatBoost] IMF筛选: 5→5个 (保留[0, 1, 2, 3, 4])
22:25:38 | INFO    |         MSE=38.5526 RMSE=6.2091 MAE=5.4665 R^2=0.1416
22:25:43 | INFO    |   [图表] VMD分解图(transformer) → outputs/figures\vmd_decomposition_transformer.png
22:25:43 | INFO    |   [5/8] 模型三: VMD-LSTM-CatBoost...
22:25:43 | DEBUG   |   [VMD优化] 最优K=5 (搜索范围[3, 4, 5, 6, 7], 频率分离阈值=1.5)
22:25:43 | INFO    |   [VMD-LSTM-CatBoost] VMD最优K=5
22:25:43 | INFO    |   [VMD-LSTM-CatBoost] IMF筛选: 5→5个 | 残差=IMF1(新idx=0), 模态=['IMF2', 'IMF3', 'IMF4', 'IMF5']
22:25:43 | INFO    |   [LSTM架构] MultiFeatureLSTM | input_size=5, hidden_size=6, num_layers=2, dropout=0.25, ReduceLROnPlateau | CNN/池化层: 无(本模型不使用卷积/池化)
22:25:43 | INFO    |   [训练配置] optimizer=Adam, lr=0.002, weight_decay=0.0001, epochs=1000, patience=60, loss=MSELoss, batch_size=full_batch(全批次), device=cpu | 训练样本数(train_samples)=42, 序列长度(seq_len)=6
22:25:44 | DEBUG   |   [LSTM收敛] epoch=240, best_loss=0.001067
22:25:44 | DEBUG   |   [LSTM架构] SingleFeatureLSTM | hidden_size=6, num_layers=2, dropout=0.25, ReduceLROnPlateau | CNN/池化层: 无(本模型不使用卷积/池化)
22:25:44 | DEBUG   |   [训练配置] optimizer=Adam, lr=0.002, weight_decay=0.0001, epochs=1000, patience=60, loss=MSELoss, batch_size=full_batch(全批次), device=cpu | 训练样本数(train_samples)=42, 序列长度(seq_len)=6
22:25:44 | DEBUG   |   [LSTM收敛] epoch=192, best_loss=0.038406
22:25:44 | DEBUG   |   [LSTM架构] SingleFeatureLSTM | hidden_size=6, num_layers=2, dropout=0.25, ReduceLROnPlateau | CNN/池化层: 无(本模型不使用卷积/池化)
22:25:44 | DEBUG   |   [训练配置] optimizer=Adam, lr=0.002, weight_decay=0.0001, epochs=1000, patience=60, loss=MSELoss, batch_size=full_batch(全批次), device=cpu | 训练样本数(train_samples)=42, 序列长度(seq_len)=6
22:25:45 | DEBUG   |   [LSTM收敛] epoch=157, best_loss=0.011571
22:25:45 | DEBUG   |   [LSTM架构] SingleFeatureLSTM | hidden_size=6, num_layers=2, dropout=0.25, ReduceLROnPlateau | CNN/池化层: 无(本模型不使用卷积/池化)
22:25:45 | DEBUG   |   [训练配置] optimizer=Adam, lr=0.002, weight_decay=0.0001, epochs=1000, patience=60, loss=MSELoss, batch_size=full_batch(全批次), device=cpu | 训练样本数(train_samples)=42, 序列长度(seq_len)=6
22:25:46 | DEBUG   |   [LSTM收敛] epoch=154, best_loss=0.006366
22:25:46 | DEBUG   |   [LSTM架构] SingleFeatureLSTM | hidden_size=6, num_layers=2, dropout=0.25, ReduceLROnPlateau | CNN/池化层: 无(本模型不使用卷积/池化)
22:25:46 | DEBUG   |   [训练配置] optimizer=Adam, lr=0.002, weight_decay=0.0001, epochs=1000, patience=60, loss=MSELoss, batch_size=full_batch(全批次), device=cpu | 训练样本数(train_samples)=42, 序列长度(seq_len)=6
22:25:46 | DEBUG   |   [LSTM收敛] epoch=83, best_loss=0.003826
22:25:47 | INFO    |         MSE=34.1128 RMSE=5.8406 MAE=4.7859 R^2=0.2404
22:25:47 | INFO    |   [6/8] 模型四: VMD-LSTM(直接求和)...
22:25:47 | DEBUG   |   [VMD优化] 最优K=5 (搜索范围[3, 4, 5, 6, 7], 频率分离阈值=1.5)
22:25:47 | INFO    |   [VMD-LSTM直接求和] VMD最优K=5 → 1×MultiFeatureLSTM(hidden=8,do=0.25) + N×SingleFeatureLSTM(hidden=6,do=0.25) → 直接求和 | 序列长度(seq_len)=6, 输入特征数(input_features)=4(top-4因子)
22:25:47 | INFO    |   [VMD-LSTM直接求和] IMF筛选: 5→5个 | 残差=IMF1(新idx=0), 模态=['IMF2', 'IMF3', 'IMF4', 'IMF5']
22:25:47 | INFO    |   [LSTM架构] MultiFeatureLSTM | input_size=5, hidden_size=6, num_layers=2, dropout=0.25, ReduceLROnPlateau | CNN/池化层: 无(本模型不使用卷积/池化)
22:25:47 | INFO    |   [训练配置] optimizer=Adam, lr=0.002, weight_decay=0.0001, epochs=1000, patience=60, loss=MSELoss, batch_size=full_batch(全批次), device=cpu | 训练样本数(train_samples)=42, 序列长度(seq_len)=6
22:25:48 | DEBUG   |   [LSTM收敛] epoch=164, best_loss=0.008352
22:25:48 | DEBUG   |   [LSTM架构] SingleFeatureLSTM | hidden_size=6, num_layers=2, dropout=0.25, ReduceLROnPlateau | CNN/池化层: 无(本模型不使用卷积/池化)
22:25:48 | DEBUG   |   [训练配置] optimizer=Adam, lr=0.002, weight_decay=0.0001, epochs=1000, patience=60, loss=MSELoss, batch_size=full_batch(全批次), device=cpu | 训练样本数(train_samples)=42, 序列长度(seq_len)=6
22:25:48 | DEBUG   |   [LSTM收敛] epoch=101, best_loss=0.043665
22:25:48 | DEBUG   |   [LSTM架构] SingleFeatureLSTM | hidden_size=6, num_layers=2, dropout=0.25, ReduceLROnPlateau | CNN/池化层: 无(本模型不使用卷积/池化)
22:25:48 | DEBUG   |   [训练配置] optimizer=Adam, lr=0.002, weight_decay=0.0001, epochs=1000, patience=60, loss=MSELoss, batch_size=full_batch(全批次), device=cpu | 训练样本数(train_samples)=42, 序列长度(seq_len)=6
22:25:49 | DEBUG   |   [LSTM收敛] epoch=154, best_loss=0.011247
22:25:49 | DEBUG   |   [LSTM架构] SingleFeatureLSTM | hidden_size=6, num_layers=2, dropout=0.25, ReduceLROnPlateau | CNN/池化层: 无(本模型不使用卷积/池化)
22:25:49 | DEBUG   |   [训练配置] optimizer=Adam, lr=0.002, weight_decay=0.0001, epochs=1000, patience=60, loss=MSELoss, batch_size=full_batch(全批次), device=cpu | 训练样本数(train_samples)=42, 序列长度(seq_len)=6
22:25:49 | DEBUG   |   [LSTM收敛] epoch=86, best_loss=0.006899
22:25:49 | DEBUG   |   [LSTM架构] SingleFeatureLSTM | hidden_size=6, num_layers=2, dropout=0.25, ReduceLROnPlateau | CNN/池化层: 无(本模型不使用卷积/池化)
22:25:49 | DEBUG   |   [训练配置] optimizer=Adam, lr=0.002, weight_decay=0.0001, epochs=1000, patience=60, loss=MSELoss, batch_size=full_batch(全批次), device=cpu | 训练样本数(train_samples)=42, 序列长度(seq_len)=6
22:25:50 | DEBUG   |   [LSTM收敛] epoch=137, best_loss=0.010792
22:25:50 | INFO    |         MSE=48.5320 RMSE=6.9665 MAE=6.2372 R^2=-0.0807
22:25:50 | INFO    |   [7/8] 模型五: VMD-SVR...
22:25:50 | DEBUG   |   [VMD优化] 最优K=5 (搜索范围[3, 4, 5, 6, 7], 频率分离阈值=1.5)
22:25:50 | INFO    |   [VMD-SVR] VMD最优K=5
22:25:50 | INFO    |   [VMD-SVR] IMF筛选: 5→5个 (保留[0, 1, 2, 3, 4])
22:25:50 | INFO    |   [SVR超参数] kernel=rbf, C=[0.1, 1, 10, 100], gamma=['scale', 'auto', 0.01, 0.1], epsilon=[0.01, 0.05, 0.1, 0.2] | GridSearchCV(cv=3, scoring=neg_mse) | 输入特征数(input_features)=13 (5个IMF+4因子)
22:25:50 | INFO    |   [SVR最优参数] C=100, gamma=auto, epsilon=0.01
22:25:50 | INFO    |         MSE=123.6022 RMSE=11.1177 MAE=8.8324 R^2=-1.7522
22:25:51 | INFO    |   [图表] 特征重要性(transformer) → outputs/figures\feature_importance_transformer.png
22:25:51 | INFO    | 
22:25:51 | INFO    | [2/8] 处理 10kv交流避雷器 (arrester)...
22:25:51 | INFO    |   Top-4 影响因子: ['lightning_count', 'typhoon_count', 'rainstorm_count', 'load_growth']
22:25:51 | INFO    |   [特征工程] 原始4因子 + lag1/lag2 + month_sin/cos = 8维特征
22:25:51 | DEBUG   |   训练集: 48月, 测试集: 12月
22:25:51 | INFO    |   [3/8] 模型一: CatBoost...
22:25:51 | INFO    |   [CatBoost基线] iterations=1000, lr=0.03, depth=4, l2=5, RMSE, 仅4原始因子(无特征工程)
22:25:51 | INFO    |         MSE=354.7302 RMSE=18.8343 MAE=13.0405 R^2=0.2910
22:25:51 | INFO    |   [4/8] 模型二: VMD-CatBoost...
22:25:51 | DEBUG   |   [VMD优化] 最优K=3 (搜索范围[3, 4, 5, 6, 7], 频率分离阈值=1.5)
22:25:51 | INFO    |   [VMD-CatBoost] VMD最优K=3
22:25:51 | INFO    |   [VMD-CatBoost] IMF筛选: 3→3个 (保留[0, 1, 2])
22:25:51 | INFO    |         MSE=484.0795 RMSE=22.0018 MAE=20.2081 R^2=0.0325
22:25:58 | INFO    |   [图表] VMD分解图(arrester) → outputs/figures\vmd_decomposition_arrester.png
22:25:58 | INFO    |   [5/8] 模型三: VMD-LSTM-CatBoost...
22:25:58 | DEBUG   |   [VMD优化] 最优K=3 (搜索范围[3, 4, 5, 6, 7], 频率分离阈值=1.5)
22:25:58 | INFO    |   [VMD-LSTM-CatBoost] VMD最优K=3
22:25:58 | INFO    |   [VMD-LSTM-CatBoost] IMF筛选: 3→3个 | 残差=IMF1(新idx=0), 模态=['IMF2', 'IMF3']
22:25:58 | INFO    |   [LSTM架构] MultiFeatureLSTM | input_size=5, hidden_size=6, num_layers=2, dropout=0.25, ReduceLROnPlateau | CNN/池化层: 无(本模型不使用卷积/池化)
22:25:58 | INFO    |   [训练配置] optimizer=Adam, lr=0.002, weight_decay=0.0001, epochs=1000, patience=60, loss=MSELoss, batch_size=full_batch(全批次), device=cpu | 训练样本数(train_samples)=42, 序列长度(seq_len)=6
22:25:58 | DEBUG   |   [LSTM收敛] epoch=182, best_loss=0.006075
22:25:59 | DEBUG   |   [LSTM架构] SingleFeatureLSTM | hidden_size=6, num_layers=2, dropout=0.25, ReduceLROnPlateau | CNN/池化层: 无(本模型不使用卷积/池化)
22:25:59 | DEBUG   |   [训练配置] optimizer=Adam, lr=0.002, weight_decay=0.0001, epochs=1000, patience=60, loss=MSELoss, batch_size=full_batch(全批次), device=cpu | 训练样本数(train_samples)=42, 序列长度(seq_len)=6
22:25:59 | DEBUG   |   [LSTM收敛] epoch=149, best_loss=0.035919
22:25:59 | DEBUG   |   [LSTM架构] SingleFeatureLSTM | hidden_size=6, num_layers=2, dropout=0.25, ReduceLROnPlateau | CNN/池化层: 无(本模型不使用卷积/池化)
22:25:59 | DEBUG   |   [训练配置] optimizer=Adam, lr=0.002, weight_decay=0.0001, epochs=1000, patience=60, loss=MSELoss, batch_size=full_batch(全批次), device=cpu | 训练样本数(train_samples)=42, 序列长度(seq_len)=6
22:25:59 | DEBUG   |   [LSTM收敛] epoch=131, best_loss=0.005273
22:26:01 | INFO    |         MSE=70.0269 RMSE=8.3682 MAE=7.0506 R^2=0.8600
22:26:01 | INFO    |   [6/8] 模型四: VMD-LSTM(直接求和)...
22:26:01 | DEBUG   |   [VMD优化] 最优K=3 (搜索范围[3, 4, 5, 6, 7], 频率分离阈值=1.5)
22:26:01 | INFO    |   [VMD-LSTM直接求和] VMD最优K=3 → 1×MultiFeatureLSTM(hidden=8,do=0.25) + N×SingleFeatureLSTM(hidden=6,do=0.25) → 直接求和 | 序列长度(seq_len)=6, 输入特征数(input_features)=4(top-4因子)
22:26:01 | INFO    |   [VMD-LSTM直接求和] IMF筛选: 3→3个 | 残差=IMF1(新idx=0), 模态=['IMF2', 'IMF3']
22:26:01 | INFO    |   [LSTM架构] MultiFeatureLSTM | input_size=5, hidden_size=6, num_layers=2, dropout=0.25, ReduceLROnPlateau | CNN/池化层: 无(本模型不使用卷积/池化)
22:26:01 | INFO    |   [训练配置] optimizer=Adam, lr=0.002, weight_decay=0.0001, epochs=1000, patience=60, loss=MSELoss, batch_size=full_batch(全批次), device=cpu | 训练样本数(train_samples)=42, 序列长度(seq_len)=6
22:26:02 | DEBUG   |   [LSTM收敛] epoch=199, best_loss=0.002318
22:26:02 | DEBUG   |   [LSTM架构] SingleFeatureLSTM | hidden_size=6, num_layers=2, dropout=0.25, ReduceLROnPlateau | CNN/池化层: 无(本模型不使用卷积/池化)
22:26:02 | DEBUG   |   [训练配置] optimizer=Adam, lr=0.002, weight_decay=0.0001, epochs=1000, patience=60, loss=MSELoss, batch_size=full_batch(全批次), device=cpu | 训练样本数(train_samples)=42, 序列长度(seq_len)=6
22:26:02 | DEBUG   |   [LSTM收敛] epoch=105, best_loss=0.031388
22:26:02 | DEBUG   |   [LSTM架构] SingleFeatureLSTM | hidden_size=6, num_layers=2, dropout=0.25, ReduceLROnPlateau | CNN/池化层: 无(本模型不使用卷积/池化)
22:26:02 | DEBUG   |   [训练配置] optimizer=Adam, lr=0.002, weight_decay=0.0001, epochs=1000, patience=60, loss=MSELoss, batch_size=full_batch(全批次), device=cpu | 训练样本数(train_samples)=42, 序列长度(seq_len)=6
22:26:02 | DEBUG   |   [LSTM收敛] epoch=100, best_loss=0.008568
22:26:02 | INFO    |         MSE=503.7792 RMSE=22.4450 MAE=15.6148 R^2=-0.0068
22:26:02 | INFO    |   [7/8] 模型五: VMD-SVR...
22:26:02 | DEBUG   |   [VMD优化] 最优K=3 (搜索范围[3, 4, 5, 6, 7], 频率分离阈值=1.5)
22:26:02 | INFO    |   [VMD-SVR] VMD最优K=3
22:26:02 | INFO    |   [VMD-SVR] IMF筛选: 3→3个 (保留[0, 1, 2])
22:26:02 | INFO    |   [SVR超参数] kernel=rbf, C=[0.1, 1, 10, 100], gamma=['scale', 'auto', 0.01, 0.1], epsilon=[0.01, 0.05, 0.1, 0.2] | GridSearchCV(cv=3, scoring=neg_mse) | 输入特征数(input_features)=11 (3个IMF+4因子)
22:26:03 | INFO    |   [SVR最优参数] C=100, gamma=0.01, epsilon=0.1
22:26:03 | INFO    |         MSE=1095.3399 RMSE=33.0959 MAE=31.4734 R^2=-1.1891
22:26:09 | INFO    |   [图表] 特征重要性(arrester) → outputs/figures\feature_importance_arrester.png
22:26:09 | INFO    | 
22:26:09 | INFO    | [8/8] 汇总评估与可视化...
22:26:09 | INFO    | 
22:26:09 | INFO    | ========================================================================================================================
22:26:09 | INFO    | 评估指标汇总表
22:26:09 | INFO    | ========================================================================================================================
22:26:09 | INFO    | 物资               模型                              MSE         RMSE          MAE          R^2
22:26:09 | INFO    | ------------------------------------------------------------------------------------------------------------------------
22:26:09 | INFO    | 10KV电缆           CatBoost                    52.1234       7.2197       5.2434       0.3957
22:26:09 | INFO    |                  VMD-CatBoost                69.0806       8.3115       6.5447       0.1991
22:26:09 | INFO    |                  VMD-LSTM-CatBoost           42.2001       6.4962       4.9686       0.5107
22:26:09 | INFO    |                  VMD-LSTM                    87.7725       9.3687       7.6278      -0.0177
22:26:09 | INFO    |                  VMD-SVR                     87.6763       9.3636       7.4917      -0.0165
22:26:09 | INFO    | ------------------------------------------------------------------------------------------------------------------------
22:26:09 | INFO    | 柱上变压器台成套设备       CatBoost                    38.9040       6.2373       5.5512       0.1337
22:26:09 | INFO    |                  VMD-CatBoost                38.5526       6.2091       5.4665       0.1416
22:26:09 | INFO    |                  VMD-LSTM-CatBoost           34.1128       5.8406       4.7859       0.2404
22:26:09 | INFO    |                  VMD-LSTM                    48.5320       6.9665       6.2372      -0.0807
22:26:09 | INFO    |                  VMD-SVR                    123.6022      11.1177       8.8324      -1.7522
22:26:09 | INFO    | ------------------------------------------------------------------------------------------------------------------------
22:26:09 | INFO    | 10kv交流避雷器        CatBoost                   354.7302      18.8343      13.0405       0.2910
22:26:09 | INFO    |                  VMD-CatBoost               484.0795      22.0018      20.2081       0.0325
22:26:09 | INFO    |                  VMD-LSTM-CatBoost           70.0269       8.3682       7.0506       0.8600
22:26:09 | INFO    |                  VMD-LSTM                   503.7792      22.4450      15.6148      -0.0068
22:26:09 | INFO    |                  VMD-SVR                   1095.3399      33.0959      31.4734      -1.1891
22:26:09 | INFO    | ------------------------------------------------------------------------------------------------------------------------
22:26:09 | INFO    | 
22:26:09 | INFO    |   [文件] 指标JSON → outputs/figures\metrics_summary.json
22:26:11 | INFO    |   [图表] 预测对比图(cable) → outputs/figures\prediction_comparison_cable.png
22:26:13 | INFO    |   [图表] 预测对比图(transformer) → outputs/figures\prediction_comparison_transformer.png
22:26:17 | INFO    |   [图表] 预测对比图(arrester) → outputs/figures\prediction_comparison_arrester.png
22:26:22 | INFO    |   [图表] 指标对比图 → outputs/figures\metrics_comparison.png
22:26:22 | INFO    | 
22:26:22 | INFO    | ======================================================================
22:26:22 | INFO    |   模型性能排序 (按R^2)
22:26:22 | INFO    | ======================================================================
22:26:22 | INFO    |   10KV电缆: [1st] VMD-LSTM-CatBoost (R^2=0.5107)  [2nd] CatBoost (R^2=0.3957)  [3rd] VMD-CatBoost (R^2=0.1991)
22:26:22 | INFO    |   柱上变压器台成套设备: [1st] VMD-LSTM-CatBoost (R^2=0.2404)  [2nd] VMD-CatBoost (R^2=0.1416)  [3rd] CatBoost (R^2=0.1337)
22:26:22 | INFO    |   10kv交流避雷器: [1st] VMD-LSTM-CatBoost (R^2=0.8600)  [2nd] CatBoost (R^2=0.2910)  [3rd] VMD-CatBoost (R^2=0.0325)
22:26:22 | INFO    | 
22:26:22 | INFO    | 所有图表已保存至: C:\Users\lilacseeking\PycharmProjects\vmd-catboost\outputs\figures/
22:26:22 | INFO    | 日志文件: C:\Users\lilacseeking\PycharmProjects\vmd-catboost\outputs\logs\main_20260614_222514.log
22:26:22 | INFO    | 完成!
