16:40:20 | INFO    | ======================================================================
16:40:20 | INFO    |   配电网物资需求预测 —— VMD-CatBoost 模型对比实验
16:40:20 | INFO    |   物资: 10KV电缆 / 柱上变压器台成套设备 / 10kv交流避雷器
16:40:20 | INFO    |   模型: CatBoost / VMD-CatBoost / VMD-LSTM-CatBoost / VMD-LSTM / VMD-SVR
16:40:20 | INFO    | ======================================================================
16:40:20 | INFO    |   日志文件: outputs/logs\main_20260614_164020.log
16:40:20 | INFO    | [1/8] 加载数据...
16:40:20 | INFO    | 数据文件不存在，根据数据生成要求生成模拟数据...
16:40:20 | INFO    |   生成 Sheet[10KV电缆]: 60 条, demand范围=[0.00, 30.00]
16:40:20 | INFO    |   生成 Sheet[柱上变压器台成套设备]: 60 条, demand范围=[0.00, 18.00]
16:40:20 | INFO    |   生成 Sheet[10kv交流避雷器]: 60 条, demand范围=[0.00, 105.00]
16:40:20 | INFO    | 数据已保存至: C:\Users\lilacseeking\PycharmProjects\vmd-catboost\inputs\data\data.xlsx
16:40:20 | INFO    | 
16:40:20 | INFO    | [2/8] 处理 10KV电缆 (cable)...
16:40:20 | INFO    |   Top-4 影响因子: ['investment', 'history_demand', 'load_growth', 'equipment_cost']
16:40:20 | INFO    |   [特征工程] 原始4因子 + lag1/lag2 + month_sin/cos = 8维特征
16:40:20 | DEBUG   |   训练集: 48月, 测试集: 12月
16:40:20 | INFO    |   [3/8] 模型一: CatBoost...
16:40:20 | INFO    |   [CatBoost基线] iterations=1000, lr=0.03, depth=4, l2=5, RMSE, 仅4原始因子(无特征工程)
16:40:21 | INFO    |         MSE=110.2517 RMSE=10.5001 MAE=7.8221 R^2=0.2302
16:40:21 | INFO    |   [4/8] 模型二: VMD-CatBoost...
16:40:21 | DEBUG   |   [VMD优化] 最优K=5 (搜索范围[3, 4, 5, 6, 7, 8], 频率分离阈值=1.3)
16:40:21 | INFO    |   [VMD-CatBoost] VMD最优K=5
16:40:21 | INFO    |   [VMD-CatBoost] IMF筛选: 5→5个 (保留[0, 1, 2, 3, 4])
16:40:22 | INFO    |         MSE=123.5569 RMSE=11.1156 MAE=10.0210 R^2=0.1373
16:40:30 | INFO    |   [图表] VMD分解图(cable) → outputs/figures\vmd_decomposition_cable.png
16:40:30 | INFO    |   [5/8] 模型三: VMD-LSTM-CatBoost...
16:40:30 | DEBUG   |   [VMD优化] 最优K=5 (搜索范围[3, 4, 5, 6, 7, 8], 频率分离阈值=1.3)
16:40:30 | INFO    |   [VMD-LSTM-CatBoost] VMD最优K=5
16:40:30 | INFO    |   [VMD-LSTM-CatBoost] IMF筛选: 5→5个 | 残差=IMF1(新idx=0), 模态=['IMF2', 'IMF3', 'IMF4', 'IMF5']
16:40:30 | INFO    |   [LSTM架构] MultiFeatureLSTM | input_size=5, hidden_size=8, num_layers=2, dropout=0.25, ReduceLROnPlateau | CNN/池化层: 无(本模型不使用卷积/池化)
16:40:30 | INFO    |   [训练配置] optimizer=Adam, lr=0.002, weight_decay=0.0001, epochs=1500, patience=60, loss=MSELoss, batch_size=full_batch(全批次), device=cpu | 训练样本数(train_samples)=42, 序列长度(seq_len)=6
16:40:31 | DEBUG   |   [LSTM收敛] epoch=95, best_loss=0.021259
16:40:31 | DEBUG   |   [LSTM架构] SingleFeatureLSTM | hidden_size=6, num_layers=2, dropout=0.25, ReduceLROnPlateau | CNN/池化层: 无(本模型不使用卷积/池化)
16:40:31 | DEBUG   |   [训练配置] optimizer=Adam, lr=0.002, weight_decay=0.0001, epochs=1500, patience=60, loss=MSELoss, batch_size=full_batch(全批次), device=cpu | 训练样本数(train_samples)=42, 序列长度(seq_len)=6
16:40:32 | DEBUG   |   [LSTM收敛] epoch=88, best_loss=0.069019
16:40:32 | DEBUG   |   [LSTM架构] SingleFeatureLSTM | hidden_size=6, num_layers=2, dropout=0.25, ReduceLROnPlateau | CNN/池化层: 无(本模型不使用卷积/池化)
16:40:32 | DEBUG   |   [训练配置] optimizer=Adam, lr=0.002, weight_decay=0.0001, epochs=1500, patience=60, loss=MSELoss, batch_size=full_batch(全批次), device=cpu | 训练样本数(train_samples)=42, 序列长度(seq_len)=6
16:40:32 | DEBUG   |   [LSTM收敛] epoch=113, best_loss=0.029175
16:40:32 | DEBUG   |   [LSTM架构] SingleFeatureLSTM | hidden_size=6, num_layers=2, dropout=0.25, ReduceLROnPlateau | CNN/池化层: 无(本模型不使用卷积/池化)
16:40:32 | DEBUG   |   [训练配置] optimizer=Adam, lr=0.002, weight_decay=0.0001, epochs=1500, patience=60, loss=MSELoss, batch_size=full_batch(全批次), device=cpu | 训练样本数(train_samples)=42, 序列长度(seq_len)=6
16:40:33 | DEBUG   |   [LSTM收敛] epoch=249, best_loss=0.006855
16:40:33 | DEBUG   |   [LSTM架构] SingleFeatureLSTM | hidden_size=6, num_layers=2, dropout=0.25, ReduceLROnPlateau | CNN/池化层: 无(本模型不使用卷积/池化)
16:40:33 | DEBUG   |   [训练配置] optimizer=Adam, lr=0.002, weight_decay=0.0001, epochs=1500, patience=60, loss=MSELoss, batch_size=full_batch(全批次), device=cpu | 训练样本数(train_samples)=42, 序列长度(seq_len)=6
16:40:33 | DEBUG   |   [LSTM收敛] epoch=100, best_loss=0.002644
16:40:35 | INFO    |         MSE=46.2706 RMSE=6.8022 MAE=5.3776 R^2=0.6769
16:40:35 | INFO    |   [6/8] 模型四: VMD-LSTM(直接求和)...
16:40:35 | DEBUG   |   [VMD优化] 最优K=5 (搜索范围[3, 4, 5, 6, 7, 8], 频率分离阈值=1.3)
16:40:35 | INFO    |   [VMD-LSTM直接求和] VMD最优K=5 → 1×MultiFeatureLSTM(hidden=8,do=0.25) + N×SingleFeatureLSTM(hidden=6,do=0.25) → 直接求和 | 序列长度(seq_len)=6, 输入特征数(input_features)=4(top-4因子)
16:40:35 | INFO    |   [VMD-LSTM直接求和] IMF筛选: 5→5个 | 残差=IMF1(新idx=0), 模态=['IMF2', 'IMF3', 'IMF4', 'IMF5']
16:40:35 | INFO    |   [LSTM架构] MultiFeatureLSTM | input_size=5, hidden_size=8, num_layers=2, dropout=0.25, ReduceLROnPlateau | CNN/池化层: 无(本模型不使用卷积/池化)
16:40:35 | INFO    |   [训练配置] optimizer=Adam, lr=0.002, weight_decay=0.0001, epochs=1500, patience=60, loss=MSELoss, batch_size=full_batch(全批次), device=cpu | 训练样本数(train_samples)=42, 序列长度(seq_len)=6
16:40:35 | DEBUG   |   [LSTM收敛] epoch=165, best_loss=0.004306
16:40:35 | DEBUG   |   [LSTM架构] SingleFeatureLSTM | hidden_size=6, num_layers=2, dropout=0.25, ReduceLROnPlateau | CNN/池化层: 无(本模型不使用卷积/池化)
16:40:35 | DEBUG   |   [训练配置] optimizer=Adam, lr=0.002, weight_decay=0.0001, epochs=1500, patience=60, loss=MSELoss, batch_size=full_batch(全批次), device=cpu | 训练样本数(train_samples)=42, 序列长度(seq_len)=6
16:40:36 | DEBUG   |   [LSTM收敛] epoch=112, best_loss=0.070808
16:40:36 | DEBUG   |   [LSTM架构] SingleFeatureLSTM | hidden_size=6, num_layers=2, dropout=0.25, ReduceLROnPlateau | CNN/池化层: 无(本模型不使用卷积/池化)
16:40:36 | DEBUG   |   [训练配置] optimizer=Adam, lr=0.002, weight_decay=0.0001, epochs=1500, patience=60, loss=MSELoss, batch_size=full_batch(全批次), device=cpu | 训练样本数(train_samples)=42, 序列长度(seq_len)=6
16:40:36 | DEBUG   |   [LSTM收敛] epoch=113, best_loss=0.029981
16:40:36 | DEBUG   |   [LSTM架构] SingleFeatureLSTM | hidden_size=6, num_layers=2, dropout=0.25, ReduceLROnPlateau | CNN/池化层: 无(本模型不使用卷积/池化)
16:40:36 | DEBUG   |   [训练配置] optimizer=Adam, lr=0.002, weight_decay=0.0001, epochs=1500, patience=60, loss=MSELoss, batch_size=full_batch(全批次), device=cpu | 训练样本数(train_samples)=42, 序列长度(seq_len)=6
16:40:37 | DEBUG   |   [LSTM收敛] epoch=124, best_loss=0.005898
16:40:37 | DEBUG   |   [LSTM架构] SingleFeatureLSTM | hidden_size=6, num_layers=2, dropout=0.25, ReduceLROnPlateau | CNN/池化层: 无(本模型不使用卷积/池化)
16:40:37 | DEBUG   |   [训练配置] optimizer=Adam, lr=0.002, weight_decay=0.0001, epochs=1500, patience=60, loss=MSELoss, batch_size=full_batch(全批次), device=cpu | 训练样本数(train_samples)=42, 序列长度(seq_len)=6
16:40:37 | DEBUG   |   [LSTM收敛] epoch=136, best_loss=0.003455
16:40:37 | INFO    |         MSE=149.2447 RMSE=12.2166 MAE=11.3563 R^2=-0.0421
16:40:37 | INFO    |   [7/8] 模型五: VMD-SVR...
16:40:37 | DEBUG   |   [VMD优化] 最优K=5 (搜索范围[3, 4, 5, 6, 7, 8], 频率分离阈值=1.3)
16:40:37 | INFO    |   [VMD-SVR] VMD最优K=5
16:40:37 | INFO    |   [VMD-SVR] IMF筛选: 5→5个 (保留[0, 1, 2, 3, 4])
16:40:37 | INFO    |   [SVR超参数] kernel=rbf, C=[0.1, 1, 10, 100], gamma=['scale', 'auto', 0.01, 0.1], epsilon=[0.01, 0.05, 0.1, 0.2] | GridSearchCV(cv=3, scoring=neg_mse) | 输入特征数(input_features)=13 (5个IMF+4因子)
16:40:38 | INFO    |   [SVR最优参数] C=100, gamma=auto, epsilon=0.05
16:40:38 | INFO    |         MSE=504.3129 RMSE=22.4569 MAE=19.6574 R^2=-2.5212
16:40:38 | INFO    |   [图表] 特征重要性(cable) → outputs/figures\feature_importance_cable.png
16:40:38 | INFO    | 
16:40:38 | INFO    | [2/8] 处理 柱上变压器台成套设备 (transformer)...
16:40:38 | INFO    |   Top-4 影响因子: ['load_growth', 'investment', 'history_demand', 'equipment_cost']
16:40:38 | INFO    |   [特征工程] 原始4因子 + lag1/lag2 + month_sin/cos = 8维特征
16:40:38 | DEBUG   |   训练集: 48月, 测试集: 12月
16:40:38 | INFO    |   [3/8] 模型一: CatBoost...
16:40:38 | INFO    |   [CatBoost基线] iterations=1000, lr=0.03, depth=4, l2=5, RMSE, 仅4原始因子(无特征工程)
16:40:38 | INFO    |         MSE=31.4910 RMSE=5.6117 MAE=4.8864 R^2=0.4586
16:40:38 | INFO    |   [4/8] 模型二: VMD-CatBoost...
16:40:38 | DEBUG   |   [VMD优化] 最优K=5 (搜索范围[3, 4, 5, 6, 7, 8], 频率分离阈值=1.3)
16:40:38 | INFO    |   [VMD-CatBoost] VMD最优K=5
16:40:38 | INFO    |   [VMD-CatBoost] IMF筛选: 5→5个 (保留[0, 1, 2, 3, 4])
16:40:39 | INFO    |         MSE=43.0111 RMSE=6.5583 MAE=5.9019 R^2=0.2606
16:40:43 | INFO    |   [图表] VMD分解图(transformer) → outputs/figures\vmd_decomposition_transformer.png
16:40:43 | INFO    |   [5/8] 模型三: VMD-LSTM-CatBoost...
16:40:43 | DEBUG   |   [VMD优化] 最优K=5 (搜索范围[3, 4, 5, 6, 7, 8], 频率分离阈值=1.3)
16:40:43 | INFO    |   [VMD-LSTM-CatBoost] VMD最优K=5
16:40:43 | INFO    |   [VMD-LSTM-CatBoost] IMF筛选: 5→5个 | 残差=IMF1(新idx=0), 模态=['IMF2', 'IMF3', 'IMF4', 'IMF5']
16:40:43 | INFO    |   [LSTM架构] MultiFeatureLSTM | input_size=5, hidden_size=8, num_layers=2, dropout=0.25, ReduceLROnPlateau | CNN/池化层: 无(本模型不使用卷积/池化)
16:40:43 | INFO    |   [训练配置] optimizer=Adam, lr=0.002, weight_decay=0.0001, epochs=1500, patience=60, loss=MSELoss, batch_size=full_batch(全批次), device=cpu | 训练样本数(train_samples)=42, 序列长度(seq_len)=6
16:40:44 | DEBUG   |   [LSTM收敛] epoch=250, best_loss=0.004328
16:40:44 | DEBUG   |   [LSTM架构] SingleFeatureLSTM | hidden_size=6, num_layers=2, dropout=0.25, ReduceLROnPlateau | CNN/池化层: 无(本模型不使用卷积/池化)
16:40:44 | DEBUG   |   [训练配置] optimizer=Adam, lr=0.002, weight_decay=0.0001, epochs=1500, patience=60, loss=MSELoss, batch_size=full_batch(全批次), device=cpu | 训练样本数(train_samples)=42, 序列长度(seq_len)=6
16:40:45 | DEBUG   |   [LSTM收敛] epoch=274, best_loss=0.050586
16:40:45 | DEBUG   |   [LSTM架构] SingleFeatureLSTM | hidden_size=6, num_layers=2, dropout=0.25, ReduceLROnPlateau | CNN/池化层: 无(本模型不使用卷积/池化)
16:40:45 | DEBUG   |   [训练配置] optimizer=Adam, lr=0.002, weight_decay=0.0001, epochs=1500, patience=60, loss=MSELoss, batch_size=full_batch(全批次), device=cpu | 训练样本数(train_samples)=42, 序列长度(seq_len)=6
16:40:46 | DEBUG   |   [LSTM收敛] epoch=143, best_loss=0.016641
16:40:46 | DEBUG   |   [LSTM架构] SingleFeatureLSTM | hidden_size=6, num_layers=2, dropout=0.25, ReduceLROnPlateau | CNN/池化层: 无(本模型不使用卷积/池化)
16:40:46 | DEBUG   |   [训练配置] optimizer=Adam, lr=0.002, weight_decay=0.0001, epochs=1500, patience=60, loss=MSELoss, batch_size=full_batch(全批次), device=cpu | 训练样本数(train_samples)=42, 序列长度(seq_len)=6
16:40:47 | DEBUG   |   [LSTM收敛] epoch=191, best_loss=0.009089
16:40:47 | DEBUG   |   [LSTM架构] SingleFeatureLSTM | hidden_size=6, num_layers=2, dropout=0.25, ReduceLROnPlateau | CNN/池化层: 无(本模型不使用卷积/池化)
16:40:47 | DEBUG   |   [训练配置] optimizer=Adam, lr=0.002, weight_decay=0.0001, epochs=1500, patience=60, loss=MSELoss, batch_size=full_batch(全批次), device=cpu | 训练样本数(train_samples)=42, 序列长度(seq_len)=6
16:40:48 | DEBUG   |   [LSTM收敛] epoch=196, best_loss=0.001663
16:40:49 | INFO    |         MSE=20.6577 RMSE=4.5451 MAE=3.6938 R^2=0.6449
16:40:49 | INFO    |   [6/8] 模型四: VMD-LSTM(直接求和)...
16:40:49 | DEBUG   |   [VMD优化] 最优K=5 (搜索范围[3, 4, 5, 6, 7, 8], 频率分离阈值=1.3)
16:40:49 | INFO    |   [VMD-LSTM直接求和] VMD最优K=5 → 1×MultiFeatureLSTM(hidden=8,do=0.25) + N×SingleFeatureLSTM(hidden=6,do=0.25) → 直接求和 | 序列长度(seq_len)=6, 输入特征数(input_features)=4(top-4因子)
16:40:49 | INFO    |   [VMD-LSTM直接求和] IMF筛选: 5→5个 | 残差=IMF1(新idx=0), 模态=['IMF2', 'IMF3', 'IMF4', 'IMF5']
16:40:49 | INFO    |   [LSTM架构] MultiFeatureLSTM | input_size=5, hidden_size=8, num_layers=2, dropout=0.25, ReduceLROnPlateau | CNN/池化层: 无(本模型不使用卷积/池化)
16:40:49 | INFO    |   [训练配置] optimizer=Adam, lr=0.002, weight_decay=0.0001, epochs=1500, patience=60, loss=MSELoss, batch_size=full_batch(全批次), device=cpu | 训练样本数(train_samples)=42, 序列长度(seq_len)=6
16:40:50 | DEBUG   |   [LSTM收敛] epoch=160, best_loss=0.020506
16:40:50 | DEBUG   |   [LSTM架构] SingleFeatureLSTM | hidden_size=6, num_layers=2, dropout=0.25, ReduceLROnPlateau | CNN/池化层: 无(本模型不使用卷积/池化)
16:40:50 | DEBUG   |   [训练配置] optimizer=Adam, lr=0.002, weight_decay=0.0001, epochs=1500, patience=60, loss=MSELoss, batch_size=full_batch(全批次), device=cpu | 训练样本数(train_samples)=42, 序列长度(seq_len)=6
16:40:51 | DEBUG   |   [LSTM收敛] epoch=118, best_loss=0.072320
16:40:51 | DEBUG   |   [LSTM架构] SingleFeatureLSTM | hidden_size=6, num_layers=2, dropout=0.25, ReduceLROnPlateau | CNN/池化层: 无(本模型不使用卷积/池化)
16:40:51 | DEBUG   |   [训练配置] optimizer=Adam, lr=0.002, weight_decay=0.0001, epochs=1500, patience=60, loss=MSELoss, batch_size=full_batch(全批次), device=cpu | 训练样本数(train_samples)=42, 序列长度(seq_len)=6
16:40:51 | DEBUG   |   [LSTM收敛] epoch=151, best_loss=0.019019
16:40:51 | DEBUG   |   [LSTM架构] SingleFeatureLSTM | hidden_size=6, num_layers=2, dropout=0.25, ReduceLROnPlateau | CNN/池化层: 无(本模型不使用卷积/池化)
16:40:51 | DEBUG   |   [训练配置] optimizer=Adam, lr=0.002, weight_decay=0.0001, epochs=1500, patience=60, loss=MSELoss, batch_size=full_batch(全批次), device=cpu | 训练样本数(train_samples)=42, 序列长度(seq_len)=6
16:40:52 | DEBUG   |   [LSTM收敛] epoch=175, best_loss=0.008061
16:40:52 | DEBUG   |   [LSTM架构] SingleFeatureLSTM | hidden_size=6, num_layers=2, dropout=0.25, ReduceLROnPlateau | CNN/池化层: 无(本模型不使用卷积/池化)
16:40:52 | DEBUG   |   [训练配置] optimizer=Adam, lr=0.002, weight_decay=0.0001, epochs=1500, patience=60, loss=MSELoss, batch_size=full_batch(全批次), device=cpu | 训练样本数(train_samples)=42, 序列长度(seq_len)=6
16:40:53 | DEBUG   |   [LSTM收敛] epoch=162, best_loss=0.003377
16:40:53 | INFO    |         MSE=75.7106 RMSE=8.7012 MAE=8.5804 R^2=-0.3016
16:40:53 | INFO    |   [7/8] 模型五: VMD-SVR...
16:40:53 | DEBUG   |   [VMD优化] 最优K=5 (搜索范围[3, 4, 5, 6, 7, 8], 频率分离阈值=1.3)
16:40:53 | INFO    |   [VMD-SVR] VMD最优K=5
16:40:53 | INFO    |   [VMD-SVR] IMF筛选: 5→5个 (保留[0, 1, 2, 3, 4])
16:40:53 | INFO    |   [SVR超参数] kernel=rbf, C=[0.1, 1, 10, 100], gamma=['scale', 'auto', 0.01, 0.1], epsilon=[0.01, 0.05, 0.1, 0.2] | GridSearchCV(cv=3, scoring=neg_mse) | 输入特征数(input_features)=13 (5个IMF+4因子)
16:40:53 | INFO    |   [SVR最优参数] C=100, gamma=auto, epsilon=0.01
16:40:53 | INFO    |         MSE=215.3213 RMSE=14.6738 MAE=12.6168 R^2=-2.7018
16:40:54 | INFO    |   [图表] 特征重要性(transformer) → outputs/figures\feature_importance_transformer.png
16:40:54 | INFO    | 
16:40:54 | INFO    | [2/8] 处理 10kv交流避雷器 (arrester)...
16:40:54 | INFO    |   Top-4 影响因子: ['lightning_count', 'typhoon_count', 'rainstorm_count', 'load_growth']
16:40:54 | INFO    |   [特征工程] 原始4因子 + lag1/lag2 + month_sin/cos = 8维特征
16:40:54 | DEBUG   |   训练集: 48月, 测试集: 12月
16:40:54 | INFO    |   [3/8] 模型一: CatBoost...
16:40:54 | INFO    |   [CatBoost基线] iterations=1000, lr=0.03, depth=4, l2=5, RMSE, 仅4原始因子(无特征工程)
16:40:54 | INFO    |         MSE=849.6307 RMSE=29.1484 MAE=19.6798 R^2=0.5624
16:40:54 | INFO    |   [4/8] 模型二: VMD-CatBoost...
16:40:54 | DEBUG   |   [VMD优化] 最优K=4 (搜索范围[3, 4, 5, 6, 7, 8], 频率分离阈值=1.3)
16:40:54 | INFO    |   [VMD-CatBoost] VMD最优K=4
16:40:54 | DEBUG   |   [IMF筛选] 剔除IMF[0] (相关度<0.1), 保留IMF[1, 2, 3]
16:40:54 | INFO    |   [VMD-CatBoost] IMF筛选: 4→3个 (保留[1, 2, 3])
16:40:55 | INFO    |         MSE=966.8310 RMSE=31.0939 MAE=25.6472 R^2=0.5020
16:41:01 | INFO    |   [图表] VMD分解图(arrester) → outputs/figures\vmd_decomposition_arrester.png
16:41:01 | INFO    |   [5/8] 模型三: VMD-LSTM-CatBoost...
16:41:01 | DEBUG   |   [VMD优化] 最优K=4 (搜索范围[3, 4, 5, 6, 7, 8], 频率分离阈值=1.3)
16:41:01 | INFO    |   [VMD-LSTM-CatBoost] VMD最优K=4
16:41:01 | DEBUG   |   [IMF筛选] 剔除IMF[0] (相关度<0.1), 保留IMF[1, 2, 3]
16:41:01 | INFO    |   [VMD-LSTM-CatBoost] IMF筛选: 4→4个 | 残差=IMF1(新idx=0), 模态=['IMF2', 'IMF3', 'IMF4']
16:41:01 | INFO    |   [LSTM架构] MultiFeatureLSTM | input_size=5, hidden_size=8, num_layers=2, dropout=0.25, ReduceLROnPlateau | CNN/池化层: 无(本模型不使用卷积/池化)
16:41:01 | INFO    |   [训练配置] optimizer=Adam, lr=0.002, weight_decay=0.0001, epochs=1500, patience=60, loss=MSELoss, batch_size=full_batch(全批次), device=cpu | 训练样本数(train_samples)=42, 序列长度(seq_len)=6
16:41:02 | DEBUG   |   [LSTM收敛] epoch=201, best_loss=0.000435
16:41:02 | DEBUG   |   [LSTM架构] SingleFeatureLSTM | hidden_size=6, num_layers=2, dropout=0.25, ReduceLROnPlateau | CNN/池化层: 无(本模型不使用卷积/池化)
16:41:02 | DEBUG   |   [训练配置] optimizer=Adam, lr=0.002, weight_decay=0.0001, epochs=1500, patience=60, loss=MSELoss, batch_size=full_batch(全批次), device=cpu | 训练样本数(train_samples)=42, 序列长度(seq_len)=6
16:41:03 | DEBUG   |   [LSTM收敛] epoch=281, best_loss=0.011818
16:41:03 | DEBUG   |   [LSTM架构] SingleFeatureLSTM | hidden_size=6, num_layers=2, dropout=0.25, ReduceLROnPlateau | CNN/池化层: 无(本模型不使用卷积/池化)
16:41:03 | DEBUG   |   [训练配置] optimizer=Adam, lr=0.002, weight_decay=0.0001, epochs=1500, patience=60, loss=MSELoss, batch_size=full_batch(全批次), device=cpu | 训练样本数(train_samples)=42, 序列长度(seq_len)=6
16:41:04 | DEBUG   |   [LSTM收敛] epoch=198, best_loss=0.011874
16:41:04 | DEBUG   |   [LSTM架构] SingleFeatureLSTM | hidden_size=6, num_layers=2, dropout=0.25, ReduceLROnPlateau | CNN/池化层: 无(本模型不使用卷积/池化)
16:41:04 | DEBUG   |   [训练配置] optimizer=Adam, lr=0.002, weight_decay=0.0001, epochs=1500, patience=60, loss=MSELoss, batch_size=full_batch(全批次), device=cpu | 训练样本数(train_samples)=42, 序列长度(seq_len)=6
16:41:05 | DEBUG   |   [LSTM收敛] epoch=176, best_loss=0.003404
16:41:06 | INFO    |         MSE=603.3492 RMSE=24.5632 MAE=17.7284 R^2=0.6892
16:41:06 | INFO    |   [6/8] 模型四: VMD-LSTM(直接求和)...
16:41:06 | DEBUG   |   [VMD优化] 最优K=4 (搜索范围[3, 4, 5, 6, 7, 8], 频率分离阈值=1.3)
16:41:06 | INFO    |   [VMD-LSTM直接求和] VMD最优K=4 → 1×MultiFeatureLSTM(hidden=8,do=0.25) + N×SingleFeatureLSTM(hidden=6,do=0.25) → 直接求和 | 序列长度(seq_len)=6, 输入特征数(input_features)=4(top-4因子)
16:41:06 | DEBUG   |   [IMF筛选] 剔除IMF[0] (相关度<0.1), 保留IMF[1, 2, 3]
16:41:06 | INFO    |   [VMD-LSTM直接求和] IMF筛选: 4→4个 | 残差=IMF1(新idx=0), 模态=['IMF2', 'IMF3', 'IMF4']
16:41:06 | INFO    |   [LSTM架构] MultiFeatureLSTM | input_size=5, hidden_size=8, num_layers=2, dropout=0.25, ReduceLROnPlateau | CNN/池化层: 无(本模型不使用卷积/池化)
16:41:06 | INFO    |   [训练配置] optimizer=Adam, lr=0.002, weight_decay=0.0001, epochs=1500, patience=60, loss=MSELoss, batch_size=full_batch(全批次), device=cpu | 训练样本数(train_samples)=42, 序列长度(seq_len)=6
16:41:07 | DEBUG   |   [LSTM收敛] epoch=224, best_loss=0.000230
16:41:07 | DEBUG   |   [LSTM架构] SingleFeatureLSTM | hidden_size=6, num_layers=2, dropout=0.25, ReduceLROnPlateau | CNN/池化层: 无(本模型不使用卷积/池化)
16:41:07 | DEBUG   |   [训练配置] optimizer=Adam, lr=0.002, weight_decay=0.0001, epochs=1500, patience=60, loss=MSELoss, batch_size=full_batch(全批次), device=cpu | 训练样本数(train_samples)=42, 序列长度(seq_len)=6
16:41:09 | DEBUG   |   [LSTM收敛] epoch=407, best_loss=0.014159
16:41:09 | DEBUG   |   [LSTM架构] SingleFeatureLSTM | hidden_size=6, num_layers=2, dropout=0.25, ReduceLROnPlateau | CNN/池化层: 无(本模型不使用卷积/池化)
16:41:09 | DEBUG   |   [训练配置] optimizer=Adam, lr=0.002, weight_decay=0.0001, epochs=1500, patience=60, loss=MSELoss, batch_size=full_batch(全批次), device=cpu | 训练样本数(train_samples)=42, 序列长度(seq_len)=6
16:41:10 | DEBUG   |   [LSTM收敛] epoch=223, best_loss=0.009371
16:41:10 | DEBUG   |   [LSTM架构] SingleFeatureLSTM | hidden_size=6, num_layers=2, dropout=0.25, ReduceLROnPlateau | CNN/池化层: 无(本模型不使用卷积/池化)
16:41:10 | DEBUG   |   [训练配置] optimizer=Adam, lr=0.002, weight_decay=0.0001, epochs=1500, patience=60, loss=MSELoss, batch_size=full_batch(全批次), device=cpu | 训练样本数(train_samples)=42, 序列长度(seq_len)=6
16:41:11 | DEBUG   |   [LSTM收敛] epoch=173, best_loss=0.005870
16:41:11 | INFO    |         MSE=1225.6378 RMSE=35.0091 MAE=26.6729 R^2=0.3687
16:41:11 | INFO    |   [7/8] 模型五: VMD-SVR...
16:41:11 | DEBUG   |   [VMD优化] 最优K=4 (搜索范围[3, 4, 5, 6, 7, 8], 频率分离阈值=1.3)
16:41:11 | INFO    |   [VMD-SVR] VMD最优K=4
16:41:11 | DEBUG   |   [IMF筛选] 剔除IMF[0] (相关度<0.1), 保留IMF[1, 2, 3]
16:41:11 | INFO    |   [VMD-SVR] IMF筛选: 4→3个 (保留[1, 2, 3])
16:41:11 | INFO    |   [SVR超参数] kernel=rbf, C=[0.1, 1, 10, 100], gamma=['scale', 'auto', 0.01, 0.1], epsilon=[0.01, 0.05, 0.1, 0.2] | GridSearchCV(cv=3, scoring=neg_mse) | 输入特征数(input_features)=11 (3个IMF+4因子)
16:41:11 | INFO    |   [SVR最优参数] C=100, gamma=auto, epsilon=0.01
16:41:11 | INFO    |         MSE=1620.3063 RMSE=40.2530 MAE=33.7881 R^2=0.1655
16:41:18 | INFO    |   [图表] 特征重要性(arrester) → outputs/figures\feature_importance_arrester.png
16:41:18 | INFO    | 
16:41:18 | INFO    | [8/8] 汇总评估与可视化...
16:41:18 | INFO    | 
16:41:18 | INFO    | ========================================================================================================================
16:41:18 | INFO    | 评估指标汇总表
16:41:18 | INFO    | ========================================================================================================================
16:41:18 | INFO    | 物资               模型                              MSE         RMSE          MAE          R^2
16:41:18 | INFO    | ------------------------------------------------------------------------------------------------------------------------
16:41:18 | INFO    | 10KV电缆           CatBoost                   110.2517      10.5001       7.8221       0.2302
16:41:18 | INFO    |                  VMD-CatBoost               123.5569      11.1156      10.0210       0.1373
16:41:18 | INFO    |                  VMD-LSTM-CatBoost           46.2706       6.8022       5.3776       0.6769
16:41:18 | INFO    |                  VMD-LSTM                   149.2447      12.2166      11.3563      -0.0421
16:41:18 | INFO    |                  VMD-SVR                    504.3129      22.4569      19.6574      -2.5212
16:41:18 | INFO    | ------------------------------------------------------------------------------------------------------------------------
16:41:18 | INFO    | 柱上变压器台成套设备       CatBoost                    31.4910       5.6117       4.8864       0.4586
16:41:18 | INFO    |                  VMD-CatBoost                43.0111       6.5583       5.9019       0.2606
16:41:18 | INFO    |                  VMD-LSTM-CatBoost           20.6577       4.5451       3.6938       0.6449
16:41:18 | INFO    |                  VMD-LSTM                    75.7106       8.7012       8.5804      -0.3016
16:41:18 | INFO    |                  VMD-SVR                    215.3213      14.6738      12.6168      -2.7018
16:41:18 | INFO    | ------------------------------------------------------------------------------------------------------------------------
16:41:18 | INFO    | 10kv交流避雷器        CatBoost                   849.6307      29.1484      19.6798       0.5624
16:41:18 | INFO    |                  VMD-CatBoost               966.8310      31.0939      25.6472       0.5020
16:41:18 | INFO    |                  VMD-LSTM-CatBoost          603.3492      24.5632      17.7284       0.6892
16:41:18 | INFO    |                  VMD-LSTM                  1225.6378      35.0091      26.6729       0.3687
16:41:18 | INFO    |                  VMD-SVR                   1620.3063      40.2530      33.7881       0.1655
16:41:18 | INFO    | ------------------------------------------------------------------------------------------------------------------------
16:41:18 | INFO    | 
16:41:18 | INFO    |   [文件] 指标JSON → outputs/figures\metrics_summary.json
16:41:20 | INFO    |   [图表] 预测对比图(cable) → outputs/figures\prediction_comparison_cable.png
16:41:22 | INFO    |   [图表] 预测对比图(transformer) → outputs/figures\prediction_comparison_transformer.png
16:41:26 | INFO    |   [图表] 预测对比图(arrester) → outputs/figures\prediction_comparison_arrester.png
16:41:31 | INFO    |   [图表] 指标对比图 → outputs/figures\metrics_comparison.png
16:41:31 | INFO    | 
16:41:31 | INFO    | ======================================================================
16:41:31 | INFO    |   模型性能排序 (按R^2)
16:41:31 | INFO    | ======================================================================
16:41:31 | INFO    |   10KV电缆: [1st] VMD-LSTM-CatBoost (R^2=0.6769)  [2nd] CatBoost (R^2=0.2302)  [3rd] VMD-CatBoost (R^2=0.1373)
16:41:31 | INFO    |   柱上变压器台成套设备: [1st] VMD-LSTM-CatBoost (R^2=0.6449)  [2nd] CatBoost (R^2=0.4586)  [3rd] VMD-CatBoost (R^2=0.2606)
16:41:31 | INFO    |   10kv交流避雷器: [1st] VMD-LSTM-CatBoost (R^2=0.6892)  [2nd] CatBoost (R^2=0.5624)  [3rd] VMD-CatBoost (R^2=0.5020)
16:41:31 | INFO    | 
16:41:31 | INFO    | 所有图表已保存至: C:\Users\lilacseeking\PycharmProjects\vmd-catboost\outputs\figures/
16:41:31 | INFO    | 日志文件: C:\Users\lilacseeking\PycharmProjects\vmd-catboost\outputs\logs\main_20260614_164020.log
16:41:31 | INFO    | 完成!
