15:28:19 | INFO    | ======================================================================
15:28:19 | INFO    |   配电网物资需求预测 —— VMD-CatBoost 模型对比实验
15:28:19 | INFO    |   物资: 10KV电缆 / 柱上变压器台成套设备 / 10kv交流避雷器
15:28:19 | INFO    |   模型: CatBoost / VMD-CatBoost / VMD-LSTM-CatBoost / VMD-LSTM / VMD-SVR
15:28:19 | INFO    | ======================================================================
15:28:19 | INFO    |   日志文件: outputs/logs\main_20260614_152819.log
15:28:19 | INFO    | [1/8] 加载数据...
15:28:19 | INFO    | 读取已有数据文件: inputs/data\data.xlsx
15:28:19 | INFO    |   Sheet[10KV电缆]: 60 条, demand范围=[0.00, 30.00]
15:28:19 | INFO    |   Sheet[柱上变压器台成套设备]: 60 条, demand范围=[0.00, 18.00]
15:28:19 | INFO    |   Sheet[10kv交流避雷器]: 60 条, demand范围=[0.00, 105.00]
15:28:19 | INFO    | 
15:28:19 | INFO    | [2/8] 处理 10KV电缆 (cable)...
15:28:19 | INFO    |   Top-4 影响因子: ['investment', 'history_demand', 'load_growth', 'equipment_cost']
15:28:19 | INFO    |   [特征工程] 原始4因子 + lag1/lag2 + month_sin/cos = 8维特征
15:28:19 | DEBUG   |   训练集: 48月, 测试集: 12月
15:28:19 | INFO    |   [3/8] 模型一: CatBoost...
15:28:19 | INFO    |   [CatBoost基线] iterations=1000, lr=0.03, depth=4, l2=5, RMSE, 仅4原始因子(无特征工程)
15:28:19 | INFO    |         MSE=94.7554 RMSE=9.7342 MAE=8.1009 R^2=0.3380
15:28:19 | INFO    |   [4/8] 模型二: VMD-CatBoost...
15:28:19 | DEBUG   |   [VMD优化] 最优K=5 (搜索范围[3, 4, 5, 6, 7], 频率分离阈值=1.5)
15:28:19 | INFO    |   [VMD-CatBoost] VMD最优K=5
15:28:19 | INFO    |   [VMD-CatBoost] IMF筛选: 5→5个 (保留[0, 1, 2, 3, 4])
15:28:20 | INFO    |         MSE=146.6388 RMSE=12.1095 MAE=10.9650 R^2=-0.0245
15:28:28 | INFO    |   [图表] VMD分解图(cable) → outputs/figures\vmd_decomposition_cable.png
15:28:28 | INFO    |   [5/8] 模型三: VMD-LSTM-CatBoost...
15:28:28 | DEBUG   |   [VMD优化] 最优K=5 (搜索范围[3, 4, 5, 6, 7], 频率分离阈值=1.5)
15:28:28 | INFO    |   [VMD-LSTM-CatBoost] VMD最优K=5
15:28:28 | INFO    |   [VMD-LSTM-CatBoost] IMF筛选: 5→5个 | 残差=IMF1(新idx=0), 模态=['IMF2', 'IMF3', 'IMF4', 'IMF5']
15:28:28 | INFO    |   [LSTM架构] MultiFeatureLSTM | input_size=5, hidden_size=8, num_layers=2, dropout=0.2, ReduceLROnPlateau | CNN/池化层: 无(本模型不使用卷积/池化)
15:28:28 | INFO    |   [训练配置] optimizer=Adam, lr=0.002, weight_decay=0.0005, epochs=1200, patience=60, loss=MSELoss, batch_size=full_batch(全批次), device=cpu | 训练样本数(train_samples)=42, 序列长度(seq_len)=6
15:28:30 | DEBUG   |   [LSTM收敛] epoch=149, best_loss=0.016039
15:28:30 | DEBUG   |   [LSTM架构] SingleFeatureLSTM | hidden_size=6, num_layers=2, dropout=0.2, ReduceLROnPlateau | CNN/池化层: 无(本模型不使用卷积/池化)
15:28:30 | DEBUG   |   [训练配置] optimizer=Adam, lr=0.002, weight_decay=0.0005, epochs=1200, patience=60, loss=MSELoss, batch_size=full_batch(全批次), device=cpu | 训练样本数(train_samples)=42, 序列长度(seq_len)=6
15:28:31 | DEBUG   |   [LSTM收敛] epoch=106, best_loss=0.057452
15:28:31 | DEBUG   |   [LSTM架构] SingleFeatureLSTM | hidden_size=6, num_layers=2, dropout=0.2, ReduceLROnPlateau | CNN/池化层: 无(本模型不使用卷积/池化)
15:28:31 | DEBUG   |   [训练配置] optimizer=Adam, lr=0.002, weight_decay=0.0005, epochs=1200, patience=60, loss=MSELoss, batch_size=full_batch(全批次), device=cpu | 训练样本数(train_samples)=42, 序列长度(seq_len)=6
15:28:31 | DEBUG   |   [LSTM收敛] epoch=159, best_loss=0.031594
15:28:31 | DEBUG   |   [LSTM架构] SingleFeatureLSTM | hidden_size=6, num_layers=2, dropout=0.2, ReduceLROnPlateau | CNN/池化层: 无(本模型不使用卷积/池化)
15:28:31 | DEBUG   |   [训练配置] optimizer=Adam, lr=0.002, weight_decay=0.0005, epochs=1200, patience=60, loss=MSELoss, batch_size=full_batch(全批次), device=cpu | 训练样本数(train_samples)=42, 序列长度(seq_len)=6
15:28:31 | DEBUG   |   [LSTM收敛] epoch=95, best_loss=0.014701
15:28:31 | DEBUG   |   [LSTM架构] SingleFeatureLSTM | hidden_size=6, num_layers=2, dropout=0.2, ReduceLROnPlateau | CNN/池化层: 无(本模型不使用卷积/池化)
15:28:31 | DEBUG   |   [训练配置] optimizer=Adam, lr=0.002, weight_decay=0.0005, epochs=1200, patience=60, loss=MSELoss, batch_size=full_batch(全批次), device=cpu | 训练样本数(train_samples)=42, 序列长度(seq_len)=6
15:28:32 | DEBUG   |   [LSTM收敛] epoch=101, best_loss=0.004669
15:28:33 | INFO    |         MSE=56.0958 RMSE=7.4897 MAE=5.6583 R^2=0.6081
15:28:33 | INFO    |   [6/8] 模型四: VMD-LSTM(直接求和)...
15:28:33 | DEBUG   |   [VMD优化] 最优K=5 (搜索范围[3, 4, 5, 6, 7], 频率分离阈值=1.5)
15:28:33 | INFO    |   [VMD-LSTM直接求和] VMD最优K=5 → 1×MultiFeatureLSTM(hidden=8,do=0.2) + N×SingleFeatureLSTM(hidden=6,do=0.2) → 直接求和 | 序列长度(seq_len)=6, 输入特征数(input_features)=4(top-4因子)
15:28:33 | INFO    |   [VMD-LSTM直接求和] IMF筛选: 5→5个 | 残差=IMF1(新idx=0), 模态=['IMF2', 'IMF3', 'IMF4', 'IMF5']
15:28:33 | INFO    |   [LSTM架构] MultiFeatureLSTM | input_size=5, hidden_size=8, num_layers=2, dropout=0.2, ReduceLROnPlateau | CNN/池化层: 无(本模型不使用卷积/池化)
15:28:33 | INFO    |   [训练配置] optimizer=Adam, lr=0.002, weight_decay=0.0005, epochs=1200, patience=60, loss=MSELoss, batch_size=full_batch(全批次), device=cpu | 训练样本数(train_samples)=42, 序列长度(seq_len)=6
15:28:34 | DEBUG   |   [LSTM收敛] epoch=147, best_loss=0.017443
15:28:34 | DEBUG   |   [LSTM架构] SingleFeatureLSTM | hidden_size=6, num_layers=2, dropout=0.2, ReduceLROnPlateau | CNN/池化层: 无(本模型不使用卷积/池化)
15:28:34 | DEBUG   |   [训练配置] optimizer=Adam, lr=0.002, weight_decay=0.0005, epochs=1200, patience=60, loss=MSELoss, batch_size=full_batch(全批次), device=cpu | 训练样本数(train_samples)=42, 序列长度(seq_len)=6
15:28:34 | DEBUG   |   [LSTM收敛] epoch=100, best_loss=0.060389
15:28:34 | DEBUG   |   [LSTM架构] SingleFeatureLSTM | hidden_size=6, num_layers=2, dropout=0.2, ReduceLROnPlateau | CNN/池化层: 无(本模型不使用卷积/池化)
15:28:34 | DEBUG   |   [训练配置] optimizer=Adam, lr=0.002, weight_decay=0.0005, epochs=1200, patience=60, loss=MSELoss, batch_size=full_batch(全批次), device=cpu | 训练样本数(train_samples)=42, 序列长度(seq_len)=6
15:28:34 | DEBUG   |   [LSTM收敛] epoch=127, best_loss=0.030740
15:28:34 | DEBUG   |   [LSTM架构] SingleFeatureLSTM | hidden_size=6, num_layers=2, dropout=0.2, ReduceLROnPlateau | CNN/池化层: 无(本模型不使用卷积/池化)
15:28:34 | DEBUG   |   [训练配置] optimizer=Adam, lr=0.002, weight_decay=0.0005, epochs=1200, patience=60, loss=MSELoss, batch_size=full_batch(全批次), device=cpu | 训练样本数(train_samples)=42, 序列长度(seq_len)=6
15:28:35 | DEBUG   |   [LSTM收敛] epoch=117, best_loss=0.017027
15:28:35 | DEBUG   |   [LSTM架构] SingleFeatureLSTM | hidden_size=6, num_layers=2, dropout=0.2, ReduceLROnPlateau | CNN/池化层: 无(本模型不使用卷积/池化)
15:28:35 | DEBUG   |   [训练配置] optimizer=Adam, lr=0.002, weight_decay=0.0005, epochs=1200, patience=60, loss=MSELoss, batch_size=full_batch(全批次), device=cpu | 训练样本数(train_samples)=42, 序列长度(seq_len)=6
15:28:35 | DEBUG   |   [LSTM收敛] epoch=121, best_loss=0.005121
15:28:35 | INFO    |         MSE=147.2419 RMSE=12.1343 MAE=10.9527 R^2=-0.0287
15:28:35 | INFO    |   [7/8] 模型五: VMD-SVR...
15:28:35 | DEBUG   |   [VMD优化] 最优K=5 (搜索范围[3, 4, 5, 6, 7], 频率分离阈值=1.5)
15:28:35 | INFO    |   [VMD-SVR] VMD最优K=5
15:28:35 | INFO    |   [VMD-SVR] IMF筛选: 5→5个 (保留[0, 1, 2, 3, 4])
15:28:35 | INFO    |   [SVR超参数] kernel=rbf, C=[0.1, 1, 10, 100], gamma=['scale', 'auto', 0.01, 0.1], epsilon=[0.01, 0.05, 0.1, 0.2] | GridSearchCV(cv=3, scoring=neg_mse) | 输入特征数(input_features)=13 (5个IMF+4因子)
15:28:35 | INFO    |   [SVR最优参数] C=100, gamma=0.01, epsilon=0.05
15:28:35 | INFO    |         MSE=400.6960 RMSE=20.0174 MAE=17.0986 R^2=-1.7994
15:28:36 | INFO    |   [图表] 特征重要性(cable) → outputs/figures\feature_importance_cable.png
15:28:36 | INFO    | 
15:28:36 | INFO    | [2/8] 处理 柱上变压器台成套设备 (transformer)...
15:28:36 | INFO    |   Top-4 影响因子: ['load_growth', 'investment', 'history_demand', 'equipment_cost']
15:28:36 | INFO    |   [特征工程] 原始4因子 + lag1/lag2 + month_sin/cos = 8维特征
15:28:36 | DEBUG   |   训练集: 48月, 测试集: 12月
15:28:36 | INFO    |   [3/8] 模型一: CatBoost...
15:28:36 | INFO    |   [CatBoost基线] iterations=1000, lr=0.03, depth=4, l2=5, RMSE, 仅4原始因子(无特征工程)
15:28:36 | INFO    |         MSE=47.3401 RMSE=6.8804 MAE=5.9292 R^2=0.0891
15:28:36 | INFO    |   [4/8] 模型二: VMD-CatBoost...
15:28:36 | DEBUG   |   [VMD优化] 最优K=4 (搜索范围[3, 4, 5, 6, 7], 频率分离阈值=1.5)
15:28:36 | INFO    |   [VMD-CatBoost] VMD最优K=4
15:28:36 | INFO    |   [VMD-CatBoost] IMF筛选: 4→4个 (保留[0, 1, 2, 3])
15:28:37 | INFO    |         MSE=53.2768 RMSE=7.2991 MAE=6.6507 R^2=-0.0251
15:28:42 | INFO    |   [图表] VMD分解图(transformer) → outputs/figures\vmd_decomposition_transformer.png
15:28:42 | INFO    |   [5/8] 模型三: VMD-LSTM-CatBoost...
15:28:42 | DEBUG   |   [VMD优化] 最优K=4 (搜索范围[3, 4, 5, 6, 7], 频率分离阈值=1.5)
15:28:42 | INFO    |   [VMD-LSTM-CatBoost] VMD最优K=4
15:28:42 | INFO    |   [VMD-LSTM-CatBoost] IMF筛选: 4→4个 | 残差=IMF1(新idx=0), 模态=['IMF2', 'IMF3', 'IMF4']
15:28:42 | INFO    |   [LSTM架构] MultiFeatureLSTM | input_size=5, hidden_size=8, num_layers=2, dropout=0.2, ReduceLROnPlateau | CNN/池化层: 无(本模型不使用卷积/池化)
15:28:42 | INFO    |   [训练配置] optimizer=Adam, lr=0.002, weight_decay=0.0005, epochs=1200, patience=60, loss=MSELoss, batch_size=full_batch(全批次), device=cpu | 训练样本数(train_samples)=42, 序列长度(seq_len)=6
15:28:42 | DEBUG   |   [LSTM收敛] epoch=153, best_loss=0.003561
15:28:42 | DEBUG   |   [LSTM架构] SingleFeatureLSTM | hidden_size=6, num_layers=2, dropout=0.2, ReduceLROnPlateau | CNN/池化层: 无(本模型不使用卷积/池化)
15:28:42 | DEBUG   |   [训练配置] optimizer=Adam, lr=0.002, weight_decay=0.0005, epochs=1200, patience=60, loss=MSELoss, batch_size=full_batch(全批次), device=cpu | 训练样本数(train_samples)=42, 序列长度(seq_len)=6
15:28:43 | DEBUG   |   [LSTM收敛] epoch=146, best_loss=0.056496
15:28:43 | DEBUG   |   [LSTM架构] SingleFeatureLSTM | hidden_size=6, num_layers=2, dropout=0.2, ReduceLROnPlateau | CNN/池化层: 无(本模型不使用卷积/池化)
15:28:43 | DEBUG   |   [训练配置] optimizer=Adam, lr=0.002, weight_decay=0.0005, epochs=1200, patience=60, loss=MSELoss, batch_size=full_batch(全批次), device=cpu | 训练样本数(train_samples)=42, 序列长度(seq_len)=6
15:28:43 | DEBUG   |   [LSTM收敛] epoch=121, best_loss=0.006624
15:28:43 | DEBUG   |   [LSTM架构] SingleFeatureLSTM | hidden_size=6, num_layers=2, dropout=0.2, ReduceLROnPlateau | CNN/池化层: 无(本模型不使用卷积/池化)
15:28:43 | DEBUG   |   [训练配置] optimizer=Adam, lr=0.002, weight_decay=0.0005, epochs=1200, patience=60, loss=MSELoss, batch_size=full_batch(全批次), device=cpu | 训练样本数(train_samples)=42, 序列长度(seq_len)=6
15:28:44 | DEBUG   |   [LSTM收敛] epoch=103, best_loss=0.004002
15:28:45 | INFO    |         MSE=17.8065 RMSE=4.2198 MAE=3.5437 R^2=0.6574
15:28:45 | INFO    |   [6/8] 模型四: VMD-LSTM(直接求和)...
15:28:45 | DEBUG   |   [VMD优化] 最优K=4 (搜索范围[3, 4, 5, 6, 7], 频率分离阈值=1.5)
15:28:45 | INFO    |   [VMD-LSTM直接求和] VMD最优K=4 → 1×MultiFeatureLSTM(hidden=8,do=0.2) + N×SingleFeatureLSTM(hidden=6,do=0.2) → 直接求和 | 序列长度(seq_len)=6, 输入特征数(input_features)=4(top-4因子)
15:28:45 | INFO    |   [VMD-LSTM直接求和] IMF筛选: 4→4个 | 残差=IMF1(新idx=0), 模态=['IMF2', 'IMF3', 'IMF4']
15:28:45 | INFO    |   [LSTM架构] MultiFeatureLSTM | input_size=5, hidden_size=8, num_layers=2, dropout=0.2, ReduceLROnPlateau | CNN/池化层: 无(本模型不使用卷积/池化)
15:28:45 | INFO    |   [训练配置] optimizer=Adam, lr=0.002, weight_decay=0.0005, epochs=1200, patience=60, loss=MSELoss, batch_size=full_batch(全批次), device=cpu | 训练样本数(train_samples)=42, 序列长度(seq_len)=6
15:28:46 | DEBUG   |   [LSTM收敛] epoch=256, best_loss=0.007007
15:28:46 | DEBUG   |   [LSTM架构] SingleFeatureLSTM | hidden_size=6, num_layers=2, dropout=0.2, ReduceLROnPlateau | CNN/池化层: 无(本模型不使用卷积/池化)
15:28:46 | DEBUG   |   [训练配置] optimizer=Adam, lr=0.002, weight_decay=0.0005, epochs=1200, patience=60, loss=MSELoss, batch_size=full_batch(全批次), device=cpu | 训练样本数(train_samples)=42, 序列长度(seq_len)=6
15:28:46 | DEBUG   |   [LSTM收敛] epoch=155, best_loss=0.054938
15:28:46 | DEBUG   |   [LSTM架构] SingleFeatureLSTM | hidden_size=6, num_layers=2, dropout=0.2, ReduceLROnPlateau | CNN/池化层: 无(本模型不使用卷积/池化)
15:28:46 | DEBUG   |   [训练配置] optimizer=Adam, lr=0.002, weight_decay=0.0005, epochs=1200, patience=60, loss=MSELoss, batch_size=full_batch(全批次), device=cpu | 训练样本数(train_samples)=42, 序列长度(seq_len)=6
15:28:47 | DEBUG   |   [LSTM收敛] epoch=151, best_loss=0.006309
15:28:47 | DEBUG   |   [LSTM架构] SingleFeatureLSTM | hidden_size=6, num_layers=2, dropout=0.2, ReduceLROnPlateau | CNN/池化层: 无(本模型不使用卷积/池化)
15:28:47 | DEBUG   |   [训练配置] optimizer=Adam, lr=0.002, weight_decay=0.0005, epochs=1200, patience=60, loss=MSELoss, batch_size=full_batch(全批次), device=cpu | 训练样本数(train_samples)=42, 序列长度(seq_len)=6
15:28:48 | DEBUG   |   [LSTM收敛] epoch=118, best_loss=0.005105
15:28:48 | INFO    |         MSE=60.7344 RMSE=7.7932 MAE=7.4793 R^2=-0.1686
15:28:48 | INFO    |   [7/8] 模型五: VMD-SVR...
15:28:48 | DEBUG   |   [VMD优化] 最优K=4 (搜索范围[3, 4, 5, 6, 7], 频率分离阈值=1.5)
15:28:48 | INFO    |   [VMD-SVR] VMD最优K=4
15:28:48 | INFO    |   [VMD-SVR] IMF筛选: 4→4个 (保留[0, 1, 2, 3])
15:28:48 | INFO    |   [SVR超参数] kernel=rbf, C=[0.1, 1, 10, 100], gamma=['scale', 'auto', 0.01, 0.1], epsilon=[0.01, 0.05, 0.1, 0.2] | GridSearchCV(cv=3, scoring=neg_mse) | 输入特征数(input_features)=12 (4个IMF+4因子)
15:28:48 | INFO    |   [SVR最优参数] C=100, gamma=0.01, epsilon=0.01
15:28:48 | INFO    |         MSE=160.6321 RMSE=12.6741 MAE=10.8266 R^2=-2.0907
15:28:49 | INFO    |   [图表] 特征重要性(transformer) → outputs/figures\feature_importance_transformer.png
15:28:49 | INFO    | 
15:28:49 | INFO    | [2/8] 处理 10kv交流避雷器 (arrester)...
15:28:49 | INFO    |   Top-4 影响因子: ['lightning_count', 'typhoon_count', 'rainstorm_count', 'load_growth']
15:28:49 | INFO    |   [特征工程] 原始4因子 + lag1/lag2 + month_sin/cos = 8维特征
15:28:49 | DEBUG   |   训练集: 48月, 测试集: 12月
15:28:49 | INFO    |   [3/8] 模型一: CatBoost...
15:28:49 | INFO    |   [CatBoost基线] iterations=1000, lr=0.03, depth=4, l2=5, RMSE, 仅4原始因子(无特征工程)
15:28:49 | INFO    |         MSE=895.6466 RMSE=29.9274 MAE=20.2120 R^2=0.5572
15:28:49 | INFO    |   [4/8] 模型二: VMD-CatBoost...
15:28:49 | DEBUG   |   [VMD优化] 最优K=3 (搜索范围[3, 4, 5, 6, 7], 频率分离阈值=1.5)
15:28:49 | INFO    |   [VMD-CatBoost] VMD最优K=3
15:28:49 | DEBUG   |   [IMF筛选] 剔除IMF[0] (相关度<0.1), 保留IMF[1, 2]
15:28:49 | INFO    |   [VMD-CatBoost] IMF筛选: 3→2个 (保留[1, 2])
15:28:50 | INFO    |         MSE=1262.6508 RMSE=35.5338 MAE=30.8548 R^2=0.3758
15:28:56 | INFO    |   [图表] VMD分解图(arrester) → outputs/figures\vmd_decomposition_arrester.png
15:28:56 | INFO    |   [5/8] 模型三: VMD-LSTM-CatBoost...
15:28:56 | DEBUG   |   [VMD优化] 最优K=3 (搜索范围[3, 4, 5, 6, 7], 频率分离阈值=1.5)
15:28:56 | INFO    |   [VMD-LSTM-CatBoost] VMD最优K=3
15:28:56 | DEBUG   |   [IMF筛选] 剔除IMF[0] (相关度<0.1), 保留IMF[1, 2]
15:28:56 | INFO    |   [VMD-LSTM-CatBoost] IMF筛选: 3→3个 | 残差=IMF1(新idx=0), 模态=['IMF2', 'IMF3']
15:28:56 | INFO    |   [LSTM架构] MultiFeatureLSTM | input_size=5, hidden_size=8, num_layers=2, dropout=0.2, ReduceLROnPlateau | CNN/池化层: 无(本模型不使用卷积/池化)
15:28:56 | INFO    |   [训练配置] optimizer=Adam, lr=0.002, weight_decay=0.0005, epochs=1200, patience=60, loss=MSELoss, batch_size=full_batch(全批次), device=cpu | 训练样本数(train_samples)=42, 序列长度(seq_len)=6
15:28:56 | DEBUG   |   [LSTM收敛] epoch=110, best_loss=0.009423
15:28:56 | DEBUG   |   [LSTM架构] SingleFeatureLSTM | hidden_size=6, num_layers=2, dropout=0.2, ReduceLROnPlateau | CNN/池化层: 无(本模型不使用卷积/池化)
15:28:56 | DEBUG   |   [训练配置] optimizer=Adam, lr=0.002, weight_decay=0.0005, epochs=1200, patience=60, loss=MSELoss, batch_size=full_batch(全批次), device=cpu | 训练样本数(train_samples)=42, 序列长度(seq_len)=6
15:28:57 | DEBUG   |   [LSTM收敛] epoch=339, best_loss=0.010044
15:28:57 | DEBUG   |   [LSTM架构] SingleFeatureLSTM | hidden_size=6, num_layers=2, dropout=0.2, ReduceLROnPlateau | CNN/池化层: 无(本模型不使用卷积/池化)
15:28:57 | DEBUG   |   [训练配置] optimizer=Adam, lr=0.002, weight_decay=0.0005, epochs=1200, patience=60, loss=MSELoss, batch_size=full_batch(全批次), device=cpu | 训练样本数(train_samples)=42, 序列长度(seq_len)=6
15:28:58 | DEBUG   |   [LSTM收敛] epoch=255, best_loss=0.004055
15:29:00 | INFO    |         MSE=599.9874 RMSE=24.4946 MAE=16.7466 R^2=0.7034
15:29:00 | INFO    |   [6/8] 模型四: VMD-LSTM(直接求和)...
15:29:00 | DEBUG   |   [VMD优化] 最优K=3 (搜索范围[3, 4, 5, 6, 7], 频率分离阈值=1.5)
15:29:00 | INFO    |   [VMD-LSTM直接求和] VMD最优K=3 → 1×MultiFeatureLSTM(hidden=8,do=0.2) + N×SingleFeatureLSTM(hidden=6,do=0.2) → 直接求和 | 序列长度(seq_len)=6, 输入特征数(input_features)=4(top-4因子)
15:29:00 | DEBUG   |   [IMF筛选] 剔除IMF[0] (相关度<0.1), 保留IMF[1, 2]
15:29:00 | INFO    |   [VMD-LSTM直接求和] IMF筛选: 3→3个 | 残差=IMF1(新idx=0), 模态=['IMF2', 'IMF3']
15:29:00 | INFO    |   [LSTM架构] MultiFeatureLSTM | input_size=5, hidden_size=8, num_layers=2, dropout=0.2, ReduceLROnPlateau | CNN/池化层: 无(本模型不使用卷积/池化)
15:29:00 | INFO    |   [训练配置] optimizer=Adam, lr=0.002, weight_decay=0.0005, epochs=1200, patience=60, loss=MSELoss, batch_size=full_batch(全批次), device=cpu | 训练样本数(train_samples)=42, 序列长度(seq_len)=6
15:29:00 | DEBUG   |   [LSTM收敛] epoch=108, best_loss=0.017040
15:29:00 | DEBUG   |   [LSTM架构] SingleFeatureLSTM | hidden_size=6, num_layers=2, dropout=0.2, ReduceLROnPlateau | CNN/池化层: 无(本模型不使用卷积/池化)
15:29:00 | DEBUG   |   [训练配置] optimizer=Adam, lr=0.002, weight_decay=0.0005, epochs=1200, patience=60, loss=MSELoss, batch_size=full_batch(全批次), device=cpu | 训练样本数(train_samples)=42, 序列长度(seq_len)=6
15:29:01 | DEBUG   |   [LSTM收敛] epoch=167, best_loss=0.119392
15:29:01 | DEBUG   |   [LSTM架构] SingleFeatureLSTM | hidden_size=6, num_layers=2, dropout=0.2, ReduceLROnPlateau | CNN/池化层: 无(本模型不使用卷积/池化)
15:29:01 | DEBUG   |   [训练配置] optimizer=Adam, lr=0.002, weight_decay=0.0005, epochs=1200, patience=60, loss=MSELoss, batch_size=full_batch(全批次), device=cpu | 训练样本数(train_samples)=42, 序列长度(seq_len)=6
15:29:01 | DEBUG   |   [LSTM收敛] epoch=80, best_loss=0.005011
15:29:01 | INFO    |         MSE=1952.3771 RMSE=44.1857 MAE=43.7069 R^2=0.0348
15:29:01 | INFO    |   [7/8] 模型五: VMD-SVR...
15:29:01 | DEBUG   |   [VMD优化] 最优K=3 (搜索范围[3, 4, 5, 6, 7], 频率分离阈值=1.5)
15:29:01 | INFO    |   [VMD-SVR] VMD最优K=3
15:29:01 | DEBUG   |   [IMF筛选] 剔除IMF[0] (相关度<0.1), 保留IMF[1, 2]
15:29:01 | INFO    |   [VMD-SVR] IMF筛选: 3→2个 (保留[1, 2])
15:29:01 | INFO    |   [SVR超参数] kernel=rbf, C=[0.1, 1, 10, 100], gamma=['scale', 'auto', 0.01, 0.1], epsilon=[0.01, 0.05, 0.1, 0.2] | GridSearchCV(cv=3, scoring=neg_mse) | 输入特征数(input_features)=10 (2个IMF+4因子)
15:29:02 | INFO    |   [SVR最优参数] C=100, gamma=auto, epsilon=0.1
15:29:02 | INFO    |         MSE=1564.7795 RMSE=39.5573 MAE=31.5499 R^2=0.2264
15:29:08 | INFO    |   [图表] 特征重要性(arrester) → outputs/figures\feature_importance_arrester.png
15:29:08 | INFO    | 
15:29:08 | INFO    | [8/8] 汇总评估与可视化...
15:29:08 | INFO    | 
15:29:08 | INFO    | ========================================================================================================================
15:29:08 | INFO    | 评估指标汇总表
15:29:08 | INFO    | ========================================================================================================================
15:29:08 | INFO    | 物资               模型                              MSE         RMSE          MAE          R^2
15:29:08 | INFO    | ------------------------------------------------------------------------------------------------------------------------
15:29:08 | INFO    | 10KV电缆           CatBoost                    94.7554       9.7342       8.1009       0.3380
15:29:08 | INFO    |                  VMD-CatBoost               146.6388      12.1095      10.9650      -0.0245
15:29:08 | INFO    |                  VMD-LSTM-CatBoost           56.0958       7.4897       5.6583       0.6081
15:29:08 | INFO    |                  VMD-LSTM                   147.2419      12.1343      10.9527      -0.0287
15:29:08 | INFO    |                  VMD-SVR                    400.6960      20.0174      17.0986      -1.7994
15:29:08 | INFO    | ------------------------------------------------------------------------------------------------------------------------
15:29:08 | INFO    | 柱上变压器台成套设备       CatBoost                    47.3401       6.8804       5.9292       0.0891
15:29:08 | INFO    |                  VMD-CatBoost                53.2768       7.2991       6.6507      -0.0251
15:29:08 | INFO    |                  VMD-LSTM-CatBoost           17.8065       4.2198       3.5437       0.6574
15:29:08 | INFO    |                  VMD-LSTM                    60.7344       7.7932       7.4793      -0.1686
15:29:08 | INFO    |                  VMD-SVR                    160.6321      12.6741      10.8266      -2.0907
15:29:08 | INFO    | ------------------------------------------------------------------------------------------------------------------------
15:29:08 | INFO    | 10kv交流避雷器        CatBoost                   895.6466      29.9274      20.2120       0.5572
15:29:08 | INFO    |                  VMD-CatBoost              1262.6508      35.5338      30.8548       0.3758
15:29:08 | INFO    |                  VMD-LSTM-CatBoost          599.9874      24.4946      16.7466       0.7034
15:29:08 | INFO    |                  VMD-LSTM                  1952.3771      44.1857      43.7069       0.0348
15:29:08 | INFO    |                  VMD-SVR                   1564.7795      39.5573      31.5499       0.2264
15:29:08 | INFO    | ------------------------------------------------------------------------------------------------------------------------
15:29:08 | INFO    | 
15:29:08 | INFO    |   [文件] 指标JSON → outputs/figures\metrics_summary.json
15:29:10 | INFO    |   [图表] 预测对比图(cable) → outputs/figures\prediction_comparison_cable.png
15:29:12 | INFO    |   [图表] 预测对比图(transformer) → outputs/figures\prediction_comparison_transformer.png
15:29:16 | INFO    |   [图表] 预测对比图(arrester) → outputs/figures\prediction_comparison_arrester.png
15:29:21 | INFO    |   [图表] 指标对比图 → outputs/figures\metrics_comparison.png
15:29:21 | INFO    | 
15:29:21 | INFO    | ======================================================================
15:29:21 | INFO    |   模型性能排序 (按R^2)
15:29:21 | INFO    | ======================================================================
15:29:21 | INFO    |   10KV电缆: [1st] VMD-LSTM-CatBoost (R^2=0.6081)  [2nd] CatBoost (R^2=0.3380)  [3rd] VMD-CatBoost (R^2=-0.0245)
15:29:21 | INFO    |   柱上变压器台成套设备: [1st] VMD-LSTM-CatBoost (R^2=0.6574)  [2nd] CatBoost (R^2=0.0891)  [3rd] VMD-CatBoost (R^2=-0.0251)
15:29:21 | INFO    |   10kv交流避雷器: [1st] VMD-LSTM-CatBoost (R^2=0.7034)  [2nd] CatBoost (R^2=0.5572)  [3rd] VMD-CatBoost (R^2=0.3758)
15:29:21 | INFO    | 
15:29:21 | INFO    | 所有图表已保存至: C:\Users\lilacseeking\PycharmProjects\vmd-catboost\outputs\figures/
15:29:21 | INFO    | 日志文件: C:\Users\lilacseeking\PycharmProjects\vmd-catboost\outputs\logs\main_20260614_152819.log
15:29:21 | INFO    | 完成!
