15:50:08 | INFO    | ======================================================================
15:50:08 | INFO    |   配电网物资需求预测 —— VMD-CatBoost 模型对比实验
15:50:08 | INFO    |   物资: 10KV电缆 / 柱上变压器台成套设备 / 10kv交流避雷器
15:50:08 | INFO    |   模型: CatBoost / VMD-CatBoost / VMD-LSTM-CatBoost / VMD-LSTM / VMD-SVR
15:50:08 | INFO    | ======================================================================
15:50:08 | INFO    |   日志文件: outputs/logs\main_20260614_155008.log
15:50:08 | INFO    | [1/8] 加载数据...
15:50:08 | INFO    | 数据文件不存在，根据数据生成要求生成模拟数据...
15:50:09 | INFO    |   生成 Sheet[10KV电缆]: 60 条, demand范围=[0.00, 30.00]
15:50:09 | INFO    |   生成 Sheet[柱上变压器台成套设备]: 60 条, demand范围=[0.00, 18.00]
15:50:09 | INFO    |   生成 Sheet[10kv交流避雷器]: 60 条, demand范围=[0.00, 105.00]
15:50:09 | INFO    | 数据已保存至: C:\Users\lilacseeking\PycharmProjects\vmd-catboost\inputs\data\data.xlsx
15:50:09 | INFO    | 
15:50:09 | INFO    | [2/8] 处理 10KV电缆 (cable)...
15:50:09 | INFO    |   Top-4 影响因子: ['investment', 'history_demand', 'load_growth', 'equipment_cost']
15:50:09 | INFO    |   [特征工程] 原始4因子 + lag1/lag2 + month_sin/cos = 8维特征
15:50:09 | DEBUG   |   训练集: 48月, 测试集: 12月
15:50:09 | INFO    |   [3/8] 模型一: CatBoost...
15:50:09 | INFO    |   [CatBoost基线] iterations=1000, lr=0.03, depth=4, l2=5, RMSE, 仅4原始因子(无特征工程)
15:50:10 | INFO    |         MSE=94.7554 RMSE=9.7342 MAE=8.1009 R^2=0.3380
15:50:10 | INFO    |   [4/8] 模型二: VMD-CatBoost...
15:50:10 | DEBUG   |   [VMD优化] 最优K=5 (搜索范围[3, 4, 5, 6, 7], 频率分离阈值=1.5)
15:50:10 | INFO    |   [VMD-CatBoost] VMD最优K=5
15:50:10 | INFO    |   [VMD-CatBoost] IMF筛选: 5→5个 (保留[0, 1, 2, 3, 4])
15:50:11 | INFO    |         MSE=146.6388 RMSE=12.1095 MAE=10.9650 R^2=-0.0245
15:50:19 | INFO    |   [图表] VMD分解图(cable) → outputs/figures\vmd_decomposition_cable.png
15:50:19 | INFO    |   [5/8] 模型三: VMD-LSTM-CatBoost...
15:50:19 | DEBUG   |   [VMD优化] 最优K=5 (搜索范围[3, 4, 5, 6, 7], 频率分离阈值=1.5)
15:50:19 | INFO    |   [VMD-LSTM-CatBoost] VMD最优K=5
15:50:19 | INFO    |   [VMD-LSTM-CatBoost] IMF筛选: 5→5个 | 残差=IMF1(新idx=0), 模态=['IMF2', 'IMF3', 'IMF4', 'IMF5']
15:50:19 | INFO    |   [LSTM架构] MultiFeatureLSTM | input_size=5, hidden_size=6, num_layers=2, dropout=0.25, ReduceLROnPlateau | CNN/池化层: 无(本模型不使用卷积/池化)
15:50:19 | INFO    |   [训练配置] optimizer=Adam, lr=0.002, weight_decay=0.0001, epochs=1000, patience=60, loss=MSELoss, batch_size=full_batch(全批次), device=cpu | 训练样本数(train_samples)=42, 序列长度(seq_len)=6
15:50:22 | DEBUG   |   [LSTM收敛] epoch=156, best_loss=0.022203
15:50:22 | DEBUG   |   [LSTM架构] SingleFeatureLSTM | hidden_size=6, num_layers=2, dropout=0.25, ReduceLROnPlateau | CNN/池化层: 无(本模型不使用卷积/池化)
15:50:22 | DEBUG   |   [训练配置] optimizer=Adam, lr=0.002, weight_decay=0.0001, epochs=1000, patience=60, loss=MSELoss, batch_size=full_batch(全批次), device=cpu | 训练样本数(train_samples)=42, 序列长度(seq_len)=6
15:50:22 | DEBUG   |   [LSTM收敛] epoch=112, best_loss=0.058476
15:50:22 | DEBUG   |   [LSTM架构] SingleFeatureLSTM | hidden_size=6, num_layers=2, dropout=0.25, ReduceLROnPlateau | CNN/池化层: 无(本模型不使用卷积/池化)
15:50:22 | DEBUG   |   [训练配置] optimizer=Adam, lr=0.002, weight_decay=0.0001, epochs=1000, patience=60, loss=MSELoss, batch_size=full_batch(全批次), device=cpu | 训练样本数(train_samples)=42, 序列长度(seq_len)=6
15:50:22 | DEBUG   |   [LSTM收敛] epoch=75, best_loss=0.030941
15:50:22 | DEBUG   |   [LSTM架构] SingleFeatureLSTM | hidden_size=6, num_layers=2, dropout=0.25, ReduceLROnPlateau | CNN/池化层: 无(本模型不使用卷积/池化)
15:50:22 | DEBUG   |   [训练配置] optimizer=Adam, lr=0.002, weight_decay=0.0001, epochs=1000, patience=60, loss=MSELoss, batch_size=full_batch(全批次), device=cpu | 训练样本数(train_samples)=42, 序列长度(seq_len)=6
15:50:23 | DEBUG   |   [LSTM收敛] epoch=93, best_loss=0.015728
15:50:23 | DEBUG   |   [LSTM架构] SingleFeatureLSTM | hidden_size=6, num_layers=2, dropout=0.25, ReduceLROnPlateau | CNN/池化层: 无(本模型不使用卷积/池化)
15:50:23 | DEBUG   |   [训练配置] optimizer=Adam, lr=0.002, weight_decay=0.0001, epochs=1000, patience=60, loss=MSELoss, batch_size=full_batch(全批次), device=cpu | 训练样本数(train_samples)=42, 序列长度(seq_len)=6
15:50:23 | DEBUG   |   [LSTM收敛] epoch=105, best_loss=0.004681
15:50:24 | INFO    |         MSE=55.5491 RMSE=7.4531 MAE=5.4422 R^2=0.6119
15:50:24 | INFO    |   [6/8] 模型四: VMD-LSTM(直接求和)...
15:50:24 | DEBUG   |   [VMD优化] 最优K=5 (搜索范围[3, 4, 5, 6, 7], 频率分离阈值=1.5)
15:50:24 | INFO    |   [VMD-LSTM直接求和] VMD最优K=5 → 1×MultiFeatureLSTM(hidden=8,do=0.25) + N×SingleFeatureLSTM(hidden=6,do=0.25) → 直接求和 | 序列长度(seq_len)=6, 输入特征数(input_features)=4(top-4因子)
15:50:24 | INFO    |   [VMD-LSTM直接求和] IMF筛选: 5→5个 | 残差=IMF1(新idx=0), 模态=['IMF2', 'IMF3', 'IMF4', 'IMF5']
15:50:24 | INFO    |   [LSTM架构] MultiFeatureLSTM | input_size=5, hidden_size=6, num_layers=2, dropout=0.25, ReduceLROnPlateau | CNN/池化层: 无(本模型不使用卷积/池化)
15:50:24 | INFO    |   [训练配置] optimizer=Adam, lr=0.002, weight_decay=0.0001, epochs=1000, patience=60, loss=MSELoss, batch_size=full_batch(全批次), device=cpu | 训练样本数(train_samples)=42, 序列长度(seq_len)=6
15:50:25 | DEBUG   |   [LSTM收敛] epoch=198, best_loss=0.019422
15:50:25 | DEBUG   |   [LSTM架构] SingleFeatureLSTM | hidden_size=6, num_layers=2, dropout=0.25, ReduceLROnPlateau | CNN/池化层: 无(本模型不使用卷积/池化)
15:50:25 | DEBUG   |   [训练配置] optimizer=Adam, lr=0.002, weight_decay=0.0001, epochs=1000, patience=60, loss=MSELoss, batch_size=full_batch(全批次), device=cpu | 训练样本数(train_samples)=42, 序列长度(seq_len)=6
15:50:25 | DEBUG   |   [LSTM收敛] epoch=65, best_loss=0.056995
15:50:25 | DEBUG   |   [LSTM架构] SingleFeatureLSTM | hidden_size=6, num_layers=2, dropout=0.25, ReduceLROnPlateau | CNN/池化层: 无(本模型不使用卷积/池化)
15:50:25 | DEBUG   |   [训练配置] optimizer=Adam, lr=0.002, weight_decay=0.0001, epochs=1000, patience=60, loss=MSELoss, batch_size=full_batch(全批次), device=cpu | 训练样本数(train_samples)=42, 序列长度(seq_len)=6
15:50:26 | DEBUG   |   [LSTM收敛] epoch=170, best_loss=0.030877
15:50:26 | DEBUG   |   [LSTM架构] SingleFeatureLSTM | hidden_size=6, num_layers=2, dropout=0.25, ReduceLROnPlateau | CNN/池化层: 无(本模型不使用卷积/池化)
15:50:26 | DEBUG   |   [训练配置] optimizer=Adam, lr=0.002, weight_decay=0.0001, epochs=1000, patience=60, loss=MSELoss, batch_size=full_batch(全批次), device=cpu | 训练样本数(train_samples)=42, 序列长度(seq_len)=6
15:50:27 | DEBUG   |   [LSTM收敛] epoch=148, best_loss=0.017390
15:50:27 | DEBUG   |   [LSTM架构] SingleFeatureLSTM | hidden_size=6, num_layers=2, dropout=0.25, ReduceLROnPlateau | CNN/池化层: 无(本模型不使用卷积/池化)
15:50:27 | DEBUG   |   [训练配置] optimizer=Adam, lr=0.002, weight_decay=0.0001, epochs=1000, patience=60, loss=MSELoss, batch_size=full_batch(全批次), device=cpu | 训练样本数(train_samples)=42, 序列长度(seq_len)=6
15:50:27 | DEBUG   |   [LSTM收敛] epoch=149, best_loss=0.004902
15:50:27 | INFO    |         MSE=143.8669 RMSE=11.9945 MAE=10.3734 R^2=-0.0051
15:50:27 | INFO    |   [7/8] 模型五: VMD-SVR...
15:50:27 | DEBUG   |   [VMD优化] 最优K=5 (搜索范围[3, 4, 5, 6, 7], 频率分离阈值=1.5)
15:50:27 | INFO    |   [VMD-SVR] VMD最优K=5
15:50:27 | INFO    |   [VMD-SVR] IMF筛选: 5→5个 (保留[0, 1, 2, 3, 4])
15:50:27 | INFO    |   [SVR超参数] kernel=rbf, C=[0.1, 1, 10, 100], gamma=['scale', 'auto', 0.01, 0.1], epsilon=[0.01, 0.05, 0.1, 0.2] | GridSearchCV(cv=3, scoring=neg_mse) | 输入特征数(input_features)=13 (5个IMF+4因子)
15:50:27 | INFO    |   [SVR最优参数] C=100, gamma=0.01, epsilon=0.05
15:50:27 | INFO    |         MSE=400.6960 RMSE=20.0174 MAE=17.0986 R^2=-1.7994
15:50:28 | INFO    |   [图表] 特征重要性(cable) → outputs/figures\feature_importance_cable.png
15:50:28 | INFO    | 
15:50:28 | INFO    | [2/8] 处理 柱上变压器台成套设备 (transformer)...
15:50:28 | INFO    |   Top-4 影响因子: ['load_growth', 'investment', 'history_demand', 'equipment_cost']
15:50:28 | INFO    |   [特征工程] 原始4因子 + lag1/lag2 + month_sin/cos = 8维特征
15:50:28 | DEBUG   |   训练集: 48月, 测试集: 12月
15:50:28 | INFO    |   [3/8] 模型一: CatBoost...
15:50:28 | INFO    |   [CatBoost基线] iterations=1000, lr=0.03, depth=4, l2=5, RMSE, 仅4原始因子(无特征工程)
15:50:28 | INFO    |         MSE=47.3401 RMSE=6.8804 MAE=5.9292 R^2=0.0891
15:50:28 | INFO    |   [4/8] 模型二: VMD-CatBoost...
15:50:28 | DEBUG   |   [VMD优化] 最优K=4 (搜索范围[3, 4, 5, 6, 7], 频率分离阈值=1.5)
15:50:28 | INFO    |   [VMD-CatBoost] VMD最优K=4
15:50:28 | INFO    |   [VMD-CatBoost] IMF筛选: 4→4个 (保留[0, 1, 2, 3])
15:50:30 | INFO    |         MSE=53.2768 RMSE=7.2991 MAE=6.6507 R^2=-0.0251
15:50:34 | INFO    |   [图表] VMD分解图(transformer) → outputs/figures\vmd_decomposition_transformer.png
15:50:34 | INFO    |   [5/8] 模型三: VMD-LSTM-CatBoost...
15:50:34 | DEBUG   |   [VMD优化] 最优K=4 (搜索范围[3, 4, 5, 6, 7], 频率分离阈值=1.5)
15:50:34 | INFO    |   [VMD-LSTM-CatBoost] VMD最优K=4
15:50:34 | INFO    |   [VMD-LSTM-CatBoost] IMF筛选: 4→4个 | 残差=IMF1(新idx=0), 模态=['IMF2', 'IMF3', 'IMF4']
15:50:34 | INFO    |   [LSTM架构] MultiFeatureLSTM | input_size=5, hidden_size=6, num_layers=2, dropout=0.25, ReduceLROnPlateau | CNN/池化层: 无(本模型不使用卷积/池化)
15:50:34 | INFO    |   [训练配置] optimizer=Adam, lr=0.002, weight_decay=0.0001, epochs=1000, patience=60, loss=MSELoss, batch_size=full_batch(全批次), device=cpu | 训练样本数(train_samples)=42, 序列长度(seq_len)=6
15:50:34 | DEBUG   |   [LSTM收敛] epoch=144, best_loss=0.012946
15:50:34 | DEBUG   |   [LSTM架构] SingleFeatureLSTM | hidden_size=6, num_layers=2, dropout=0.25, ReduceLROnPlateau | CNN/池化层: 无(本模型不使用卷积/池化)
15:50:34 | DEBUG   |   [训练配置] optimizer=Adam, lr=0.002, weight_decay=0.0001, epochs=1000, patience=60, loss=MSELoss, batch_size=full_batch(全批次), device=cpu | 训练样本数(train_samples)=42, 序列长度(seq_len)=6
15:50:35 | DEBUG   |   [LSTM收敛] epoch=104, best_loss=0.058587
15:50:35 | DEBUG   |   [LSTM架构] SingleFeatureLSTM | hidden_size=6, num_layers=2, dropout=0.25, ReduceLROnPlateau | CNN/池化层: 无(本模型不使用卷积/池化)
15:50:35 | DEBUG   |   [训练配置] optimizer=Adam, lr=0.002, weight_decay=0.0001, epochs=1000, patience=60, loss=MSELoss, batch_size=full_batch(全批次), device=cpu | 训练样本数(train_samples)=42, 序列长度(seq_len)=6
15:50:35 | DEBUG   |   [LSTM收敛] epoch=102, best_loss=0.006542
15:50:35 | DEBUG   |   [LSTM架构] SingleFeatureLSTM | hidden_size=6, num_layers=2, dropout=0.25, ReduceLROnPlateau | CNN/池化层: 无(本模型不使用卷积/池化)
15:50:35 | DEBUG   |   [训练配置] optimizer=Adam, lr=0.002, weight_decay=0.0001, epochs=1000, patience=60, loss=MSELoss, batch_size=full_batch(全批次), device=cpu | 训练样本数(train_samples)=42, 序列长度(seq_len)=6
15:50:35 | DEBUG   |   [LSTM收敛] epoch=98, best_loss=0.003775
15:50:37 | INFO    |         MSE=18.0686 RMSE=4.2507 MAE=3.6380 R^2=0.6523
15:50:37 | INFO    |   [6/8] 模型四: VMD-LSTM(直接求和)...
15:50:37 | DEBUG   |   [VMD优化] 最优K=4 (搜索范围[3, 4, 5, 6, 7], 频率分离阈值=1.5)
15:50:37 | INFO    |   [VMD-LSTM直接求和] VMD最优K=4 → 1×MultiFeatureLSTM(hidden=8,do=0.25) + N×SingleFeatureLSTM(hidden=6,do=0.25) → 直接求和 | 序列长度(seq_len)=6, 输入特征数(input_features)=4(top-4因子)
15:50:37 | INFO    |   [VMD-LSTM直接求和] IMF筛选: 4→4个 | 残差=IMF1(新idx=0), 模态=['IMF2', 'IMF3', 'IMF4']
15:50:37 | INFO    |   [LSTM架构] MultiFeatureLSTM | input_size=5, hidden_size=6, num_layers=2, dropout=0.25, ReduceLROnPlateau | CNN/池化层: 无(本模型不使用卷积/池化)
15:50:37 | INFO    |   [训练配置] optimizer=Adam, lr=0.002, weight_decay=0.0001, epochs=1000, patience=60, loss=MSELoss, batch_size=full_batch(全批次), device=cpu | 训练样本数(train_samples)=42, 序列长度(seq_len)=6
15:50:38 | DEBUG   |   [LSTM收敛] epoch=163, best_loss=0.005221
15:50:38 | DEBUG   |   [LSTM架构] SingleFeatureLSTM | hidden_size=6, num_layers=2, dropout=0.25, ReduceLROnPlateau | CNN/池化层: 无(本模型不使用卷积/池化)
15:50:38 | DEBUG   |   [训练配置] optimizer=Adam, lr=0.002, weight_decay=0.0001, epochs=1000, patience=60, loss=MSELoss, batch_size=full_batch(全批次), device=cpu | 训练样本数(train_samples)=42, 序列长度(seq_len)=6
15:50:38 | DEBUG   |   [LSTM收敛] epoch=127, best_loss=0.052786
15:50:38 | DEBUG   |   [LSTM架构] SingleFeatureLSTM | hidden_size=6, num_layers=2, dropout=0.25, ReduceLROnPlateau | CNN/池化层: 无(本模型不使用卷积/池化)
15:50:38 | DEBUG   |   [训练配置] optimizer=Adam, lr=0.002, weight_decay=0.0001, epochs=1000, patience=60, loss=MSELoss, batch_size=full_batch(全批次), device=cpu | 训练样本数(train_samples)=42, 序列长度(seq_len)=6
15:50:38 | DEBUG   |   [LSTM收敛] epoch=90, best_loss=0.006330
15:50:38 | DEBUG   |   [LSTM架构] SingleFeatureLSTM | hidden_size=6, num_layers=2, dropout=0.25, ReduceLROnPlateau | CNN/池化层: 无(本模型不使用卷积/池化)
15:50:38 | DEBUG   |   [训练配置] optimizer=Adam, lr=0.002, weight_decay=0.0001, epochs=1000, patience=60, loss=MSELoss, batch_size=full_batch(全批次), device=cpu | 训练样本数(train_samples)=42, 序列长度(seq_len)=6
15:50:39 | DEBUG   |   [LSTM收敛] epoch=81, best_loss=0.003592
15:50:39 | INFO    |         MSE=59.9573 RMSE=7.7432 MAE=7.4867 R^2=-0.1536
15:50:39 | INFO    |   [7/8] 模型五: VMD-SVR...
15:50:39 | DEBUG   |   [VMD优化] 最优K=4 (搜索范围[3, 4, 5, 6, 7], 频率分离阈值=1.5)
15:50:39 | INFO    |   [VMD-SVR] VMD最优K=4
15:50:39 | INFO    |   [VMD-SVR] IMF筛选: 4→4个 (保留[0, 1, 2, 3])
15:50:39 | INFO    |   [SVR超参数] kernel=rbf, C=[0.1, 1, 10, 100], gamma=['scale', 'auto', 0.01, 0.1], epsilon=[0.01, 0.05, 0.1, 0.2] | GridSearchCV(cv=3, scoring=neg_mse) | 输入特征数(input_features)=12 (4个IMF+4因子)
15:50:39 | INFO    |   [SVR最优参数] C=100, gamma=0.01, epsilon=0.01
15:50:39 | INFO    |         MSE=160.6321 RMSE=12.6741 MAE=10.8266 R^2=-2.0907
15:50:40 | INFO    |   [图表] 特征重要性(transformer) → outputs/figures\feature_importance_transformer.png
15:50:40 | INFO    | 
15:50:40 | INFO    | [2/8] 处理 10kv交流避雷器 (arrester)...
15:50:40 | INFO    |   Top-4 影响因子: ['lightning_count', 'typhoon_count', 'rainstorm_count', 'load_growth']
15:50:40 | INFO    |   [特征工程] 原始4因子 + lag1/lag2 + month_sin/cos = 8维特征
15:50:40 | DEBUG   |   训练集: 48月, 测试集: 12月
15:50:40 | INFO    |   [3/8] 模型一: CatBoost...
15:50:40 | INFO    |   [CatBoost基线] iterations=1000, lr=0.03, depth=4, l2=5, RMSE, 仅4原始因子(无特征工程)
15:50:40 | INFO    |         MSE=895.6466 RMSE=29.9274 MAE=20.2120 R^2=0.5572
15:50:40 | INFO    |   [4/8] 模型二: VMD-CatBoost...
15:50:40 | DEBUG   |   [VMD优化] 最优K=3 (搜索范围[3, 4, 5, 6, 7], 频率分离阈值=1.5)
15:50:40 | INFO    |   [VMD-CatBoost] VMD最优K=3
15:50:40 | DEBUG   |   [IMF筛选] 剔除IMF[0] (相关度<0.1), 保留IMF[1, 2]
15:50:40 | INFO    |   [VMD-CatBoost] IMF筛选: 3→2个 (保留[1, 2])
15:50:41 | INFO    |         MSE=1262.6508 RMSE=35.5338 MAE=30.8548 R^2=0.3758
15:50:47 | INFO    |   [图表] VMD分解图(arrester) → outputs/figures\vmd_decomposition_arrester.png
15:50:47 | INFO    |   [5/8] 模型三: VMD-LSTM-CatBoost...
15:50:47 | DEBUG   |   [VMD优化] 最优K=3 (搜索范围[3, 4, 5, 6, 7], 频率分离阈值=1.5)
15:50:47 | INFO    |   [VMD-LSTM-CatBoost] VMD最优K=3
15:50:47 | DEBUG   |   [IMF筛选] 剔除IMF[0] (相关度<0.1), 保留IMF[1, 2]
15:50:47 | INFO    |   [VMD-LSTM-CatBoost] IMF筛选: 3→3个 | 残差=IMF1(新idx=0), 模态=['IMF2', 'IMF3']
15:50:47 | INFO    |   [LSTM架构] MultiFeatureLSTM | input_size=5, hidden_size=6, num_layers=2, dropout=0.25, ReduceLROnPlateau | CNN/池化层: 无(本模型不使用卷积/池化)
15:50:47 | INFO    |   [训练配置] optimizer=Adam, lr=0.002, weight_decay=0.0001, epochs=1000, patience=60, loss=MSELoss, batch_size=full_batch(全批次), device=cpu | 训练样本数(train_samples)=42, 序列长度(seq_len)=6
15:50:48 | DEBUG   |   [LSTM收敛] epoch=149, best_loss=0.012395
15:50:48 | DEBUG   |   [LSTM架构] SingleFeatureLSTM | hidden_size=6, num_layers=2, dropout=0.25, ReduceLROnPlateau | CNN/池化层: 无(本模型不使用卷积/池化)
15:50:48 | DEBUG   |   [训练配置] optimizer=Adam, lr=0.002, weight_decay=0.0001, epochs=1000, patience=60, loss=MSELoss, batch_size=full_batch(全批次), device=cpu | 训练样本数(train_samples)=42, 序列长度(seq_len)=6
15:50:48 | DEBUG   |   [LSTM收敛] epoch=121, best_loss=0.123395
15:50:48 | DEBUG   |   [LSTM架构] SingleFeatureLSTM | hidden_size=6, num_layers=2, dropout=0.25, ReduceLROnPlateau | CNN/池化层: 无(本模型不使用卷积/池化)
15:50:48 | DEBUG   |   [训练配置] optimizer=Adam, lr=0.002, weight_decay=0.0001, epochs=1000, patience=60, loss=MSELoss, batch_size=full_batch(全批次), device=cpu | 训练样本数(train_samples)=42, 序列长度(seq_len)=6
15:50:48 | DEBUG   |   [LSTM收敛] epoch=66, best_loss=0.003722
15:50:50 | INFO    |         MSE=371.8451 RMSE=19.2833 MAE=15.6237 R^2=0.8162
15:50:50 | INFO    |   [6/8] 模型四: VMD-LSTM(直接求和)...
15:50:50 | DEBUG   |   [VMD优化] 最优K=3 (搜索范围[3, 4, 5, 6, 7], 频率分离阈值=1.5)
15:50:50 | INFO    |   [VMD-LSTM直接求和] VMD最优K=3 → 1×MultiFeatureLSTM(hidden=8,do=0.25) + N×SingleFeatureLSTM(hidden=6,do=0.25) → 直接求和 | 序列长度(seq_len)=6, 输入特征数(input_features)=4(top-4因子)
15:50:50 | DEBUG   |   [IMF筛选] 剔除IMF[0] (相关度<0.1), 保留IMF[1, 2]
15:50:50 | INFO    |   [VMD-LSTM直接求和] IMF筛选: 3→3个 | 残差=IMF1(新idx=0), 模态=['IMF2', 'IMF3']
15:50:50 | INFO    |   [LSTM架构] MultiFeatureLSTM | input_size=5, hidden_size=6, num_layers=2, dropout=0.25, ReduceLROnPlateau | CNN/池化层: 无(本模型不使用卷积/池化)
15:50:50 | INFO    |   [训练配置] optimizer=Adam, lr=0.002, weight_decay=0.0001, epochs=1000, patience=60, loss=MSELoss, batch_size=full_batch(全批次), device=cpu | 训练样本数(train_samples)=42, 序列长度(seq_len)=6
15:50:51 | DEBUG   |   [LSTM收敛] epoch=213, best_loss=0.006848
15:50:51 | DEBUG   |   [LSTM架构] SingleFeatureLSTM | hidden_size=6, num_layers=2, dropout=0.25, ReduceLROnPlateau | CNN/池化层: 无(本模型不使用卷积/池化)
15:50:51 | DEBUG   |   [训练配置] optimizer=Adam, lr=0.002, weight_decay=0.0001, epochs=1000, patience=60, loss=MSELoss, batch_size=full_batch(全批次), device=cpu | 训练样本数(train_samples)=42, 序列长度(seq_len)=6
15:50:52 | DEBUG   |   [LSTM收敛] epoch=346, best_loss=0.010744
15:50:52 | DEBUG   |   [LSTM架构] SingleFeatureLSTM | hidden_size=6, num_layers=2, dropout=0.25, ReduceLROnPlateau | CNN/池化层: 无(本模型不使用卷积/池化)
15:50:52 | DEBUG   |   [训练配置] optimizer=Adam, lr=0.002, weight_decay=0.0001, epochs=1000, patience=60, loss=MSELoss, batch_size=full_batch(全批次), device=cpu | 训练样本数(train_samples)=42, 序列长度(seq_len)=6
15:50:52 | DEBUG   |   [LSTM收敛] epoch=133, best_loss=0.004643
15:50:52 | INFO    |         MSE=1334.9666 RMSE=36.5372 MAE=27.7497 R^2=0.3400
15:50:52 | INFO    |   [7/8] 模型五: VMD-SVR...
15:50:52 | DEBUG   |   [VMD优化] 最优K=3 (搜索范围[3, 4, 5, 6, 7], 频率分离阈值=1.5)
15:50:52 | INFO    |   [VMD-SVR] VMD最优K=3
15:50:52 | DEBUG   |   [IMF筛选] 剔除IMF[0] (相关度<0.1), 保留IMF[1, 2]
15:50:52 | INFO    |   [VMD-SVR] IMF筛选: 3→2个 (保留[1, 2])
15:50:52 | INFO    |   [SVR超参数] kernel=rbf, C=[0.1, 1, 10, 100], gamma=['scale', 'auto', 0.01, 0.1], epsilon=[0.01, 0.05, 0.1, 0.2] | GridSearchCV(cv=3, scoring=neg_mse) | 输入特征数(input_features)=10 (2个IMF+4因子)
15:50:53 | INFO    |   [SVR最优参数] C=100, gamma=auto, epsilon=0.1
15:50:53 | INFO    |         MSE=1564.7795 RMSE=39.5573 MAE=31.5499 R^2=0.2264
15:50:59 | INFO    |   [图表] 特征重要性(arrester) → outputs/figures\feature_importance_arrester.png
15:50:59 | INFO    | 
15:50:59 | INFO    | [8/8] 汇总评估与可视化...
15:50:59 | INFO    | 
15:50:59 | INFO    | ========================================================================================================================
15:50:59 | INFO    | 评估指标汇总表
15:50:59 | INFO    | ========================================================================================================================
15:50:59 | INFO    | 物资               模型                              MSE         RMSE          MAE          R^2
15:50:59 | INFO    | ------------------------------------------------------------------------------------------------------------------------
15:50:59 | INFO    | 10KV电缆           CatBoost                    94.7554       9.7342       8.1009       0.3380
15:50:59 | INFO    |                  VMD-CatBoost               146.6388      12.1095      10.9650      -0.0245
15:50:59 | INFO    |                  VMD-LSTM-CatBoost           55.5491       7.4531       5.4422       0.6119
15:50:59 | INFO    |                  VMD-LSTM                   143.8669      11.9945      10.3734      -0.0051
15:50:59 | INFO    |                  VMD-SVR                    400.6960      20.0174      17.0986      -1.7994
15:50:59 | INFO    | ------------------------------------------------------------------------------------------------------------------------
15:50:59 | INFO    | 柱上变压器台成套设备       CatBoost                    47.3401       6.8804       5.9292       0.0891
15:50:59 | INFO    |                  VMD-CatBoost                53.2768       7.2991       6.6507      -0.0251
15:50:59 | INFO    |                  VMD-LSTM-CatBoost           18.0686       4.2507       3.6380       0.6523
15:50:59 | INFO    |                  VMD-LSTM                    59.9573       7.7432       7.4867      -0.1536
15:50:59 | INFO    |                  VMD-SVR                    160.6321      12.6741      10.8266      -2.0907
15:50:59 | INFO    | ------------------------------------------------------------------------------------------------------------------------
15:50:59 | INFO    | 10kv交流避雷器        CatBoost                   895.6466      29.9274      20.2120       0.5572
15:50:59 | INFO    |                  VMD-CatBoost              1262.6508      35.5338      30.8548       0.3758
15:50:59 | INFO    |                  VMD-LSTM-CatBoost          371.8451      19.2833      15.6237       0.8162
15:50:59 | INFO    |                  VMD-LSTM                  1334.9666      36.5372      27.7497       0.3400
15:50:59 | INFO    |                  VMD-SVR                   1564.7795      39.5573      31.5499       0.2264
15:50:59 | INFO    | ------------------------------------------------------------------------------------------------------------------------
15:50:59 | INFO    | 
15:50:59 | INFO    |   [文件] 指标JSON → outputs/figures\metrics_summary.json
15:51:01 | INFO    |   [图表] 预测对比图(cable) → outputs/figures\prediction_comparison_cable.png
15:51:03 | INFO    |   [图表] 预测对比图(transformer) → outputs/figures\prediction_comparison_transformer.png
15:51:07 | INFO    |   [图表] 预测对比图(arrester) → outputs/figures\prediction_comparison_arrester.png
15:51:12 | INFO    |   [图表] 指标对比图 → outputs/figures\metrics_comparison.png
15:51:12 | INFO    | 
15:51:12 | INFO    | ======================================================================
15:51:12 | INFO    |   模型性能排序 (按R^2)
15:51:12 | INFO    | ======================================================================
15:51:12 | INFO    |   10KV电缆: [1st] VMD-LSTM-CatBoost (R^2=0.6119)  [2nd] CatBoost (R^2=0.3380)  [3rd] VMD-LSTM (R^2=-0.0051)
15:51:12 | INFO    |   柱上变压器台成套设备: [1st] VMD-LSTM-CatBoost (R^2=0.6523)  [2nd] CatBoost (R^2=0.0891)  [3rd] VMD-CatBoost (R^2=-0.0251)
15:51:12 | INFO    |   10kv交流避雷器: [1st] VMD-LSTM-CatBoost (R^2=0.8162)  [2nd] CatBoost (R^2=0.5572)  [3rd] VMD-CatBoost (R^2=0.3758)
15:51:12 | INFO    | 
15:51:12 | INFO    | 所有图表已保存至: C:\Users\lilacseeking\PycharmProjects\vmd-catboost\outputs\figures/
15:51:12 | INFO    | 日志文件: C:\Users\lilacseeking\PycharmProjects\vmd-catboost\outputs\logs\main_20260614_155008.log
15:51:12 | INFO    | 完成!
