16:52:44 | INFO    | ======================================================================
16:52:44 | INFO    |   配电网物资需求预测 —— VMD-CatBoost 模型对比实验
16:52:44 | INFO    |   物资: 10KV电缆 / 柱上变压器台成套设备 / 10kv交流避雷器
16:52:44 | INFO    |   模型: CatBoost / VMD-CatBoost / VMD-LSTM-CatBoost / VMD-LSTM / VMD-SVR
16:52:44 | INFO    | ======================================================================
16:52:44 | INFO    |   日志文件: outputs/logs\main_20260615_165244.log
16:52:44 | INFO    | [1/8] 加载数据...
16:52:44 | INFO    | 读取已有数据文件: inputs/data\data.xlsx
16:52:44 | INFO    |   Sheet[10KV电缆]: 60 条, demand范围=[0.00, 30.00]
16:52:44 | INFO    |   Sheet[柱上变压器台成套设备]: 60 条, demand范围=[0.00, 18.00]
16:52:44 | INFO    |   Sheet[10kv交流避雷器]: 60 条, demand范围=[0.00, 80.00]
16:52:53 | INFO    |   [图表] 需求量曲线 → outputs/figures\demand_curves_60m.png
16:52:53 | INFO    | 
16:52:53 | INFO    | [2/8] 处理 10KV电缆 (cable)...
16:52:53 | INFO    |   Top-4 影响因子: ['investment', 'history_demand', 'load_growth', 'equipment_cost']
16:52:53 | INFO    |   [特征工程] 原始4因子 + lag1/lag2 + month_sin/cos = 8维特征
16:52:53 | DEBUG   |   训练集: 48月, 测试集: 12月
16:52:53 | INFO    |   [3/8] 模型一: CatBoost...
16:52:53 | INFO    |   [CatBoost基线] iterations=1500, lr=0.02, depth=6, l2=3, RMSE, 全8维特征
16:52:54 | INFO    |         MSE=58.6607 RMSE=7.6590 MAE=5.7293 R^2=0.2695
16:52:54 | INFO    |   [4/8] 模型二: VMD-CatBoost...
16:52:54 | DEBUG   |   [VMD优化] 最优K=3 (搜索范围[3, 4, 5, 6, 7], 频率分离阈值=1.5)
16:52:54 | INFO    |   [VMD-CatBoost] VMD最优K=3
16:52:54 | INFO    |   [VMD-CatBoost] IMF筛选: 3→3个 (保留[0, 1, 2])
16:52:55 | INFO    |         MSE=52.9203 RMSE=7.2746 MAE=5.9659 R^2=0.3410
16:52:59 | INFO    |   [图表] VMD分解图(cable) → outputs/figures\vmd_decomposition_cable.png
16:52:59 | INFO    |   [5/8] 模型三: VMD-LSTM-CatBoost...
16:52:59 | DEBUG   |   [VMD优化] 最优K=3 (搜索范围[3, 4, 5, 6, 7], 频率分离阈值=1.5)
16:52:59 | INFO    |   [VMD-LSTM-CatBoost] VMD最优K=3
16:52:59 | INFO    |   [VMD-LSTM-CatBoost] IMF筛选: 3→3个 | 残差=IMF1(新idx=0), 模态=['IMF2', 'IMF3']
16:52:59 | INFO    |   [LSTM架构] MultiFeatureLSTM | input_size=5, hidden_size=6, num_layers=2, dropout=0.25, ReduceLROnPlateau | CNN/池化层: 无(本模型不使用卷积/池化)
16:52:59 | INFO    |   [训练配置] optimizer=Adam, lr=0.002, weight_decay=0.0001, epochs=1000, patience=60, loss=MSELoss, batch_size=full_batch(全批次), device=cpu | 训练样本数(train_samples)=42, 序列长度(seq_len)=6
16:53:01 | DEBUG   |   [LSTM收敛] epoch=214, best_loss=0.010570
16:53:01 | DEBUG   |   [LSTM架构] SingleFeatureLSTM | hidden_size=6, num_layers=2, dropout=0.25, ReduceLROnPlateau | CNN/池化层: 无(本模型不使用卷积/池化)
16:53:01 | DEBUG   |   [训练配置] optimizer=Adam, lr=0.002, weight_decay=0.0001, epochs=1000, patience=60, loss=MSELoss, batch_size=full_batch(全批次), device=cpu | 训练样本数(train_samples)=42, 序列长度(seq_len)=6
16:53:02 | DEBUG   |   [LSTM收敛] epoch=167, best_loss=0.010400
16:53:02 | DEBUG   |   [LSTM架构] SingleFeatureLSTM | hidden_size=6, num_layers=2, dropout=0.25, ReduceLROnPlateau | CNN/池化层: 无(本模型不使用卷积/池化)
16:53:02 | DEBUG   |   [训练配置] optimizer=Adam, lr=0.002, weight_decay=0.0001, epochs=1000, patience=60, loss=MSELoss, batch_size=full_batch(全批次), device=cpu | 训练样本数(train_samples)=42, 序列长度(seq_len)=6
16:53:03 | DEBUG   |   [LSTM收敛] epoch=205, best_loss=0.003044
16:53:04 | INFO    |         MSE=74.3856 RMSE=8.6247 MAE=6.8792 R^2=0.0737
16:53:04 | INFO    |   [6/8] 模型四: VMD-LSTM(直接求和)...
16:53:04 | DEBUG   |   [VMD优化] 最优K=3 (搜索范围[3, 4, 5, 6, 7], 频率分离阈值=1.5)
16:53:04 | INFO    |   [VMD-LSTM直接求和] VMD最优K=3 → 1×MultiFeatureLSTM(hidden=8,do=0.25) + N×SingleFeatureLSTM(hidden=6,do=0.25) → 直接求和 | 序列长度(seq_len)=6, 输入特征数(input_features)=4(top-4因子)
16:53:04 | INFO    |   [VMD-LSTM直接求和] IMF筛选: 3→3个 | 残差=IMF1(新idx=0), 模态=['IMF2', 'IMF3']
16:53:04 | INFO    |   [LSTM架构] MultiFeatureLSTM | input_size=5, hidden_size=6, num_layers=2, dropout=0.25, ReduceLROnPlateau | CNN/池化层: 无(本模型不使用卷积/池化)
16:53:04 | INFO    |   [训练配置] optimizer=Adam, lr=0.002, weight_decay=0.0001, epochs=1000, patience=60, loss=MSELoss, batch_size=full_batch(全批次), device=cpu | 训练样本数(train_samples)=42, 序列长度(seq_len)=6
16:53:05 | DEBUG   |   [LSTM收敛] epoch=203, best_loss=0.000990
16:53:05 | DEBUG   |   [LSTM架构] SingleFeatureLSTM | hidden_size=6, num_layers=2, dropout=0.25, ReduceLROnPlateau | CNN/池化层: 无(本模型不使用卷积/池化)
16:53:05 | DEBUG   |   [训练配置] optimizer=Adam, lr=0.002, weight_decay=0.0001, epochs=1000, patience=60, loss=MSELoss, batch_size=full_batch(全批次), device=cpu | 训练样本数(train_samples)=42, 序列长度(seq_len)=6
16:53:06 | DEBUG   |   [LSTM收敛] epoch=143, best_loss=0.009655
16:53:06 | DEBUG   |   [LSTM架构] SingleFeatureLSTM | hidden_size=6, num_layers=2, dropout=0.25, ReduceLROnPlateau | CNN/池化层: 无(本模型不使用卷积/池化)
16:53:06 | DEBUG   |   [训练配置] optimizer=Adam, lr=0.002, weight_decay=0.0001, epochs=1000, patience=60, loss=MSELoss, batch_size=full_batch(全批次), device=cpu | 训练样本数(train_samples)=42, 序列长度(seq_len)=6
16:53:06 | DEBUG   |   [LSTM收敛] epoch=84, best_loss=0.002906
16:53:06 | INFO    |         MSE=94.1374 RMSE=9.7024 MAE=8.1338 R^2=-0.1722
16:53:06 | INFO    |   [7/8] 模型五: VMD-SVR...
16:53:06 | DEBUG   |   [VMD优化] 最优K=3 (搜索范围[3, 4, 5, 6, 7], 频率分离阈值=1.5)
16:53:06 | INFO    |   [VMD-SVR] VMD最优K=3
16:53:06 | INFO    |   [VMD-SVR] IMF筛选: 3→3个 (保留[0, 1, 2])
16:53:06 | INFO    |   [SVR超参数] kernel=rbf, C=[0.1, 1, 10, 100], gamma=['scale', 'auto', 0.01, 0.1], epsilon=[0.01, 0.05, 0.1, 0.2] | GridSearchCV(cv=3, scoring=neg_mse) | 输入特征数(input_features)=11 (3个IMF+4因子)
16:53:06 | INFO    |   [SVR最优参数] C=100, gamma=0.01, epsilon=0.01
16:53:06 | INFO    |         MSE=69.1118 RMSE=8.3134 MAE=6.5432 R^2=0.1394
16:53:07 | INFO    |   [图表] 特征重要性(cable) → outputs/figures\feature_importance_cable.png
16:53:07 | INFO    | 
16:53:07 | INFO    | [2/8] 处理 柱上变压器台成套设备 (transformer)...
16:53:07 | INFO    |   Top-4 影响因子: ['load_growth', 'investment', 'history_demand', 'equipment_cost']
16:53:07 | INFO    |   [特征工程] 原始4因子 + lag1/lag2 + month_sin/cos = 8维特征
16:53:07 | DEBUG   |   训练集: 48月, 测试集: 12月
16:53:07 | INFO    |   [3/8] 模型一: CatBoost...
16:53:07 | INFO    |   [CatBoost基线] iterations=1500, lr=0.02, depth=6, l2=3, RMSE, 全8维特征
16:53:07 | INFO    |         MSE=56.9071 RMSE=7.5437 MAE=6.8103 R^2=-1.1060
16:53:07 | INFO    |   [4/8] 模型二: VMD-CatBoost...
16:53:07 | DEBUG   |   [VMD优化] 最优K=4 (搜索范围[3, 4, 5, 6, 7], 频率分离阈值=1.5)
16:53:07 | INFO    |   [VMD-CatBoost] VMD最优K=4
16:53:07 | INFO    |   [VMD-CatBoost] IMF筛选: 4→4个 (保留[0, 1, 2, 3])
16:53:08 | INFO    |         MSE=61.4385 RMSE=7.8383 MAE=6.9273 R^2=-1.2737
16:53:13 | INFO    |   [图表] VMD分解图(transformer) → outputs/figures\vmd_decomposition_transformer.png
16:53:13 | INFO    |   [5/8] 模型三: VMD-LSTM-CatBoost...
16:53:13 | DEBUG   |   [VMD优化] 最优K=4 (搜索范围[3, 4, 5, 6, 7], 频率分离阈值=1.5)
16:53:13 | INFO    |   [VMD-LSTM-CatBoost] VMD最优K=4
16:53:13 | INFO    |   [VMD-LSTM-CatBoost] IMF筛选: 4→4个 | 残差=IMF1(新idx=0), 模态=['IMF2', 'IMF3', 'IMF4']
16:53:13 | INFO    |   [LSTM架构] MultiFeatureLSTM | input_size=5, hidden_size=6, num_layers=2, dropout=0.25, ReduceLROnPlateau | CNN/池化层: 无(本模型不使用卷积/池化)
16:53:13 | INFO    |   [训练配置] optimizer=Adam, lr=0.002, weight_decay=0.0001, epochs=1000, patience=60, loss=MSELoss, batch_size=full_batch(全批次), device=cpu | 训练样本数(train_samples)=42, 序列长度(seq_len)=6
16:53:14 | DEBUG   |   [LSTM收敛] epoch=173, best_loss=0.001371
16:53:14 | DEBUG   |   [LSTM架构] SingleFeatureLSTM | hidden_size=6, num_layers=2, dropout=0.25, ReduceLROnPlateau | CNN/池化层: 无(本模型不使用卷积/池化)
16:53:14 | DEBUG   |   [训练配置] optimizer=Adam, lr=0.002, weight_decay=0.0001, epochs=1000, patience=60, loss=MSELoss, batch_size=full_batch(全批次), device=cpu | 训练样本数(train_samples)=42, 序列长度(seq_len)=6
16:53:14 | DEBUG   |   [LSTM收敛] epoch=100, best_loss=0.063297
16:53:14 | DEBUG   |   [LSTM架构] SingleFeatureLSTM | hidden_size=6, num_layers=2, dropout=0.25, ReduceLROnPlateau | CNN/池化层: 无(本模型不使用卷积/池化)
16:53:14 | DEBUG   |   [训练配置] optimizer=Adam, lr=0.002, weight_decay=0.0001, epochs=1000, patience=60, loss=MSELoss, batch_size=full_batch(全批次), device=cpu | 训练样本数(train_samples)=42, 序列长度(seq_len)=6
16:53:15 | DEBUG   |   [LSTM收敛] epoch=133, best_loss=0.006846
16:53:15 | DEBUG   |   [LSTM架构] SingleFeatureLSTM | hidden_size=6, num_layers=2, dropout=0.25, ReduceLROnPlateau | CNN/池化层: 无(本模型不使用卷积/池化)
16:53:15 | DEBUG   |   [训练配置] optimizer=Adam, lr=0.002, weight_decay=0.0001, epochs=1000, patience=60, loss=MSELoss, batch_size=full_batch(全批次), device=cpu | 训练样本数(train_samples)=42, 序列长度(seq_len)=6
16:53:16 | DEBUG   |   [LSTM收敛] epoch=133, best_loss=0.005421
16:53:17 | INFO    |         MSE=57.8051 RMSE=7.6030 MAE=6.6646 R^2=-1.1393
16:53:17 | INFO    |   [6/8] 模型四: VMD-LSTM(直接求和)...
16:53:17 | DEBUG   |   [VMD优化] 最优K=4 (搜索范围[3, 4, 5, 6, 7], 频率分离阈值=1.5)
16:53:17 | INFO    |   [VMD-LSTM直接求和] VMD最优K=4 → 1×MultiFeatureLSTM(hidden=8,do=0.25) + N×SingleFeatureLSTM(hidden=6,do=0.25) → 直接求和 | 序列长度(seq_len)=6, 输入特征数(input_features)=4(top-4因子)
16:53:17 | INFO    |   [VMD-LSTM直接求和] IMF筛选: 4→4个 | 残差=IMF1(新idx=0), 模态=['IMF2', 'IMF3', 'IMF4']
16:53:17 | INFO    |   [LSTM架构] MultiFeatureLSTM | input_size=5, hidden_size=6, num_layers=2, dropout=0.25, ReduceLROnPlateau | CNN/池化层: 无(本模型不使用卷积/池化)
16:53:17 | INFO    |   [训练配置] optimizer=Adam, lr=0.002, weight_decay=0.0001, epochs=1000, patience=60, loss=MSELoss, batch_size=full_batch(全批次), device=cpu | 训练样本数(train_samples)=42, 序列长度(seq_len)=6
16:53:18 | DEBUG   |   [LSTM收敛] epoch=168, best_loss=0.002948
16:53:18 | DEBUG   |   [LSTM架构] SingleFeatureLSTM | hidden_size=6, num_layers=2, dropout=0.25, ReduceLROnPlateau | CNN/池化层: 无(本模型不使用卷积/池化)
16:53:18 | DEBUG   |   [训练配置] optimizer=Adam, lr=0.002, weight_decay=0.0001, epochs=1000, patience=60, loss=MSELoss, batch_size=full_batch(全批次), device=cpu | 训练样本数(train_samples)=42, 序列长度(seq_len)=6
16:53:20 | DEBUG   |   [LSTM收敛] epoch=233, best_loss=0.030931
16:53:20 | DEBUG   |   [LSTM架构] SingleFeatureLSTM | hidden_size=6, num_layers=2, dropout=0.25, ReduceLROnPlateau | CNN/池化层: 无(本模型不使用卷积/池化)
16:53:20 | DEBUG   |   [训练配置] optimizer=Adam, lr=0.002, weight_decay=0.0001, epochs=1000, patience=60, loss=MSELoss, batch_size=full_batch(全批次), device=cpu | 训练样本数(train_samples)=42, 序列长度(seq_len)=6
16:53:20 | DEBUG   |   [LSTM收敛] epoch=113, best_loss=0.006972
16:53:20 | DEBUG   |   [LSTM架构] SingleFeatureLSTM | hidden_size=6, num_layers=2, dropout=0.25, ReduceLROnPlateau | CNN/池化层: 无(本模型不使用卷积/池化)
16:53:20 | DEBUG   |   [训练配置] optimizer=Adam, lr=0.002, weight_decay=0.0001, epochs=1000, patience=60, loss=MSELoss, batch_size=full_batch(全批次), device=cpu | 训练样本数(train_samples)=42, 序列长度(seq_len)=6
16:53:21 | DEBUG   |   [LSTM收敛] epoch=118, best_loss=0.005153
16:53:21 | INFO    |         MSE=27.2263 RMSE=5.2179 MAE=4.6263 R^2=-0.0076
16:53:21 | INFO    |   [7/8] 模型五: VMD-SVR...
16:53:21 | DEBUG   |   [VMD优化] 最优K=4 (搜索范围[3, 4, 5, 6, 7], 频率分离阈值=1.5)
16:53:21 | INFO    |   [VMD-SVR] VMD最优K=4
16:53:21 | INFO    |   [VMD-SVR] IMF筛选: 4→4个 (保留[0, 1, 2, 3])
16:53:21 | INFO    |   [SVR超参数] kernel=rbf, C=[0.1, 1, 10, 100], gamma=['scale', 'auto', 0.01, 0.1], epsilon=[0.01, 0.05, 0.1, 0.2] | GridSearchCV(cv=3, scoring=neg_mse) | 输入特征数(input_features)=12 (4个IMF+4因子)
16:53:22 | INFO    |   [SVR最优参数] C=100, gamma=0.01, epsilon=0.01
16:53:22 | INFO    |         MSE=162.3790 RMSE=12.7428 MAE=11.7445 R^2=-5.0094
16:53:22 | INFO    |   [图表] 特征重要性(transformer) → outputs/figures\feature_importance_transformer.png
16:53:22 | INFO    | 
16:53:22 | INFO    | [2/8] 处理 10kv交流避雷器 (arrester)...
16:53:22 | INFO    |   Top-4 影响因子: ['lightning_count', 'typhoon_count', 'rainstorm_count', 'load_growth']
16:53:22 | INFO    |   [特征工程] 原始4因子 + lag1/lag2 + month_sin/cos = 8维特征
16:53:22 | DEBUG   |   训练集: 48月, 测试集: 12月
16:53:22 | INFO    |   [3/8] 模型一: CatBoost...
16:53:22 | INFO    |   [CatBoost基线] iterations=1500, lr=0.02, depth=6, l2=3, RMSE, 全8维特征
16:53:23 | INFO    |         MSE=230.2776 RMSE=15.1749 MAE=10.5659 R^2=0.3740
16:53:23 | INFO    |   [4/8] 模型二: VMD-CatBoost...
16:53:23 | DEBUG   |   [VMD优化] 最优K=3 (搜索范围[3, 4, 5, 6, 7], 频率分离阈值=1.5)
16:53:23 | INFO    |   [VMD-CatBoost] VMD最优K=3
16:53:23 | INFO    |   [VMD-CatBoost] IMF筛选: 3→3个 (保留[0, 1, 2])
16:53:23 | INFO    |         MSE=297.7084 RMSE=17.2542 MAE=11.3449 R^2=0.1907
16:53:29 | INFO    |   [图表] VMD分解图(arrester) → outputs/figures\vmd_decomposition_arrester.png
16:53:29 | INFO    |   [5/8] 模型三: VMD-LSTM-CatBoost...
16:53:29 | DEBUG   |   [VMD优化] 最优K=3 (搜索范围[3, 4, 5, 6, 7], 频率分离阈值=1.5)
16:53:29 | INFO    |   [VMD-LSTM-CatBoost] VMD最优K=3
16:53:29 | INFO    |   [VMD-LSTM-CatBoost] IMF筛选: 3→3个 | 残差=IMF1(新idx=0), 模态=['IMF2', 'IMF3']
16:53:29 | INFO    |   [LSTM架构] MultiFeatureLSTM | input_size=5, hidden_size=6, num_layers=2, dropout=0.25, ReduceLROnPlateau | CNN/池化层: 无(本模型不使用卷积/池化)
16:53:29 | INFO    |   [训练配置] optimizer=Adam, lr=0.002, weight_decay=0.0001, epochs=1000, patience=60, loss=MSELoss, batch_size=full_batch(全批次), device=cpu | 训练样本数(train_samples)=42, 序列长度(seq_len)=6
16:53:30 | DEBUG   |   [LSTM收敛] epoch=121, best_loss=0.005758
16:53:30 | DEBUG   |   [LSTM架构] SingleFeatureLSTM | hidden_size=6, num_layers=2, dropout=0.25, ReduceLROnPlateau | CNN/池化层: 无(本模型不使用卷积/池化)
16:53:30 | DEBUG   |   [训练配置] optimizer=Adam, lr=0.002, weight_decay=0.0001, epochs=1000, patience=60, loss=MSELoss, batch_size=full_batch(全批次), device=cpu | 训练样本数(train_samples)=42, 序列长度(seq_len)=6
16:53:30 | DEBUG   |   [LSTM收敛] epoch=116, best_loss=0.015804
16:53:30 | DEBUG   |   [LSTM架构] SingleFeatureLSTM | hidden_size=6, num_layers=2, dropout=0.25, ReduceLROnPlateau | CNN/池化层: 无(本模型不使用卷积/池化)
16:53:30 | DEBUG   |   [训练配置] optimizer=Adam, lr=0.002, weight_decay=0.0001, epochs=1000, patience=60, loss=MSELoss, batch_size=full_batch(全批次), device=cpu | 训练样本数(train_samples)=42, 序列长度(seq_len)=6
16:53:31 | DEBUG   |   [LSTM收敛] epoch=307, best_loss=0.006351
16:53:33 | INFO    |         MSE=223.5345 RMSE=14.9511 MAE=11.5054 R^2=0.3923
16:53:33 | INFO    |   [6/8] 模型四: VMD-LSTM(直接求和)...
16:53:33 | DEBUG   |   [VMD优化] 最优K=3 (搜索范围[3, 4, 5, 6, 7], 频率分离阈值=1.5)
16:53:33 | INFO    |   [VMD-LSTM直接求和] VMD最优K=3 → 1×MultiFeatureLSTM(hidden=8,do=0.25) + N×SingleFeatureLSTM(hidden=6,do=0.25) → 直接求和 | 序列长度(seq_len)=6, 输入特征数(input_features)=4(top-4因子)
16:53:33 | INFO    |   [VMD-LSTM直接求和] IMF筛选: 3→3个 | 残差=IMF1(新idx=0), 模态=['IMF2', 'IMF3']
16:53:33 | INFO    |   [LSTM架构] MultiFeatureLSTM | input_size=5, hidden_size=6, num_layers=2, dropout=0.25, ReduceLROnPlateau | CNN/池化层: 无(本模型不使用卷积/池化)
16:53:33 | INFO    |   [训练配置] optimizer=Adam, lr=0.002, weight_decay=0.0001, epochs=1000, patience=60, loss=MSELoss, batch_size=full_batch(全批次), device=cpu | 训练样本数(train_samples)=42, 序列长度(seq_len)=6
16:53:34 | DEBUG   |   [LSTM收敛] epoch=150, best_loss=0.005399
16:53:34 | DEBUG   |   [LSTM架构] SingleFeatureLSTM | hidden_size=6, num_layers=2, dropout=0.25, ReduceLROnPlateau | CNN/池化层: 无(本模型不使用卷积/池化)
16:53:34 | DEBUG   |   [训练配置] optimizer=Adam, lr=0.002, weight_decay=0.0001, epochs=1000, patience=60, loss=MSELoss, batch_size=full_batch(全批次), device=cpu | 训练样本数(train_samples)=42, 序列长度(seq_len)=6
16:53:34 | DEBUG   |   [LSTM收敛] epoch=180, best_loss=0.014713
16:53:34 | DEBUG   |   [LSTM架构] SingleFeatureLSTM | hidden_size=6, num_layers=2, dropout=0.25, ReduceLROnPlateau | CNN/池化层: 无(本模型不使用卷积/池化)
16:53:34 | DEBUG   |   [训练配置] optimizer=Adam, lr=0.002, weight_decay=0.0001, epochs=1000, patience=60, loss=MSELoss, batch_size=full_batch(全批次), device=cpu | 训练样本数(train_samples)=42, 序列长度(seq_len)=6
16:53:35 | DEBUG   |   [LSTM收敛] epoch=192, best_loss=0.009678
16:53:35 | INFO    |         MSE=389.1272 RMSE=19.7263 MAE=13.3615 R^2=-0.0578
16:53:35 | INFO    |   [7/8] 模型五: VMD-SVR...
16:53:35 | DEBUG   |   [VMD优化] 最优K=3 (搜索范围[3, 4, 5, 6, 7], 频率分离阈值=1.5)
16:53:35 | INFO    |   [VMD-SVR] VMD最优K=3
16:53:35 | INFO    |   [VMD-SVR] IMF筛选: 3→3个 (保留[0, 1, 2])
16:53:35 | INFO    |   [SVR超参数] kernel=rbf, C=[0.1, 1, 10, 100], gamma=['scale', 'auto', 0.01, 0.1], epsilon=[0.01, 0.05, 0.1, 0.2] | GridSearchCV(cv=3, scoring=neg_mse) | 输入特征数(input_features)=11 (3个IMF+4因子)
16:53:35 | INFO    |   [SVR最优参数] C=100, gamma=auto, epsilon=0.1
16:53:35 | INFO    |         MSE=529.1588 RMSE=23.0035 MAE=17.5329 R^2=-0.4385
16:53:42 | INFO    |   [图表] 特征重要性(arrester) → outputs/figures\feature_importance_arrester.png
16:53:42 | INFO    | 
16:53:42 | INFO    | [8/8] 汇总评估与可视化...
16:53:42 | INFO    | 
16:53:42 | INFO    | ========================================================================================================================
16:53:42 | INFO    | 评估指标汇总表
16:53:42 | INFO    | ========================================================================================================================
16:53:42 | INFO    | 物资               模型                              MSE         RMSE          MAE          R^2
16:53:42 | INFO    | ------------------------------------------------------------------------------------------------------------------------
16:53:42 | INFO    | 10KV电缆           CatBoost                    58.6607       7.6590       5.7293       0.2695
16:53:42 | INFO    |                  VMD-CatBoost                52.9203       7.2746       5.9659       0.3410
16:53:42 | INFO    |                  VMD-LSTM-CatBoost           74.3856       8.6247       6.8792       0.0737
16:53:42 | INFO    |                  VMD-LSTM                    94.1374       9.7024       8.1338      -0.1722
16:53:42 | INFO    |                  VMD-SVR                     69.1118       8.3134       6.5432       0.1394
16:53:42 | INFO    | ------------------------------------------------------------------------------------------------------------------------
16:53:42 | INFO    | 柱上变压器台成套设备       CatBoost                    56.9071       7.5437       6.8103      -1.1060
16:53:42 | INFO    |                  VMD-CatBoost                61.4385       7.8383       6.9273      -1.2737
16:53:42 | INFO    |                  VMD-LSTM-CatBoost           57.8051       7.6030       6.6646      -1.1393
16:53:42 | INFO    |                  VMD-LSTM                    27.2263       5.2179       4.6263      -0.0076
16:53:42 | INFO    |                  VMD-SVR                    162.3790      12.7428      11.7445      -5.0094
16:53:42 | INFO    | ------------------------------------------------------------------------------------------------------------------------
16:53:42 | INFO    | 10kv交流避雷器        CatBoost                   230.2776      15.1749      10.5659       0.3740
16:53:42 | INFO    |                  VMD-CatBoost               297.7084      17.2542      11.3449       0.1907
16:53:42 | INFO    |                  VMD-LSTM-CatBoost          223.5345      14.9511      11.5054       0.3923
16:53:42 | INFO    |                  VMD-LSTM                   389.1272      19.7263      13.3615      -0.0578
16:53:42 | INFO    |                  VMD-SVR                    529.1588      23.0035      17.5329      -0.4385
16:53:42 | INFO    | ------------------------------------------------------------------------------------------------------------------------
16:53:42 | INFO    | 
16:53:42 | INFO    |   [文件] 指标JSON → outputs/figures\metrics_summary.json
16:53:44 | INFO    |   [图表] 预测对比图(cable) → outputs/figures\prediction_comparison_cable.png
16:53:46 | INFO    |   [图表] 预测对比图(transformer) → outputs/figures\prediction_comparison_transformer.png
16:53:50 | INFO    |   [图表] 预测对比图(arrester) → outputs/figures\prediction_comparison_arrester.png
16:53:55 | INFO    |   [图表] 指标对比图 → outputs/figures\metrics_comparison.png
16:53:55 | INFO    | 
16:53:55 | INFO    | ======================================================================
16:53:55 | INFO    |   模型性能排序 (按R^2)
16:53:55 | INFO    | ======================================================================
16:53:55 | INFO    |   10KV电缆: [1st] VMD-CatBoost (R^2=0.3410)  [2nd] CatBoost (R^2=0.2695)  [3rd] VMD-SVR (R^2=0.1394)
16:53:55 | INFO    |   柱上变压器台成套设备: [1st] VMD-LSTM (R^2=-0.0076)  [2nd] CatBoost (R^2=-1.1060)  [3rd] VMD-LSTM-CatBoost (R^2=-1.1393)
16:53:55 | INFO    |   10kv交流避雷器: [1st] VMD-LSTM-CatBoost (R^2=0.3923)  [2nd] CatBoost (R^2=0.3740)  [3rd] VMD-CatBoost (R^2=0.1907)
16:53:55 | INFO    | 
16:53:55 | INFO    | 所有图表已保存至: C:\Users\lilacseeking\PycharmProjects\vmd-catboost\outputs\figures/
16:53:55 | INFO    | 日志文件: C:\Users\lilacseeking\PycharmProjects\vmd-catboost\outputs\logs\main_20260615_165244.log
16:53:55 | INFO    | 完成!
