16:20:42 | INFO    | ======================================================================
16:20:42 | INFO    |   配电网物资需求预测 —— VMD-CatBoost 模型对比实验
16:20:42 | INFO    |   物资: 10KV电缆 / 柱上变压器台成套设备 / 10kv交流避雷器
16:20:42 | INFO    |   模型: CatBoost / VMD-CatBoost / VMD-LSTM-CatBoost / VMD-LSTM / VMD-SVR
16:20:42 | INFO    | ======================================================================
16:20:42 | INFO    |   日志文件: outputs/logs\main_20260614_162042.log
16:20:42 | INFO    | [1/8] 加载数据...
16:20:42 | INFO    | 数据文件不存在，根据数据生成要求生成模拟数据...
16:20:42 | INFO    |   生成 Sheet[10KV电缆]: 60 条, demand范围=[0.00, 30.00]
16:20:42 | INFO    |   生成 Sheet[柱上变压器台成套设备]: 60 条, demand范围=[0.00, 18.00]
16:20:42 | INFO    |   生成 Sheet[10kv交流避雷器]: 60 条, demand范围=[0.00, 103.00]
16:20:42 | INFO    | 数据已保存至: C:\Users\lilacseeking\PycharmProjects\vmd-catboost\inputs\data\data.xlsx
16:20:42 | INFO    | 
16:20:42 | INFO    | [2/8] 处理 10KV电缆 (cable)...
16:20:42 | INFO    |   Top-4 影响因子: ['investment', 'history_demand', 'load_growth', 'equipment_cost']
16:20:42 | INFO    |   [特征工程] 原始4因子 + lag1/lag2 + month_sin/cos = 8维特征
16:20:42 | DEBUG   |   训练集: 48月, 测试集: 12月
16:20:42 | INFO    |   [3/8] 模型一: CatBoost...
16:20:42 | INFO    |   [CatBoost基线] iterations=1000, lr=0.03, depth=4, l2=5, RMSE, 仅4原始因子(无特征工程)
16:20:43 | INFO    |         MSE=110.2517 RMSE=10.5001 MAE=7.8221 R^2=0.2302
16:20:43 | INFO    |   [4/8] 模型二: VMD-CatBoost...
16:20:43 | DEBUG   |   [VMD优化] 最优K=5 (搜索范围[3, 4, 5, 6, 7, 8], 频率分离阈值=1.3)
16:20:43 | INFO    |   [VMD-CatBoost] VMD最优K=5
16:20:43 | INFO    |   [VMD-CatBoost] IMF筛选: 5→5个 (保留[0, 1, 2, 3, 4])
16:20:44 | INFO    |         MSE=123.5569 RMSE=11.1156 MAE=10.0210 R^2=0.1373
16:20:52 | INFO    |   [图表] VMD分解图(cable) → outputs/figures\vmd_decomposition_cable.png
16:20:52 | INFO    |   [5/8] 模型三: VMD-LSTM-CatBoost...
16:20:52 | DEBUG   |   [VMD优化] 最优K=5 (搜索范围[3, 4, 5, 6, 7, 8], 频率分离阈值=1.3)
16:20:52 | INFO    |   [VMD-LSTM-CatBoost] VMD最优K=5
16:20:52 | INFO    |   [VMD-LSTM-CatBoost] IMF筛选: 5→5个 | 残差=IMF1(新idx=0), 模态=['IMF2', 'IMF3', 'IMF4', 'IMF5']
16:20:52 | INFO    |   [LSTM架构] MultiFeatureLSTM | input_size=5, hidden_size=8, num_layers=2, dropout=0.25, ReduceLROnPlateau | CNN/池化层: 无(本模型不使用卷积/池化)
16:20:52 | INFO    |   [训练配置] optimizer=Adam, lr=0.002, weight_decay=0.0001, epochs=1500, patience=60, loss=MSELoss, batch_size=full_batch(全批次), device=cpu | 训练样本数(train_samples)=42, 序列长度(seq_len)=6
16:20:54 | DEBUG   |   [LSTM收敛] epoch=95, best_loss=0.021259
16:20:54 | DEBUG   |   [LSTM架构] SingleFeatureLSTM | hidden_size=6, num_layers=2, dropout=0.25, ReduceLROnPlateau | CNN/池化层: 无(本模型不使用卷积/池化)
16:20:54 | DEBUG   |   [训练配置] optimizer=Adam, lr=0.002, weight_decay=0.0001, epochs=1500, patience=60, loss=MSELoss, batch_size=full_batch(全批次), device=cpu | 训练样本数(train_samples)=42, 序列长度(seq_len)=6
16:20:55 | DEBUG   |   [LSTM收敛] epoch=88, best_loss=0.069019
16:20:55 | DEBUG   |   [LSTM架构] SingleFeatureLSTM | hidden_size=6, num_layers=2, dropout=0.25, ReduceLROnPlateau | CNN/池化层: 无(本模型不使用卷积/池化)
16:20:55 | DEBUG   |   [训练配置] optimizer=Adam, lr=0.002, weight_decay=0.0001, epochs=1500, patience=60, loss=MSELoss, batch_size=full_batch(全批次), device=cpu | 训练样本数(train_samples)=42, 序列长度(seq_len)=6
16:20:55 | DEBUG   |   [LSTM收敛] epoch=113, best_loss=0.029175
16:20:55 | DEBUG   |   [LSTM架构] SingleFeatureLSTM | hidden_size=6, num_layers=2, dropout=0.25, ReduceLROnPlateau | CNN/池化层: 无(本模型不使用卷积/池化)
16:20:55 | DEBUG   |   [训练配置] optimizer=Adam, lr=0.002, weight_decay=0.0001, epochs=1500, patience=60, loss=MSELoss, batch_size=full_batch(全批次), device=cpu | 训练样本数(train_samples)=42, 序列长度(seq_len)=6
16:20:57 | DEBUG   |   [LSTM收敛] epoch=249, best_loss=0.006855
16:20:57 | DEBUG   |   [LSTM架构] SingleFeatureLSTM | hidden_size=6, num_layers=2, dropout=0.25, ReduceLROnPlateau | CNN/池化层: 无(本模型不使用卷积/池化)
16:20:57 | DEBUG   |   [训练配置] optimizer=Adam, lr=0.002, weight_decay=0.0001, epochs=1500, patience=60, loss=MSELoss, batch_size=full_batch(全批次), device=cpu | 训练样本数(train_samples)=42, 序列长度(seq_len)=6
16:20:57 | DEBUG   |   [LSTM收敛] epoch=100, best_loss=0.002644
16:20:59 | INFO    |         MSE=46.2706 RMSE=6.8022 MAE=5.3776 R^2=0.6769
16:20:59 | INFO    |   [6/8] 模型四: VMD-LSTM(直接求和)...
16:20:59 | DEBUG   |   [VMD优化] 最优K=5 (搜索范围[3, 4, 5, 6, 7, 8], 频率分离阈值=1.3)
16:20:59 | INFO    |   [VMD-LSTM直接求和] VMD最优K=5 → 1×MultiFeatureLSTM(hidden=8,do=0.25) + N×SingleFeatureLSTM(hidden=6,do=0.25) → 直接求和 | 序列长度(seq_len)=6, 输入特征数(input_features)=4(top-4因子)
16:20:59 | INFO    |   [VMD-LSTM直接求和] IMF筛选: 5→5个 | 残差=IMF1(新idx=0), 模态=['IMF2', 'IMF3', 'IMF4', 'IMF5']
16:20:59 | INFO    |   [LSTM架构] MultiFeatureLSTM | input_size=5, hidden_size=8, num_layers=2, dropout=0.25, ReduceLROnPlateau | CNN/池化层: 无(本模型不使用卷积/池化)
16:20:59 | INFO    |   [训练配置] optimizer=Adam, lr=0.002, weight_decay=0.0001, epochs=1500, patience=60, loss=MSELoss, batch_size=full_batch(全批次), device=cpu | 训练样本数(train_samples)=42, 序列长度(seq_len)=6
16:21:00 | DEBUG   |   [LSTM收敛] epoch=165, best_loss=0.004306
16:21:00 | DEBUG   |   [LSTM架构] SingleFeatureLSTM | hidden_size=6, num_layers=2, dropout=0.25, ReduceLROnPlateau | CNN/池化层: 无(本模型不使用卷积/池化)
16:21:00 | DEBUG   |   [训练配置] optimizer=Adam, lr=0.002, weight_decay=0.0001, epochs=1500, patience=60, loss=MSELoss, batch_size=full_batch(全批次), device=cpu | 训练样本数(train_samples)=42, 序列长度(seq_len)=6
16:21:01 | DEBUG   |   [LSTM收敛] epoch=112, best_loss=0.070808
16:21:01 | DEBUG   |   [LSTM架构] SingleFeatureLSTM | hidden_size=6, num_layers=2, dropout=0.25, ReduceLROnPlateau | CNN/池化层: 无(本模型不使用卷积/池化)
16:21:01 | DEBUG   |   [训练配置] optimizer=Adam, lr=0.002, weight_decay=0.0001, epochs=1500, patience=60, loss=MSELoss, batch_size=full_batch(全批次), device=cpu | 训练样本数(train_samples)=42, 序列长度(seq_len)=6
16:21:01 | DEBUG   |   [LSTM收敛] epoch=113, best_loss=0.029981
16:21:01 | DEBUG   |   [LSTM架构] SingleFeatureLSTM | hidden_size=6, num_layers=2, dropout=0.25, ReduceLROnPlateau | CNN/池化层: 无(本模型不使用卷积/池化)
16:21:01 | DEBUG   |   [训练配置] optimizer=Adam, lr=0.002, weight_decay=0.0001, epochs=1500, patience=60, loss=MSELoss, batch_size=full_batch(全批次), device=cpu | 训练样本数(train_samples)=42, 序列长度(seq_len)=6
16:21:02 | DEBUG   |   [LSTM收敛] epoch=124, best_loss=0.005898
16:21:02 | DEBUG   |   [LSTM架构] SingleFeatureLSTM | hidden_size=6, num_layers=2, dropout=0.25, ReduceLROnPlateau | CNN/池化层: 无(本模型不使用卷积/池化)
16:21:02 | DEBUG   |   [训练配置] optimizer=Adam, lr=0.002, weight_decay=0.0001, epochs=1500, patience=60, loss=MSELoss, batch_size=full_batch(全批次), device=cpu | 训练样本数(train_samples)=42, 序列长度(seq_len)=6
16:21:03 | DEBUG   |   [LSTM收敛] epoch=136, best_loss=0.003455
16:21:03 | INFO    |         MSE=149.2447 RMSE=12.2166 MAE=11.3563 R^2=-0.0421
16:21:03 | INFO    |   [7/8] 模型五: VMD-SVR...
16:21:03 | DEBUG   |   [VMD优化] 最优K=5 (搜索范围[3, 4, 5, 6, 7, 8], 频率分离阈值=1.3)
16:21:03 | INFO    |   [VMD-SVR] VMD最优K=5
16:21:03 | INFO    |   [VMD-SVR] IMF筛选: 5→5个 (保留[0, 1, 2, 3, 4])
16:21:03 | INFO    |   [SVR超参数] kernel=rbf, C=[0.1, 1, 10, 100], gamma=['scale', 'auto', 0.01, 0.1], epsilon=[0.01, 0.05, 0.1, 0.2] | GridSearchCV(cv=3, scoring=neg_mse) | 输入特征数(input_features)=13 (5个IMF+4因子)
16:21:03 | INFO    |   [SVR最优参数] C=100, gamma=auto, epsilon=0.05
16:21:03 | INFO    |         MSE=504.3129 RMSE=22.4569 MAE=19.6574 R^2=-2.5212
16:21:04 | INFO    |   [图表] 特征重要性(cable) → outputs/figures\feature_importance_cable.png
16:21:04 | INFO    | 
16:21:04 | INFO    | [2/8] 处理 柱上变压器台成套设备 (transformer)...
16:21:04 | INFO    |   Top-4 影响因子: ['load_growth', 'investment', 'history_demand', 'equipment_cost']
16:21:04 | INFO    |   [特征工程] 原始4因子 + lag1/lag2 + month_sin/cos = 8维特征
16:21:04 | DEBUG   |   训练集: 48月, 测试集: 12月
16:21:04 | INFO    |   [3/8] 模型一: CatBoost...
16:21:04 | INFO    |   [CatBoost基线] iterations=1000, lr=0.03, depth=4, l2=5, RMSE, 仅4原始因子(无特征工程)
16:21:04 | INFO    |         MSE=64.9836 RMSE=8.0612 MAE=7.0087 R^2=-0.1031
16:21:04 | INFO    |   [4/8] 模型二: VMD-CatBoost...
16:21:04 | DEBUG   |   [VMD优化] 最优K=4 (搜索范围[3, 4, 5, 6, 7, 8], 频率分离阈值=1.3)
16:21:04 | INFO    |   [VMD-CatBoost] VMD最优K=4
16:21:04 | INFO    |   [VMD-CatBoost] IMF筛选: 4→4个 (保留[0, 1, 2, 3])
16:21:04 | INFO    |         MSE=63.5046 RMSE=7.9690 MAE=7.4171 R^2=-0.0780
16:21:09 | INFO    |   [图表] VMD分解图(transformer) → outputs/figures\vmd_decomposition_transformer.png
16:21:09 | INFO    |   [5/8] 模型三: VMD-LSTM-CatBoost...
16:21:09 | DEBUG   |   [VMD优化] 最优K=4 (搜索范围[3, 4, 5, 6, 7, 8], 频率分离阈值=1.3)
16:21:09 | INFO    |   [VMD-LSTM-CatBoost] VMD最优K=4
16:21:09 | INFO    |   [VMD-LSTM-CatBoost] IMF筛选: 4→4个 | 残差=IMF1(新idx=0), 模态=['IMF2', 'IMF3', 'IMF4']
16:21:09 | INFO    |   [LSTM架构] MultiFeatureLSTM | input_size=5, hidden_size=8, num_layers=2, dropout=0.25, ReduceLROnPlateau | CNN/池化层: 无(本模型不使用卷积/池化)
16:21:09 | INFO    |   [训练配置] optimizer=Adam, lr=0.002, weight_decay=0.0001, epochs=1500, patience=60, loss=MSELoss, batch_size=full_batch(全批次), device=cpu | 训练样本数(train_samples)=42, 序列长度(seq_len)=6
16:21:10 | DEBUG   |   [LSTM收敛] epoch=250, best_loss=0.004456
16:21:10 | DEBUG   |   [LSTM架构] SingleFeatureLSTM | hidden_size=6, num_layers=2, dropout=0.25, ReduceLROnPlateau | CNN/池化层: 无(本模型不使用卷积/池化)
16:21:10 | DEBUG   |   [训练配置] optimizer=Adam, lr=0.002, weight_decay=0.0001, epochs=1500, patience=60, loss=MSELoss, batch_size=full_batch(全批次), device=cpu | 训练样本数(train_samples)=42, 序列长度(seq_len)=6
16:21:12 | DEBUG   |   [LSTM收敛] epoch=274, best_loss=0.054005
16:21:12 | DEBUG   |   [LSTM架构] SingleFeatureLSTM | hidden_size=6, num_layers=2, dropout=0.25, ReduceLROnPlateau | CNN/池化层: 无(本模型不使用卷积/池化)
16:21:12 | DEBUG   |   [训练配置] optimizer=Adam, lr=0.002, weight_decay=0.0001, epochs=1500, patience=60, loss=MSELoss, batch_size=full_batch(全批次), device=cpu | 训练样本数(train_samples)=42, 序列长度(seq_len)=6
16:21:13 | DEBUG   |   [LSTM收敛] epoch=181, best_loss=0.007172
16:21:13 | DEBUG   |   [LSTM架构] SingleFeatureLSTM | hidden_size=6, num_layers=2, dropout=0.25, ReduceLROnPlateau | CNN/池化层: 无(本模型不使用卷积/池化)
16:21:13 | DEBUG   |   [训练配置] optimizer=Adam, lr=0.002, weight_decay=0.0001, epochs=1500, patience=60, loss=MSELoss, batch_size=full_batch(全批次), device=cpu | 训练样本数(train_samples)=42, 序列长度(seq_len)=6
16:21:14 | DEBUG   |   [LSTM收敛] epoch=141, best_loss=0.005305
16:21:15 | INFO    |         MSE=26.4865 RMSE=5.1465 MAE=4.1637 R^2=0.5504
16:21:15 | INFO    |   [6/8] 模型四: VMD-LSTM(直接求和)...
16:21:15 | DEBUG   |   [VMD优化] 最优K=4 (搜索范围[3, 4, 5, 6, 7, 8], 频率分离阈值=1.3)
16:21:15 | INFO    |   [VMD-LSTM直接求和] VMD最优K=4 → 1×MultiFeatureLSTM(hidden=8,do=0.25) + N×SingleFeatureLSTM(hidden=6,do=0.25) → 直接求和 | 序列长度(seq_len)=6, 输入特征数(input_features)=4(top-4因子)
16:21:15 | INFO    |   [VMD-LSTM直接求和] IMF筛选: 4→4个 | 残差=IMF1(新idx=0), 模态=['IMF2', 'IMF3', 'IMF4']
16:21:15 | INFO    |   [LSTM架构] MultiFeatureLSTM | input_size=5, hidden_size=8, num_layers=2, dropout=0.25, ReduceLROnPlateau | CNN/池化层: 无(本模型不使用卷积/池化)
16:21:15 | INFO    |   [训练配置] optimizer=Adam, lr=0.002, weight_decay=0.0001, epochs=1500, patience=60, loss=MSELoss, batch_size=full_batch(全批次), device=cpu | 训练样本数(train_samples)=42, 序列长度(seq_len)=6
16:21:16 | DEBUG   |   [LSTM收敛] epoch=133, best_loss=0.005147
16:21:16 | DEBUG   |   [LSTM架构] SingleFeatureLSTM | hidden_size=6, num_layers=2, dropout=0.25, ReduceLROnPlateau | CNN/池化层: 无(本模型不使用卷积/池化)
16:21:16 | DEBUG   |   [训练配置] optimizer=Adam, lr=0.002, weight_decay=0.0001, epochs=1500, patience=60, loss=MSELoss, batch_size=full_batch(全批次), device=cpu | 训练样本数(train_samples)=42, 序列长度(seq_len)=6
16:21:18 | DEBUG   |   [LSTM收敛] epoch=291, best_loss=0.073261
16:21:18 | DEBUG   |   [LSTM架构] SingleFeatureLSTM | hidden_size=6, num_layers=2, dropout=0.25, ReduceLROnPlateau | CNN/池化层: 无(本模型不使用卷积/池化)
16:21:18 | DEBUG   |   [训练配置] optimizer=Adam, lr=0.002, weight_decay=0.0001, epochs=1500, patience=60, loss=MSELoss, batch_size=full_batch(全批次), device=cpu | 训练样本数(train_samples)=42, 序列长度(seq_len)=6
16:21:19 | DEBUG   |   [LSTM收敛] epoch=276, best_loss=0.004592
16:21:19 | DEBUG   |   [LSTM架构] SingleFeatureLSTM | hidden_size=6, num_layers=2, dropout=0.25, ReduceLROnPlateau | CNN/池化层: 无(本模型不使用卷积/池化)
16:21:19 | DEBUG   |   [训练配置] optimizer=Adam, lr=0.002, weight_decay=0.0001, epochs=1500, patience=60, loss=MSELoss, batch_size=full_batch(全批次), device=cpu | 训练样本数(train_samples)=42, 序列长度(seq_len)=6
16:21:20 | DEBUG   |   [LSTM收敛] epoch=115, best_loss=0.004502
16:21:20 | INFO    |         MSE=78.6173 RMSE=8.8666 MAE=8.7566 R^2=-0.3345
16:21:20 | INFO    |   [7/8] 模型五: VMD-SVR...
16:21:20 | DEBUG   |   [VMD优化] 最优K=4 (搜索范围[3, 4, 5, 6, 7, 8], 频率分离阈值=1.3)
16:21:20 | INFO    |   [VMD-SVR] VMD最优K=4
16:21:20 | INFO    |   [VMD-SVR] IMF筛选: 4→4个 (保留[0, 1, 2, 3])
16:21:20 | INFO    |   [SVR超参数] kernel=rbf, C=[0.1, 1, 10, 100], gamma=['scale', 'auto', 0.01, 0.1], epsilon=[0.01, 0.05, 0.1, 0.2] | GridSearchCV(cv=3, scoring=neg_mse) | 输入特征数(input_features)=12 (4个IMF+4因子)
16:21:20 | INFO    |   [SVR最优参数] C=100, gamma=auto, epsilon=0.1
16:21:20 | INFO    |         MSE=143.9654 RMSE=11.9986 MAE=10.4527 R^2=-1.4438
16:21:21 | INFO    |   [图表] 特征重要性(transformer) → outputs/figures\feature_importance_transformer.png
16:21:21 | INFO    | 
16:21:21 | INFO    | [2/8] 处理 10kv交流避雷器 (arrester)...
16:21:21 | INFO    |   Top-4 影响因子: ['lightning_count', 'typhoon_count', 'rainstorm_count', 'load_growth']
16:21:21 | INFO    |   [特征工程] 原始4因子 + lag1/lag2 + month_sin/cos = 8维特征
16:21:21 | DEBUG   |   训练集: 48月, 测试集: 12月
16:21:21 | INFO    |   [3/8] 模型一: CatBoost...
16:21:21 | INFO    |   [CatBoost基线] iterations=1000, lr=0.03, depth=4, l2=5, RMSE, 仅4原始因子(无特征工程)
16:21:21 | INFO    |         MSE=931.3223 RMSE=30.5176 MAE=20.9060 R^2=0.5290
16:21:21 | INFO    |   [4/8] 模型二: VMD-CatBoost...
16:21:21 | DEBUG   |   [VMD优化] 最优K=4 (搜索范围[3, 4, 5, 6, 7, 8], 频率分离阈值=1.3)
16:21:21 | INFO    |   [VMD-CatBoost] VMD最优K=4
16:21:21 | DEBUG   |   [IMF筛选] 剔除IMF[0] (相关度<0.1), 保留IMF[1, 2, 3]
16:21:21 | INFO    |   [VMD-CatBoost] IMF筛选: 4→3个 (保留[1, 2, 3])
16:21:22 | INFO    |         MSE=1078.9913 RMSE=32.8480 MAE=27.0642 R^2=0.4543
16:21:28 | INFO    |   [图表] VMD分解图(arrester) → outputs/figures\vmd_decomposition_arrester.png
16:21:28 | INFO    |   [5/8] 模型三: VMD-LSTM-CatBoost...
16:21:28 | DEBUG   |   [VMD优化] 最优K=4 (搜索范围[3, 4, 5, 6, 7, 8], 频率分离阈值=1.3)
16:21:28 | INFO    |   [VMD-LSTM-CatBoost] VMD最优K=4
16:21:28 | DEBUG   |   [IMF筛选] 剔除IMF[0] (相关度<0.1), 保留IMF[1, 2, 3]
16:21:28 | INFO    |   [VMD-LSTM-CatBoost] IMF筛选: 4→4个 | 残差=IMF1(新idx=0), 模态=['IMF2', 'IMF3', 'IMF4']
16:21:28 | INFO    |   [LSTM架构] MultiFeatureLSTM | input_size=5, hidden_size=8, num_layers=2, dropout=0.25, ReduceLROnPlateau | CNN/池化层: 无(本模型不使用卷积/池化)
16:21:28 | INFO    |   [训练配置] optimizer=Adam, lr=0.002, weight_decay=0.0001, epochs=1500, patience=60, loss=MSELoss, batch_size=full_batch(全批次), device=cpu | 训练样本数(train_samples)=42, 序列长度(seq_len)=6
16:21:29 | DEBUG   |   [LSTM收敛] epoch=141, best_loss=0.006256
16:21:29 | DEBUG   |   [LSTM架构] SingleFeatureLSTM | hidden_size=6, num_layers=2, dropout=0.25, ReduceLROnPlateau | CNN/池化层: 无(本模型不使用卷积/池化)
16:21:29 | DEBUG   |   [训练配置] optimizer=Adam, lr=0.002, weight_decay=0.0001, epochs=1500, patience=60, loss=MSELoss, batch_size=full_batch(全批次), device=cpu | 训练样本数(train_samples)=42, 序列长度(seq_len)=6
16:21:30 | DEBUG   |   [LSTM收敛] epoch=259, best_loss=0.130003
16:21:30 | DEBUG   |   [LSTM架构] SingleFeatureLSTM | hidden_size=6, num_layers=2, dropout=0.25, ReduceLROnPlateau | CNN/池化层: 无(本模型不使用卷积/池化)
16:21:30 | DEBUG   |   [训练配置] optimizer=Adam, lr=0.002, weight_decay=0.0001, epochs=1500, patience=60, loss=MSELoss, batch_size=full_batch(全批次), device=cpu | 训练样本数(train_samples)=42, 序列长度(seq_len)=6
16:21:31 | DEBUG   |   [LSTM收敛] epoch=142, best_loss=0.010249
16:21:31 | DEBUG   |   [LSTM架构] SingleFeatureLSTM | hidden_size=6, num_layers=2, dropout=0.25, ReduceLROnPlateau | CNN/池化层: 无(本模型不使用卷积/池化)
16:21:31 | DEBUG   |   [训练配置] optimizer=Adam, lr=0.002, weight_decay=0.0001, epochs=1500, patience=60, loss=MSELoss, batch_size=full_batch(全批次), device=cpu | 训练样本数(train_samples)=42, 序列长度(seq_len)=6
16:21:32 | DEBUG   |   [LSTM收敛] epoch=234, best_loss=0.005224
16:21:34 | INFO    |         MSE=313.4066 RMSE=17.7033 MAE=14.3007 R^2=0.8415
16:21:34 | INFO    |   [6/8] 模型四: VMD-LSTM(直接求和)...
16:21:34 | DEBUG   |   [VMD优化] 最优K=4 (搜索范围[3, 4, 5, 6, 7, 8], 频率分离阈值=1.3)
16:21:34 | INFO    |   [VMD-LSTM直接求和] VMD最优K=4 → 1×MultiFeatureLSTM(hidden=8,do=0.25) + N×SingleFeatureLSTM(hidden=6,do=0.25) → 直接求和 | 序列长度(seq_len)=6, 输入特征数(input_features)=4(top-4因子)
16:21:34 | DEBUG   |   [IMF筛选] 剔除IMF[0] (相关度<0.1), 保留IMF[1, 2, 3]
16:21:34 | INFO    |   [VMD-LSTM直接求和] IMF筛选: 4→4个 | 残差=IMF1(新idx=0), 模态=['IMF2', 'IMF3', 'IMF4']
16:21:34 | INFO    |   [LSTM架构] MultiFeatureLSTM | input_size=5, hidden_size=8, num_layers=2, dropout=0.25, ReduceLROnPlateau | CNN/池化层: 无(本模型不使用卷积/池化)
16:21:34 | INFO    |   [训练配置] optimizer=Adam, lr=0.002, weight_decay=0.0001, epochs=1500, patience=60, loss=MSELoss, batch_size=full_batch(全批次), device=cpu | 训练样本数(train_samples)=42, 序列长度(seq_len)=6
16:21:36 | DEBUG   |   [LSTM收敛] epoch=247, best_loss=0.000628
16:21:36 | DEBUG   |   [LSTM架构] SingleFeatureLSTM | hidden_size=6, num_layers=2, dropout=0.25, ReduceLROnPlateau | CNN/池化层: 无(本模型不使用卷积/池化)
16:21:36 | DEBUG   |   [训练配置] optimizer=Adam, lr=0.002, weight_decay=0.0001, epochs=1500, patience=60, loss=MSELoss, batch_size=full_batch(全批次), device=cpu | 训练样本数(train_samples)=42, 序列长度(seq_len)=6
16:21:37 | DEBUG   |   [LSTM收敛] epoch=205, best_loss=0.124293
16:21:37 | DEBUG   |   [LSTM架构] SingleFeatureLSTM | hidden_size=6, num_layers=2, dropout=0.25, ReduceLROnPlateau | CNN/池化层: 无(本模型不使用卷积/池化)
16:21:37 | DEBUG   |   [训练配置] optimizer=Adam, lr=0.002, weight_decay=0.0001, epochs=1500, patience=60, loss=MSELoss, batch_size=full_batch(全批次), device=cpu | 训练样本数(train_samples)=42, 序列长度(seq_len)=6
16:21:37 | DEBUG   |   [LSTM收敛] epoch=90, best_loss=0.009619
16:21:37 | DEBUG   |   [LSTM架构] SingleFeatureLSTM | hidden_size=6, num_layers=2, dropout=0.25, ReduceLROnPlateau | CNN/池化层: 无(本模型不使用卷积/池化)
16:21:37 | DEBUG   |   [训练配置] optimizer=Adam, lr=0.002, weight_decay=0.0001, epochs=1500, patience=60, loss=MSELoss, batch_size=full_batch(全批次), device=cpu | 训练样本数(train_samples)=42, 序列长度(seq_len)=6
16:21:38 | DEBUG   |   [LSTM收敛] epoch=152, best_loss=0.004441
16:21:38 | INFO    |         MSE=1991.0407 RMSE=44.6211 MAE=43.7191 R^2=-0.0070
16:21:38 | INFO    |   [7/8] 模型五: VMD-SVR...
16:21:38 | DEBUG   |   [VMD优化] 最优K=4 (搜索范围[3, 4, 5, 6, 7, 8], 频率分离阈值=1.3)
16:21:38 | INFO    |   [VMD-SVR] VMD最优K=4
16:21:38 | DEBUG   |   [IMF筛选] 剔除IMF[0] (相关度<0.1), 保留IMF[1, 2, 3]
16:21:38 | INFO    |   [VMD-SVR] IMF筛选: 4→3个 (保留[1, 2, 3])
16:21:38 | INFO    |   [SVR超参数] kernel=rbf, C=[0.1, 1, 10, 100], gamma=['scale', 'auto', 0.01, 0.1], epsilon=[0.01, 0.05, 0.1, 0.2] | GridSearchCV(cv=3, scoring=neg_mse) | 输入特征数(input_features)=11 (3个IMF+4因子)
16:21:39 | INFO    |   [SVR最优参数] C=100, gamma=auto, epsilon=0.01
16:21:39 | INFO    |         MSE=1272.4482 RMSE=35.6714 MAE=27.9484 R^2=0.3564
16:21:45 | INFO    |   [图表] 特征重要性(arrester) → outputs/figures\feature_importance_arrester.png
16:21:45 | INFO    | 
16:21:45 | INFO    | [8/8] 汇总评估与可视化...
16:21:45 | INFO    | 
16:21:45 | INFO    | ========================================================================================================================
16:21:45 | INFO    | 评估指标汇总表
16:21:45 | INFO    | ========================================================================================================================
16:21:45 | INFO    | 物资               模型                              MSE         RMSE          MAE          R^2
16:21:45 | INFO    | ------------------------------------------------------------------------------------------------------------------------
16:21:45 | INFO    | 10KV电缆           CatBoost                   110.2517      10.5001       7.8221       0.2302
16:21:45 | INFO    |                  VMD-CatBoost               123.5569      11.1156      10.0210       0.1373
16:21:45 | INFO    |                  VMD-LSTM-CatBoost           46.2706       6.8022       5.3776       0.6769
16:21:45 | INFO    |                  VMD-LSTM                   149.2447      12.2166      11.3563      -0.0421
16:21:45 | INFO    |                  VMD-SVR                    504.3129      22.4569      19.6574      -2.5212
16:21:45 | INFO    | ------------------------------------------------------------------------------------------------------------------------
16:21:45 | INFO    | 柱上变压器台成套设备       CatBoost                    64.9836       8.0612       7.0087      -0.1031
16:21:45 | INFO    |                  VMD-CatBoost                63.5046       7.9690       7.4171      -0.0780
16:21:45 | INFO    |                  VMD-LSTM-CatBoost           26.4865       5.1465       4.1637       0.5504
16:21:45 | INFO    |                  VMD-LSTM                    78.6173       8.8666       8.7566      -0.3345
16:21:45 | INFO    |                  VMD-SVR                    143.9654      11.9986      10.4527      -1.4438
16:21:45 | INFO    | ------------------------------------------------------------------------------------------------------------------------
16:21:45 | INFO    | 10kv交流避雷器        CatBoost                   931.3223      30.5176      20.9060       0.5290
16:21:45 | INFO    |                  VMD-CatBoost              1078.9913      32.8480      27.0642       0.4543
16:21:45 | INFO    |                  VMD-LSTM-CatBoost          313.4066      17.7033      14.3007       0.8415
16:21:45 | INFO    |                  VMD-LSTM                  1991.0407      44.6211      43.7191      -0.0070
16:21:45 | INFO    |                  VMD-SVR                   1272.4482      35.6714      27.9484       0.3564
16:21:45 | INFO    | ------------------------------------------------------------------------------------------------------------------------
16:21:45 | INFO    | 
16:21:45 | INFO    |   [文件] 指标JSON → outputs/figures\metrics_summary.json
16:21:48 | INFO    |   [图表] 预测对比图(cable) → outputs/figures\prediction_comparison_cable.png
16:21:50 | INFO    |   [图表] 预测对比图(transformer) → outputs/figures\prediction_comparison_transformer.png
16:21:54 | INFO    |   [图表] 预测对比图(arrester) → outputs/figures\prediction_comparison_arrester.png
16:21:59 | INFO    |   [图表] 指标对比图 → outputs/figures\metrics_comparison.png
16:21:59 | INFO    | 
16:21:59 | INFO    | ======================================================================
16:21:59 | INFO    |   模型性能排序 (按R^2)
16:21:59 | INFO    | ======================================================================
16:21:59 | INFO    |   10KV电缆: [1st] VMD-LSTM-CatBoost (R^2=0.6769)  [2nd] CatBoost (R^2=0.2302)  [3rd] VMD-CatBoost (R^2=0.1373)
16:21:59 | INFO    |   柱上变压器台成套设备: [1st] VMD-LSTM-CatBoost (R^2=0.5504)  [2nd] VMD-CatBoost (R^2=-0.0780)  [3rd] CatBoost (R^2=-0.1031)
16:21:59 | INFO    |   10kv交流避雷器: [1st] VMD-LSTM-CatBoost (R^2=0.8415)  [2nd] CatBoost (R^2=0.5290)  [3rd] VMD-CatBoost (R^2=0.4543)
16:21:59 | INFO    | 
16:21:59 | INFO    | 所有图表已保存至: C:\Users\lilacseeking\PycharmProjects\vmd-catboost\outputs\figures/
16:21:59 | INFO    | 日志文件: C:\Users\lilacseeking\PycharmProjects\vmd-catboost\outputs\logs\main_20260614_162042.log
16:21:59 | INFO    | 完成!
