16:24:01 | INFO    | ======================================================================
16:24:01 | INFO    |   配电网物资需求预测 —— VMD-CatBoost 模型对比实验
16:24:01 | INFO    |   物资: 10KV电缆 / 柱上变压器台成套设备 / 10kv交流避雷器
16:24:01 | INFO    |   模型: CatBoost / VMD-CatBoost / VMD-LSTM-CatBoost / VMD-LSTM / VMD-SVR
16:24:01 | INFO    | ======================================================================
16:24:01 | INFO    |   日志文件: outputs/logs\main_20260615_162401.log
16:24:01 | INFO    | [1/8] 加载数据...
16:24:01 | INFO    | 读取已有数据文件: inputs/data\data.xlsx
16:24:02 | INFO    |   Sheet[10KV电缆]: 60 条, demand范围=[0.00, 30.00]
16:24:02 | INFO    |   Sheet[柱上变压器台成套设备]: 60 条, demand范围=[0.00, 18.00]
16:24:02 | INFO    |   Sheet[10kv交流避雷器]: 60 条, demand范围=[0.00, 80.00]
16:24:11 | INFO    |   [图表] 需求量曲线 → outputs/figures\demand_curves_60m.png
16:24:11 | INFO    | 
16:24:11 | INFO    | [2/8] 处理 10KV电缆 (cable)...
16:24:11 | INFO    |   Top-4 影响因子: ['investment', 'history_demand', 'load_growth', 'equipment_cost']
16:24:11 | INFO    |   [特征工程] 原始4因子 + lag1/lag2 + month_sin/cos = 8维特征
16:24:11 | DEBUG   |   训练集: 48月, 测试集: 12月
16:24:11 | INFO    |   [3/8] 模型一: CatBoost...
16:24:11 | INFO    |   [CatBoost基线] iterations=1500, lr=0.02, depth=6, l2=3, RMSE, 全8维特征
16:24:12 | INFO    |         MSE=58.6607 RMSE=7.6590 MAE=5.7293 R^2=0.2695
16:24:12 | INFO    |   [4/8] 模型二: VMD-CatBoost...
16:24:12 | DEBUG   |   [VMD优化] 最优K=3 (搜索范围[2, 3, 4, 5, 6], 频率分离阈值=1.5)
16:24:12 | INFO    |   [VMD-CatBoost] VMD最优K=3
16:24:12 | INFO    |   [VMD-CatBoost] IMF筛选: 3→3个 (保留[0, 1, 2])
16:24:13 | INFO    |         MSE=52.9203 RMSE=7.2746 MAE=5.9659 R^2=0.3410
16:24:17 | INFO    |   [图表] VMD分解图(cable) → outputs/figures\vmd_decomposition_cable.png
16:24:17 | INFO    |   [5/8] 模型三: VMD-LSTM-CatBoost...
16:24:17 | DEBUG   |   [VMD优化] 最优K=3 (搜索范围[2, 3, 4, 5, 6], 频率分离阈值=1.5)
16:24:17 | INFO    |   [VMD-LSTM-CatBoost] VMD最优K=3
16:24:17 | INFO    |   [VMD-LSTM-CatBoost] IMF筛选: 3→3个 | 残差=IMF1(新idx=0), 模态=['IMF2', 'IMF3']
16:24:17 | INFO    |   [LSTM架构] MultiFeatureLSTM | input_size=5, hidden_size=6, num_layers=2, dropout=0.30, ReduceLROnPlateau | CNN/池化层: 无(本模型不使用卷积/池化)
16:24:17 | INFO    |   [训练配置] optimizer=Adam, lr=0.002, weight_decay=0.0001, epochs=1000, patience=60, loss=MSELoss, batch_size=full_batch(全批次), device=cpu | 训练样本数(train_samples)=42, 序列长度(seq_len)=6
16:24:20 | DEBUG   |   [LSTM收敛] epoch=180, best_loss=0.004106
16:24:20 | DEBUG   |   [LSTM架构] SingleFeatureLSTM | hidden_size=6, num_layers=2, dropout=0.30, ReduceLROnPlateau | CNN/池化层: 无(本模型不使用卷积/池化)
16:24:20 | DEBUG   |   [训练配置] optimizer=Adam, lr=0.002, weight_decay=0.0001, epochs=1000, patience=60, loss=MSELoss, batch_size=full_batch(全批次), device=cpu | 训练样本数(train_samples)=42, 序列长度(seq_len)=6
16:24:21 | DEBUG   |   [LSTM收敛] epoch=170, best_loss=0.012974
16:24:21 | DEBUG   |   [LSTM架构] SingleFeatureLSTM | hidden_size=6, num_layers=2, dropout=0.30, ReduceLROnPlateau | CNN/池化层: 无(本模型不使用卷积/池化)
16:24:21 | DEBUG   |   [训练配置] optimizer=Adam, lr=0.002, weight_decay=0.0001, epochs=1000, patience=60, loss=MSELoss, batch_size=full_batch(全批次), device=cpu | 训练样本数(train_samples)=42, 序列长度(seq_len)=6
16:24:21 | DEBUG   |   [LSTM收敛] epoch=189, best_loss=0.001811
16:24:23 | INFO    |         MSE=66.7748 RMSE=8.1716 MAE=6.2945 R^2=0.1685
16:24:23 | INFO    |   [6/8] 模型四: VMD-LSTM(直接求和)...
16:24:23 | DEBUG   |   [VMD优化] 最优K=3 (搜索范围[2, 3, 4, 5, 6], 频率分离阈值=1.5)
16:24:23 | INFO    |   [VMD-LSTM直接求和] VMD最优K=3 → 1×MultiFeatureLSTM(hidden=8,do=0.25) + N×SingleFeatureLSTM(hidden=6,do=0.25) → 直接求和 | 序列长度(seq_len)=6, 输入特征数(input_features)=4(top-4因子)
16:24:23 | INFO    |   [VMD-LSTM直接求和] IMF筛选: 3→3个 | 残差=IMF1(新idx=0), 模态=['IMF2', 'IMF3']
16:24:23 | INFO    |   [LSTM架构] MultiFeatureLSTM | input_size=5, hidden_size=6, num_layers=2, dropout=0.30, ReduceLROnPlateau | CNN/池化层: 无(本模型不使用卷积/池化)
16:24:23 | INFO    |   [训练配置] optimizer=Adam, lr=0.002, weight_decay=0.0001, epochs=1000, patience=60, loss=MSELoss, batch_size=full_batch(全批次), device=cpu | 训练样本数(train_samples)=42, 序列长度(seq_len)=6
16:24:24 | DEBUG   |   [LSTM收敛] epoch=159, best_loss=0.010147
16:24:24 | DEBUG   |   [LSTM架构] SingleFeatureLSTM | hidden_size=6, num_layers=2, dropout=0.30, ReduceLROnPlateau | CNN/池化层: 无(本模型不使用卷积/池化)
16:24:24 | DEBUG   |   [训练配置] optimizer=Adam, lr=0.002, weight_decay=0.0001, epochs=1000, patience=60, loss=MSELoss, batch_size=full_batch(全批次), device=cpu | 训练样本数(train_samples)=42, 序列长度(seq_len)=6
16:24:24 | DEBUG   |   [LSTM收敛] epoch=114, best_loss=0.008767
16:24:24 | DEBUG   |   [LSTM架构] SingleFeatureLSTM | hidden_size=6, num_layers=2, dropout=0.30, ReduceLROnPlateau | CNN/池化层: 无(本模型不使用卷积/池化)
16:24:24 | DEBUG   |   [训练配置] optimizer=Adam, lr=0.002, weight_decay=0.0001, epochs=1000, patience=60, loss=MSELoss, batch_size=full_batch(全批次), device=cpu | 训练样本数(train_samples)=42, 序列长度(seq_len)=6
16:24:25 | DEBUG   |   [LSTM收敛] epoch=218, best_loss=0.002947
16:24:25 | INFO    |         MSE=107.6063 RMSE=10.3733 MAE=8.6080 R^2=-0.3400
16:24:25 | INFO    |   [7/8] 模型五: VMD-SVR...
16:24:25 | DEBUG   |   [VMD优化] 最优K=3 (搜索范围[2, 3, 4, 5, 6], 频率分离阈值=1.5)
16:24:25 | INFO    |   [VMD-SVR] VMD最优K=3
16:24:25 | INFO    |   [VMD-SVR] IMF筛选: 3→3个 (保留[0, 1, 2])
16:24:25 | INFO    |   [SVR超参数] kernel=rbf, C=[0.1, 1, 10, 100], gamma=['scale', 'auto', 0.01, 0.1], epsilon=[0.01, 0.05, 0.1, 0.2] | GridSearchCV(cv=3, scoring=neg_mse) | 输入特征数(input_features)=11 (3个IMF+4因子)
16:24:25 | INFO    |   [SVR最优参数] C=100, gamma=0.01, epsilon=0.01
16:24:25 | INFO    |         MSE=69.1118 RMSE=8.3134 MAE=6.5432 R^2=0.1394
16:24:26 | INFO    |   [图表] 特征重要性(cable) → outputs/figures\feature_importance_cable.png
16:24:26 | INFO    | 
16:24:26 | INFO    | [2/8] 处理 柱上变压器台成套设备 (transformer)...
16:24:26 | INFO    |   Top-4 影响因子: ['load_growth', 'investment', 'history_demand', 'equipment_cost']
16:24:26 | INFO    |   [特征工程] 原始4因子 + lag1/lag2 + month_sin/cos = 8维特征
16:24:26 | DEBUG   |   训练集: 48月, 测试集: 12月
16:24:26 | INFO    |   [3/8] 模型一: CatBoost...
16:24:26 | INFO    |   [CatBoost基线] iterations=1500, lr=0.02, depth=6, l2=3, RMSE, 全8维特征
16:24:26 | INFO    |         MSE=56.9071 RMSE=7.5437 MAE=6.8103 R^2=-1.1060
16:24:26 | INFO    |   [4/8] 模型二: VMD-CatBoost...
16:24:26 | DEBUG   |   [VMD优化] 最优K=4 (搜索范围[2, 3, 4, 5, 6], 频率分离阈值=1.5)
16:24:26 | INFO    |   [VMD-CatBoost] VMD最优K=4
16:24:26 | INFO    |   [VMD-CatBoost] IMF筛选: 4→4个 (保留[0, 1, 2, 3])
16:24:27 | INFO    |         MSE=61.4385 RMSE=7.8383 MAE=6.9273 R^2=-1.2737
16:24:32 | INFO    |   [图表] VMD分解图(transformer) → outputs/figures\vmd_decomposition_transformer.png
16:24:32 | INFO    |   [5/8] 模型三: VMD-LSTM-CatBoost...
16:24:32 | DEBUG   |   [VMD优化] 最优K=4 (搜索范围[2, 3, 4, 5, 6], 频率分离阈值=1.5)
16:24:32 | INFO    |   [VMD-LSTM-CatBoost] VMD最优K=4
16:24:32 | INFO    |   [VMD-LSTM-CatBoost] IMF筛选: 4→4个 | 残差=IMF1(新idx=0), 模态=['IMF2', 'IMF3', 'IMF4']
16:24:32 | INFO    |   [LSTM架构] MultiFeatureLSTM | input_size=5, hidden_size=6, num_layers=2, dropout=0.30, ReduceLROnPlateau | CNN/池化层: 无(本模型不使用卷积/池化)
16:24:32 | INFO    |   [训练配置] optimizer=Adam, lr=0.002, weight_decay=0.0001, epochs=1000, patience=60, loss=MSELoss, batch_size=full_batch(全批次), device=cpu | 训练样本数(train_samples)=42, 序列长度(seq_len)=6
16:24:32 | DEBUG   |   [LSTM收敛] epoch=189, best_loss=0.013129
16:24:32 | DEBUG   |   [LSTM架构] SingleFeatureLSTM | hidden_size=6, num_layers=2, dropout=0.30, ReduceLROnPlateau | CNN/池化层: 无(本模型不使用卷积/池化)
16:24:32 | DEBUG   |   [训练配置] optimizer=Adam, lr=0.002, weight_decay=0.0001, epochs=1000, patience=60, loss=MSELoss, batch_size=full_batch(全批次), device=cpu | 训练样本数(train_samples)=42, 序列长度(seq_len)=6
16:24:33 | DEBUG   |   [LSTM收敛] epoch=135, best_loss=0.063366
16:24:33 | DEBUG   |   [LSTM架构] SingleFeatureLSTM | hidden_size=6, num_layers=2, dropout=0.30, ReduceLROnPlateau | CNN/池化层: 无(本模型不使用卷积/池化)
16:24:33 | DEBUG   |   [训练配置] optimizer=Adam, lr=0.002, weight_decay=0.0001, epochs=1000, patience=60, loss=MSELoss, batch_size=full_batch(全批次), device=cpu | 训练样本数(train_samples)=42, 序列长度(seq_len)=6
16:24:34 | DEBUG   |   [LSTM收敛] epoch=185, best_loss=0.008432
16:24:34 | DEBUG   |   [LSTM架构] SingleFeatureLSTM | hidden_size=6, num_layers=2, dropout=0.30, ReduceLROnPlateau | CNN/池化层: 无(本模型不使用卷积/池化)
16:24:34 | DEBUG   |   [训练配置] optimizer=Adam, lr=0.002, weight_decay=0.0001, epochs=1000, patience=60, loss=MSELoss, batch_size=full_batch(全批次), device=cpu | 训练样本数(train_samples)=42, 序列长度(seq_len)=6
16:24:34 | DEBUG   |   [LSTM收敛] epoch=154, best_loss=0.006609
16:24:36 | INFO    |         MSE=55.8792 RMSE=7.4752 MAE=6.3911 R^2=-1.0680
16:24:36 | INFO    |   [6/8] 模型四: VMD-LSTM(直接求和)...
16:24:36 | DEBUG   |   [VMD优化] 最优K=4 (搜索范围[2, 3, 4, 5, 6], 频率分离阈值=1.5)
16:24:36 | INFO    |   [VMD-LSTM直接求和] VMD最优K=4 → 1×MultiFeatureLSTM(hidden=8,do=0.25) + N×SingleFeatureLSTM(hidden=6,do=0.25) → 直接求和 | 序列长度(seq_len)=6, 输入特征数(input_features)=4(top-4因子)
16:24:36 | INFO    |   [VMD-LSTM直接求和] IMF筛选: 4→4个 | 残差=IMF1(新idx=0), 模态=['IMF2', 'IMF3', 'IMF4']
16:24:36 | INFO    |   [LSTM架构] MultiFeatureLSTM | input_size=5, hidden_size=6, num_layers=2, dropout=0.30, ReduceLROnPlateau | CNN/池化层: 无(本模型不使用卷积/池化)
16:24:36 | INFO    |   [训练配置] optimizer=Adam, lr=0.002, weight_decay=0.0001, epochs=1000, patience=60, loss=MSELoss, batch_size=full_batch(全批次), device=cpu | 训练样本数(train_samples)=42, 序列长度(seq_len)=6
16:24:37 | DEBUG   |   [LSTM收敛] epoch=190, best_loss=0.002550
16:24:37 | DEBUG   |   [LSTM架构] SingleFeatureLSTM | hidden_size=6, num_layers=2, dropout=0.30, ReduceLROnPlateau | CNN/池化层: 无(本模型不使用卷积/池化)
16:24:37 | DEBUG   |   [训练配置] optimizer=Adam, lr=0.002, weight_decay=0.0001, epochs=1000, patience=60, loss=MSELoss, batch_size=full_batch(全批次), device=cpu | 训练样本数(train_samples)=42, 序列长度(seq_len)=6
16:24:37 | DEBUG   |   [LSTM收敛] epoch=177, best_loss=0.057011
16:24:37 | DEBUG   |   [LSTM架构] SingleFeatureLSTM | hidden_size=6, num_layers=2, dropout=0.30, ReduceLROnPlateau | CNN/池化层: 无(本模型不使用卷积/池化)
16:24:37 | DEBUG   |   [训练配置] optimizer=Adam, lr=0.002, weight_decay=0.0001, epochs=1000, patience=60, loss=MSELoss, batch_size=full_batch(全批次), device=cpu | 训练样本数(train_samples)=42, 序列长度(seq_len)=6
16:24:38 | DEBUG   |   [LSTM收敛] epoch=209, best_loss=0.006478
16:24:38 | DEBUG   |   [LSTM架构] SingleFeatureLSTM | hidden_size=6, num_layers=2, dropout=0.30, ReduceLROnPlateau | CNN/池化层: 无(本模型不使用卷积/池化)
16:24:38 | DEBUG   |   [训练配置] optimizer=Adam, lr=0.002, weight_decay=0.0001, epochs=1000, patience=60, loss=MSELoss, batch_size=full_batch(全批次), device=cpu | 训练样本数(train_samples)=42, 序列长度(seq_len)=6
16:24:39 | DEBUG   |   [LSTM收敛] epoch=241, best_loss=0.004882
16:24:39 | INFO    |         MSE=43.0696 RMSE=6.5627 MAE=5.6242 R^2=-0.5939
16:24:39 | INFO    |   [7/8] 模型五: VMD-SVR...
16:24:39 | DEBUG   |   [VMD优化] 最优K=4 (搜索范围[2, 3, 4, 5, 6], 频率分离阈值=1.5)
16:24:39 | INFO    |   [VMD-SVR] VMD最优K=4
16:24:39 | INFO    |   [VMD-SVR] IMF筛选: 4→4个 (保留[0, 1, 2, 3])
16:24:39 | INFO    |   [SVR超参数] kernel=rbf, C=[0.1, 1, 10, 100], gamma=['scale', 'auto', 0.01, 0.1], epsilon=[0.01, 0.05, 0.1, 0.2] | GridSearchCV(cv=3, scoring=neg_mse) | 输入特征数(input_features)=12 (4个IMF+4因子)
16:24:39 | INFO    |   [SVR最优参数] C=100, gamma=0.01, epsilon=0.01
16:24:39 | INFO    |         MSE=162.3790 RMSE=12.7428 MAE=11.7445 R^2=-5.0094
16:24:40 | INFO    |   [图表] 特征重要性(transformer) → outputs/figures\feature_importance_transformer.png
16:24:40 | INFO    | 
16:24:40 | INFO    | [2/8] 处理 10kv交流避雷器 (arrester)...
16:24:40 | INFO    |   Top-4 影响因子: ['lightning_count', 'typhoon_count', 'rainstorm_count', 'load_growth']
16:24:40 | INFO    |   [特征工程] 原始4因子 + lag1/lag2 + month_sin/cos = 8维特征
16:24:40 | DEBUG   |   训练集: 48月, 测试集: 12月
16:24:40 | INFO    |   [3/8] 模型一: CatBoost...
16:24:40 | INFO    |   [CatBoost基线] iterations=1500, lr=0.02, depth=6, l2=3, RMSE, 全8维特征
16:24:40 | INFO    |         MSE=230.2776 RMSE=15.1749 MAE=10.5659 R^2=0.3740
16:24:40 | INFO    |   [4/8] 模型二: VMD-CatBoost...
16:24:40 | DEBUG   |   [VMD优化] 最优K=3 (搜索范围[2, 3, 4, 5, 6], 频率分离阈值=1.5)
16:24:40 | INFO    |   [VMD-CatBoost] VMD最优K=3
16:24:40 | INFO    |   [VMD-CatBoost] IMF筛选: 3→3个 (保留[0, 1, 2])
16:24:41 | INFO    |         MSE=297.7084 RMSE=17.2542 MAE=11.3449 R^2=0.1907
16:24:47 | INFO    |   [图表] VMD分解图(arrester) → outputs/figures\vmd_decomposition_arrester.png
16:24:47 | INFO    |   [5/8] 模型三: VMD-LSTM-CatBoost...
16:24:47 | DEBUG   |   [VMD优化] 最优K=3 (搜索范围[2, 3, 4, 5, 6], 频率分离阈值=1.5)
16:24:47 | INFO    |   [VMD-LSTM-CatBoost] VMD最优K=3
16:24:47 | INFO    |   [VMD-LSTM-CatBoost] IMF筛选: 3→3个 | 残差=IMF1(新idx=0), 模态=['IMF2', 'IMF3']
16:24:47 | INFO    |   [LSTM架构] MultiFeatureLSTM | input_size=5, hidden_size=6, num_layers=2, dropout=0.30, ReduceLROnPlateau | CNN/池化层: 无(本模型不使用卷积/池化)
16:24:47 | INFO    |   [训练配置] optimizer=Adam, lr=0.002, weight_decay=0.0001, epochs=1000, patience=60, loss=MSELoss, batch_size=full_batch(全批次), device=cpu | 训练样本数(train_samples)=42, 序列长度(seq_len)=6
16:24:48 | DEBUG   |   [LSTM收敛] epoch=318, best_loss=0.005471
16:24:48 | DEBUG   |   [LSTM架构] SingleFeatureLSTM | hidden_size=6, num_layers=2, dropout=0.30, ReduceLROnPlateau | CNN/池化层: 无(本模型不使用卷积/池化)
16:24:48 | DEBUG   |   [训练配置] optimizer=Adam, lr=0.002, weight_decay=0.0001, epochs=1000, patience=60, loss=MSELoss, batch_size=full_batch(全批次), device=cpu | 训练样本数(train_samples)=42, 序列长度(seq_len)=6
16:24:49 | DEBUG   |   [LSTM收敛] epoch=103, best_loss=0.014948
16:24:49 | DEBUG   |   [LSTM架构] SingleFeatureLSTM | hidden_size=6, num_layers=2, dropout=0.30, ReduceLROnPlateau | CNN/池化层: 无(本模型不使用卷积/池化)
16:24:49 | DEBUG   |   [训练配置] optimizer=Adam, lr=0.002, weight_decay=0.0001, epochs=1000, patience=60, loss=MSELoss, batch_size=full_batch(全批次), device=cpu | 训练样本数(train_samples)=42, 序列长度(seq_len)=6
16:24:49 | DEBUG   |   [LSTM收敛] epoch=202, best_loss=0.008445
16:24:51 | INFO    |         MSE=212.0779 RMSE=14.5629 MAE=9.8883 R^2=0.4235
16:24:51 | INFO    |   [6/8] 模型四: VMD-LSTM(直接求和)...
16:24:51 | DEBUG   |   [VMD优化] 最优K=3 (搜索范围[2, 3, 4, 5, 6], 频率分离阈值=1.5)
16:24:51 | INFO    |   [VMD-LSTM直接求和] VMD最优K=3 → 1×MultiFeatureLSTM(hidden=8,do=0.25) + N×SingleFeatureLSTM(hidden=6,do=0.25) → 直接求和 | 序列长度(seq_len)=6, 输入特征数(input_features)=4(top-4因子)
16:24:51 | INFO    |   [VMD-LSTM直接求和] IMF筛选: 3→3个 | 残差=IMF1(新idx=0), 模态=['IMF2', 'IMF3']
16:24:51 | INFO    |   [LSTM架构] MultiFeatureLSTM | input_size=5, hidden_size=6, num_layers=2, dropout=0.30, ReduceLROnPlateau | CNN/池化层: 无(本模型不使用卷积/池化)
16:24:51 | INFO    |   [训练配置] optimizer=Adam, lr=0.002, weight_decay=0.0001, epochs=1000, patience=60, loss=MSELoss, batch_size=full_batch(全批次), device=cpu | 训练样本数(train_samples)=42, 序列长度(seq_len)=6
16:24:52 | DEBUG   |   [LSTM收敛] epoch=272, best_loss=0.006216
16:24:52 | DEBUG   |   [LSTM架构] SingleFeatureLSTM | hidden_size=6, num_layers=2, dropout=0.30, ReduceLROnPlateau | CNN/池化层: 无(本模型不使用卷积/池化)
16:24:52 | DEBUG   |   [训练配置] optimizer=Adam, lr=0.002, weight_decay=0.0001, epochs=1000, patience=60, loss=MSELoss, batch_size=full_batch(全批次), device=cpu | 训练样本数(train_samples)=42, 序列长度(seq_len)=6
16:24:53 | DEBUG   |   [LSTM收敛] epoch=211, best_loss=0.022029
16:24:53 | DEBUG   |   [LSTM架构] SingleFeatureLSTM | hidden_size=6, num_layers=2, dropout=0.30, ReduceLROnPlateau | CNN/池化层: 无(本模型不使用卷积/池化)
16:24:53 | DEBUG   |   [训练配置] optimizer=Adam, lr=0.002, weight_decay=0.0001, epochs=1000, patience=60, loss=MSELoss, batch_size=full_batch(全批次), device=cpu | 训练样本数(train_samples)=42, 序列长度(seq_len)=6
16:24:54 | DEBUG   |   [LSTM收敛] epoch=213, best_loss=0.010809
16:24:54 | INFO    |         MSE=363.6279 RMSE=19.0690 MAE=13.8217 R^2=0.0115
16:24:54 | INFO    |   [7/8] 模型五: VMD-SVR...
16:24:54 | DEBUG   |   [VMD优化] 最优K=3 (搜索范围[2, 3, 4, 5, 6], 频率分离阈值=1.5)
16:24:54 | INFO    |   [VMD-SVR] VMD最优K=3
16:24:54 | INFO    |   [VMD-SVR] IMF筛选: 3→3个 (保留[0, 1, 2])
16:24:54 | INFO    |   [SVR超参数] kernel=rbf, C=[0.1, 1, 10, 100], gamma=['scale', 'auto', 0.01, 0.1], epsilon=[0.01, 0.05, 0.1, 0.2] | GridSearchCV(cv=3, scoring=neg_mse) | 输入特征数(input_features)=11 (3个IMF+4因子)
16:24:54 | INFO    |   [SVR最优参数] C=100, gamma=auto, epsilon=0.1
16:24:54 | INFO    |         MSE=529.1588 RMSE=23.0035 MAE=17.5329 R^2=-0.4385
16:25:01 | INFO    |   [图表] 特征重要性(arrester) → outputs/figures\feature_importance_arrester.png
16:25:01 | INFO    | 
16:25:01 | INFO    | [8/8] 汇总评估与可视化...
16:25:01 | INFO    | 
16:25:01 | INFO    | ========================================================================================================================
16:25:01 | INFO    | 评估指标汇总表
16:25:01 | INFO    | ========================================================================================================================
16:25:01 | INFO    | 物资               模型                              MSE         RMSE          MAE          R^2
16:25:01 | INFO    | ------------------------------------------------------------------------------------------------------------------------
16:25:01 | INFO    | 10KV电缆           CatBoost                    58.6607       7.6590       5.7293       0.2695
16:25:01 | INFO    |                  VMD-CatBoost                52.9203       7.2746       5.9659       0.3410
16:25:01 | INFO    |                  VMD-LSTM-CatBoost           66.7748       8.1716       6.2945       0.1685
16:25:01 | INFO    |                  VMD-LSTM                   107.6063      10.3733       8.6080      -0.3400
16:25:01 | INFO    |                  VMD-SVR                     69.1118       8.3134       6.5432       0.1394
16:25:01 | INFO    | ------------------------------------------------------------------------------------------------------------------------
16:25:01 | INFO    | 柱上变压器台成套设备       CatBoost                    56.9071       7.5437       6.8103      -1.1060
16:25:01 | INFO    |                  VMD-CatBoost                61.4385       7.8383       6.9273      -1.2737
16:25:01 | INFO    |                  VMD-LSTM-CatBoost           55.8792       7.4752       6.3911      -1.0680
16:25:01 | INFO    |                  VMD-LSTM                    43.0696       6.5627       5.6242      -0.5939
16:25:01 | INFO    |                  VMD-SVR                    162.3790      12.7428      11.7445      -5.0094
16:25:01 | INFO    | ------------------------------------------------------------------------------------------------------------------------
16:25:01 | INFO    | 10kv交流避雷器        CatBoost                   230.2776      15.1749      10.5659       0.3740
16:25:01 | INFO    |                  VMD-CatBoost               297.7084      17.2542      11.3449       0.1907
16:25:01 | INFO    |                  VMD-LSTM-CatBoost          212.0779      14.5629       9.8883       0.4235
16:25:01 | INFO    |                  VMD-LSTM                   363.6279      19.0690      13.8217       0.0115
16:25:01 | INFO    |                  VMD-SVR                    529.1588      23.0035      17.5329      -0.4385
16:25:01 | INFO    | ------------------------------------------------------------------------------------------------------------------------
16:25:01 | INFO    | 
16:25:01 | INFO    |   [文件] 指标JSON → outputs/figures\metrics_summary.json
16:25:03 | INFO    |   [图表] 预测对比图(cable) → outputs/figures\prediction_comparison_cable.png
16:25:05 | INFO    |   [图表] 预测对比图(transformer) → outputs/figures\prediction_comparison_transformer.png
16:25:09 | INFO    |   [图表] 预测对比图(arrester) → outputs/figures\prediction_comparison_arrester.png
16:25:14 | INFO    |   [图表] 指标对比图 → outputs/figures\metrics_comparison.png
16:25:14 | INFO    | 
16:25:14 | INFO    | ======================================================================
16:25:14 | INFO    |   模型性能排序 (按R^2)
16:25:14 | INFO    | ======================================================================
16:25:14 | INFO    |   10KV电缆: [1st] VMD-CatBoost (R^2=0.3410)  [2nd] CatBoost (R^2=0.2695)  [3rd] VMD-LSTM-CatBoost (R^2=0.1685)
16:25:14 | INFO    |   柱上变压器台成套设备: [1st] VMD-LSTM (R^2=-0.5939)  [2nd] VMD-LSTM-CatBoost (R^2=-1.0680)  [3rd] CatBoost (R^2=-1.1060)
16:25:14 | INFO    |   10kv交流避雷器: [1st] VMD-LSTM-CatBoost (R^2=0.4235)  [2nd] CatBoost (R^2=0.3740)  [3rd] VMD-CatBoost (R^2=0.1907)
16:25:14 | INFO    | 
16:25:14 | INFO    | 所有图表已保存至: C:\Users\lilacseeking\PycharmProjects\vmd-catboost\outputs\figures/
16:25:14 | INFO    | 日志文件: C:\Users\lilacseeking\PycharmProjects\vmd-catboost\outputs\logs\main_20260615_162401.log
16:25:14 | INFO    | 完成!
