21:30:55 | INFO    | ======================================================================
21:30:55 | INFO    |   配电网物资需求预测 —— VMD-CatBoost 模型对比实验
21:30:55 | INFO    |   物资: 10KV电缆 / 柱上变压器台成套设备 / 10kv交流避雷器
21:30:55 | INFO    |   模型: CatBoost / VMD-CatBoost / VMD-LSTM-CatBoost / VMD-LSTM / VMD-SVR
21:30:55 | INFO    | ======================================================================
21:30:55 | INFO    |   日志文件: outputs/logs\main_20260614_213055.log
21:30:55 | INFO    | [1/8] 加载数据...
21:30:55 | INFO    | 数据文件不存在，根据数据生成要求生成模拟数据...
21:30:55 | INFO    |   生成 Sheet[10KV电缆]: 60 条, demand范围=[0.00, 30.00]
21:30:55 | INFO    |   生成 Sheet[柱上变压器台成套设备]: 60 条, demand范围=[0.00, 18.00]
21:30:55 | INFO    |   生成 Sheet[10kv交流避雷器]: 60 条, demand范围=[0.00, 105.00]
21:30:55 | INFO    | 数据已保存至: C:\Users\lilacseeking\PycharmProjects\vmd-catboost\inputs\data\data.xlsx
21:30:55 | INFO    | 
21:30:55 | INFO    | [2/8] 处理 10KV电缆 (cable)...
21:30:55 | INFO    |   Top-4 影响因子: ['investment', 'history_demand', 'load_growth', 'equipment_cost']
21:30:55 | INFO    |   [特征工程] 原始4因子 + lag1/lag2 + month_sin/cos = 8维特征
21:30:55 | DEBUG   |   训练集: 48月, 测试集: 12月
21:30:55 | INFO    |   [3/8] 模型一: CatBoost...
21:30:55 | INFO    |   [CatBoost基线] iterations=1000, lr=0.03, depth=4, l2=5, RMSE, 仅4原始因子(无特征工程)
21:30:55 | INFO    |         MSE=80.0780 RMSE=8.9486 MAE=7.6671 R^2=0.3331
21:30:55 | INFO    |   [4/8] 模型二: VMD-CatBoost...
21:30:55 | DEBUG   |   [VMD优化] 最优K=5 (搜索范围[3, 4, 5, 6, 7], 频率分离阈值=1.5)
21:30:55 | INFO    |   [VMD-CatBoost] VMD最优K=5
21:30:55 | INFO    |   [VMD-CatBoost] IMF筛选: 5→5个 (保留[0, 1, 2, 3, 4])
21:30:56 | INFO    |         MSE=90.6320 RMSE=9.5201 MAE=8.1025 R^2=0.2453
21:31:04 | INFO    |   [图表] VMD分解图(cable) → outputs/figures\vmd_decomposition_cable.png
21:31:04 | INFO    |   [5/8] 模型三: VMD-LSTM-CatBoost...
21:31:04 | DEBUG   |   [VMD优化] 最优K=5 (搜索范围[3, 4, 5, 6, 7], 频率分离阈值=1.5)
21:31:04 | INFO    |   [VMD-LSTM-CatBoost] VMD最优K=5
21:31:04 | INFO    |   [VMD-LSTM-CatBoost] IMF筛选: 5→5个 | 残差=IMF1(新idx=0), 模态=['IMF2', 'IMF3', 'IMF4', 'IMF5']
21:31:04 | INFO    |   [LSTM架构] MultiFeatureLSTM | input_size=5, hidden_size=6, num_layers=2, dropout=0.25, ReduceLROnPlateau | CNN/池化层: 无(本模型不使用卷积/池化)
21:31:04 | INFO    |   [训练配置] optimizer=Adam, lr=0.002, weight_decay=0.0001, epochs=1000, patience=60, loss=MSELoss, batch_size=full_batch(全批次), device=cpu | 训练样本数(train_samples)=42, 序列长度(seq_len)=6
21:31:06 | DEBUG   |   [LSTM收敛] epoch=95, best_loss=0.017643
21:31:06 | DEBUG   |   [LSTM架构] SingleFeatureLSTM | hidden_size=6, num_layers=2, dropout=0.25, ReduceLROnPlateau | CNN/池化层: 无(本模型不使用卷积/池化)
21:31:06 | DEBUG   |   [训练配置] optimizer=Adam, lr=0.002, weight_decay=0.0001, epochs=1000, patience=60, loss=MSELoss, batch_size=full_batch(全批次), device=cpu | 训练样本数(train_samples)=42, 序列长度(seq_len)=6
21:31:06 | DEBUG   |   [LSTM收敛] epoch=88, best_loss=0.060519
21:31:06 | DEBUG   |   [LSTM架构] SingleFeatureLSTM | hidden_size=6, num_layers=2, dropout=0.25, ReduceLROnPlateau | CNN/池化层: 无(本模型不使用卷积/池化)
21:31:06 | DEBUG   |   [训练配置] optimizer=Adam, lr=0.002, weight_decay=0.0001, epochs=1000, patience=60, loss=MSELoss, batch_size=full_batch(全批次), device=cpu | 训练样本数(train_samples)=42, 序列长度(seq_len)=6
21:31:06 | DEBUG   |   [LSTM收敛] epoch=113, best_loss=0.022468
21:31:06 | DEBUG   |   [LSTM架构] SingleFeatureLSTM | hidden_size=6, num_layers=2, dropout=0.25, ReduceLROnPlateau | CNN/池化层: 无(本模型不使用卷积/池化)
21:31:06 | DEBUG   |   [训练配置] optimizer=Adam, lr=0.002, weight_decay=0.0001, epochs=1000, patience=60, loss=MSELoss, batch_size=full_batch(全批次), device=cpu | 训练样本数(train_samples)=42, 序列长度(seq_len)=6
21:31:07 | DEBUG   |   [LSTM收敛] epoch=249, best_loss=0.010947
21:31:07 | DEBUG   |   [LSTM架构] SingleFeatureLSTM | hidden_size=6, num_layers=2, dropout=0.25, ReduceLROnPlateau | CNN/池化层: 无(本模型不使用卷积/池化)
21:31:07 | DEBUG   |   [训练配置] optimizer=Adam, lr=0.002, weight_decay=0.0001, epochs=1000, patience=60, loss=MSELoss, batch_size=full_batch(全批次), device=cpu | 训练样本数(train_samples)=42, 序列长度(seq_len)=6
21:31:08 | DEBUG   |   [LSTM收敛] epoch=100, best_loss=0.002997
21:31:09 | INFO    |         MSE=36.0364 RMSE=6.0030 MAE=5.2711 R^2=0.6999
21:31:09 | INFO    |   [6/8] 模型四: VMD-LSTM(直接求和)...
21:31:09 | DEBUG   |   [VMD优化] 最优K=5 (搜索范围[3, 4, 5, 6, 7], 频率分离阈值=1.5)
21:31:09 | INFO    |   [VMD-LSTM直接求和] VMD最优K=5 → 1×MultiFeatureLSTM(hidden=8,do=0.25) + N×SingleFeatureLSTM(hidden=6,do=0.25) → 直接求和 | 序列长度(seq_len)=6, 输入特征数(input_features)=4(top-4因子)
21:31:09 | INFO    |   [VMD-LSTM直接求和] IMF筛选: 5→5个 | 残差=IMF1(新idx=0), 模态=['IMF2', 'IMF3', 'IMF4', 'IMF5']
21:31:09 | INFO    |   [LSTM架构] MultiFeatureLSTM | input_size=5, hidden_size=6, num_layers=2, dropout=0.25, ReduceLROnPlateau | CNN/池化层: 无(本模型不使用卷积/池化)
21:31:09 | INFO    |   [训练配置] optimizer=Adam, lr=0.002, weight_decay=0.0001, epochs=1000, patience=60, loss=MSELoss, batch_size=full_batch(全批次), device=cpu | 训练样本数(train_samples)=42, 序列长度(seq_len)=6
21:31:10 | DEBUG   |   [LSTM收敛] epoch=158, best_loss=0.003095
21:31:10 | DEBUG   |   [LSTM架构] SingleFeatureLSTM | hidden_size=6, num_layers=2, dropout=0.25, ReduceLROnPlateau | CNN/池化层: 无(本模型不使用卷积/池化)
21:31:10 | DEBUG   |   [训练配置] optimizer=Adam, lr=0.002, weight_decay=0.0001, epochs=1000, patience=60, loss=MSELoss, batch_size=full_batch(全批次), device=cpu | 训练样本数(train_samples)=42, 序列长度(seq_len)=6
21:31:10 | DEBUG   |   [LSTM收敛] epoch=219, best_loss=0.061357
21:31:10 | DEBUG   |   [LSTM架构] SingleFeatureLSTM | hidden_size=6, num_layers=2, dropout=0.25, ReduceLROnPlateau | CNN/池化层: 无(本模型不使用卷积/池化)
21:31:10 | DEBUG   |   [训练配置] optimizer=Adam, lr=0.002, weight_decay=0.0001, epochs=1000, patience=60, loss=MSELoss, batch_size=full_batch(全批次), device=cpu | 训练样本数(train_samples)=42, 序列长度(seq_len)=6
21:31:11 | DEBUG   |   [LSTM收敛] epoch=115, best_loss=0.020590
21:31:11 | DEBUG   |   [LSTM架构] SingleFeatureLSTM | hidden_size=6, num_layers=2, dropout=0.25, ReduceLROnPlateau | CNN/池化层: 无(本模型不使用卷积/池化)
21:31:11 | DEBUG   |   [训练配置] optimizer=Adam, lr=0.002, weight_decay=0.0001, epochs=1000, patience=60, loss=MSELoss, batch_size=full_batch(全批次), device=cpu | 训练样本数(train_samples)=42, 序列长度(seq_len)=6
21:31:11 | DEBUG   |   [LSTM收敛] epoch=107, best_loss=0.009588
21:31:11 | DEBUG   |   [LSTM架构] SingleFeatureLSTM | hidden_size=6, num_layers=2, dropout=0.25, ReduceLROnPlateau | CNN/池化层: 无(本模型不使用卷积/池化)
21:31:11 | DEBUG   |   [训练配置] optimizer=Adam, lr=0.002, weight_decay=0.0001, epochs=1000, patience=60, loss=MSELoss, batch_size=full_batch(全批次), device=cpu | 训练样本数(train_samples)=42, 序列长度(seq_len)=6
21:31:12 | DEBUG   |   [LSTM收敛] epoch=196, best_loss=0.003730
21:31:12 | INFO    |         MSE=130.2755 RMSE=11.4138 MAE=10.5089 R^2=-0.0849
21:31:12 | INFO    |   [7/8] 模型五: VMD-SVR...
21:31:12 | DEBUG   |   [VMD优化] 最优K=5 (搜索范围[3, 4, 5, 6, 7], 频率分离阈值=1.5)
21:31:12 | INFO    |   [VMD-SVR] VMD最优K=5
21:31:12 | INFO    |   [VMD-SVR] IMF筛选: 5→5个 (保留[0, 1, 2, 3, 4])
21:31:12 | INFO    |   [SVR超参数] kernel=rbf, C=[0.1, 1, 10, 100], gamma=['scale', 'auto', 0.01, 0.1], epsilon=[0.01, 0.05, 0.1, 0.2] | GridSearchCV(cv=3, scoring=neg_mse) | 输入特征数(input_features)=13 (5个IMF+4因子)
21:31:12 | INFO    |   [SVR最优参数] C=100, gamma=0.01, epsilon=0.05
21:31:12 | INFO    |         MSE=276.6899 RMSE=16.6340 MAE=13.9947 R^2=-1.3041
21:31:13 | INFO    |   [图表] 特征重要性(cable) → outputs/figures\feature_importance_cable.png
21:31:13 | INFO    | 
21:31:13 | INFO    | [2/8] 处理 柱上变压器台成套设备 (transformer)...
21:31:13 | INFO    |   Top-4 影响因子: ['load_growth', 'investment', 'history_demand', 'equipment_cost']
21:31:13 | INFO    |   [特征工程] 原始4因子 + lag1/lag2 + month_sin/cos = 8维特征
21:31:13 | DEBUG   |   训练集: 48月, 测试集: 12月
21:31:13 | INFO    |   [3/8] 模型一: CatBoost...
21:31:13 | INFO    |   [CatBoost基线] iterations=1000, lr=0.03, depth=4, l2=5, RMSE, 仅4原始因子(无特征工程)
21:31:13 | INFO    |         MSE=40.4268 RMSE=6.3582 MAE=5.4487 R^2=0.2283
21:31:13 | INFO    |   [4/8] 模型二: VMD-CatBoost...
21:31:13 | DEBUG   |   [VMD优化] 最优K=4 (搜索范围[3, 4, 5, 6, 7], 频率分离阈值=1.5)
21:31:13 | INFO    |   [VMD-CatBoost] VMD最优K=4
21:31:13 | INFO    |   [VMD-CatBoost] IMF筛选: 4→4个 (保留[0, 1, 2, 3])
21:31:14 | INFO    |         MSE=46.5332 RMSE=6.8215 MAE=6.0346 R^2=0.1118
21:31:18 | INFO    |   [图表] VMD分解图(transformer) → outputs/figures\vmd_decomposition_transformer.png
21:31:18 | INFO    |   [5/8] 模型三: VMD-LSTM-CatBoost...
21:31:18 | DEBUG   |   [VMD优化] 最优K=4 (搜索范围[3, 4, 5, 6, 7], 频率分离阈值=1.5)
21:31:18 | INFO    |   [VMD-LSTM-CatBoost] VMD最优K=4
21:31:18 | INFO    |   [VMD-LSTM-CatBoost] IMF筛选: 4→4个 | 残差=IMF1(新idx=0), 模态=['IMF2', 'IMF3', 'IMF4']
21:31:18 | INFO    |   [LSTM架构] MultiFeatureLSTM | input_size=5, hidden_size=6, num_layers=2, dropout=0.25, ReduceLROnPlateau | CNN/池化层: 无(本模型不使用卷积/池化)
21:31:18 | INFO    |   [训练配置] optimizer=Adam, lr=0.002, weight_decay=0.0001, epochs=1000, patience=60, loss=MSELoss, batch_size=full_batch(全批次), device=cpu | 训练样本数(train_samples)=42, 序列长度(seq_len)=6
21:31:19 | DEBUG   |   [LSTM收敛] epoch=151, best_loss=0.001507
21:31:19 | DEBUG   |   [LSTM架构] SingleFeatureLSTM | hidden_size=6, num_layers=2, dropout=0.25, ReduceLROnPlateau | CNN/池化层: 无(本模型不使用卷积/池化)
21:31:19 | DEBUG   |   [训练配置] optimizer=Adam, lr=0.002, weight_decay=0.0001, epochs=1000, patience=60, loss=MSELoss, batch_size=full_batch(全批次), device=cpu | 训练样本数(train_samples)=42, 序列长度(seq_len)=6
21:31:19 | DEBUG   |   [LSTM收敛] epoch=115, best_loss=0.070513
21:31:19 | DEBUG   |   [LSTM架构] SingleFeatureLSTM | hidden_size=6, num_layers=2, dropout=0.25, ReduceLROnPlateau | CNN/池化层: 无(本模型不使用卷积/池化)
21:31:19 | DEBUG   |   [训练配置] optimizer=Adam, lr=0.002, weight_decay=0.0001, epochs=1000, patience=60, loss=MSELoss, batch_size=full_batch(全批次), device=cpu | 训练样本数(train_samples)=42, 序列长度(seq_len)=6
21:31:20 | DEBUG   |   [LSTM收敛] epoch=158, best_loss=0.003989
21:31:20 | DEBUG   |   [LSTM架构] SingleFeatureLSTM | hidden_size=6, num_layers=2, dropout=0.25, ReduceLROnPlateau | CNN/池化层: 无(本模型不使用卷积/池化)
21:31:20 | DEBUG   |   [训练配置] optimizer=Adam, lr=0.002, weight_decay=0.0001, epochs=1000, patience=60, loss=MSELoss, batch_size=full_batch(全批次), device=cpu | 训练样本数(train_samples)=42, 序列长度(seq_len)=6
21:31:20 | DEBUG   |   [LSTM收敛] epoch=221, best_loss=0.004323
21:31:22 | INFO    |         MSE=35.2714 RMSE=5.9390 MAE=4.4646 R^2=0.3267
21:31:22 | INFO    |   [6/8] 模型四: VMD-LSTM(直接求和)...
21:31:22 | DEBUG   |   [VMD优化] 最优K=4 (搜索范围[3, 4, 5, 6, 7], 频率分离阈值=1.5)
21:31:22 | INFO    |   [VMD-LSTM直接求和] VMD最优K=4 → 1×MultiFeatureLSTM(hidden=8,do=0.25) + N×SingleFeatureLSTM(hidden=6,do=0.25) → 直接求和 | 序列长度(seq_len)=6, 输入特征数(input_features)=4(top-4因子)
21:31:22 | INFO    |   [VMD-LSTM直接求和] IMF筛选: 4→4个 | 残差=IMF1(新idx=0), 模态=['IMF2', 'IMF3', 'IMF4']
21:31:22 | INFO    |   [LSTM架构] MultiFeatureLSTM | input_size=5, hidden_size=6, num_layers=2, dropout=0.25, ReduceLROnPlateau | CNN/池化层: 无(本模型不使用卷积/池化)
21:31:22 | INFO    |   [训练配置] optimizer=Adam, lr=0.002, weight_decay=0.0001, epochs=1000, patience=60, loss=MSELoss, batch_size=full_batch(全批次), device=cpu | 训练样本数(train_samples)=42, 序列长度(seq_len)=6
21:31:23 | DEBUG   |   [LSTM收敛] epoch=238, best_loss=0.014060
21:31:23 | DEBUG   |   [LSTM架构] SingleFeatureLSTM | hidden_size=6, num_layers=2, dropout=0.25, ReduceLROnPlateau | CNN/池化层: 无(本模型不使用卷积/池化)
21:31:23 | DEBUG   |   [训练配置] optimizer=Adam, lr=0.002, weight_decay=0.0001, epochs=1000, patience=60, loss=MSELoss, batch_size=full_batch(全批次), device=cpu | 训练样本数(train_samples)=42, 序列长度(seq_len)=6
21:31:23 | DEBUG   |   [LSTM收敛] epoch=90, best_loss=0.073921
21:31:23 | DEBUG   |   [LSTM架构] SingleFeatureLSTM | hidden_size=6, num_layers=2, dropout=0.25, ReduceLROnPlateau | CNN/池化层: 无(本模型不使用卷积/池化)
21:31:23 | DEBUG   |   [训练配置] optimizer=Adam, lr=0.002, weight_decay=0.0001, epochs=1000, patience=60, loss=MSELoss, batch_size=full_batch(全批次), device=cpu | 训练样本数(train_samples)=42, 序列长度(seq_len)=6
21:31:24 | DEBUG   |   [LSTM收敛] epoch=117, best_loss=0.005404
21:31:24 | DEBUG   |   [LSTM架构] SingleFeatureLSTM | hidden_size=6, num_layers=2, dropout=0.25, ReduceLROnPlateau | CNN/池化层: 无(本模型不使用卷积/池化)
21:31:24 | DEBUG   |   [训练配置] optimizer=Adam, lr=0.002, weight_decay=0.0001, epochs=1000, patience=60, loss=MSELoss, batch_size=full_batch(全批次), device=cpu | 训练样本数(train_samples)=42, 序列长度(seq_len)=6
21:31:24 | DEBUG   |   [LSTM收敛] epoch=89, best_loss=0.004129
21:31:24 | INFO    |         MSE=61.4318 RMSE=7.8378 MAE=7.2892 R^2=-0.1726
21:31:24 | INFO    |   [7/8] 模型五: VMD-SVR...
21:31:24 | DEBUG   |   [VMD优化] 最优K=4 (搜索范围[3, 4, 5, 6, 7], 频率分离阈值=1.5)
21:31:24 | INFO    |   [VMD-SVR] VMD最优K=4
21:31:24 | INFO    |   [VMD-SVR] IMF筛选: 4→4个 (保留[0, 1, 2, 3])
21:31:24 | INFO    |   [SVR超参数] kernel=rbf, C=[0.1, 1, 10, 100], gamma=['scale', 'auto', 0.01, 0.1], epsilon=[0.01, 0.05, 0.1, 0.2] | GridSearchCV(cv=3, scoring=neg_mse) | 输入特征数(input_features)=12 (4个IMF+4因子)
21:31:24 | INFO    |   [SVR最优参数] C=100, gamma=0.01, epsilon=0.01
21:31:24 | INFO    |         MSE=170.8086 RMSE=13.0694 MAE=11.0715 R^2=-2.2604
21:31:25 | INFO    |   [图表] 特征重要性(transformer) → outputs/figures\feature_importance_transformer.png
21:31:25 | INFO    | 
21:31:25 | INFO    | [2/8] 处理 10kv交流避雷器 (arrester)...
21:31:25 | INFO    |   Top-4 影响因子: ['lightning_count', 'typhoon_count', 'rainstorm_count', 'load_growth']
21:31:25 | INFO    |   [特征工程] 原始4因子 + lag1/lag2 + month_sin/cos = 8维特征
21:31:25 | DEBUG   |   训练集: 48月, 测试集: 12月
21:31:25 | INFO    |   [3/8] 模型一: CatBoost...
21:31:25 | INFO    |   [CatBoost基线] iterations=1000, lr=0.03, depth=4, l2=5, RMSE, 仅4原始因子(无特征工程)
21:31:25 | INFO    |         MSE=820.3290 RMSE=28.6414 MAE=20.5849 R^2=0.5498
21:31:25 | INFO    |   [4/8] 模型二: VMD-CatBoost...
21:31:25 | DEBUG   |   [VMD优化] 最优K=3 (搜索范围[3, 4, 5, 6, 7], 频率分离阈值=1.5)
21:31:25 | INFO    |   [VMD-CatBoost] VMD最优K=3
21:31:25 | DEBUG   |   [IMF筛选] 剔除IMF[0] (相关度<0.1), 保留IMF[1, 2]
21:31:25 | INFO    |   [VMD-CatBoost] IMF筛选: 3→2个 (保留[1, 2])
21:31:26 | INFO    |         MSE=1088.6346 RMSE=32.9945 MAE=27.2409 R^2=0.4025
21:31:33 | INFO    |   [图表] VMD分解图(arrester) → outputs/figures\vmd_decomposition_arrester.png
21:31:33 | INFO    |   [5/8] 模型三: VMD-LSTM-CatBoost...
21:31:33 | DEBUG   |   [VMD优化] 最优K=3 (搜索范围[3, 4, 5, 6, 7], 频率分离阈值=1.5)
21:31:33 | INFO    |   [VMD-LSTM-CatBoost] VMD最优K=3
21:31:33 | DEBUG   |   [IMF筛选] 剔除IMF[0] (相关度<0.1), 保留IMF[1, 2]
21:31:33 | INFO    |   [VMD-LSTM-CatBoost] IMF筛选: 3→3个 | 残差=IMF1(新idx=0), 模态=['IMF2', 'IMF3']
21:31:33 | INFO    |   [LSTM架构] MultiFeatureLSTM | input_size=5, hidden_size=6, num_layers=2, dropout=0.25, ReduceLROnPlateau | CNN/池化层: 无(本模型不使用卷积/池化)
21:31:33 | INFO    |   [训练配置] optimizer=Adam, lr=0.002, weight_decay=0.0001, epochs=1000, patience=60, loss=MSELoss, batch_size=full_batch(全批次), device=cpu | 训练样本数(train_samples)=42, 序列长度(seq_len)=6
21:31:33 | DEBUG   |   [LSTM收敛] epoch=124, best_loss=0.004180
21:31:33 | DEBUG   |   [LSTM架构] SingleFeatureLSTM | hidden_size=6, num_layers=2, dropout=0.25, ReduceLROnPlateau | CNN/池化层: 无(本模型不使用卷积/池化)
21:31:33 | DEBUG   |   [训练配置] optimizer=Adam, lr=0.002, weight_decay=0.0001, epochs=1000, patience=60, loss=MSELoss, batch_size=full_batch(全批次), device=cpu | 训练样本数(train_samples)=42, 序列长度(seq_len)=6
21:31:34 | DEBUG   |   [LSTM收敛] epoch=141, best_loss=0.111651
21:31:34 | DEBUG   |   [LSTM架构] SingleFeatureLSTM | hidden_size=6, num_layers=2, dropout=0.25, ReduceLROnPlateau | CNN/池化层: 无(本模型不使用卷积/池化)
21:31:34 | DEBUG   |   [训练配置] optimizer=Adam, lr=0.002, weight_decay=0.0001, epochs=1000, patience=60, loss=MSELoss, batch_size=full_batch(全批次), device=cpu | 训练样本数(train_samples)=42, 序列长度(seq_len)=6
21:31:34 | DEBUG   |   [LSTM收敛] epoch=104, best_loss=0.002220
21:31:35 | INFO    |         MSE=289.1129 RMSE=17.0033 MAE=14.2639 R^2=0.8413
21:31:35 | INFO    |   [6/8] 模型四: VMD-LSTM(直接求和)...
21:31:35 | DEBUG   |   [VMD优化] 最优K=3 (搜索范围[3, 4, 5, 6, 7], 频率分离阈值=1.5)
21:31:35 | INFO    |   [VMD-LSTM直接求和] VMD最优K=3 → 1×MultiFeatureLSTM(hidden=8,do=0.25) + N×SingleFeatureLSTM(hidden=6,do=0.25) → 直接求和 | 序列长度(seq_len)=6, 输入特征数(input_features)=4(top-4因子)
21:31:35 | DEBUG   |   [IMF筛选] 剔除IMF[0] (相关度<0.1), 保留IMF[1, 2]
21:31:35 | INFO    |   [VMD-LSTM直接求和] IMF筛选: 3→3个 | 残差=IMF1(新idx=0), 模态=['IMF2', 'IMF3']
21:31:35 | INFO    |   [LSTM架构] MultiFeatureLSTM | input_size=5, hidden_size=6, num_layers=2, dropout=0.25, ReduceLROnPlateau | CNN/池化层: 无(本模型不使用卷积/池化)
21:31:35 | INFO    |   [训练配置] optimizer=Adam, lr=0.002, weight_decay=0.0001, epochs=1000, patience=60, loss=MSELoss, batch_size=full_batch(全批次), device=cpu | 训练样本数(train_samples)=42, 序列长度(seq_len)=6
21:31:36 | DEBUG   |   [LSTM收敛] epoch=172, best_loss=0.014379
21:31:36 | DEBUG   |   [LSTM架构] SingleFeatureLSTM | hidden_size=6, num_layers=2, dropout=0.25, ReduceLROnPlateau | CNN/池化层: 无(本模型不使用卷积/池化)
21:31:36 | DEBUG   |   [训练配置] optimizer=Adam, lr=0.002, weight_decay=0.0001, epochs=1000, patience=60, loss=MSELoss, batch_size=full_batch(全批次), device=cpu | 训练样本数(train_samples)=42, 序列长度(seq_len)=6
21:31:36 | DEBUG   |   [LSTM收敛] epoch=117, best_loss=0.115715
21:31:36 | DEBUG   |   [LSTM架构] SingleFeatureLSTM | hidden_size=6, num_layers=2, dropout=0.25, ReduceLROnPlateau | CNN/池化层: 无(本模型不使用卷积/池化)
21:31:36 | DEBUG   |   [训练配置] optimizer=Adam, lr=0.002, weight_decay=0.0001, epochs=1000, patience=60, loss=MSELoss, batch_size=full_batch(全批次), device=cpu | 训练样本数(train_samples)=42, 序列长度(seq_len)=6
21:31:37 | DEBUG   |   [LSTM收敛] epoch=286, best_loss=0.003971
21:31:37 | INFO    |         MSE=1855.1154 RMSE=43.0711 MAE=41.7522 R^2=-0.0181
21:31:37 | INFO    |   [7/8] 模型五: VMD-SVR...
21:31:37 | DEBUG   |   [VMD优化] 最优K=3 (搜索范围[3, 4, 5, 6, 7], 频率分离阈值=1.5)
21:31:37 | INFO    |   [VMD-SVR] VMD最优K=3
21:31:37 | DEBUG   |   [IMF筛选] 剔除IMF[0] (相关度<0.1), 保留IMF[1, 2]
21:31:37 | INFO    |   [VMD-SVR] IMF筛选: 3→2个 (保留[1, 2])
21:31:37 | INFO    |   [SVR超参数] kernel=rbf, C=[0.1, 1, 10, 100], gamma=['scale', 'auto', 0.01, 0.1], epsilon=[0.01, 0.05, 0.1, 0.2] | GridSearchCV(cv=3, scoring=neg_mse) | 输入特征数(input_features)=10 (2个IMF+4因子)
21:31:38 | INFO    |   [SVR最优参数] C=100, gamma=auto, epsilon=0.1
21:31:38 | INFO    |         MSE=1839.5257 RMSE=42.8897 MAE=33.0050 R^2=-0.0096
21:31:44 | INFO    |   [图表] 特征重要性(arrester) → outputs/figures\feature_importance_arrester.png
21:31:44 | INFO    | 
21:31:44 | INFO    | [8/8] 汇总评估与可视化...
21:31:44 | INFO    | 
21:31:44 | INFO    | ========================================================================================================================
21:31:44 | INFO    | 评估指标汇总表
21:31:44 | INFO    | ========================================================================================================================
21:31:44 | INFO    | 物资               模型                              MSE         RMSE          MAE          R^2
21:31:44 | INFO    | ------------------------------------------------------------------------------------------------------------------------
21:31:44 | INFO    | 10KV电缆           CatBoost                    80.0780       8.9486       7.6671       0.3331
21:31:44 | INFO    |                  VMD-CatBoost                90.6320       9.5201       8.1025       0.2453
21:31:44 | INFO    |                  VMD-LSTM-CatBoost           36.0364       6.0030       5.2711       0.6999
21:31:44 | INFO    |                  VMD-LSTM                   130.2755      11.4138      10.5089      -0.0849
21:31:44 | INFO    |                  VMD-SVR                    276.6899      16.6340      13.9947      -1.3041
21:31:44 | INFO    | ------------------------------------------------------------------------------------------------------------------------
21:31:44 | INFO    | 柱上变压器台成套设备       CatBoost                    40.4268       6.3582       5.4487       0.2283
21:31:44 | INFO    |                  VMD-CatBoost                46.5332       6.8215       6.0346       0.1118
21:31:44 | INFO    |                  VMD-LSTM-CatBoost           35.2714       5.9390       4.4646       0.3267
21:31:44 | INFO    |                  VMD-LSTM                    61.4318       7.8378       7.2892      -0.1726
21:31:44 | INFO    |                  VMD-SVR                    170.8086      13.0694      11.0715      -2.2604
21:31:44 | INFO    | ------------------------------------------------------------------------------------------------------------------------
21:31:44 | INFO    | 10kv交流避雷器        CatBoost                   820.3290      28.6414      20.5849       0.5498
21:31:44 | INFO    |                  VMD-CatBoost              1088.6346      32.9945      27.2409       0.4025
21:31:44 | INFO    |                  VMD-LSTM-CatBoost          289.1129      17.0033      14.2639       0.8413
21:31:44 | INFO    |                  VMD-LSTM                  1855.1154      43.0711      41.7522      -0.0181
21:31:44 | INFO    |                  VMD-SVR                   1839.5257      42.8897      33.0050      -0.0096
21:31:44 | INFO    | ------------------------------------------------------------------------------------------------------------------------
21:31:44 | INFO    | 
21:31:44 | INFO    |   [文件] 指标JSON → outputs/figures\metrics_summary.json
21:31:47 | INFO    |   [图表] 预测对比图(cable) → outputs/figures\prediction_comparison_cable.png
21:31:49 | INFO    |   [图表] 预测对比图(transformer) → outputs/figures\prediction_comparison_transformer.png
21:31:53 | INFO    |   [图表] 预测对比图(arrester) → outputs/figures\prediction_comparison_arrester.png
21:31:58 | INFO    |   [图表] 指标对比图 → outputs/figures\metrics_comparison.png
21:31:58 | INFO    | 
21:31:58 | INFO    | ======================================================================
21:31:58 | INFO    |   模型性能排序 (按R^2)
21:31:58 | INFO    | ======================================================================
21:31:58 | INFO    |   10KV电缆: [1st] VMD-LSTM-CatBoost (R^2=0.6999)  [2nd] CatBoost (R^2=0.3331)  [3rd] VMD-CatBoost (R^2=0.2453)
21:31:58 | INFO    |   柱上变压器台成套设备: [1st] VMD-LSTM-CatBoost (R^2=0.3267)  [2nd] CatBoost (R^2=0.2283)  [3rd] VMD-CatBoost (R^2=0.1118)
21:31:58 | INFO    |   10kv交流避雷器: [1st] VMD-LSTM-CatBoost (R^2=0.8413)  [2nd] CatBoost (R^2=0.5498)  [3rd] VMD-CatBoost (R^2=0.4025)
21:31:58 | INFO    | 
21:31:58 | INFO    | 所有图表已保存至: C:\Users\lilacseeking\PycharmProjects\vmd-catboost\outputs\figures/
21:31:58 | INFO    | 日志文件: C:\Users\lilacseeking\PycharmProjects\vmd-catboost\outputs\logs\main_20260614_213055.log
21:31:58 | INFO    | 完成!
