21:54:56 | INFO    | ======================================================================
21:54:56 | INFO    |   配电网物资需求预测 —— VMD-CatBoost 模型对比实验
21:54:56 | INFO    |   物资: 10KV电缆 / 柱上变压器台成套设备 / 10kv交流避雷器
21:54:56 | INFO    |   模型: CatBoost / VMD-CatBoost / VMD-LSTM-CatBoost / VMD-LSTM / VMD-SVR
21:54:56 | INFO    | ======================================================================
21:54:56 | INFO    |   日志文件: outputs/logs\main_20260614_215456.log
21:54:56 | INFO    | [1/8] 加载数据...
21:54:56 | INFO    | 数据文件不存在，根据数据生成要求生成模拟数据...
21:54:56 | INFO    |   生成 Sheet[10KV电缆]: 60 条, demand范围=[0.00, 30.00]
21:54:56 | INFO    |   生成 Sheet[柱上变压器台成套设备]: 60 条, demand范围=[0.00, 18.00]
21:54:56 | INFO    |   生成 Sheet[10kv交流避雷器]: 60 条, demand范围=[0.00, 100.00]
21:54:56 | INFO    | 数据已保存至: C:\Users\lilacseeking\PycharmProjects\vmd-catboost\inputs\data\data.xlsx
21:55:05 | INFO    |   [图表] 需求量曲线 → outputs/figures\demand_curves_60m.png
21:55:05 | INFO    | 
21:55:05 | INFO    | [2/8] 处理 10KV电缆 (cable)...
21:55:05 | INFO    |   Top-4 影响因子: ['investment', 'history_demand', 'load_growth', 'equipment_cost']
21:55:05 | INFO    |   [特征工程] 原始4因子 + lag1/lag2 + month_sin/cos = 8维特征
21:55:05 | DEBUG   |   训练集: 48月, 测试集: 12月
21:55:05 | INFO    |   [3/8] 模型一: CatBoost...
21:55:05 | INFO    |   [CatBoost基线] iterations=1000, lr=0.03, depth=4, l2=5, RMSE, 仅4原始因子(无特征工程)
21:55:05 | INFO    |         MSE=79.9121 RMSE=8.9394 MAE=7.4279 R^2=0.3016
21:55:05 | INFO    |   [4/8] 模型二: VMD-CatBoost...
21:55:05 | DEBUG   |   [VMD优化] 最优K=3 (搜索范围[3, 4, 5, 6, 7], 频率分离阈值=1.5)
21:55:05 | INFO    |   [VMD-CatBoost] VMD最优K=3
21:55:05 | INFO    |   [VMD-CatBoost] IMF筛选: 3→3个 (保留[0, 1, 2])
21:55:06 | INFO    |         MSE=64.5543 RMSE=8.0346 MAE=5.8552 R^2=0.4358
21:55:11 | INFO    |   [图表] VMD分解图(cable) → outputs/figures\vmd_decomposition_cable.png
21:55:11 | INFO    |   [5/8] 模型三: VMD-LSTM-CatBoost...
21:55:11 | DEBUG   |   [VMD优化] 最优K=3 (搜索范围[3, 4, 5, 6, 7], 频率分离阈值=1.5)
21:55:11 | INFO    |   [VMD-LSTM-CatBoost] VMD最优K=3
21:55:11 | INFO    |   [VMD-LSTM-CatBoost] IMF筛选: 3→3个 | 残差=IMF1(新idx=0), 模态=['IMF2', 'IMF3']
21:55:11 | INFO    |   [LSTM架构] MultiFeatureLSTM | input_size=5, hidden_size=6, num_layers=2, dropout=0.25, ReduceLROnPlateau | CNN/池化层: 无(本模型不使用卷积/池化)
21:55:11 | INFO    |   [训练配置] optimizer=Adam, lr=0.002, weight_decay=0.0001, epochs=1000, patience=60, loss=MSELoss, batch_size=full_batch(全批次), device=cpu | 训练样本数(train_samples)=42, 序列长度(seq_len)=6
21:55:13 | DEBUG   |   [LSTM收敛] epoch=214, best_loss=0.009986
21:55:13 | DEBUG   |   [LSTM架构] SingleFeatureLSTM | hidden_size=6, num_layers=2, dropout=0.25, ReduceLROnPlateau | CNN/池化层: 无(本模型不使用卷积/池化)
21:55:13 | DEBUG   |   [训练配置] optimizer=Adam, lr=0.002, weight_decay=0.0001, epochs=1000, patience=60, loss=MSELoss, batch_size=full_batch(全批次), device=cpu | 训练样本数(train_samples)=42, 序列长度(seq_len)=6
21:55:13 | DEBUG   |   [LSTM收敛] epoch=121, best_loss=0.017371
21:55:13 | DEBUG   |   [LSTM架构] SingleFeatureLSTM | hidden_size=6, num_layers=2, dropout=0.25, ReduceLROnPlateau | CNN/池化层: 无(本模型不使用卷积/池化)
21:55:13 | DEBUG   |   [训练配置] optimizer=Adam, lr=0.002, weight_decay=0.0001, epochs=1000, patience=60, loss=MSELoss, batch_size=full_batch(全批次), device=cpu | 训练样本数(train_samples)=42, 序列长度(seq_len)=6
21:55:13 | DEBUG   |   [LSTM收敛] epoch=78, best_loss=0.002411
21:55:15 | INFO    |         MSE=47.6000 RMSE=6.8993 MAE=5.0104 R^2=0.5840
21:55:15 | INFO    |   [6/8] 模型四: VMD-LSTM(直接求和)...
21:55:15 | DEBUG   |   [VMD优化] 最优K=3 (搜索范围[3, 4, 5, 6, 7], 频率分离阈值=1.5)
21:55:15 | INFO    |   [VMD-LSTM直接求和] VMD最优K=3 → 1×MultiFeatureLSTM(hidden=8,do=0.25) + N×SingleFeatureLSTM(hidden=6,do=0.25) → 直接求和 | 序列长度(seq_len)=6, 输入特征数(input_features)=4(top-4因子)
21:55:15 | INFO    |   [VMD-LSTM直接求和] IMF筛选: 3→3个 | 残差=IMF1(新idx=0), 模态=['IMF2', 'IMF3']
21:55:15 | INFO    |   [LSTM架构] MultiFeatureLSTM | input_size=5, hidden_size=6, num_layers=2, dropout=0.25, ReduceLROnPlateau | CNN/池化层: 无(本模型不使用卷积/池化)
21:55:15 | INFO    |   [训练配置] optimizer=Adam, lr=0.002, weight_decay=0.0001, epochs=1000, patience=60, loss=MSELoss, batch_size=full_batch(全批次), device=cpu | 训练样本数(train_samples)=42, 序列长度(seq_len)=6
21:55:15 | DEBUG   |   [LSTM收敛] epoch=118, best_loss=0.006147
21:55:15 | DEBUG   |   [LSTM架构] SingleFeatureLSTM | hidden_size=6, num_layers=2, dropout=0.25, ReduceLROnPlateau | CNN/池化层: 无(本模型不使用卷积/池化)
21:55:15 | DEBUG   |   [训练配置] optimizer=Adam, lr=0.002, weight_decay=0.0001, epochs=1000, patience=60, loss=MSELoss, batch_size=full_batch(全批次), device=cpu | 训练样本数(train_samples)=42, 序列长度(seq_len)=6
21:55:16 | DEBUG   |   [LSTM收敛] epoch=117, best_loss=0.014299
21:55:16 | DEBUG   |   [LSTM架构] SingleFeatureLSTM | hidden_size=6, num_layers=2, dropout=0.25, ReduceLROnPlateau | CNN/池化层: 无(本模型不使用卷积/池化)
21:55:16 | DEBUG   |   [训练配置] optimizer=Adam, lr=0.002, weight_decay=0.0001, epochs=1000, patience=60, loss=MSELoss, batch_size=full_batch(全批次), device=cpu | 训练样本数(train_samples)=42, 序列长度(seq_len)=6
21:55:16 | DEBUG   |   [LSTM收敛] epoch=115, best_loss=0.002637
21:55:16 | INFO    |         MSE=124.9118 RMSE=11.1764 MAE=9.0855 R^2=-0.0917
21:55:16 | INFO    |   [7/8] 模型五: VMD-SVR...
21:55:16 | DEBUG   |   [VMD优化] 最优K=3 (搜索范围[3, 4, 5, 6, 7], 频率分离阈值=1.5)
21:55:16 | INFO    |   [VMD-SVR] VMD最优K=3
21:55:16 | INFO    |   [VMD-SVR] IMF筛选: 3→3个 (保留[0, 1, 2])
21:55:16 | INFO    |   [SVR超参数] kernel=rbf, C=[0.1, 1, 10, 100], gamma=['scale', 'auto', 0.01, 0.1], epsilon=[0.01, 0.05, 0.1, 0.2] | GridSearchCV(cv=3, scoring=neg_mse) | 输入特征数(input_features)=11 (3个IMF+4因子)
21:55:16 | INFO    |   [SVR最优参数] C=100, gamma=0.01, epsilon=0.05
21:55:16 | INFO    |         MSE=50.3899 RMSE=7.0986 MAE=5.5725 R^2=0.5596
21:55:17 | INFO    |   [图表] 特征重要性(cable) → outputs/figures\feature_importance_cable.png
21:55:17 | INFO    | 
21:55:17 | INFO    | [2/8] 处理 柱上变压器台成套设备 (transformer)...
21:55:17 | INFO    |   Top-4 影响因子: ['load_growth', 'investment', 'history_demand', 'equipment_cost']
21:55:17 | INFO    |   [特征工程] 原始4因子 + lag1/lag2 + month_sin/cos = 8维特征
21:55:17 | DEBUG   |   训练集: 48月, 测试集: 12月
21:55:17 | INFO    |   [3/8] 模型一: CatBoost...
21:55:17 | INFO    |   [CatBoost基线] iterations=1000, lr=0.03, depth=4, l2=5, RMSE, 仅4原始因子(无特征工程)
21:55:17 | INFO    |         MSE=43.4654 RMSE=6.5928 MAE=5.5905 R^2=0.0747
21:55:17 | INFO    |   [4/8] 模型二: VMD-CatBoost...
21:55:17 | DEBUG   |   [VMD优化] 最优K=4 (搜索范围[3, 4, 5, 6, 7], 频率分离阈值=1.5)
21:55:17 | INFO    |   [VMD-CatBoost] VMD最优K=4
21:55:17 | INFO    |   [VMD-CatBoost] IMF筛选: 4→4个 (保留[0, 1, 2, 3])
21:55:18 | INFO    |         MSE=43.8463 RMSE=6.6217 MAE=5.5085 R^2=0.0665
21:55:23 | INFO    |   [图表] VMD分解图(transformer) → outputs/figures\vmd_decomposition_transformer.png
21:55:23 | INFO    |   [5/8] 模型三: VMD-LSTM-CatBoost...
21:55:23 | DEBUG   |   [VMD优化] 最优K=4 (搜索范围[3, 4, 5, 6, 7], 频率分离阈值=1.5)
21:55:23 | INFO    |   [VMD-LSTM-CatBoost] VMD最优K=4
21:55:23 | INFO    |   [VMD-LSTM-CatBoost] IMF筛选: 4→4个 | 残差=IMF1(新idx=0), 模态=['IMF2', 'IMF3', 'IMF4']
21:55:23 | INFO    |   [LSTM架构] MultiFeatureLSTM | input_size=5, hidden_size=6, num_layers=2, dropout=0.25, ReduceLROnPlateau | CNN/池化层: 无(本模型不使用卷积/池化)
21:55:23 | INFO    |   [训练配置] optimizer=Adam, lr=0.002, weight_decay=0.0001, epochs=1000, patience=60, loss=MSELoss, batch_size=full_batch(全批次), device=cpu | 训练样本数(train_samples)=42, 序列长度(seq_len)=6
21:55:24 | DEBUG   |   [LSTM收敛] epoch=195, best_loss=0.013897
21:55:24 | DEBUG   |   [LSTM架构] SingleFeatureLSTM | hidden_size=6, num_layers=2, dropout=0.25, ReduceLROnPlateau | CNN/池化层: 无(本模型不使用卷积/池化)
21:55:24 | DEBUG   |   [训练配置] optimizer=Adam, lr=0.002, weight_decay=0.0001, epochs=1000, patience=60, loss=MSELoss, batch_size=full_batch(全批次), device=cpu | 训练样本数(train_samples)=42, 序列长度(seq_len)=6
21:55:24 | DEBUG   |   [LSTM收敛] epoch=124, best_loss=0.052111
21:55:24 | DEBUG   |   [LSTM架构] SingleFeatureLSTM | hidden_size=6, num_layers=2, dropout=0.25, ReduceLROnPlateau | CNN/池化层: 无(本模型不使用卷积/池化)
21:55:24 | DEBUG   |   [训练配置] optimizer=Adam, lr=0.002, weight_decay=0.0001, epochs=1000, patience=60, loss=MSELoss, batch_size=full_batch(全批次), device=cpu | 训练样本数(train_samples)=42, 序列长度(seq_len)=6
21:55:25 | DEBUG   |   [LSTM收敛] epoch=197, best_loss=0.009286
21:55:25 | DEBUG   |   [LSTM架构] SingleFeatureLSTM | hidden_size=6, num_layers=2, dropout=0.25, ReduceLROnPlateau | CNN/池化层: 无(本模型不使用卷积/池化)
21:55:25 | DEBUG   |   [训练配置] optimizer=Adam, lr=0.002, weight_decay=0.0001, epochs=1000, patience=60, loss=MSELoss, batch_size=full_batch(全批次), device=cpu | 训练样本数(train_samples)=42, 序列长度(seq_len)=6
21:55:25 | DEBUG   |   [LSTM收敛] epoch=99, best_loss=0.004918
21:55:27 | INFO    |         MSE=16.4130 RMSE=4.0513 MAE=3.2675 R^2=0.6506
21:55:27 | INFO    |   [6/8] 模型四: VMD-LSTM(直接求和)...
21:55:27 | DEBUG   |   [VMD优化] 最优K=4 (搜索范围[3, 4, 5, 6, 7], 频率分离阈值=1.5)
21:55:27 | INFO    |   [VMD-LSTM直接求和] VMD最优K=4 → 1×MultiFeatureLSTM(hidden=8,do=0.25) + N×SingleFeatureLSTM(hidden=6,do=0.25) → 直接求和 | 序列长度(seq_len)=6, 输入特征数(input_features)=4(top-4因子)
21:55:27 | INFO    |   [VMD-LSTM直接求和] IMF筛选: 4→4个 | 残差=IMF1(新idx=0), 模态=['IMF2', 'IMF3', 'IMF4']
21:55:27 | INFO    |   [LSTM架构] MultiFeatureLSTM | input_size=5, hidden_size=6, num_layers=2, dropout=0.25, ReduceLROnPlateau | CNN/池化层: 无(本模型不使用卷积/池化)
21:55:27 | INFO    |   [训练配置] optimizer=Adam, lr=0.002, weight_decay=0.0001, epochs=1000, patience=60, loss=MSELoss, batch_size=full_batch(全批次), device=cpu | 训练样本数(train_samples)=42, 序列长度(seq_len)=6
21:55:27 | DEBUG   |   [LSTM收敛] epoch=138, best_loss=0.002880
21:55:27 | DEBUG   |   [LSTM架构] SingleFeatureLSTM | hidden_size=6, num_layers=2, dropout=0.25, ReduceLROnPlateau | CNN/池化层: 无(本模型不使用卷积/池化)
21:55:27 | DEBUG   |   [训练配置] optimizer=Adam, lr=0.002, weight_decay=0.0001, epochs=1000, patience=60, loss=MSELoss, batch_size=full_batch(全批次), device=cpu | 训练样本数(train_samples)=42, 序列长度(seq_len)=6
21:55:28 | DEBUG   |   [LSTM收敛] epoch=133, best_loss=0.048149
21:55:28 | DEBUG   |   [LSTM架构] SingleFeatureLSTM | hidden_size=6, num_layers=2, dropout=0.25, ReduceLROnPlateau | CNN/池化层: 无(本模型不使用卷积/池化)
21:55:28 | DEBUG   |   [训练配置] optimizer=Adam, lr=0.002, weight_decay=0.0001, epochs=1000, patience=60, loss=MSELoss, batch_size=full_batch(全批次), device=cpu | 训练样本数(train_samples)=42, 序列长度(seq_len)=6
21:55:28 | DEBUG   |   [LSTM收敛] epoch=85, best_loss=0.010626
21:55:28 | DEBUG   |   [LSTM架构] SingleFeatureLSTM | hidden_size=6, num_layers=2, dropout=0.25, ReduceLROnPlateau | CNN/池化层: 无(本模型不使用卷积/池化)
21:55:28 | DEBUG   |   [训练配置] optimizer=Adam, lr=0.002, weight_decay=0.0001, epochs=1000, patience=60, loss=MSELoss, batch_size=full_batch(全批次), device=cpu | 训练样本数(train_samples)=42, 序列长度(seq_len)=6
21:55:29 | DEBUG   |   [LSTM收敛] epoch=281, best_loss=0.006115
21:55:29 | INFO    |         MSE=63.9043 RMSE=7.9940 MAE=7.1237 R^2=-0.3605
21:55:29 | INFO    |   [7/8] 模型五: VMD-SVR...
21:55:29 | DEBUG   |   [VMD优化] 最优K=4 (搜索范围[3, 4, 5, 6, 7], 频率分离阈值=1.5)
21:55:29 | INFO    |   [VMD-SVR] VMD最优K=4
21:55:29 | INFO    |   [VMD-SVR] IMF筛选: 4→4个 (保留[0, 1, 2, 3])
21:55:29 | INFO    |   [SVR超参数] kernel=rbf, C=[0.1, 1, 10, 100], gamma=['scale', 'auto', 0.01, 0.1], epsilon=[0.01, 0.05, 0.1, 0.2] | GridSearchCV(cv=3, scoring=neg_mse) | 输入特征数(input_features)=12 (4个IMF+4因子)
21:55:30 | INFO    |   [SVR最优参数] C=100, gamma=auto, epsilon=0.1
21:55:30 | INFO    |         MSE=101.5515 RMSE=10.0773 MAE=8.1211 R^2=-1.1619
21:55:30 | INFO    |   [图表] 特征重要性(transformer) → outputs/figures\feature_importance_transformer.png
21:55:30 | INFO    | 
21:55:30 | INFO    | [2/8] 处理 10kv交流避雷器 (arrester)...
21:55:30 | INFO    |   Top-4 影响因子: ['lightning_count', 'typhoon_count', 'rainstorm_count', 'load_growth']
21:55:30 | INFO    |   [特征工程] 原始4因子 + lag1/lag2 + month_sin/cos = 8维特征
21:55:30 | DEBUG   |   训练集: 48月, 测试集: 12月
21:55:30 | INFO    |   [3/8] 模型一: CatBoost...
21:55:30 | INFO    |   [CatBoost基线] iterations=1000, lr=0.03, depth=4, l2=5, RMSE, 仅4原始因子(无特征工程)
21:55:30 | INFO    |         MSE=609.3068 RMSE=24.6841 MAE=17.9801 R^2=0.5710
21:55:30 | INFO    |   [4/8] 模型二: VMD-CatBoost...
21:55:30 | DEBUG   |   [VMD优化] 最优K=3 (搜索范围[3, 4, 5, 6, 7], 频率分离阈值=1.5)
21:55:30 | INFO    |   [VMD-CatBoost] VMD最优K=3
21:55:30 | DEBUG   |   [IMF筛选] 剔除IMF[0] (相关度<0.1), 保留IMF[1, 2]
21:55:30 | INFO    |   [VMD-CatBoost] IMF筛选: 3→2个 (保留[1, 2])
21:55:31 | INFO    |         MSE=852.6627 RMSE=29.2004 MAE=22.6762 R^2=0.3996
21:55:38 | INFO    |   [图表] VMD分解图(arrester) → outputs/figures\vmd_decomposition_arrester.png
21:55:38 | INFO    |   [5/8] 模型三: VMD-LSTM-CatBoost...
21:55:38 | DEBUG   |   [VMD优化] 最优K=3 (搜索范围[3, 4, 5, 6, 7], 频率分离阈值=1.5)
21:55:38 | INFO    |   [VMD-LSTM-CatBoost] VMD最优K=3
21:55:38 | DEBUG   |   [IMF筛选] 剔除IMF[0] (相关度<0.1), 保留IMF[1, 2]
21:55:38 | INFO    |   [VMD-LSTM-CatBoost] IMF筛选: 3→3个 | 残差=IMF1(新idx=0), 模态=['IMF2', 'IMF3']
21:55:38 | INFO    |   [LSTM架构] MultiFeatureLSTM | input_size=5, hidden_size=6, num_layers=2, dropout=0.25, ReduceLROnPlateau | CNN/池化层: 无(本模型不使用卷积/池化)
21:55:38 | INFO    |   [训练配置] optimizer=Adam, lr=0.002, weight_decay=0.0001, epochs=1000, patience=60, loss=MSELoss, batch_size=full_batch(全批次), device=cpu | 训练样本数(train_samples)=42, 序列长度(seq_len)=6
21:55:38 | DEBUG   |   [LSTM收敛] epoch=137, best_loss=0.007396
21:55:38 | DEBUG   |   [LSTM架构] SingleFeatureLSTM | hidden_size=6, num_layers=2, dropout=0.25, ReduceLROnPlateau | CNN/池化层: 无(本模型不使用卷积/池化)
21:55:38 | DEBUG   |   [训练配置] optimizer=Adam, lr=0.002, weight_decay=0.0001, epochs=1000, patience=60, loss=MSELoss, batch_size=full_batch(全批次), device=cpu | 训练样本数(train_samples)=42, 序列长度(seq_len)=6
21:55:39 | DEBUG   |   [LSTM收敛] epoch=184, best_loss=0.083788
21:55:39 | DEBUG   |   [LSTM架构] SingleFeatureLSTM | hidden_size=6, num_layers=2, dropout=0.25, ReduceLROnPlateau | CNN/池化层: 无(本模型不使用卷积/池化)
21:55:39 | DEBUG   |   [训练配置] optimizer=Adam, lr=0.002, weight_decay=0.0001, epochs=1000, patience=60, loss=MSELoss, batch_size=full_batch(全批次), device=cpu | 训练样本数(train_samples)=42, 序列长度(seq_len)=6
21:55:40 | DEBUG   |   [LSTM收敛] epoch=234, best_loss=0.001460
21:55:41 | INFO    |         MSE=276.8908 RMSE=16.6400 MAE=13.1954 R^2=0.8050
21:55:41 | INFO    |   [6/8] 模型四: VMD-LSTM(直接求和)...
21:55:41 | DEBUG   |   [VMD优化] 最优K=3 (搜索范围[3, 4, 5, 6, 7], 频率分离阈值=1.5)
21:55:41 | INFO    |   [VMD-LSTM直接求和] VMD最优K=3 → 1×MultiFeatureLSTM(hidden=8,do=0.25) + N×SingleFeatureLSTM(hidden=6,do=0.25) → 直接求和 | 序列长度(seq_len)=6, 输入特征数(input_features)=4(top-4因子)
21:55:41 | DEBUG   |   [IMF筛选] 剔除IMF[0] (相关度<0.1), 保留IMF[1, 2]
21:55:41 | INFO    |   [VMD-LSTM直接求和] IMF筛选: 3→3个 | 残差=IMF1(新idx=0), 模态=['IMF2', 'IMF3']
21:55:41 | INFO    |   [LSTM架构] MultiFeatureLSTM | input_size=5, hidden_size=6, num_layers=2, dropout=0.25, ReduceLROnPlateau | CNN/池化层: 无(本模型不使用卷积/池化)
21:55:41 | INFO    |   [训练配置] optimizer=Adam, lr=0.002, weight_decay=0.0001, epochs=1000, patience=60, loss=MSELoss, batch_size=full_batch(全批次), device=cpu | 训练样本数(train_samples)=42, 序列长度(seq_len)=6
21:55:42 | DEBUG   |   [LSTM收敛] epoch=237, best_loss=0.001012
21:55:42 | DEBUG   |   [LSTM架构] SingleFeatureLSTM | hidden_size=6, num_layers=2, dropout=0.25, ReduceLROnPlateau | CNN/池化层: 无(本模型不使用卷积/池化)
21:55:42 | DEBUG   |   [训练配置] optimizer=Adam, lr=0.002, weight_decay=0.0001, epochs=1000, patience=60, loss=MSELoss, batch_size=full_batch(全批次), device=cpu | 训练样本数(train_samples)=42, 序列长度(seq_len)=6
21:55:44 | DEBUG   |   [LSTM收敛] epoch=431, best_loss=0.011382
21:55:44 | DEBUG   |   [LSTM架构] SingleFeatureLSTM | hidden_size=6, num_layers=2, dropout=0.25, ReduceLROnPlateau | CNN/池化层: 无(本模型不使用卷积/池化)
21:55:44 | DEBUG   |   [训练配置] optimizer=Adam, lr=0.002, weight_decay=0.0001, epochs=1000, patience=60, loss=MSELoss, batch_size=full_batch(全批次), device=cpu | 训练样本数(train_samples)=42, 序列长度(seq_len)=6
21:55:45 | DEBUG   |   [LSTM收敛] epoch=320, best_loss=0.002035
21:55:45 | INFO    |         MSE=1049.3995 RMSE=32.3944 MAE=23.7739 R^2=0.2611
21:55:45 | INFO    |   [7/8] 模型五: VMD-SVR...
21:55:45 | DEBUG   |   [VMD优化] 最优K=3 (搜索范围[3, 4, 5, 6, 7], 频率分离阈值=1.5)
21:55:45 | INFO    |   [VMD-SVR] VMD最优K=3
21:55:45 | DEBUG   |   [IMF筛选] 剔除IMF[0] (相关度<0.1), 保留IMF[1, 2]
21:55:45 | INFO    |   [VMD-SVR] IMF筛选: 3→2个 (保留[1, 2])
21:55:45 | INFO    |   [SVR超参数] kernel=rbf, C=[0.1, 1, 10, 100], gamma=['scale', 'auto', 0.01, 0.1], epsilon=[0.01, 0.05, 0.1, 0.2] | GridSearchCV(cv=3, scoring=neg_mse) | 输入特征数(input_features)=10 (2个IMF+4因子)
21:55:45 | INFO    |   [SVR最优参数] C=100, gamma=auto, epsilon=0.1
21:55:45 | INFO    |         MSE=1496.9713 RMSE=38.6907 MAE=29.4882 R^2=-0.0540
21:55:52 | INFO    |   [图表] 特征重要性(arrester) → outputs/figures\feature_importance_arrester.png
21:55:52 | INFO    | 
21:55:52 | INFO    | [8/8] 汇总评估与可视化...
21:55:52 | INFO    | 
21:55:52 | INFO    | ========================================================================================================================
21:55:52 | INFO    | 评估指标汇总表
21:55:52 | INFO    | ========================================================================================================================
21:55:52 | INFO    | 物资               模型                              MSE         RMSE          MAE          R^2
21:55:52 | INFO    | ------------------------------------------------------------------------------------------------------------------------
21:55:52 | INFO    | 10KV电缆           CatBoost                    79.9121       8.9394       7.4279       0.3016
21:55:52 | INFO    |                  VMD-CatBoost                64.5543       8.0346       5.8552       0.4358
21:55:52 | INFO    |                  VMD-LSTM-CatBoost           47.6000       6.8993       5.0104       0.5840
21:55:52 | INFO    |                  VMD-LSTM                   124.9118      11.1764       9.0855      -0.0917
21:55:52 | INFO    |                  VMD-SVR                     50.3899       7.0986       5.5725       0.5596
21:55:52 | INFO    | ------------------------------------------------------------------------------------------------------------------------
21:55:52 | INFO    | 柱上变压器台成套设备       CatBoost                    43.4654       6.5928       5.5905       0.0747
21:55:52 | INFO    |                  VMD-CatBoost                43.8463       6.6217       5.5085       0.0665
21:55:52 | INFO    |                  VMD-LSTM-CatBoost           16.4130       4.0513       3.2675       0.6506
21:55:52 | INFO    |                  VMD-LSTM                    63.9043       7.9940       7.1237      -0.3605
21:55:52 | INFO    |                  VMD-SVR                    101.5515      10.0773       8.1211      -1.1619
21:55:52 | INFO    | ------------------------------------------------------------------------------------------------------------------------
21:55:52 | INFO    | 10kv交流避雷器        CatBoost                   609.3068      24.6841      17.9801       0.5710
21:55:52 | INFO    |                  VMD-CatBoost               852.6627      29.2004      22.6762       0.3996
21:55:52 | INFO    |                  VMD-LSTM-CatBoost          276.8908      16.6400      13.1954       0.8050
21:55:52 | INFO    |                  VMD-LSTM                  1049.3995      32.3944      23.7739       0.2611
21:55:52 | INFO    |                  VMD-SVR                   1496.9713      38.6907      29.4882      -0.0540
21:55:52 | INFO    | ------------------------------------------------------------------------------------------------------------------------
21:55:52 | INFO    | 
21:55:52 | INFO    |   [文件] 指标JSON → outputs/figures\metrics_summary.json
21:55:54 | INFO    |   [图表] 预测对比图(cable) → outputs/figures\prediction_comparison_cable.png
21:55:56 | INFO    |   [图表] 预测对比图(transformer) → outputs/figures\prediction_comparison_transformer.png
21:56:00 | INFO    |   [图表] 预测对比图(arrester) → outputs/figures\prediction_comparison_arrester.png
21:56:05 | INFO    |   [图表] 指标对比图 → outputs/figures\metrics_comparison.png
21:56:05 | INFO    | 
21:56:05 | INFO    | ======================================================================
21:56:05 | INFO    |   模型性能排序 (按R^2)
21:56:05 | INFO    | ======================================================================
21:56:05 | INFO    |   10KV电缆: [1st] VMD-LSTM-CatBoost (R^2=0.5840)  [2nd] VMD-SVR (R^2=0.5596)  [3rd] VMD-CatBoost (R^2=0.4358)
21:56:05 | INFO    |   柱上变压器台成套设备: [1st] VMD-LSTM-CatBoost (R^2=0.6506)  [2nd] CatBoost (R^2=0.0747)  [3rd] VMD-CatBoost (R^2=0.0665)
21:56:05 | INFO    |   10kv交流避雷器: [1st] VMD-LSTM-CatBoost (R^2=0.8050)  [2nd] CatBoost (R^2=0.5710)  [3rd] VMD-CatBoost (R^2=0.3996)
21:56:05 | INFO    | 
21:56:05 | INFO    | 所有图表已保存至: C:\Users\lilacseeking\PycharmProjects\vmd-catboost\outputs\figures/
21:56:05 | INFO    | 日志文件: C:\Users\lilacseeking\PycharmProjects\vmd-catboost\outputs\logs\main_20260614_215456.log
21:56:05 | INFO    | 完成!
