21:51:33 | INFO    | ======================================================================
21:51:33 | INFO    |   配电网物资需求预测 —— VMD-CatBoost 模型对比实验
21:51:33 | INFO    |   物资: 10KV电缆 / 柱上变压器台成套设备 / 10kv交流避雷器
21:51:33 | INFO    |   模型: CatBoost / VMD-CatBoost / VMD-LSTM-CatBoost / VMD-LSTM / VMD-SVR
21:51:33 | INFO    | ======================================================================
21:51:33 | INFO    |   日志文件: outputs/logs\main_20260614_215133.log
21:51:33 | INFO    | [1/8] 加载数据...
21:51:33 | INFO    | 数据文件不存在，根据数据生成要求生成模拟数据...
21:51:33 | INFO    |   生成 Sheet[10KV电缆]: 60 条, demand范围=[0.00, 35.00]
21:51:33 | INFO    |   生成 Sheet[柱上变压器台成套设备]: 60 条, demand范围=[0.00, 18.00]
21:51:33 | INFO    |   生成 Sheet[10kv交流避雷器]: 60 条, demand范围=[0.00, 96.00]
21:51:33 | INFO    | 数据已保存至: C:\Users\lilacseeking\PycharmProjects\vmd-catboost\inputs\data\data.xlsx
21:51:43 | INFO    |   [图表] 需求量曲线 → outputs/figures\demand_curves_60m.png
21:51:43 | INFO    | 
21:51:43 | INFO    | [2/8] 处理 10KV电缆 (cable)...
21:51:43 | INFO    |   Top-4 影响因子: ['investment', 'history_demand', 'load_growth', 'equipment_cost']
21:51:43 | INFO    |   [特征工程] 原始4因子 + lag1/lag2 + month_sin/cos = 8维特征
21:51:43 | DEBUG   |   训练集: 48月, 测试集: 12月
21:51:43 | INFO    |   [3/8] 模型一: CatBoost...
21:51:43 | INFO    |   [CatBoost基线] iterations=1000, lr=0.03, depth=4, l2=5, RMSE, 仅4原始因子(无特征工程)
21:51:43 | INFO    |         MSE=102.1489 RMSE=10.1069 MAE=8.2390 R^2=0.2793
21:51:43 | INFO    |   [4/8] 模型二: VMD-CatBoost...
21:51:43 | DEBUG   |   [VMD优化] 最优K=3 (搜索范围[3, 4, 5, 6, 7], 频率分离阈值=1.5)
21:51:43 | INFO    |   [VMD-CatBoost] VMD最优K=3
21:51:43 | INFO    |   [VMD-CatBoost] IMF筛选: 3→3个 (保留[0, 1, 2])
21:51:44 | INFO    |         MSE=88.2935 RMSE=9.3965 MAE=6.7457 R^2=0.3771
21:51:49 | INFO    |   [图表] VMD分解图(cable) → outputs/figures\vmd_decomposition_cable.png
21:51:49 | INFO    |   [5/8] 模型三: VMD-LSTM-CatBoost...
21:51:49 | DEBUG   |   [VMD优化] 最优K=3 (搜索范围[3, 4, 5, 6, 7], 频率分离阈值=1.5)
21:51:49 | INFO    |   [VMD-LSTM-CatBoost] VMD最优K=3
21:51:49 | INFO    |   [VMD-LSTM-CatBoost] IMF筛选: 3→3个 | 残差=IMF1(新idx=0), 模态=['IMF2', 'IMF3']
21:51:49 | INFO    |   [LSTM架构] MultiFeatureLSTM | input_size=5, hidden_size=6, num_layers=2, dropout=0.25, ReduceLROnPlateau | CNN/池化层: 无(本模型不使用卷积/池化)
21:51:49 | INFO    |   [训练配置] optimizer=Adam, lr=0.002, weight_decay=0.0001, epochs=1000, patience=60, loss=MSELoss, batch_size=full_batch(全批次), device=cpu | 训练样本数(train_samples)=42, 序列长度(seq_len)=6
21:51:51 | DEBUG   |   [LSTM收敛] epoch=214, best_loss=0.008722
21:51:51 | DEBUG   |   [LSTM架构] SingleFeatureLSTM | hidden_size=6, num_layers=2, dropout=0.25, ReduceLROnPlateau | CNN/池化层: 无(本模型不使用卷积/池化)
21:51:51 | DEBUG   |   [训练配置] optimizer=Adam, lr=0.002, weight_decay=0.0001, epochs=1000, patience=60, loss=MSELoss, batch_size=full_batch(全批次), device=cpu | 训练样本数(train_samples)=42, 序列长度(seq_len)=6
21:51:52 | DEBUG   |   [LSTM收敛] epoch=121, best_loss=0.017735
21:51:52 | DEBUG   |   [LSTM架构] SingleFeatureLSTM | hidden_size=6, num_layers=2, dropout=0.25, ReduceLROnPlateau | CNN/池化层: 无(本模型不使用卷积/池化)
21:51:52 | DEBUG   |   [训练配置] optimizer=Adam, lr=0.002, weight_decay=0.0001, epochs=1000, patience=60, loss=MSELoss, batch_size=full_batch(全批次), device=cpu | 训练样本数(train_samples)=42, 序列长度(seq_len)=6
21:51:52 | DEBUG   |   [LSTM收敛] epoch=78, best_loss=0.002259
21:51:54 | INFO    |         MSE=65.6271 RMSE=8.1011 MAE=5.8766 R^2=0.5370
21:51:54 | INFO    |   [6/8] 模型四: VMD-LSTM(直接求和)...
21:51:54 | DEBUG   |   [VMD优化] 最优K=3 (搜索范围[3, 4, 5, 6, 7], 频率分离阈值=1.5)
21:51:54 | INFO    |   [VMD-LSTM直接求和] VMD最优K=3 → 1×MultiFeatureLSTM(hidden=8,do=0.25) + N×SingleFeatureLSTM(hidden=6,do=0.25) → 直接求和 | 序列长度(seq_len)=6, 输入特征数(input_features)=4(top-4因子)
21:51:54 | INFO    |   [VMD-LSTM直接求和] IMF筛选: 3→3个 | 残差=IMF1(新idx=0), 模态=['IMF2', 'IMF3']
21:51:54 | INFO    |   [LSTM架构] MultiFeatureLSTM | input_size=5, hidden_size=6, num_layers=2, dropout=0.25, ReduceLROnPlateau | CNN/池化层: 无(本模型不使用卷积/池化)
21:51:54 | INFO    |   [训练配置] optimizer=Adam, lr=0.002, weight_decay=0.0001, epochs=1000, patience=60, loss=MSELoss, batch_size=full_batch(全批次), device=cpu | 训练样本数(train_samples)=42, 序列长度(seq_len)=6
21:51:54 | DEBUG   |   [LSTM收敛] epoch=118, best_loss=0.005845
21:51:54 | DEBUG   |   [LSTM架构] SingleFeatureLSTM | hidden_size=6, num_layers=2, dropout=0.25, ReduceLROnPlateau | CNN/池化层: 无(本模型不使用卷积/池化)
21:51:54 | DEBUG   |   [训练配置] optimizer=Adam, lr=0.002, weight_decay=0.0001, epochs=1000, patience=60, loss=MSELoss, batch_size=full_batch(全批次), device=cpu | 训练样本数(train_samples)=42, 序列长度(seq_len)=6
21:51:54 | DEBUG   |   [LSTM收敛] epoch=117, best_loss=0.014786
21:51:54 | DEBUG   |   [LSTM架构] SingleFeatureLSTM | hidden_size=6, num_layers=2, dropout=0.25, ReduceLROnPlateau | CNN/池化层: 无(本模型不使用卷积/池化)
21:51:54 | DEBUG   |   [训练配置] optimizer=Adam, lr=0.002, weight_decay=0.0001, epochs=1000, patience=60, loss=MSELoss, batch_size=full_batch(全批次), device=cpu | 训练样本数(train_samples)=42, 序列长度(seq_len)=6
21:51:55 | DEBUG   |   [LSTM收敛] epoch=115, best_loss=0.002601
21:51:55 | INFO    |         MSE=154.3409 RMSE=12.4234 MAE=10.1137 R^2=-0.0889
21:51:55 | INFO    |   [7/8] 模型五: VMD-SVR...
21:51:55 | DEBUG   |   [VMD优化] 最优K=3 (搜索范围[3, 4, 5, 6, 7], 频率分离阈值=1.5)
21:51:55 | INFO    |   [VMD-SVR] VMD最优K=3
21:51:55 | INFO    |   [VMD-SVR] IMF筛选: 3→3个 (保留[0, 1, 2])
21:51:55 | INFO    |   [SVR超参数] kernel=rbf, C=[0.1, 1, 10, 100], gamma=['scale', 'auto', 0.01, 0.1], epsilon=[0.01, 0.05, 0.1, 0.2] | GridSearchCV(cv=3, scoring=neg_mse) | 输入特征数(input_features)=11 (3个IMF+4因子)
21:51:55 | INFO    |   [SVR最优参数] C=100, gamma=0.01, epsilon=0.05
21:51:55 | INFO    |         MSE=63.5601 RMSE=7.9725 MAE=6.1748 R^2=0.5516
21:51:56 | INFO    |   [图表] 特征重要性(cable) → outputs/figures\feature_importance_cable.png
21:51:56 | INFO    | 
21:51:56 | INFO    | [2/8] 处理 柱上变压器台成套设备 (transformer)...
21:51:56 | INFO    |   Top-4 影响因子: ['load_growth', 'investment', 'history_demand', 'equipment_cost']
21:51:56 | INFO    |   [特征工程] 原始4因子 + lag1/lag2 + month_sin/cos = 8维特征
21:51:56 | DEBUG   |   训练集: 48月, 测试集: 12月
21:51:56 | INFO    |   [3/8] 模型一: CatBoost...
21:51:56 | INFO    |   [CatBoost基线] iterations=1000, lr=0.03, depth=4, l2=5, RMSE, 仅4原始因子(无特征工程)
21:51:56 | INFO    |         MSE=43.4654 RMSE=6.5928 MAE=5.5905 R^2=0.0747
21:51:56 | INFO    |   [4/8] 模型二: VMD-CatBoost...
21:51:56 | DEBUG   |   [VMD优化] 最优K=4 (搜索范围[3, 4, 5, 6, 7], 频率分离阈值=1.5)
21:51:56 | INFO    |   [VMD-CatBoost] VMD最优K=4
21:51:56 | INFO    |   [VMD-CatBoost] IMF筛选: 4→4个 (保留[0, 1, 2, 3])
21:51:58 | INFO    |         MSE=43.8463 RMSE=6.6217 MAE=5.5085 R^2=0.0665
21:52:02 | INFO    |   [图表] VMD分解图(transformer) → outputs/figures\vmd_decomposition_transformer.png
21:52:02 | INFO    |   [5/8] 模型三: VMD-LSTM-CatBoost...
21:52:02 | DEBUG   |   [VMD优化] 最优K=4 (搜索范围[3, 4, 5, 6, 7], 频率分离阈值=1.5)
21:52:02 | INFO    |   [VMD-LSTM-CatBoost] VMD最优K=4
21:52:02 | INFO    |   [VMD-LSTM-CatBoost] IMF筛选: 4→4个 | 残差=IMF1(新idx=0), 模态=['IMF2', 'IMF3', 'IMF4']
21:52:02 | INFO    |   [LSTM架构] MultiFeatureLSTM | input_size=5, hidden_size=6, num_layers=2, dropout=0.25, ReduceLROnPlateau | CNN/池化层: 无(本模型不使用卷积/池化)
21:52:02 | INFO    |   [训练配置] optimizer=Adam, lr=0.002, weight_decay=0.0001, epochs=1000, patience=60, loss=MSELoss, batch_size=full_batch(全批次), device=cpu | 训练样本数(train_samples)=42, 序列长度(seq_len)=6
21:52:03 | DEBUG   |   [LSTM收敛] epoch=195, best_loss=0.013897
21:52:03 | DEBUG   |   [LSTM架构] SingleFeatureLSTM | hidden_size=6, num_layers=2, dropout=0.25, ReduceLROnPlateau | CNN/池化层: 无(本模型不使用卷积/池化)
21:52:03 | DEBUG   |   [训练配置] optimizer=Adam, lr=0.002, weight_decay=0.0001, epochs=1000, patience=60, loss=MSELoss, batch_size=full_batch(全批次), device=cpu | 训练样本数(train_samples)=42, 序列长度(seq_len)=6
21:52:03 | DEBUG   |   [LSTM收敛] epoch=124, best_loss=0.052111
21:52:03 | DEBUG   |   [LSTM架构] SingleFeatureLSTM | hidden_size=6, num_layers=2, dropout=0.25, ReduceLROnPlateau | CNN/池化层: 无(本模型不使用卷积/池化)
21:52:03 | DEBUG   |   [训练配置] optimizer=Adam, lr=0.002, weight_decay=0.0001, epochs=1000, patience=60, loss=MSELoss, batch_size=full_batch(全批次), device=cpu | 训练样本数(train_samples)=42, 序列长度(seq_len)=6
21:52:04 | DEBUG   |   [LSTM收敛] epoch=197, best_loss=0.009286
21:52:04 | DEBUG   |   [LSTM架构] SingleFeatureLSTM | hidden_size=6, num_layers=2, dropout=0.25, ReduceLROnPlateau | CNN/池化层: 无(本模型不使用卷积/池化)
21:52:04 | DEBUG   |   [训练配置] optimizer=Adam, lr=0.002, weight_decay=0.0001, epochs=1000, patience=60, loss=MSELoss, batch_size=full_batch(全批次), device=cpu | 训练样本数(train_samples)=42, 序列长度(seq_len)=6
21:52:05 | DEBUG   |   [LSTM收敛] epoch=99, best_loss=0.004918
21:52:06 | INFO    |         MSE=16.4130 RMSE=4.0513 MAE=3.2675 R^2=0.6506
21:52:06 | INFO    |   [6/8] 模型四: VMD-LSTM(直接求和)...
21:52:06 | DEBUG   |   [VMD优化] 最优K=4 (搜索范围[3, 4, 5, 6, 7], 频率分离阈值=1.5)
21:52:06 | INFO    |   [VMD-LSTM直接求和] VMD最优K=4 → 1×MultiFeatureLSTM(hidden=8,do=0.25) + N×SingleFeatureLSTM(hidden=6,do=0.25) → 直接求和 | 序列长度(seq_len)=6, 输入特征数(input_features)=4(top-4因子)
21:52:06 | INFO    |   [VMD-LSTM直接求和] IMF筛选: 4→4个 | 残差=IMF1(新idx=0), 模态=['IMF2', 'IMF3', 'IMF4']
21:52:06 | INFO    |   [LSTM架构] MultiFeatureLSTM | input_size=5, hidden_size=6, num_layers=2, dropout=0.25, ReduceLROnPlateau | CNN/池化层: 无(本模型不使用卷积/池化)
21:52:06 | INFO    |   [训练配置] optimizer=Adam, lr=0.002, weight_decay=0.0001, epochs=1000, patience=60, loss=MSELoss, batch_size=full_batch(全批次), device=cpu | 训练样本数(train_samples)=42, 序列长度(seq_len)=6
21:52:07 | DEBUG   |   [LSTM收敛] epoch=138, best_loss=0.002880
21:52:07 | DEBUG   |   [LSTM架构] SingleFeatureLSTM | hidden_size=6, num_layers=2, dropout=0.25, ReduceLROnPlateau | CNN/池化层: 无(本模型不使用卷积/池化)
21:52:07 | DEBUG   |   [训练配置] optimizer=Adam, lr=0.002, weight_decay=0.0001, epochs=1000, patience=60, loss=MSELoss, batch_size=full_batch(全批次), device=cpu | 训练样本数(train_samples)=42, 序列长度(seq_len)=6
21:52:07 | DEBUG   |   [LSTM收敛] epoch=133, best_loss=0.048149
21:52:07 | DEBUG   |   [LSTM架构] SingleFeatureLSTM | hidden_size=6, num_layers=2, dropout=0.25, ReduceLROnPlateau | CNN/池化层: 无(本模型不使用卷积/池化)
21:52:07 | DEBUG   |   [训练配置] optimizer=Adam, lr=0.002, weight_decay=0.0001, epochs=1000, patience=60, loss=MSELoss, batch_size=full_batch(全批次), device=cpu | 训练样本数(train_samples)=42, 序列长度(seq_len)=6
21:52:08 | DEBUG   |   [LSTM收敛] epoch=85, best_loss=0.010626
21:52:08 | DEBUG   |   [LSTM架构] SingleFeatureLSTM | hidden_size=6, num_layers=2, dropout=0.25, ReduceLROnPlateau | CNN/池化层: 无(本模型不使用卷积/池化)
21:52:08 | DEBUG   |   [训练配置] optimizer=Adam, lr=0.002, weight_decay=0.0001, epochs=1000, patience=60, loss=MSELoss, batch_size=full_batch(全批次), device=cpu | 训练样本数(train_samples)=42, 序列长度(seq_len)=6
21:52:09 | DEBUG   |   [LSTM收敛] epoch=281, best_loss=0.006115
21:52:09 | INFO    |         MSE=63.9043 RMSE=7.9940 MAE=7.1237 R^2=-0.3605
21:52:09 | INFO    |   [7/8] 模型五: VMD-SVR...
21:52:09 | DEBUG   |   [VMD优化] 最优K=4 (搜索范围[3, 4, 5, 6, 7], 频率分离阈值=1.5)
21:52:09 | INFO    |   [VMD-SVR] VMD最优K=4
21:52:09 | INFO    |   [VMD-SVR] IMF筛选: 4→4个 (保留[0, 1, 2, 3])
21:52:09 | INFO    |   [SVR超参数] kernel=rbf, C=[0.1, 1, 10, 100], gamma=['scale', 'auto', 0.01, 0.1], epsilon=[0.01, 0.05, 0.1, 0.2] | GridSearchCV(cv=3, scoring=neg_mse) | 输入特征数(input_features)=12 (4个IMF+4因子)
21:52:09 | INFO    |   [SVR最优参数] C=100, gamma=auto, epsilon=0.1
21:52:09 | INFO    |         MSE=101.5515 RMSE=10.0773 MAE=8.1211 R^2=-1.1619
21:52:10 | INFO    |   [图表] 特征重要性(transformer) → outputs/figures\feature_importance_transformer.png
21:52:10 | INFO    | 
21:52:10 | INFO    | [2/8] 处理 10kv交流避雷器 (arrester)...
21:52:10 | INFO    |   Top-4 影响因子: ['lightning_count', 'typhoon_count', 'rainstorm_count', 'load_growth']
21:52:10 | INFO    |   [特征工程] 原始4因子 + lag1/lag2 + month_sin/cos = 8维特征
21:52:10 | DEBUG   |   训练集: 48月, 测试集: 12月
21:52:10 | INFO    |   [3/8] 模型一: CatBoost...
21:52:10 | INFO    |   [CatBoost基线] iterations=1000, lr=0.03, depth=4, l2=5, RMSE, 仅4原始因子(无特征工程)
21:52:10 | INFO    |         MSE=605.5222 RMSE=24.6074 MAE=21.4944 R^2=0.5203
21:52:10 | INFO    |   [4/8] 模型二: VMD-CatBoost...
21:52:10 | DEBUG   |   [VMD优化] 最优K=3 (搜索范围[3, 4, 5, 6, 7], 频率分离阈值=1.5)
21:52:10 | INFO    |   [VMD-CatBoost] VMD最优K=3
21:52:10 | INFO    |   [VMD-CatBoost] IMF筛选: 3→3个 (保留[0, 1, 2])
21:52:10 | INFO    |         MSE=613.8843 RMSE=24.7767 MAE=23.2752 R^2=0.5137
21:52:17 | INFO    |   [图表] VMD分解图(arrester) → outputs/figures\vmd_decomposition_arrester.png
21:52:17 | INFO    |   [5/8] 模型三: VMD-LSTM-CatBoost...
21:52:17 | DEBUG   |   [VMD优化] 最优K=3 (搜索范围[3, 4, 5, 6, 7], 频率分离阈值=1.5)
21:52:17 | INFO    |   [VMD-LSTM-CatBoost] VMD最优K=3
21:52:17 | INFO    |   [VMD-LSTM-CatBoost] IMF筛选: 3→3个 | 残差=IMF1(新idx=0), 模态=['IMF2', 'IMF3']
21:52:17 | INFO    |   [LSTM架构] MultiFeatureLSTM | input_size=5, hidden_size=6, num_layers=2, dropout=0.25, ReduceLROnPlateau | CNN/池化层: 无(本模型不使用卷积/池化)
21:52:17 | INFO    |   [训练配置] optimizer=Adam, lr=0.002, weight_decay=0.0001, epochs=1000, patience=60, loss=MSELoss, batch_size=full_batch(全批次), device=cpu | 训练样本数(train_samples)=42, 序列长度(seq_len)=6
21:52:17 | DEBUG   |   [LSTM收敛] epoch=137, best_loss=0.007549
21:52:17 | DEBUG   |   [LSTM架构] SingleFeatureLSTM | hidden_size=6, num_layers=2, dropout=0.25, ReduceLROnPlateau | CNN/池化层: 无(本模型不使用卷积/池化)
21:52:17 | DEBUG   |   [训练配置] optimizer=Adam, lr=0.002, weight_decay=0.0001, epochs=1000, patience=60, loss=MSELoss, batch_size=full_batch(全批次), device=cpu | 训练样本数(train_samples)=42, 序列长度(seq_len)=6
21:52:18 | DEBUG   |   [LSTM收敛] epoch=168, best_loss=0.006722
21:52:18 | DEBUG   |   [LSTM架构] SingleFeatureLSTM | hidden_size=6, num_layers=2, dropout=0.25, ReduceLROnPlateau | CNN/池化层: 无(本模型不使用卷积/池化)
21:52:18 | DEBUG   |   [训练配置] optimizer=Adam, lr=0.002, weight_decay=0.0001, epochs=1000, patience=60, loss=MSELoss, batch_size=full_batch(全批次), device=cpu | 训练样本数(train_samples)=42, 序列长度(seq_len)=6
21:52:18 | DEBUG   |   [LSTM收敛] epoch=89, best_loss=0.004016
21:52:19 | INFO    |         MSE=459.6957 RMSE=21.4405 MAE=18.0237 R^2=0.6359
21:52:19 | INFO    |   [6/8] 模型四: VMD-LSTM(直接求和)...
21:52:19 | DEBUG   |   [VMD优化] 最优K=3 (搜索范围[3, 4, 5, 6, 7], 频率分离阈值=1.5)
21:52:19 | INFO    |   [VMD-LSTM直接求和] VMD最优K=3 → 1×MultiFeatureLSTM(hidden=8,do=0.25) + N×SingleFeatureLSTM(hidden=6,do=0.25) → 直接求和 | 序列长度(seq_len)=6, 输入特征数(input_features)=4(top-4因子)
21:52:19 | INFO    |   [VMD-LSTM直接求和] IMF筛选: 3→3个 | 残差=IMF1(新idx=0), 模态=['IMF2', 'IMF3']
21:52:19 | INFO    |   [LSTM架构] MultiFeatureLSTM | input_size=5, hidden_size=6, num_layers=2, dropout=0.25, ReduceLROnPlateau | CNN/池化层: 无(本模型不使用卷积/池化)
21:52:19 | INFO    |   [训练配置] optimizer=Adam, lr=0.002, weight_decay=0.0001, epochs=1000, patience=60, loss=MSELoss, batch_size=full_batch(全批次), device=cpu | 训练样本数(train_samples)=42, 序列长度(seq_len)=6
21:52:20 | DEBUG   |   [LSTM收敛] epoch=116, best_loss=0.015300
21:52:20 | DEBUG   |   [LSTM架构] SingleFeatureLSTM | hidden_size=6, num_layers=2, dropout=0.25, ReduceLROnPlateau | CNN/池化层: 无(本模型不使用卷积/池化)
21:52:20 | DEBUG   |   [训练配置] optimizer=Adam, lr=0.002, weight_decay=0.0001, epochs=1000, patience=60, loss=MSELoss, batch_size=full_batch(全批次), device=cpu | 训练样本数(train_samples)=42, 序列长度(seq_len)=6
21:52:20 | DEBUG   |   [LSTM收敛] epoch=93, best_loss=0.010564
21:52:20 | DEBUG   |   [LSTM架构] SingleFeatureLSTM | hidden_size=6, num_layers=2, dropout=0.25, ReduceLROnPlateau | CNN/池化层: 无(本模型不使用卷积/池化)
21:52:20 | DEBUG   |   [训练配置] optimizer=Adam, lr=0.002, weight_decay=0.0001, epochs=1000, patience=60, loss=MSELoss, batch_size=full_batch(全批次), device=cpu | 训练样本数(train_samples)=42, 序列长度(seq_len)=6
21:52:21 | DEBUG   |   [LSTM收敛] epoch=117, best_loss=0.005732
21:52:21 | INFO    |         MSE=1308.2807 RMSE=36.1702 MAE=33.5895 R^2=-0.0363
21:52:21 | INFO    |   [7/8] 模型五: VMD-SVR...
21:52:21 | DEBUG   |   [VMD优化] 最优K=3 (搜索范围[3, 4, 5, 6, 7], 频率分离阈值=1.5)
21:52:21 | INFO    |   [VMD-SVR] VMD最优K=3
21:52:21 | INFO    |   [VMD-SVR] IMF筛选: 3→3个 (保留[0, 1, 2])
21:52:21 | INFO    |   [SVR超参数] kernel=rbf, C=[0.1, 1, 10, 100], gamma=['scale', 'auto', 0.01, 0.1], epsilon=[0.01, 0.05, 0.1, 0.2] | GridSearchCV(cv=3, scoring=neg_mse) | 输入特征数(input_features)=11 (3个IMF+4因子)
21:52:21 | INFO    |   [SVR最优参数] C=100, gamma=auto, epsilon=0.1
21:52:21 | INFO    |         MSE=396.2787 RMSE=19.9068 MAE=15.7903 R^2=0.6861
21:52:27 | INFO    |   [图表] 特征重要性(arrester) → outputs/figures\feature_importance_arrester.png
21:52:27 | INFO    | 
21:52:27 | INFO    | [8/8] 汇总评估与可视化...
21:52:27 | INFO    | 
21:52:27 | INFO    | ========================================================================================================================
21:52:27 | INFO    | 评估指标汇总表
21:52:27 | INFO    | ========================================================================================================================
21:52:27 | INFO    | 物资               模型                              MSE         RMSE          MAE          R^2
21:52:27 | INFO    | ------------------------------------------------------------------------------------------------------------------------
21:52:27 | INFO    | 10KV电缆           CatBoost                   102.1489      10.1069       8.2390       0.2793
21:52:27 | INFO    |                  VMD-CatBoost                88.2935       9.3965       6.7457       0.3771
21:52:27 | INFO    |                  VMD-LSTM-CatBoost           65.6271       8.1011       5.8766       0.5370
21:52:27 | INFO    |                  VMD-LSTM                   154.3409      12.4234      10.1137      -0.0889
21:52:27 | INFO    |                  VMD-SVR                     63.5601       7.9725       6.1748       0.5516
21:52:27 | INFO    | ------------------------------------------------------------------------------------------------------------------------
21:52:27 | INFO    | 柱上变压器台成套设备       CatBoost                    43.4654       6.5928       5.5905       0.0747
21:52:27 | INFO    |                  VMD-CatBoost                43.8463       6.6217       5.5085       0.0665
21:52:27 | INFO    |                  VMD-LSTM-CatBoost           16.4130       4.0513       3.2675       0.6506
21:52:27 | INFO    |                  VMD-LSTM                    63.9043       7.9940       7.1237      -0.3605
21:52:27 | INFO    |                  VMD-SVR                    101.5515      10.0773       8.1211      -1.1619
21:52:27 | INFO    | ------------------------------------------------------------------------------------------------------------------------
21:52:27 | INFO    | 10kv交流避雷器        CatBoost                   605.5222      24.6074      21.4944       0.5203
21:52:27 | INFO    |                  VMD-CatBoost               613.8843      24.7767      23.2752       0.5137
21:52:27 | INFO    |                  VMD-LSTM-CatBoost          459.6957      21.4405      18.0237       0.6359
21:52:27 | INFO    |                  VMD-LSTM                  1308.2807      36.1702      33.5895      -0.0363
21:52:27 | INFO    |                  VMD-SVR                    396.2787      19.9068      15.7903       0.6861
21:52:27 | INFO    | ------------------------------------------------------------------------------------------------------------------------
21:52:27 | INFO    | 
21:52:27 | INFO    |   [文件] 指标JSON → outputs/figures\metrics_summary.json
21:52:29 | INFO    |   [图表] 预测对比图(cable) → outputs/figures\prediction_comparison_cable.png
21:52:32 | INFO    |   [图表] 预测对比图(transformer) → outputs/figures\prediction_comparison_transformer.png
21:52:36 | INFO    |   [图表] 预测对比图(arrester) → outputs/figures\prediction_comparison_arrester.png
21:52:41 | INFO    |   [图表] 指标对比图 → outputs/figures\metrics_comparison.png
21:52:41 | INFO    | 
21:52:41 | INFO    | ======================================================================
21:52:41 | INFO    |   模型性能排序 (按R^2)
21:52:41 | INFO    | ======================================================================
21:52:41 | INFO    |   10KV电缆: [1st] VMD-SVR (R^2=0.5516)  [2nd] VMD-LSTM-CatBoost (R^2=0.5370)  [3rd] VMD-CatBoost (R^2=0.3771)
21:52:41 | INFO    |   柱上变压器台成套设备: [1st] VMD-LSTM-CatBoost (R^2=0.6506)  [2nd] CatBoost (R^2=0.0747)  [3rd] VMD-CatBoost (R^2=0.0665)
21:52:41 | INFO    |   10kv交流避雷器: [1st] VMD-SVR (R^2=0.6861)  [2nd] VMD-LSTM-CatBoost (R^2=0.6359)  [3rd] CatBoost (R^2=0.5203)
21:52:41 | INFO    | 
21:52:41 | INFO    | 所有图表已保存至: C:\Users\lilacseeking\PycharmProjects\vmd-catboost\outputs\figures/
21:52:41 | INFO    | 日志文件: C:\Users\lilacseeking\PycharmProjects\vmd-catboost\outputs\logs\main_20260614_215133.log
21:52:41 | INFO    | 完成!
