13:59:10 | INFO    | ======================================================================
13:59:10 | INFO    |   配电网物资需求预测 —— VMD-CatBoost 模型对比实验
13:59:10 | INFO    |   物资: 10KV电缆 / 柱上变压器台成套设备 / 10kv交流避雷器
13:59:10 | INFO    |   模型: CatBoost / VMD-CatBoost / VMD-LSTM-CatBoost / VMD-LSTM / VMD-SVR
13:59:10 | INFO    | ======================================================================
13:59:10 | INFO    |   日志文件: outputs/logs\main_20260614_135910.log
13:59:10 | INFO    | [1/8] 加载数据...
13:59:10 | INFO    | 读取已有数据文件: inputs/data\data.xlsx
13:59:11 | INFO    |   Sheet[10KV电缆]: 60 条, demand范围=[0.00, 30.00]
13:59:11 | INFO    |   Sheet[柱上变压器台成套设备]: 60 条, demand范围=[0.00, 15.00]
13:59:11 | INFO    |   Sheet[10kv交流避雷器]: 60 条, demand范围=[0.00, 100.00]
13:59:11 | INFO    | 
13:59:11 | INFO    | [2/8] 处理 10KV电缆 (cable)...
13:59:11 | INFO    |   Top-4 影响因子: ['investment', 'history_demand', 'load_growth', 'equipment_cost']
13:59:11 | DEBUG   |   训练集: 48月, 测试集: 12月
13:59:11 | INFO    |   [3/8] 模型一: CatBoost...
13:59:11 | INFO    |   [CatBoost超参数] iterations=500, learning_rate=0.03, depth=4, l2_leaf_reg=5, loss_function=RMSE, early_stopping_rounds=30, random_seed=42 | 输入特征数(input_features)=4
13:59:11 | INFO    |         MSE=94.7554 RMSE=9.7342 MAE=8.1009 R^2=0.3380
13:59:11 | INFO    |   [4/8] 模型二: VMD-CatBoost...
13:59:11 | DEBUG   |   [VMD优化] 最优K=5 (搜索范围[3, 4, 5, 6, 7], 频率分离阈值=1.5)
13:59:11 | INFO    |   [VMD-CatBoost] VMD最优K=5
13:59:11 | INFO    |   [VMD-CatBoost] IMF筛选: 5→5个 (保留[0, 1, 2, 3, 4])
13:59:11 | INFO    |         MSE=264.7526 RMSE=16.2712 MAE=14.6604 R^2=-0.8496
13:59:19 | INFO    |   [图表] VMD分解图(cable) → outputs/figures\vmd_decomposition_cable.png
13:59:19 | INFO    |   [5/8] 模型三: VMD-LSTM-CatBoost...
13:59:19 | DEBUG   |   [VMD优化] 最优K=5 (搜索范围[3, 4, 5, 6, 7], 频率分离阈值=1.5)
13:59:19 | INFO    |   [VMD-LSTM-CatBoost] VMD最优K=5
13:59:19 | INFO    |   [VMD-LSTM-CatBoost] IMF筛选: 5→5个 | 残差=IMF1(新idx=0), 模态=['IMF2', 'IMF3', 'IMF4', 'IMF5']
13:59:19 | INFO    |   [LSTM架构] MultiFeatureLSTM | input_size=5, hidden_size=6, num_layers=1, dropout=0(已移除) | CNN/池化层: 无(本模型不使用卷积/池化)
13:59:19 | INFO    |   [训练配置] optimizer=Adam, lr=0.005, weight_decay=0.0001, epochs=400, patience=50, loss=MSELoss, batch_size=full_batch(全批次), device=cpu | 训练样本数(train_samples)=21, 序列长度(seq_len)=6
13:59:21 | DEBUG   |   [LSTM收敛] epoch=400(max), best_loss=0.000748
13:59:21 | DEBUG   |   [LSTM架构] SingleFeatureLSTM | hidden_size=4, num_layers=1, dropout=0(已移除) | CNN/池化层: 无(本模型不使用卷积/池化)
13:59:21 | DEBUG   |   [训练配置] optimizer=Adam, lr=0.005, weight_decay=0.0001, epochs=400, patience=50, loss=MSELoss, batch_size=full_batch(全批次), device=cpu | 训练样本数(train_samples)=21, 序列长度(seq_len)=6
13:59:22 | DEBUG   |   [LSTM收敛] epoch=400(max), best_loss=0.000086
13:59:22 | DEBUG   |   [LSTM架构] SingleFeatureLSTM | hidden_size=4, num_layers=1, dropout=0(已移除) | CNN/池化层: 无(本模型不使用卷积/池化)
13:59:22 | DEBUG   |   [训练配置] optimizer=Adam, lr=0.005, weight_decay=0.0001, epochs=400, patience=50, loss=MSELoss, batch_size=full_batch(全批次), device=cpu | 训练样本数(train_samples)=21, 序列长度(seq_len)=6
13:59:22 | DEBUG   |   [LSTM收敛] epoch=222, best_loss=0.000118
13:59:22 | DEBUG   |   [LSTM架构] SingleFeatureLSTM | hidden_size=4, num_layers=1, dropout=0(已移除) | CNN/池化层: 无(本模型不使用卷积/池化)
13:59:22 | DEBUG   |   [训练配置] optimizer=Adam, lr=0.005, weight_decay=0.0001, epochs=400, patience=50, loss=MSELoss, batch_size=full_batch(全批次), device=cpu | 训练样本数(train_samples)=21, 序列长度(seq_len)=6
13:59:23 | DEBUG   |   [LSTM收敛] epoch=400(max), best_loss=0.000583
13:59:23 | DEBUG   |   [LSTM架构] SingleFeatureLSTM | hidden_size=4, num_layers=1, dropout=0(已移除) | CNN/池化层: 无(本模型不使用卷积/池化)
13:59:23 | DEBUG   |   [训练配置] optimizer=Adam, lr=0.005, weight_decay=0.0001, epochs=400, patience=50, loss=MSELoss, batch_size=full_batch(全批次), device=cpu | 训练样本数(train_samples)=21, 序列长度(seq_len)=6
13:59:24 | DEBUG   |   [LSTM收敛] epoch=400(max), best_loss=0.001067
13:59:24 | INFO    |         MSE=154.4151 RMSE=12.4264 MAE=7.6322 R^2=-0.0788
13:59:24 | INFO    |   [6/8] 模型四: VMD-LSTM(直接求和)...
13:59:24 | DEBUG   |   [VMD优化] 最优K=5 (搜索范围[3, 4, 5, 6, 7], 频率分离阈值=1.5)
13:59:24 | INFO    |   [VMD-LSTM直接求和] VMD最优K=5 → 1×MultiFeatureLSTM(hidden=6) + N×SingleFeatureLSTM(hidden=4) → 直接求和 | 序列长度(seq_len)=6, 输入特征数(input_features)=4(top-4因子)
13:59:24 | INFO    |   [VMD-LSTM直接求和] IMF筛选: 5→5个 | 残差=IMF1(新idx=0), 模态=['IMF2', 'IMF3', 'IMF4', 'IMF5']
13:59:24 | INFO    |   [LSTM架构] MultiFeatureLSTM | input_size=5, hidden_size=6, num_layers=1, dropout=0(已移除) | CNN/池化层: 无(本模型不使用卷积/池化)
13:59:24 | INFO    |   [训练配置] optimizer=Adam, lr=0.005, weight_decay=0.0001, epochs=400, patience=50, loss=MSELoss, batch_size=full_batch(全批次), device=cpu | 训练样本数(train_samples)=21, 序列长度(seq_len)=6
13:59:25 | DEBUG   |   [LSTM收敛] epoch=400(max), best_loss=0.000021
13:59:25 | DEBUG   |   [LSTM架构] SingleFeatureLSTM | hidden_size=4, num_layers=1, dropout=0(已移除) | CNN/池化层: 无(本模型不使用卷积/池化)
13:59:25 | DEBUG   |   [训练配置] optimizer=Adam, lr=0.005, weight_decay=0.0001, epochs=400, patience=50, loss=MSELoss, batch_size=full_batch(全批次), device=cpu | 训练样本数(train_samples)=21, 序列长度(seq_len)=6
13:59:26 | DEBUG   |   [LSTM收敛] epoch=400(max), best_loss=0.000140
13:59:26 | DEBUG   |   [LSTM架构] SingleFeatureLSTM | hidden_size=4, num_layers=1, dropout=0(已移除) | CNN/池化层: 无(本模型不使用卷积/池化)
13:59:26 | DEBUG   |   [训练配置] optimizer=Adam, lr=0.005, weight_decay=0.0001, epochs=400, patience=50, loss=MSELoss, batch_size=full_batch(全批次), device=cpu | 训练样本数(train_samples)=21, 序列长度(seq_len)=6
13:59:26 | DEBUG   |   [LSTM收敛] epoch=400(max), best_loss=0.000263
13:59:26 | DEBUG   |   [LSTM架构] SingleFeatureLSTM | hidden_size=4, num_layers=1, dropout=0(已移除) | CNN/池化层: 无(本模型不使用卷积/池化)
13:59:26 | DEBUG   |   [训练配置] optimizer=Adam, lr=0.005, weight_decay=0.0001, epochs=400, patience=50, loss=MSELoss, batch_size=full_batch(全批次), device=cpu | 训练样本数(train_samples)=21, 序列长度(seq_len)=6
13:59:27 | DEBUG   |   [LSTM收敛] epoch=400(max), best_loss=0.000150
13:59:27 | DEBUG   |   [LSTM架构] SingleFeatureLSTM | hidden_size=4, num_layers=1, dropout=0(已移除) | CNN/池化层: 无(本模型不使用卷积/池化)
13:59:27 | DEBUG   |   [训练配置] optimizer=Adam, lr=0.005, weight_decay=0.0001, epochs=400, patience=50, loss=MSELoss, batch_size=full_batch(全批次), device=cpu | 训练样本数(train_samples)=21, 序列长度(seq_len)=6
13:59:28 | DEBUG   |   [LSTM收敛] epoch=400(max), best_loss=0.000776
13:59:28 | INFO    |         MSE=175.4184 RMSE=13.2446 MAE=10.3542 R^2=-0.2255
13:59:28 | INFO    |   [7/8] 模型五: VMD-SVR...
13:59:28 | DEBUG   |   [VMD优化] 最优K=5 (搜索范围[3, 4, 5, 6, 7], 频率分离阈值=1.5)
13:59:28 | INFO    |   [VMD-SVR] VMD最优K=5
13:59:28 | INFO    |   [VMD-SVR] IMF筛选: 5→5个 (保留[0, 1, 2, 3, 4])
13:59:28 | INFO    |   [SVR超参数] kernel=rbf, C=[0.1, 1, 10, 100], gamma=['scale', 'auto', 0.01, 0.1], epsilon=[0.01, 0.05, 0.1, 0.2] | GridSearchCV(cv=3, scoring=neg_mse) | 输入特征数(input_features)=9 (5个IMF+4因子)
13:59:28 | INFO    |   [SVR最优参数] C=100, gamma=0.01, epsilon=0.01
13:59:28 | INFO    |         MSE=534.4153 RMSE=23.1174 MAE=19.8908 R^2=-2.7335
13:59:29 | INFO    |   [图表] 特征重要性(cable) → outputs/figures\feature_importance_cable.png
13:59:29 | INFO    | 
13:59:29 | INFO    | [2/8] 处理 柱上变压器台成套设备 (transformer)...
13:59:29 | INFO    |   Top-4 影响因子: ['load_growth', 'investment', 'history_demand', 'equipment_cost']
13:59:29 | DEBUG   |   训练集: 48月, 测试集: 12月
13:59:29 | INFO    |   [3/8] 模型一: CatBoost...
13:59:29 | INFO    |   [CatBoost超参数] iterations=500, learning_rate=0.03, depth=4, l2_leaf_reg=5, loss_function=RMSE, early_stopping_rounds=30, random_seed=42 | 输入特征数(input_features)=4
13:59:29 | INFO    |         MSE=26.8465 RMSE=5.1814 MAE=4.1369 R^2=0.3636
13:59:29 | INFO    |   [4/8] 模型二: VMD-CatBoost...
13:59:29 | DEBUG   |   [VMD优化] 最优K=5 (搜索范围[3, 4, 5, 6, 7], 频率分离阈值=1.5)
13:59:29 | INFO    |   [VMD-CatBoost] VMD最优K=5
13:59:29 | INFO    |   [VMD-CatBoost] IMF筛选: 5→5个 (保留[0, 1, 2, 3, 4])
13:59:29 | INFO    |         MSE=90.3788 RMSE=9.5068 MAE=8.6033 R^2=-1.1423
13:59:34 | INFO    |   [图表] VMD分解图(transformer) → outputs/figures\vmd_decomposition_transformer.png
13:59:34 | INFO    |   [5/8] 模型三: VMD-LSTM-CatBoost...
13:59:34 | DEBUG   |   [VMD优化] 最优K=5 (搜索范围[3, 4, 5, 6, 7], 频率分离阈值=1.5)
13:59:34 | INFO    |   [VMD-LSTM-CatBoost] VMD最优K=5
13:59:34 | INFO    |   [VMD-LSTM-CatBoost] IMF筛选: 5→5个 | 残差=IMF1(新idx=0), 模态=['IMF2', 'IMF3', 'IMF4', 'IMF5']
13:59:34 | INFO    |   [LSTM架构] MultiFeatureLSTM | input_size=5, hidden_size=6, num_layers=1, dropout=0(已移除) | CNN/池化层: 无(本模型不使用卷积/池化)
13:59:34 | INFO    |   [训练配置] optimizer=Adam, lr=0.005, weight_decay=0.0001, epochs=400, patience=50, loss=MSELoss, batch_size=full_batch(全批次), device=cpu | 训练样本数(train_samples)=21, 序列长度(seq_len)=6
13:59:35 | DEBUG   |   [LSTM收敛] epoch=400(max), best_loss=0.002501
13:59:35 | DEBUG   |   [LSTM架构] SingleFeatureLSTM | hidden_size=4, num_layers=1, dropout=0(已移除) | CNN/池化层: 无(本模型不使用卷积/池化)
13:59:35 | DEBUG   |   [训练配置] optimizer=Adam, lr=0.005, weight_decay=0.0001, epochs=400, patience=50, loss=MSELoss, batch_size=full_batch(全批次), device=cpu | 训练样本数(train_samples)=21, 序列长度(seq_len)=6
13:59:35 | DEBUG   |   [LSTM收敛] epoch=400(max), best_loss=0.000062
13:59:35 | DEBUG   |   [LSTM架构] SingleFeatureLSTM | hidden_size=4, num_layers=1, dropout=0(已移除) | CNN/池化层: 无(本模型不使用卷积/池化)
13:59:35 | DEBUG   |   [训练配置] optimizer=Adam, lr=0.005, weight_decay=0.0001, epochs=400, patience=50, loss=MSELoss, batch_size=full_batch(全批次), device=cpu | 训练样本数(train_samples)=21, 序列长度(seq_len)=6
13:59:36 | DEBUG   |   [LSTM收敛] epoch=367, best_loss=0.000132
13:59:36 | DEBUG   |   [LSTM架构] SingleFeatureLSTM | hidden_size=4, num_layers=1, dropout=0(已移除) | CNN/池化层: 无(本模型不使用卷积/池化)
13:59:36 | DEBUG   |   [训练配置] optimizer=Adam, lr=0.005, weight_decay=0.0001, epochs=400, patience=50, loss=MSELoss, batch_size=full_batch(全批次), device=cpu | 训练样本数(train_samples)=21, 序列长度(seq_len)=6
13:59:37 | DEBUG   |   [LSTM收敛] epoch=400(max), best_loss=0.000492
13:59:37 | DEBUG   |   [LSTM架构] SingleFeatureLSTM | hidden_size=4, num_layers=1, dropout=0(已移除) | CNN/池化层: 无(本模型不使用卷积/池化)
13:59:37 | DEBUG   |   [训练配置] optimizer=Adam, lr=0.005, weight_decay=0.0001, epochs=400, patience=50, loss=MSELoss, batch_size=full_batch(全批次), device=cpu | 训练样本数(train_samples)=21, 序列长度(seq_len)=6
13:59:38 | DEBUG   |   [LSTM收敛] epoch=400(max), best_loss=0.000061
13:59:38 | INFO    |         MSE=29.1404 RMSE=5.3982 MAE=3.0265 R^2=0.3093
13:59:38 | INFO    |   [6/8] 模型四: VMD-LSTM(直接求和)...
13:59:38 | DEBUG   |   [VMD优化] 最优K=5 (搜索范围[3, 4, 5, 6, 7], 频率分离阈值=1.5)
13:59:38 | INFO    |   [VMD-LSTM直接求和] VMD最优K=5 → 1×MultiFeatureLSTM(hidden=6) + N×SingleFeatureLSTM(hidden=4) → 直接求和 | 序列长度(seq_len)=6, 输入特征数(input_features)=4(top-4因子)
13:59:38 | INFO    |   [VMD-LSTM直接求和] IMF筛选: 5→5个 | 残差=IMF1(新idx=0), 模态=['IMF2', 'IMF3', 'IMF4', 'IMF5']
13:59:38 | INFO    |   [LSTM架构] MultiFeatureLSTM | input_size=5, hidden_size=6, num_layers=1, dropout=0(已移除) | CNN/池化层: 无(本模型不使用卷积/池化)
13:59:38 | INFO    |   [训练配置] optimizer=Adam, lr=0.005, weight_decay=0.0001, epochs=400, patience=50, loss=MSELoss, batch_size=full_batch(全批次), device=cpu | 训练样本数(train_samples)=21, 序列长度(seq_len)=6
13:59:39 | DEBUG   |   [LSTM收敛] epoch=400(max), best_loss=0.001120
13:59:39 | DEBUG   |   [LSTM架构] SingleFeatureLSTM | hidden_size=4, num_layers=1, dropout=0(已移除) | CNN/池化层: 无(本模型不使用卷积/池化)
13:59:39 | DEBUG   |   [训练配置] optimizer=Adam, lr=0.005, weight_decay=0.0001, epochs=400, patience=50, loss=MSELoss, batch_size=full_batch(全批次), device=cpu | 训练样本数(train_samples)=21, 序列长度(seq_len)=6
13:59:40 | DEBUG   |   [LSTM收敛] epoch=400(max), best_loss=0.000094
13:59:40 | DEBUG   |   [LSTM架构] SingleFeatureLSTM | hidden_size=4, num_layers=1, dropout=0(已移除) | CNN/池化层: 无(本模型不使用卷积/池化)
13:59:40 | DEBUG   |   [训练配置] optimizer=Adam, lr=0.005, weight_decay=0.0001, epochs=400, patience=50, loss=MSELoss, batch_size=full_batch(全批次), device=cpu | 训练样本数(train_samples)=21, 序列长度(seq_len)=6
13:59:41 | DEBUG   |   [LSTM收敛] epoch=215, best_loss=0.000127
13:59:41 | DEBUG   |   [LSTM架构] SingleFeatureLSTM | hidden_size=4, num_layers=1, dropout=0(已移除) | CNN/池化层: 无(本模型不使用卷积/池化)
13:59:41 | DEBUG   |   [训练配置] optimizer=Adam, lr=0.005, weight_decay=0.0001, epochs=400, patience=50, loss=MSELoss, batch_size=full_batch(全批次), device=cpu | 训练样本数(train_samples)=21, 序列长度(seq_len)=6
13:59:42 | DEBUG   |   [LSTM收敛] epoch=400(max), best_loss=0.000078
13:59:42 | DEBUG   |   [LSTM架构] SingleFeatureLSTM | hidden_size=4, num_layers=1, dropout=0(已移除) | CNN/池化层: 无(本模型不使用卷积/池化)
13:59:42 | DEBUG   |   [训练配置] optimizer=Adam, lr=0.005, weight_decay=0.0001, epochs=400, patience=50, loss=MSELoss, batch_size=full_batch(全批次), device=cpu | 训练样本数(train_samples)=21, 序列长度(seq_len)=6
13:59:43 | DEBUG   |   [LSTM收敛] epoch=400(max), best_loss=0.001516
13:59:43 | INFO    |         MSE=61.8992 RMSE=7.8676 MAE=6.1125 R^2=-0.4672
13:59:43 | INFO    |   [7/8] 模型五: VMD-SVR...
13:59:43 | DEBUG   |   [VMD优化] 最优K=5 (搜索范围[3, 4, 5, 6, 7], 频率分离阈值=1.5)
13:59:43 | INFO    |   [VMD-SVR] VMD最优K=5
13:59:43 | INFO    |   [VMD-SVR] IMF筛选: 5→5个 (保留[0, 1, 2, 3, 4])
13:59:43 | INFO    |   [SVR超参数] kernel=rbf, C=[0.1, 1, 10, 100], gamma=['scale', 'auto', 0.01, 0.1], epsilon=[0.01, 0.05, 0.1, 0.2] | GridSearchCV(cv=3, scoring=neg_mse) | 输入特征数(input_features)=9 (5个IMF+4因子)
13:59:43 | INFO    |   [SVR最优参数] C=100, gamma=0.1, epsilon=0.05
13:59:43 | INFO    |         MSE=148.7008 RMSE=12.1943 MAE=10.7241 R^2=-2.5248
13:59:43 | INFO    |   [图表] 特征重要性(transformer) → outputs/figures\feature_importance_transformer.png
13:59:43 | INFO    | 
13:59:43 | INFO    | [2/8] 处理 10kv交流避雷器 (arrester)...
13:59:43 | INFO    |   Top-4 影响因子: ['lightning_count', 'typhoon_count', 'rainstorm_count', 'load_growth']
13:59:43 | DEBUG   |   训练集: 48月, 测试集: 12月
13:59:43 | INFO    |   [3/8] 模型一: CatBoost...
13:59:43 | INFO    |   [CatBoost超参数] iterations=800, learning_rate=0.02, depth=6, l2_leaf_reg=5, loss_function=RMSE, early_stopping_rounds=30, random_seed=42 | 输入特征数(input_features)=4
13:59:44 | INFO    |         MSE=3066.2317 RMSE=55.3736 MAE=50.0181 R^2=-0.5462
13:59:44 | INFO    |   [4/8] 模型二: VMD-CatBoost...
13:59:44 | DEBUG   |   [VMD优化] 最优K=3 (搜索范围[3, 4, 5, 6, 7], 频率分离阈值=1.5)
13:59:44 | INFO    |   [VMD-CatBoost] VMD最优K=3
13:59:44 | INFO    |   [VMD-CatBoost] IMF筛选: 3→3个 (保留[0, 1, 2])
13:59:44 | INFO    |         MSE=2628.2666 RMSE=51.2666 MAE=43.4840 R^2=-0.3253
13:59:51 | INFO    |   [图表] VMD分解图(arrester) → outputs/figures\vmd_decomposition_arrester.png
13:59:51 | INFO    |   [5/8] 模型三: VMD-LSTM-CatBoost...
13:59:51 | DEBUG   |   [VMD优化] 最优K=3 (搜索范围[3, 4, 5, 6, 7], 频率分离阈值=1.5)
13:59:51 | INFO    |   [VMD-LSTM-CatBoost] VMD最优K=3
13:59:51 | INFO    |   [VMD-LSTM-CatBoost] IMF筛选: 3→3个 | 残差=IMF1(新idx=0), 模态=['IMF2', 'IMF3']
13:59:51 | INFO    |   [LSTM架构] MultiFeatureLSTM | input_size=5, hidden_size=6, num_layers=1, dropout=0(已移除) | CNN/池化层: 无(本模型不使用卷积/池化)
13:59:51 | INFO    |   [训练配置] optimizer=Adam, lr=0.005, weight_decay=0.0001, epochs=400, patience=50, loss=MSELoss, batch_size=full_batch(全批次), device=cpu | 训练样本数(train_samples)=21, 序列长度(seq_len)=6
13:59:51 | DEBUG   |   [LSTM收敛] epoch=400(max), best_loss=0.000715
13:59:51 | DEBUG   |   [LSTM架构] SingleFeatureLSTM | hidden_size=4, num_layers=1, dropout=0(已移除) | CNN/池化层: 无(本模型不使用卷积/池化)
13:59:51 | DEBUG   |   [训练配置] optimizer=Adam, lr=0.005, weight_decay=0.0001, epochs=400, patience=50, loss=MSELoss, batch_size=full_batch(全批次), device=cpu | 训练样本数(train_samples)=21, 序列长度(seq_len)=6
13:59:52 | DEBUG   |   [LSTM收敛] epoch=400(max), best_loss=0.001110
13:59:52 | DEBUG   |   [LSTM架构] SingleFeatureLSTM | hidden_size=4, num_layers=1, dropout=0(已移除) | CNN/池化层: 无(本模型不使用卷积/池化)
13:59:52 | DEBUG   |   [训练配置] optimizer=Adam, lr=0.005, weight_decay=0.0001, epochs=400, patience=50, loss=MSELoss, batch_size=full_batch(全批次), device=cpu | 训练样本数(train_samples)=21, 序列长度(seq_len)=6
13:59:53 | DEBUG   |   [LSTM收敛] epoch=400(max), best_loss=0.000457
13:59:53 | INFO    |         MSE=3964.5509 RMSE=62.9647 MAE=51.6153 R^2=-0.9992
13:59:53 | INFO    |   [6/8] 模型四: VMD-LSTM(直接求和)...
13:59:53 | DEBUG   |   [VMD优化] 最优K=3 (搜索范围[3, 4, 5, 6, 7], 频率分离阈值=1.5)
13:59:53 | INFO    |   [VMD-LSTM直接求和] VMD最优K=3 → 1×MultiFeatureLSTM(hidden=6) + N×SingleFeatureLSTM(hidden=4) → 直接求和 | 序列长度(seq_len)=6, 输入特征数(input_features)=4(top-4因子)
13:59:53 | INFO    |   [VMD-LSTM直接求和] IMF筛选: 3→3个 | 残差=IMF1(新idx=0), 模态=['IMF2', 'IMF3']
13:59:53 | INFO    |   [LSTM架构] MultiFeatureLSTM | input_size=5, hidden_size=6, num_layers=1, dropout=0(已移除) | CNN/池化层: 无(本模型不使用卷积/池化)
13:59:53 | INFO    |   [训练配置] optimizer=Adam, lr=0.005, weight_decay=0.0001, epochs=400, patience=50, loss=MSELoss, batch_size=full_batch(全批次), device=cpu | 训练样本数(train_samples)=21, 序列长度(seq_len)=6
13:59:54 | DEBUG   |   [LSTM收敛] epoch=400(max), best_loss=0.000676
13:59:54 | DEBUG   |   [LSTM架构] SingleFeatureLSTM | hidden_size=4, num_layers=1, dropout=0(已移除) | CNN/池化层: 无(本模型不使用卷积/池化)
13:59:54 | DEBUG   |   [训练配置] optimizer=Adam, lr=0.005, weight_decay=0.0001, epochs=400, patience=50, loss=MSELoss, batch_size=full_batch(全批次), device=cpu | 训练样本数(train_samples)=21, 序列长度(seq_len)=6
13:59:55 | DEBUG   |   [LSTM收敛] epoch=400(max), best_loss=0.000602
13:59:55 | DEBUG   |   [LSTM架构] SingleFeatureLSTM | hidden_size=4, num_layers=1, dropout=0(已移除) | CNN/池化层: 无(本模型不使用卷积/池化)
13:59:55 | DEBUG   |   [训练配置] optimizer=Adam, lr=0.005, weight_decay=0.0001, epochs=400, patience=50, loss=MSELoss, batch_size=full_batch(全批次), device=cpu | 训练样本数(train_samples)=21, 序列长度(seq_len)=6
13:59:56 | DEBUG   |   [LSTM收敛] epoch=400(max), best_loss=0.000479
13:59:56 | INFO    |         MSE=3295.0780 RMSE=57.4028 MAE=52.6420 R^2=-0.6616
13:59:56 | INFO    |   [7/8] 模型五: VMD-SVR...
13:59:56 | DEBUG   |   [VMD优化] 最优K=3 (搜索范围[3, 4, 5, 6, 7], 频率分离阈值=1.5)
13:59:56 | INFO    |   [VMD-SVR] VMD最优K=3
13:59:56 | INFO    |   [VMD-SVR] IMF筛选: 3→3个 (保留[0, 1, 2])
13:59:56 | INFO    |   [SVR超参数] kernel=rbf, C=[0.1, 1, 10, 100], gamma=['scale', 'auto', 0.01, 0.1], epsilon=[0.01, 0.05, 0.1, 0.2] | GridSearchCV(cv=3, scoring=neg_mse) | 输入特征数(input_features)=7 (3个IMF+4因子)
13:59:56 | INFO    |   [SVR最优参数] C=10, gamma=0.1, epsilon=0.1
13:59:56 | INFO    |         MSE=2773.4407 RMSE=52.6635 MAE=45.6126 R^2=-0.3986
14:00:02 | INFO    |   [图表] 特征重要性(arrester) → outputs/figures\feature_importance_arrester.png
14:00:02 | INFO    | 
14:00:02 | INFO    | [8/8] 汇总评估与可视化...
14:00:02 | INFO    | 
14:00:02 | INFO    | ========================================================================================================================
14:00:02 | INFO    | 评估指标汇总表
14:00:02 | INFO    | ========================================================================================================================
14:00:02 | INFO    | 物资               模型                              MSE         RMSE          MAE          R^2
14:00:02 | INFO    | ------------------------------------------------------------------------------------------------------------------------
14:00:02 | INFO    | 10KV电缆           CatBoost                    94.7554       9.7342       8.1009       0.3380
14:00:02 | INFO    |                  VMD-CatBoost               264.7526      16.2712      14.6604      -0.8496
14:00:02 | INFO    |                  VMD-LSTM-CatBoost          154.4151      12.4264       7.6322      -0.0788
14:00:02 | INFO    |                  VMD-LSTM                   175.4184      13.2446      10.3542      -0.2255
14:00:02 | INFO    |                  VMD-SVR                    534.4153      23.1174      19.8908      -2.7335
14:00:02 | INFO    | ------------------------------------------------------------------------------------------------------------------------
14:00:02 | INFO    | 柱上变压器台成套设备       CatBoost                    26.8465       5.1814       4.1369       0.3636
14:00:02 | INFO    |                  VMD-CatBoost                90.3788       9.5068       8.6033      -1.1423
14:00:02 | INFO    |                  VMD-LSTM-CatBoost           29.1404       5.3982       3.0265       0.3093
14:00:02 | INFO    |                  VMD-LSTM                    61.8992       7.8676       6.1125      -0.4672
14:00:02 | INFO    |                  VMD-SVR                    148.7008      12.1943      10.7241      -2.5248
14:00:02 | INFO    | ------------------------------------------------------------------------------------------------------------------------
14:00:02 | INFO    | 10kv交流避雷器        CatBoost                  3066.2317      55.3736      50.0181      -0.5462
14:00:02 | INFO    |                  VMD-CatBoost              2628.2666      51.2666      43.4840      -0.3253
14:00:02 | INFO    |                  VMD-LSTM-CatBoost         3964.5509      62.9647      51.6153      -0.9992
14:00:02 | INFO    |                  VMD-LSTM                  3295.0780      57.4028      52.6420      -0.6616
14:00:02 | INFO    |                  VMD-SVR                   2773.4407      52.6635      45.6126      -0.3986
14:00:02 | INFO    | ------------------------------------------------------------------------------------------------------------------------
14:00:02 | INFO    | 
14:00:02 | INFO    |   [文件] 指标JSON → outputs/figures\metrics_summary.json
14:00:04 | INFO    |   [图表] 预测对比图(cable) → outputs/figures\prediction_comparison_cable.png
14:00:06 | INFO    |   [图表] 预测对比图(transformer) → outputs/figures\prediction_comparison_transformer.png
14:00:11 | INFO    |   [图表] 预测对比图(arrester) → outputs/figures\prediction_comparison_arrester.png
14:00:15 | INFO    |   [图表] 指标对比图 → outputs/figures\metrics_comparison.png
14:00:15 | INFO    | 
14:00:15 | INFO    | ======================================================================
14:00:15 | INFO    |   模型性能排序 (按R^2)
14:00:15 | INFO    | ======================================================================
14:00:15 | INFO    |   10KV电缆: [1st] CatBoost (R^2=0.3380)  [2nd] VMD-LSTM-CatBoost (R^2=-0.0788)  [3rd] VMD-LSTM (R^2=-0.2255)
14:00:15 | INFO    |   柱上变压器台成套设备: [1st] CatBoost (R^2=0.3636)  [2nd] VMD-LSTM-CatBoost (R^2=0.3093)  [3rd] VMD-LSTM (R^2=-0.4672)
14:00:15 | INFO    |   10kv交流避雷器: [1st] VMD-CatBoost (R^2=-0.3253)  [2nd] VMD-SVR (R^2=-0.3986)  [3rd] CatBoost (R^2=-0.5462)
14:00:15 | INFO    | 
14:00:15 | INFO    | 所有图表已保存至: C:\Users\lilacseeking\PycharmProjects\vmd-catboost\outputs\figures/
14:00:15 | INFO    | 日志文件: C:\Users\lilacseeking\PycharmProjects\vmd-catboost\outputs\logs\main_20260614_135910.log
14:00:15 | INFO    | 完成!
