17:27:19 | INFO    | ======================================================================
17:27:19 | INFO    |   配电网物资需求预测 —— VMD-CatBoost 模型对比实验
17:27:19 | INFO    |   物资: 10KV电缆 / 柱上变压器台成套设备 / 10kv交流避雷器
17:27:19 | INFO    |   模型: CatBoost / VMD-CatBoost / VMD-LSTM-CatBoost / VMD-LSTM / VMD-SVR
17:27:19 | INFO    | ======================================================================
17:27:19 | INFO    |   日志文件: outputs/logs\main_20260615_172719.log
17:27:19 | INFO    | [1/8] 加载数据...
17:27:19 | INFO    | 读取已有数据文件: inputs/data\data.xlsx
17:27:19 | INFO    |   Sheet[10KV电缆]: 60 条, demand范围=[0.00, 30.00]
17:27:19 | INFO    |   Sheet[柱上变压器台成套设备]: 60 条, demand范围=[0.00, 18.00]
17:27:19 | INFO    |   Sheet[10kv交流避雷器]: 60 条, demand范围=[0.00, 80.00]
17:27:28 | INFO    |   [图表] 需求量曲线 → outputs/figures\demand_curves_60m.png
17:27:28 | INFO    | 
17:27:28 | INFO    | [2/8] 处理 10KV电缆 (cable)...
17:27:28 | INFO    |   Top-4 影响因子: ['investment', 'history_demand', 'load_growth', 'equipment_cost']
17:27:28 | INFO    |   [特征工程] 原始4因子 + lag1/lag2 + month_sin/cos = 8维特征
17:27:28 | DEBUG   |   训练集: 48月, 测试集: 12月
17:27:28 | INFO    |   [3/8] 模型一: CatBoost...
17:27:28 | INFO    |   [CatBoost基线] iterations=1500, lr=0.02, depth=6, l2=3, RMSE, 全8维特征
17:27:29 | INFO    |         MSE=58.6607 RMSE=7.6590 MAE=5.7293 R^2=0.2695
17:27:29 | INFO    |   [4/8] 模型二: VMD-CatBoost...
17:27:29 | DEBUG   |   [VMD优化] 最优K=3 (搜索范围[2, 3, 4, 5, 6], 频率分离阈值=1.5)
17:27:29 | INFO    |   [VMD-CatBoost] VMD最优K=3
17:27:29 | INFO    |   [VMD-CatBoost] IMF筛选: 3→3个 (保留[0, 1, 2])
17:27:29 | INFO    |         MSE=52.9203 RMSE=7.2746 MAE=5.9659 R^2=0.3410
17:27:33 | INFO    |   [图表] VMD分解图(cable) → outputs/figures\vmd_decomposition_cable.png
17:27:33 | INFO    |   [5/8] 模型三: VMD-LSTM-CatBoost...
17:27:33 | DEBUG   |   [VMD优化] 最优K=3 (搜索范围[2, 3, 4, 5, 6], 频率分离阈值=1.5)
17:27:33 | INFO    |   [VMD-LSTM-CatBoost] VMD最优K=3
17:27:33 | INFO    |   [VMD-LSTM-CatBoost] IMF筛选: 3→3个 | 残差=IMF1(新idx=0), 模态=['IMF2', 'IMF3']
17:27:33 | INFO    |   [LSTM架构] MultiFeatureLSTM | input_size=5, hidden_size=6, num_layers=2, dropout=0.25, ReduceLROnPlateau | CNN/池化层: 无(本模型不使用卷积/池化)
17:27:33 | INFO    |   [训练配置] optimizer=Adam, lr=0.002, weight_decay=0.0001, epochs=1000, patience=60, loss=MSELoss, batch_size=full_batch(全批次), device=cpu | 训练样本数(train_samples)=42, 序列长度(seq_len)=6
17:27:36 | DEBUG   |   [LSTM收敛] epoch=230, best_loss=0.000927
17:27:36 | DEBUG   |   [LSTM架构] SingleFeatureLSTM | hidden_size=6, num_layers=2, dropout=0.25, ReduceLROnPlateau | CNN/池化层: 无(本模型不使用卷积/池化)
17:27:36 | DEBUG   |   [训练配置] optimizer=Adam, lr=0.002, weight_decay=0.0001, epochs=1000, patience=60, loss=MSELoss, batch_size=full_batch(全批次), device=cpu | 训练样本数(train_samples)=42, 序列长度(seq_len)=6
17:27:36 | DEBUG   |   [LSTM收敛] epoch=202, best_loss=0.013049
17:27:36 | DEBUG   |   [LSTM架构] SingleFeatureLSTM | hidden_size=6, num_layers=2, dropout=0.25, ReduceLROnPlateau | CNN/池化层: 无(本模型不使用卷积/池化)
17:27:36 | DEBUG   |   [训练配置] optimizer=Adam, lr=0.002, weight_decay=0.0001, epochs=1000, patience=60, loss=MSELoss, batch_size=full_batch(全批次), device=cpu | 训练样本数(train_samples)=42, 序列长度(seq_len)=6
17:27:37 | DEBUG   |   [LSTM收敛] epoch=125, best_loss=0.002739
17:27:38 | INFO    |         MSE=68.0632 RMSE=8.2500 MAE=6.3209 R^2=0.1524
17:27:38 | INFO    |   [6/8] 模型四: VMD-LSTM(直接求和)...
17:27:38 | DEBUG   |   [VMD优化] 最优K=3 (搜索范围[2, 3, 4, 5, 6], 频率分离阈值=1.5)
17:27:38 | INFO    |   [VMD-LSTM直接求和] VMD最优K=3 → 1×MultiFeatureLSTM(hidden=8,do=0.25) + N×SingleFeatureLSTM(hidden=6,do=0.25) → 直接求和 | 序列长度(seq_len)=6, 输入特征数(input_features)=4(top-4因子)
17:27:38 | INFO    |   [VMD-LSTM直接求和] IMF筛选: 3→3个 | 残差=IMF1(新idx=0), 模态=['IMF2', 'IMF3']
17:27:38 | INFO    |   [LSTM架构] MultiFeatureLSTM | input_size=5, hidden_size=6, num_layers=2, dropout=0.25, ReduceLROnPlateau | CNN/池化层: 无(本模型不使用卷积/池化)
17:27:38 | INFO    |   [训练配置] optimizer=Adam, lr=0.002, weight_decay=0.0001, epochs=1000, patience=60, loss=MSELoss, batch_size=full_batch(全批次), device=cpu | 训练样本数(train_samples)=42, 序列长度(seq_len)=6
17:27:38 | DEBUG   |   [LSTM收敛] epoch=197, best_loss=0.003222
17:27:38 | DEBUG   |   [LSTM架构] SingleFeatureLSTM | hidden_size=6, num_layers=2, dropout=0.25, ReduceLROnPlateau | CNN/池化层: 无(本模型不使用卷积/池化)
17:27:38 | DEBUG   |   [训练配置] optimizer=Adam, lr=0.002, weight_decay=0.0001, epochs=1000, patience=60, loss=MSELoss, batch_size=full_batch(全批次), device=cpu | 训练样本数(train_samples)=42, 序列长度(seq_len)=6
17:27:39 | DEBUG   |   [LSTM收敛] epoch=219, best_loss=0.011656
17:27:39 | DEBUG   |   [LSTM架构] SingleFeatureLSTM | hidden_size=6, num_layers=2, dropout=0.25, ReduceLROnPlateau | CNN/池化层: 无(本模型不使用卷积/池化)
17:27:39 | DEBUG   |   [训练配置] optimizer=Adam, lr=0.002, weight_decay=0.0001, epochs=1000, patience=60, loss=MSELoss, batch_size=full_batch(全批次), device=cpu | 训练样本数(train_samples)=42, 序列长度(seq_len)=6
17:27:40 | DEBUG   |   [LSTM收敛] epoch=278, best_loss=0.002939
17:27:40 | INFO    |         MSE=91.6771 RMSE=9.5748 MAE=8.0049 R^2=-0.1416
17:27:40 | INFO    |   [7/8] 模型五: VMD-SVR...
17:27:40 | DEBUG   |   [VMD优化] 最优K=3 (搜索范围[2, 3, 4, 5, 6], 频率分离阈值=1.5)
17:27:40 | INFO    |   [VMD-SVR] VMD最优K=3
17:27:40 | INFO    |   [VMD-SVR] IMF筛选: 3→3个 (保留[0, 1, 2])
17:27:40 | INFO    |   [SVR超参数] kernel=rbf, C=[0.1, 1, 10, 100], gamma=['scale', 'auto', 0.01, 0.1], epsilon=[0.01, 0.05, 0.1, 0.2] | GridSearchCV(cv=3, scoring=neg_mse) | 输入特征数(input_features)=11 (3个IMF+4因子)
17:27:40 | INFO    |   [SVR最优参数] C=100, gamma=0.01, epsilon=0.01
17:27:40 | INFO    |         MSE=69.1118 RMSE=8.3134 MAE=6.5432 R^2=0.1394
17:27:41 | INFO    |   [图表] 特征重要性(cable) → outputs/figures\feature_importance_cable.png
17:27:41 | INFO    | 
17:27:41 | INFO    | [2/8] 处理 柱上变压器台成套设备 (transformer)...
17:27:41 | INFO    |   Top-4 影响因子: ['load_growth', 'investment', 'history_demand', 'equipment_cost']
17:27:41 | INFO    |   [特征工程] 原始4因子 + lag1/lag2 + month_sin/cos = 8维特征
17:27:41 | DEBUG   |   训练集: 48月, 测试集: 12月
17:27:41 | INFO    |   [3/8] 模型一: CatBoost...
17:27:41 | INFO    |   [CatBoost基线] iterations=1500, lr=0.02, depth=6, l2=3, RMSE, 全8维特征
17:27:41 | INFO    |         MSE=56.9071 RMSE=7.5437 MAE=6.8103 R^2=-1.1060
17:27:41 | INFO    |   [4/8] 模型二: VMD-CatBoost...
17:27:41 | DEBUG   |   [VMD优化] 最优K=4 (搜索范围[2, 3, 4, 5, 6], 频率分离阈值=1.5)
17:27:41 | INFO    |   [VMD-CatBoost] VMD最优K=4
17:27:41 | INFO    |   [VMD-CatBoost] IMF筛选: 4→4个 (保留[0, 1, 2, 3])
17:27:41 | INFO    |         MSE=61.4385 RMSE=7.8383 MAE=6.9273 R^2=-1.2737
17:27:46 | INFO    |   [图表] VMD分解图(transformer) → outputs/figures\vmd_decomposition_transformer.png
17:27:46 | INFO    |   [5/8] 模型三: VMD-LSTM-CatBoost...
17:27:46 | DEBUG   |   [VMD优化] 最优K=4 (搜索范围[2, 3, 4, 5, 6], 频率分离阈值=1.5)
17:27:46 | INFO    |   [VMD-LSTM-CatBoost] VMD最优K=4
17:27:46 | INFO    |   [VMD-LSTM-CatBoost] IMF筛选: 4→4个 | 残差=IMF1(新idx=0), 模态=['IMF2', 'IMF3', 'IMF4']
17:27:46 | INFO    |   [LSTM架构] MultiFeatureLSTM | input_size=5, hidden_size=6, num_layers=2, dropout=0.25, ReduceLROnPlateau | CNN/池化层: 无(本模型不使用卷积/池化)
17:27:46 | INFO    |   [训练配置] optimizer=Adam, lr=0.002, weight_decay=0.0001, epochs=1000, patience=60, loss=MSELoss, batch_size=full_batch(全批次), device=cpu | 训练样本数(train_samples)=42, 序列长度(seq_len)=6
17:27:46 | DEBUG   |   [LSTM收敛] epoch=127, best_loss=0.001163
17:27:46 | DEBUG   |   [LSTM架构] SingleFeatureLSTM | hidden_size=6, num_layers=2, dropout=0.25, ReduceLROnPlateau | CNN/池化层: 无(本模型不使用卷积/池化)
17:27:46 | DEBUG   |   [训练配置] optimizer=Adam, lr=0.002, weight_decay=0.0001, epochs=1000, patience=60, loss=MSELoss, batch_size=full_batch(全批次), device=cpu | 训练样本数(train_samples)=42, 序列长度(seq_len)=6
17:27:47 | DEBUG   |   [LSTM收敛] epoch=193, best_loss=0.062212
17:27:47 | DEBUG   |   [LSTM架构] SingleFeatureLSTM | hidden_size=6, num_layers=2, dropout=0.25, ReduceLROnPlateau | CNN/池化层: 无(本模型不使用卷积/池化)
17:27:47 | DEBUG   |   [训练配置] optimizer=Adam, lr=0.002, weight_decay=0.0001, epochs=1000, patience=60, loss=MSELoss, batch_size=full_batch(全批次), device=cpu | 训练样本数(train_samples)=42, 序列长度(seq_len)=6
17:27:48 | DEBUG   |   [LSTM收敛] epoch=265, best_loss=0.013996
17:27:48 | DEBUG   |   [LSTM架构] SingleFeatureLSTM | hidden_size=6, num_layers=2, dropout=0.25, ReduceLROnPlateau | CNN/池化层: 无(本模型不使用卷积/池化)
17:27:48 | DEBUG   |   [训练配置] optimizer=Adam, lr=0.002, weight_decay=0.0001, epochs=1000, patience=60, loss=MSELoss, batch_size=full_batch(全批次), device=cpu | 训练样本数(train_samples)=42, 序列长度(seq_len)=6
17:27:48 | DEBUG   |   [LSTM收敛] epoch=129, best_loss=0.005182
17:27:50 | INFO    |         MSE=59.6363 RMSE=7.7225 MAE=6.7721 R^2=-1.2071
17:27:50 | INFO    |   [6/8] 模型四: VMD-LSTM(直接求和)...
17:27:50 | DEBUG   |   [VMD优化] 最优K=4 (搜索范围[2, 3, 4, 5, 6], 频率分离阈值=1.5)
17:27:50 | INFO    |   [VMD-LSTM直接求和] VMD最优K=4 → 1×MultiFeatureLSTM(hidden=8,do=0.25) + N×SingleFeatureLSTM(hidden=6,do=0.25) → 直接求和 | 序列长度(seq_len)=6, 输入特征数(input_features)=4(top-4因子)
17:27:50 | INFO    |   [VMD-LSTM直接求和] IMF筛选: 4→4个 | 残差=IMF1(新idx=0), 模态=['IMF2', 'IMF3', 'IMF4']
17:27:50 | INFO    |   [LSTM架构] MultiFeatureLSTM | input_size=5, hidden_size=6, num_layers=2, dropout=0.25, ReduceLROnPlateau | CNN/池化层: 无(本模型不使用卷积/池化)
17:27:50 | INFO    |   [训练配置] optimizer=Adam, lr=0.002, weight_decay=0.0001, epochs=1000, patience=60, loss=MSELoss, batch_size=full_batch(全批次), device=cpu | 训练样本数(train_samples)=42, 序列长度(seq_len)=6
17:27:50 | DEBUG   |   [LSTM收敛] epoch=134, best_loss=0.004673
17:27:50 | DEBUG   |   [LSTM架构] SingleFeatureLSTM | hidden_size=6, num_layers=2, dropout=0.25, ReduceLROnPlateau | CNN/池化层: 无(本模型不使用卷积/池化)
17:27:50 | DEBUG   |   [训练配置] optimizer=Adam, lr=0.002, weight_decay=0.0001, epochs=1000, patience=60, loss=MSELoss, batch_size=full_batch(全批次), device=cpu | 训练样本数(train_samples)=42, 序列长度(seq_len)=6
17:27:51 | DEBUG   |   [LSTM收敛] epoch=131, best_loss=0.062816
17:27:51 | DEBUG   |   [LSTM架构] SingleFeatureLSTM | hidden_size=6, num_layers=2, dropout=0.25, ReduceLROnPlateau | CNN/池化层: 无(本模型不使用卷积/池化)
17:27:51 | DEBUG   |   [训练配置] optimizer=Adam, lr=0.002, weight_decay=0.0001, epochs=1000, patience=60, loss=MSELoss, batch_size=full_batch(全批次), device=cpu | 训练样本数(train_samples)=42, 序列长度(seq_len)=6
17:27:52 | DEBUG   |   [LSTM收敛] epoch=195, best_loss=0.009544
17:27:52 | DEBUG   |   [LSTM架构] SingleFeatureLSTM | hidden_size=6, num_layers=2, dropout=0.25, ReduceLROnPlateau | CNN/池化层: 无(本模型不使用卷积/池化)
17:27:52 | DEBUG   |   [训练配置] optimizer=Adam, lr=0.002, weight_decay=0.0001, epochs=1000, patience=60, loss=MSELoss, batch_size=full_batch(全批次), device=cpu | 训练样本数(train_samples)=42, 序列长度(seq_len)=6
17:27:53 | DEBUG   |   [LSTM收敛] epoch=205, best_loss=0.010459
17:27:53 | INFO    |         MSE=39.4304 RMSE=6.2794 MAE=5.3833 R^2=-0.4593
17:27:53 | INFO    |   [7/8] 模型五: VMD-SVR...
17:27:53 | DEBUG   |   [VMD优化] 最优K=4 (搜索范围[2, 3, 4, 5, 6], 频率分离阈值=1.5)
17:27:53 | INFO    |   [VMD-SVR] VMD最优K=4
17:27:53 | INFO    |   [VMD-SVR] IMF筛选: 4→4个 (保留[0, 1, 2, 3])
17:27:53 | INFO    |   [SVR超参数] kernel=rbf, C=[0.1, 1, 10, 100], gamma=['scale', 'auto', 0.01, 0.1], epsilon=[0.01, 0.05, 0.1, 0.2] | GridSearchCV(cv=3, scoring=neg_mse) | 输入特征数(input_features)=12 (4个IMF+4因子)
17:27:53 | INFO    |   [SVR最优参数] C=100, gamma=0.01, epsilon=0.01
17:27:53 | INFO    |         MSE=162.3790 RMSE=12.7428 MAE=11.7445 R^2=-5.0094
17:27:54 | INFO    |   [图表] 特征重要性(transformer) → outputs/figures\feature_importance_transformer.png
17:27:54 | INFO    | 
17:27:54 | INFO    | [2/8] 处理 10kv交流避雷器 (arrester)...
17:27:54 | INFO    |   Top-4 影响因子: ['lightning_count', 'typhoon_count', 'rainstorm_count', 'load_growth']
17:27:54 | INFO    |   [特征工程] 原始4因子 + lag1/lag2 + month_sin/cos = 8维特征
17:27:54 | DEBUG   |   训练集: 48月, 测试集: 12月
17:27:54 | INFO    |   [3/8] 模型一: CatBoost...
17:27:54 | INFO    |   [CatBoost基线] iterations=1500, lr=0.02, depth=6, l2=3, RMSE, 全8维特征
17:27:54 | INFO    |         MSE=230.2776 RMSE=15.1749 MAE=10.5659 R^2=0.3740
17:27:54 | INFO    |   [4/8] 模型二: VMD-CatBoost...
17:27:54 | DEBUG   |   [VMD优化] 最优K=3 (搜索范围[2, 3, 4, 5, 6], 频率分离阈值=1.5)
17:27:54 | INFO    |   [VMD-CatBoost] VMD最优K=3
17:27:54 | INFO    |   [VMD-CatBoost] IMF筛选: 3→3个 (保留[0, 1, 2])
17:27:54 | INFO    |         MSE=297.7084 RMSE=17.2542 MAE=11.3449 R^2=0.1907
17:28:01 | INFO    |   [图表] VMD分解图(arrester) → outputs/figures\vmd_decomposition_arrester.png
17:28:01 | INFO    |   [5/8] 模型三: VMD-LSTM-CatBoost...
17:28:01 | DEBUG   |   [VMD优化] 最优K=3 (搜索范围[2, 3, 4, 5, 6], 频率分离阈值=1.5)
17:28:01 | INFO    |   [VMD-LSTM-CatBoost] VMD最优K=3
17:28:01 | INFO    |   [VMD-LSTM-CatBoost] IMF筛选: 3→3个 | 残差=IMF1(新idx=0), 模态=['IMF2', 'IMF3']
17:28:01 | INFO    |   [LSTM架构] MultiFeatureLSTM | input_size=5, hidden_size=6, num_layers=2, dropout=0.25, ReduceLROnPlateau | CNN/池化层: 无(本模型不使用卷积/池化)
17:28:01 | INFO    |   [训练配置] optimizer=Adam, lr=0.002, weight_decay=0.0001, epochs=1000, patience=60, loss=MSELoss, batch_size=full_batch(全批次), device=cpu | 训练样本数(train_samples)=42, 序列长度(seq_len)=6
17:28:01 | DEBUG   |   [LSTM收敛] epoch=182, best_loss=0.011501
17:28:01 | DEBUG   |   [LSTM架构] SingleFeatureLSTM | hidden_size=6, num_layers=2, dropout=0.25, ReduceLROnPlateau | CNN/池化层: 无(本模型不使用卷积/池化)
17:28:01 | DEBUG   |   [训练配置] optimizer=Adam, lr=0.002, weight_decay=0.0001, epochs=1000, patience=60, loss=MSELoss, batch_size=full_batch(全批次), device=cpu | 训练样本数(train_samples)=42, 序列长度(seq_len)=6
17:28:02 | DEBUG   |   [LSTM收敛] epoch=185, best_loss=0.014598
17:28:02 | DEBUG   |   [LSTM架构] SingleFeatureLSTM | hidden_size=6, num_layers=2, dropout=0.25, ReduceLROnPlateau | CNN/池化层: 无(本模型不使用卷积/池化)
17:28:02 | DEBUG   |   [训练配置] optimizer=Adam, lr=0.002, weight_decay=0.0001, epochs=1000, patience=60, loss=MSELoss, batch_size=full_batch(全批次), device=cpu | 训练样本数(train_samples)=42, 序列长度(seq_len)=6
17:28:02 | DEBUG   |   [LSTM收敛] epoch=81, best_loss=0.008010
17:28:04 | INFO    |         MSE=202.9913 RMSE=14.2475 MAE=9.5668 R^2=0.4482
17:28:04 | INFO    |   [6/8] 模型四: VMD-LSTM(直接求和)...
17:28:04 | DEBUG   |   [VMD优化] 最优K=3 (搜索范围[2, 3, 4, 5, 6], 频率分离阈值=1.5)
17:28:04 | INFO    |   [VMD-LSTM直接求和] VMD最优K=3 → 1×MultiFeatureLSTM(hidden=8,do=0.25) + N×SingleFeatureLSTM(hidden=6,do=0.25) → 直接求和 | 序列长度(seq_len)=6, 输入特征数(input_features)=4(top-4因子)
17:28:04 | INFO    |   [VMD-LSTM直接求和] IMF筛选: 3→3个 | 残差=IMF1(新idx=0), 模态=['IMF2', 'IMF3']
17:28:04 | INFO    |   [LSTM架构] MultiFeatureLSTM | input_size=5, hidden_size=6, num_layers=2, dropout=0.25, ReduceLROnPlateau | CNN/池化层: 无(本模型不使用卷积/池化)
17:28:04 | INFO    |   [训练配置] optimizer=Adam, lr=0.002, weight_decay=0.0001, epochs=1000, patience=60, loss=MSELoss, batch_size=full_batch(全批次), device=cpu | 训练样本数(train_samples)=42, 序列长度(seq_len)=6
17:28:04 | DEBUG   |   [LSTM收敛] epoch=143, best_loss=0.006431
17:28:04 | DEBUG   |   [LSTM架构] SingleFeatureLSTM | hidden_size=6, num_layers=2, dropout=0.25, ReduceLROnPlateau | CNN/池化层: 无(本模型不使用卷积/池化)
17:28:04 | DEBUG   |   [训练配置] optimizer=Adam, lr=0.002, weight_decay=0.0001, epochs=1000, patience=60, loss=MSELoss, batch_size=full_batch(全批次), device=cpu | 训练样本数(train_samples)=42, 序列长度(seq_len)=6
17:28:05 | DEBUG   |   [LSTM收敛] epoch=133, best_loss=0.014262
17:28:05 | DEBUG   |   [LSTM架构] SingleFeatureLSTM | hidden_size=6, num_layers=2, dropout=0.25, ReduceLROnPlateau | CNN/池化层: 无(本模型不使用卷积/池化)
17:28:05 | DEBUG   |   [训练配置] optimizer=Adam, lr=0.002, weight_decay=0.0001, epochs=1000, patience=60, loss=MSELoss, batch_size=full_batch(全批次), device=cpu | 训练样本数(train_samples)=42, 序列长度(seq_len)=6
17:28:06 | DEBUG   |   [LSTM收敛] epoch=186, best_loss=0.010848
17:28:06 | INFO    |         MSE=410.5826 RMSE=20.2628 MAE=13.8332 R^2=-0.1162
17:28:06 | INFO    |   [7/8] 模型五: VMD-SVR...
17:28:06 | DEBUG   |   [VMD优化] 最优K=3 (搜索范围[2, 3, 4, 5, 6], 频率分离阈值=1.5)
17:28:06 | INFO    |   [VMD-SVR] VMD最优K=3
17:28:06 | INFO    |   [VMD-SVR] IMF筛选: 3→3个 (保留[0, 1, 2])
17:28:06 | INFO    |   [SVR超参数] kernel=rbf, C=[0.1, 1, 10, 100], gamma=['scale', 'auto', 0.01, 0.1], epsilon=[0.01, 0.05, 0.1, 0.2] | GridSearchCV(cv=3, scoring=neg_mse) | 输入特征数(input_features)=11 (3个IMF+4因子)
17:28:06 | INFO    |   [SVR最优参数] C=100, gamma=auto, epsilon=0.1
17:28:06 | INFO    |         MSE=529.1588 RMSE=23.0035 MAE=17.5329 R^2=-0.4385
17:28:13 | INFO    |   [图表] 特征重要性(arrester) → outputs/figures\feature_importance_arrester.png
17:28:13 | INFO    | 
17:28:13 | INFO    | [8/8] 汇总评估与可视化...
17:28:13 | INFO    | 
17:28:13 | INFO    | ========================================================================================================================
17:28:13 | INFO    | 评估指标汇总表
17:28:13 | INFO    | ========================================================================================================================
17:28:13 | INFO    | 物资               模型                              MSE         RMSE          MAE          R^2
17:28:13 | INFO    | ------------------------------------------------------------------------------------------------------------------------
17:28:13 | INFO    | 10KV电缆           CatBoost                    58.6607       7.6590       5.7293       0.2695
17:28:13 | INFO    |                  VMD-CatBoost                52.9203       7.2746       5.9659       0.3410
17:28:13 | INFO    |                  VMD-LSTM-CatBoost           68.0632       8.2500       6.3209       0.1524
17:28:13 | INFO    |                  VMD-LSTM                    91.6771       9.5748       8.0049      -0.1416
17:28:13 | INFO    |                  VMD-SVR                     69.1118       8.3134       6.5432       0.1394
17:28:13 | INFO    | ------------------------------------------------------------------------------------------------------------------------
17:28:13 | INFO    | 柱上变压器台成套设备       CatBoost                    56.9071       7.5437       6.8103      -1.1060
17:28:13 | INFO    |                  VMD-CatBoost                61.4385       7.8383       6.9273      -1.2737
17:28:13 | INFO    |                  VMD-LSTM-CatBoost           59.6363       7.7225       6.7721      -1.2071
17:28:13 | INFO    |                  VMD-LSTM                    39.4304       6.2794       5.3833      -0.4593
17:28:13 | INFO    |                  VMD-SVR                    162.3790      12.7428      11.7445      -5.0094
17:28:13 | INFO    | ------------------------------------------------------------------------------------------------------------------------
17:28:13 | INFO    | 10kv交流避雷器        CatBoost                   230.2776      15.1749      10.5659       0.3740
17:28:13 | INFO    |                  VMD-CatBoost               297.7084      17.2542      11.3449       0.1907
17:28:13 | INFO    |                  VMD-LSTM-CatBoost          202.9913      14.2475       9.5668       0.4482
17:28:13 | INFO    |                  VMD-LSTM                   410.5826      20.2628      13.8332      -0.1162
17:28:13 | INFO    |                  VMD-SVR                    529.1588      23.0035      17.5329      -0.4385
17:28:13 | INFO    | ------------------------------------------------------------------------------------------------------------------------
17:28:13 | INFO    | 
17:28:13 | INFO    |   [文件] 指标JSON → outputs/figures\metrics_summary.json
17:28:15 | INFO    |   [图表] 预测对比图(cable) → outputs/figures\prediction_comparison_cable.png
17:28:17 | INFO    |   [图表] 预测对比图(transformer) → outputs/figures\prediction_comparison_transformer.png
17:28:21 | INFO    |   [图表] 预测对比图(arrester) → outputs/figures\prediction_comparison_arrester.png
17:28:26 | INFO    |   [图表] 指标对比图 → outputs/figures\metrics_comparison.png
17:28:26 | INFO    | 
17:28:26 | INFO    | ======================================================================
17:28:26 | INFO    |   模型性能排序 (按R^2)
17:28:26 | INFO    | ======================================================================
17:28:26 | INFO    |   10KV电缆: [1st] VMD-CatBoost (R^2=0.3410)  [2nd] CatBoost (R^2=0.2695)  [3rd] VMD-LSTM-CatBoost (R^2=0.1524)
17:28:26 | INFO    |   柱上变压器台成套设备: [1st] VMD-LSTM (R^2=-0.4593)  [2nd] CatBoost (R^2=-1.1060)  [3rd] VMD-LSTM-CatBoost (R^2=-1.2071)
17:28:26 | INFO    |   10kv交流避雷器: [1st] VMD-LSTM-CatBoost (R^2=0.4482)  [2nd] CatBoost (R^2=0.3740)  [3rd] VMD-CatBoost (R^2=0.1907)
17:28:26 | INFO    | 
17:28:26 | INFO    | 所有图表已保存至: C:\Users\lilacseeking\PycharmProjects\vmd-catboost\outputs\figures/
17:28:26 | INFO    | 日志文件: C:\Users\lilacseeking\PycharmProjects\vmd-catboost\outputs\logs\main_20260615_172719.log
17:28:26 | INFO    | 完成!
