16:08:15 | INFO    | ======================================================================
16:08:15 | INFO    |   配电网物资需求预测 —— VMD-CatBoost 模型对比实验
16:08:15 | INFO    |   物资: 10KV电缆 / 柱上变压器台成套设备 / 10kv交流避雷器
16:08:15 | INFO    |   模型: CatBoost / VMD-CatBoost / VMD-LSTM-CatBoost / VMD-LSTM / VMD-SVR
16:08:15 | INFO    | ======================================================================
16:08:15 | INFO    |   日志文件: outputs/logs\main_20260615_160815.log
16:08:15 | INFO    | [1/8] 加载数据...
16:08:15 | INFO    | 读取已有数据文件: inputs/data\data.xlsx
16:08:16 | INFO    |   Sheet[10KV电缆]: 60 条, demand范围=[0.00, 30.00]
16:08:16 | INFO    |   Sheet[柱上变压器台成套设备]: 60 条, demand范围=[0.00, 18.00]
16:08:16 | INFO    |   Sheet[10kv交流避雷器]: 60 条, demand范围=[0.00, 80.00]
16:08:24 | INFO    |   [图表] 需求量曲线 → outputs/figures\demand_curves_60m.png
16:08:24 | INFO    | 
16:08:24 | INFO    | [2/8] 处理 10KV电缆 (cable)...
16:08:24 | INFO    |   Top-4 影响因子: ['investment', 'history_demand', 'load_growth', 'equipment_cost']
16:08:24 | INFO    |   [特征工程] 原始4因子 + lag1/lag2 + month_sin/cos = 8维特征
16:08:24 | DEBUG   |   训练集: 48月, 测试集: 12月
16:08:24 | INFO    |   [3/8] 模型一: CatBoost...
16:08:24 | INFO    |   [CatBoost基线] iterations=1500, lr=0.02, depth=6, l2=3, RMSE, 全8维特征
16:08:25 | INFO    |         MSE=58.6607 RMSE=7.6590 MAE=5.7293 R^2=0.2695
16:08:25 | INFO    |   [4/8] 模型二: VMD-CatBoost...
16:08:25 | DEBUG   |   [VMD优化] 最优K=3 (搜索范围[2, 3, 4, 5, 6], 频率分离阈值=1.5)
16:08:25 | INFO    |   [VMD-CatBoost] VMD最优K=3
16:08:25 | INFO    |   [VMD-CatBoost] IMF筛选: 3→3个 (保留[0, 1, 2])
16:08:26 | INFO    |         MSE=52.9203 RMSE=7.2746 MAE=5.9659 R^2=0.3410
16:08:30 | INFO    |   [图表] VMD分解图(cable) → outputs/figures\vmd_decomposition_cable.png
16:08:30 | INFO    |   [5/8] 模型三: VMD-LSTM-CatBoost...
16:08:30 | DEBUG   |   [VMD优化] 最优K=3 (搜索范围[2, 3, 4, 5, 6], 频率分离阈值=1.5)
16:08:30 | INFO    |   [VMD-LSTM-CatBoost] VMD最优K=3
16:08:30 | INFO    |   [VMD-LSTM-CatBoost] IMF筛选: 3→3个 | 残差=IMF1(新idx=0), 模态=['IMF2', 'IMF3']
16:08:30 | INFO    |   [LSTM架构] MultiFeatureLSTM | input_size=5, hidden_size=6, num_layers=2, dropout=0.25, ReduceLROnPlateau | CNN/池化层: 无(本模型不使用卷积/池化)
16:08:30 | INFO    |   [训练配置] optimizer=Adam, lr=0.002, weight_decay=0.0001, epochs=1000, patience=60, loss=MSELoss, batch_size=full_batch(全批次), device=cpu | 训练样本数(train_samples)=42, 序列长度(seq_len)=6
16:08:32 | DEBUG   |   [LSTM收敛] epoch=121, best_loss=0.004022
16:08:32 | DEBUG   |   [LSTM架构] SingleFeatureLSTM | hidden_size=6, num_layers=2, dropout=0.25, ReduceLROnPlateau | CNN/池化层: 无(本模型不使用卷积/池化)
16:08:32 | DEBUG   |   [训练配置] optimizer=Adam, lr=0.002, weight_decay=0.0001, epochs=1000, patience=60, loss=MSELoss, batch_size=full_batch(全批次), device=cpu | 训练样本数(train_samples)=42, 序列长度(seq_len)=6
16:08:32 | DEBUG   |   [LSTM收敛] epoch=139, best_loss=0.011034
16:08:32 | DEBUG   |   [LSTM架构] SingleFeatureLSTM | hidden_size=6, num_layers=2, dropout=0.25, ReduceLROnPlateau | CNN/池化层: 无(本模型不使用卷积/池化)
16:08:32 | DEBUG   |   [训练配置] optimizer=Adam, lr=0.002, weight_decay=0.0001, epochs=1000, patience=60, loss=MSELoss, batch_size=full_batch(全批次), device=cpu | 训练样本数(train_samples)=42, 序列长度(seq_len)=6
16:08:33 | DEBUG   |   [LSTM收敛] epoch=221, best_loss=0.001764
16:08:34 | INFO    |         MSE=82.8435 RMSE=9.1018 MAE=7.4060 R^2=-0.0316
16:08:34 | INFO    |   [6/8] 模型四: VMD-LSTM(直接求和)...
16:08:34 | DEBUG   |   [VMD优化] 最优K=3 (搜索范围[2, 3, 4, 5, 6], 频率分离阈值=1.5)
16:08:34 | INFO    |   [VMD-LSTM直接求和] VMD最优K=3 → 1×MultiFeatureLSTM(hidden=8,do=0.25) + N×SingleFeatureLSTM(hidden=6,do=0.25) → 直接求和 | 序列长度(seq_len)=6, 输入特征数(input_features)=4(top-4因子)
16:08:34 | INFO    |   [VMD-LSTM直接求和] IMF筛选: 3→3个 | 残差=IMF1(新idx=0), 模态=['IMF2', 'IMF3']
16:08:34 | INFO    |   [LSTM架构] MultiFeatureLSTM | input_size=5, hidden_size=6, num_layers=2, dropout=0.25, ReduceLROnPlateau | CNN/池化层: 无(本模型不使用卷积/池化)
16:08:34 | INFO    |   [训练配置] optimizer=Adam, lr=0.002, weight_decay=0.0001, epochs=1000, patience=60, loss=MSELoss, batch_size=full_batch(全批次), device=cpu | 训练样本数(train_samples)=42, 序列长度(seq_len)=6
16:08:34 | DEBUG   |   [LSTM收敛] epoch=149, best_loss=0.021424
16:08:34 | DEBUG   |   [LSTM架构] SingleFeatureLSTM | hidden_size=6, num_layers=2, dropout=0.25, ReduceLROnPlateau | CNN/池化层: 无(本模型不使用卷积/池化)
16:08:34 | DEBUG   |   [训练配置] optimizer=Adam, lr=0.002, weight_decay=0.0001, epochs=1000, patience=60, loss=MSELoss, batch_size=full_batch(全批次), device=cpu | 训练样本数(train_samples)=42, 序列长度(seq_len)=6
16:08:35 | DEBUG   |   [LSTM收敛] epoch=269, best_loss=0.016679
16:08:35 | DEBUG   |   [LSTM架构] SingleFeatureLSTM | hidden_size=6, num_layers=2, dropout=0.25, ReduceLROnPlateau | CNN/池化层: 无(本模型不使用卷积/池化)
16:08:35 | DEBUG   |   [训练配置] optimizer=Adam, lr=0.002, weight_decay=0.0001, epochs=1000, patience=60, loss=MSELoss, batch_size=full_batch(全批次), device=cpu | 训练样本数(train_samples)=42, 序列长度(seq_len)=6
16:08:36 | DEBUG   |   [LSTM收敛] epoch=198, best_loss=0.001513
16:08:36 | INFO    |         MSE=118.4736 RMSE=10.8846 MAE=8.9842 R^2=-0.4753
16:08:36 | INFO    |   [7/8] 模型五: VMD-SVR...
16:08:36 | DEBUG   |   [VMD优化] 最优K=3 (搜索范围[2, 3, 4, 5, 6], 频率分离阈值=1.5)
16:08:36 | INFO    |   [VMD-SVR] VMD最优K=3
16:08:36 | INFO    |   [VMD-SVR] IMF筛选: 3→3个 (保留[0, 1, 2])
16:08:36 | INFO    |   [SVR超参数] kernel=rbf, C=[0.1, 1, 10, 100], gamma=['scale', 'auto', 0.01, 0.1], epsilon=[0.01, 0.05, 0.1, 0.2] | GridSearchCV(cv=3, scoring=neg_mse) | 输入特征数(input_features)=11 (3个IMF+4因子)
16:08:36 | INFO    |   [SVR最优参数] C=100, gamma=0.01, epsilon=0.01
16:08:36 | INFO    |         MSE=69.1118 RMSE=8.3134 MAE=6.5432 R^2=0.1394
16:08:37 | INFO    |   [图表] 特征重要性(cable) → outputs/figures\feature_importance_cable.png
16:08:37 | INFO    | 
16:08:37 | INFO    | [2/8] 处理 柱上变压器台成套设备 (transformer)...
16:08:37 | INFO    |   Top-4 影响因子: ['load_growth', 'investment', 'history_demand', 'equipment_cost']
16:08:37 | INFO    |   [特征工程] 原始4因子 + lag1/lag2 + month_sin/cos = 8维特征
16:08:37 | DEBUG   |   训练集: 48月, 测试集: 12月
16:08:37 | INFO    |   [3/8] 模型一: CatBoost...
16:08:37 | INFO    |   [CatBoost基线] iterations=1500, lr=0.02, depth=6, l2=3, RMSE, 全8维特征
16:08:37 | INFO    |         MSE=56.9071 RMSE=7.5437 MAE=6.8103 R^2=-1.1060
16:08:37 | INFO    |   [4/8] 模型二: VMD-CatBoost...
16:08:37 | DEBUG   |   [VMD优化] 最优K=4 (搜索范围[2, 3, 4, 5, 6], 频率分离阈值=1.5)
16:08:37 | INFO    |   [VMD-CatBoost] VMD最优K=4
16:08:37 | INFO    |   [VMD-CatBoost] IMF筛选: 4→4个 (保留[0, 1, 2, 3])
16:08:37 | INFO    |         MSE=61.4385 RMSE=7.8383 MAE=6.9273 R^2=-1.2737
16:08:42 | INFO    |   [图表] VMD分解图(transformer) → outputs/figures\vmd_decomposition_transformer.png
16:08:42 | INFO    |   [5/8] 模型三: VMD-LSTM-CatBoost...
16:08:42 | DEBUG   |   [VMD优化] 最优K=4 (搜索范围[2, 3, 4, 5, 6], 频率分离阈值=1.5)
16:08:42 | INFO    |   [VMD-LSTM-CatBoost] VMD最优K=4
16:08:42 | INFO    |   [VMD-LSTM-CatBoost] IMF筛选: 4→4个 | 残差=IMF1(新idx=0), 模态=['IMF2', 'IMF3', 'IMF4']
16:08:42 | INFO    |   [LSTM架构] MultiFeatureLSTM | input_size=5, hidden_size=6, num_layers=2, dropout=0.25, ReduceLROnPlateau | CNN/池化层: 无(本模型不使用卷积/池化)
16:08:42 | INFO    |   [训练配置] optimizer=Adam, lr=0.002, weight_decay=0.0001, epochs=1000, patience=60, loss=MSELoss, batch_size=full_batch(全批次), device=cpu | 训练样本数(train_samples)=42, 序列长度(seq_len)=6
16:08:43 | DEBUG   |   [LSTM收敛] epoch=212, best_loss=0.022578
16:08:43 | DEBUG   |   [LSTM架构] SingleFeatureLSTM | hidden_size=6, num_layers=2, dropout=0.25, ReduceLROnPlateau | CNN/池化层: 无(本模型不使用卷积/池化)
16:08:43 | DEBUG   |   [训练配置] optimizer=Adam, lr=0.002, weight_decay=0.0001, epochs=1000, patience=60, loss=MSELoss, batch_size=full_batch(全批次), device=cpu | 训练样本数(train_samples)=42, 序列长度(seq_len)=6
16:08:43 | DEBUG   |   [LSTM收敛] epoch=135, best_loss=0.053327
16:08:43 | DEBUG   |   [LSTM架构] SingleFeatureLSTM | hidden_size=6, num_layers=2, dropout=0.25, ReduceLROnPlateau | CNN/池化层: 无(本模型不使用卷积/池化)
16:08:43 | DEBUG   |   [训练配置] optimizer=Adam, lr=0.002, weight_decay=0.0001, epochs=1000, patience=60, loss=MSELoss, batch_size=full_batch(全批次), device=cpu | 训练样本数(train_samples)=42, 序列长度(seq_len)=6
16:08:44 | DEBUG   |   [LSTM收敛] epoch=199, best_loss=0.010194
16:08:44 | DEBUG   |   [LSTM架构] SingleFeatureLSTM | hidden_size=6, num_layers=2, dropout=0.25, ReduceLROnPlateau | CNN/池化层: 无(本模型不使用卷积/池化)
16:08:44 | DEBUG   |   [训练配置] optimizer=Adam, lr=0.002, weight_decay=0.0001, epochs=1000, patience=60, loss=MSELoss, batch_size=full_batch(全批次), device=cpu | 训练样本数(train_samples)=42, 序列长度(seq_len)=6
16:08:44 | DEBUG   |   [LSTM收敛] epoch=109, best_loss=0.006675
16:08:45 | INFO    |         MSE=67.7036 RMSE=8.2282 MAE=7.1703 R^2=-1.5056
16:08:45 | INFO    |   [6/8] 模型四: VMD-LSTM(直接求和)...
16:08:45 | DEBUG   |   [VMD优化] 最优K=4 (搜索范围[2, 3, 4, 5, 6], 频率分离阈值=1.5)
16:08:45 | INFO    |   [VMD-LSTM直接求和] VMD最优K=4 → 1×MultiFeatureLSTM(hidden=8,do=0.25) + N×SingleFeatureLSTM(hidden=6,do=0.25) → 直接求和 | 序列长度(seq_len)=6, 输入特征数(input_features)=4(top-4因子)
16:08:45 | INFO    |   [VMD-LSTM直接求和] IMF筛选: 4→4个 | 残差=IMF1(新idx=0), 模态=['IMF2', 'IMF3', 'IMF4']
16:08:45 | INFO    |   [LSTM架构] MultiFeatureLSTM | input_size=5, hidden_size=6, num_layers=2, dropout=0.25, ReduceLROnPlateau | CNN/池化层: 无(本模型不使用卷积/池化)
16:08:45 | INFO    |   [训练配置] optimizer=Adam, lr=0.002, weight_decay=0.0001, epochs=1000, patience=60, loss=MSELoss, batch_size=full_batch(全批次), device=cpu | 训练样本数(train_samples)=42, 序列长度(seq_len)=6
16:08:46 | DEBUG   |   [LSTM收敛] epoch=155, best_loss=0.001482
16:08:46 | DEBUG   |   [LSTM架构] SingleFeatureLSTM | hidden_size=6, num_layers=2, dropout=0.25, ReduceLROnPlateau | CNN/池化层: 无(本模型不使用卷积/池化)
16:08:46 | DEBUG   |   [训练配置] optimizer=Adam, lr=0.002, weight_decay=0.0001, epochs=1000, patience=60, loss=MSELoss, batch_size=full_batch(全批次), device=cpu | 训练样本数(train_samples)=42, 序列长度(seq_len)=6
16:08:46 | DEBUG   |   [LSTM收敛] epoch=133, best_loss=0.056207
16:08:46 | DEBUG   |   [LSTM架构] SingleFeatureLSTM | hidden_size=6, num_layers=2, dropout=0.25, ReduceLROnPlateau | CNN/池化层: 无(本模型不使用卷积/池化)
16:08:46 | DEBUG   |   [训练配置] optimizer=Adam, lr=0.002, weight_decay=0.0001, epochs=1000, patience=60, loss=MSELoss, batch_size=full_batch(全批次), device=cpu | 训练样本数(train_samples)=42, 序列长度(seq_len)=6
16:08:47 | DEBUG   |   [LSTM收敛] epoch=156, best_loss=0.011372
16:08:47 | DEBUG   |   [LSTM架构] SingleFeatureLSTM | hidden_size=6, num_layers=2, dropout=0.25, ReduceLROnPlateau | CNN/池化层: 无(本模型不使用卷积/池化)
16:08:47 | DEBUG   |   [训练配置] optimizer=Adam, lr=0.002, weight_decay=0.0001, epochs=1000, patience=60, loss=MSELoss, batch_size=full_batch(全批次), device=cpu | 训练样本数(train_samples)=42, 序列长度(seq_len)=6
16:08:48 | DEBUG   |   [LSTM收敛] epoch=227, best_loss=0.011395
16:08:48 | INFO    |         MSE=58.8680 RMSE=7.6725 MAE=6.7500 R^2=-1.1786
16:08:48 | INFO    |   [7/8] 模型五: VMD-SVR...
16:08:48 | DEBUG   |   [VMD优化] 最优K=4 (搜索范围[2, 3, 4, 5, 6], 频率分离阈值=1.5)
16:08:48 | INFO    |   [VMD-SVR] VMD最优K=4
16:08:48 | INFO    |   [VMD-SVR] IMF筛选: 4→4个 (保留[0, 1, 2, 3])
16:08:48 | INFO    |   [SVR超参数] kernel=rbf, C=[0.1, 1, 10, 100], gamma=['scale', 'auto', 0.01, 0.1], epsilon=[0.01, 0.05, 0.1, 0.2] | GridSearchCV(cv=3, scoring=neg_mse) | 输入特征数(input_features)=12 (4个IMF+4因子)
16:08:48 | INFO    |   [SVR最优参数] C=100, gamma=0.01, epsilon=0.01
16:08:48 | INFO    |         MSE=162.3790 RMSE=12.7428 MAE=11.7445 R^2=-5.0094
16:08:49 | INFO    |   [图表] 特征重要性(transformer) → outputs/figures\feature_importance_transformer.png
16:08:49 | INFO    | 
16:08:49 | INFO    | [2/8] 处理 10kv交流避雷器 (arrester)...
16:08:49 | INFO    |   Top-4 影响因子: ['lightning_count', 'typhoon_count', 'rainstorm_count', 'load_growth']
16:08:49 | INFO    |   [特征工程] 原始4因子 + lag1/lag2 + month_sin/cos = 8维特征
16:08:49 | DEBUG   |   训练集: 48月, 测试集: 12月
16:08:49 | INFO    |   [3/8] 模型一: CatBoost...
16:08:49 | INFO    |   [CatBoost基线] iterations=1500, lr=0.02, depth=6, l2=3, RMSE, 全8维特征
16:08:49 | INFO    |         MSE=230.2776 RMSE=15.1749 MAE=10.5659 R^2=0.3740
16:08:49 | INFO    |   [4/8] 模型二: VMD-CatBoost...
16:08:49 | DEBUG   |   [VMD优化] 最优K=3 (搜索范围[2, 3, 4, 5, 6], 频率分离阈值=1.5)
16:08:49 | INFO    |   [VMD-CatBoost] VMD最优K=3
16:08:49 | INFO    |   [VMD-CatBoost] IMF筛选: 3→3个 (保留[0, 1, 2])
16:08:49 | INFO    |         MSE=297.7084 RMSE=17.2542 MAE=11.3449 R^2=0.1907
16:08:56 | INFO    |   [图表] VMD分解图(arrester) → outputs/figures\vmd_decomposition_arrester.png
16:08:56 | INFO    |   [5/8] 模型三: VMD-LSTM-CatBoost...
16:08:56 | DEBUG   |   [VMD优化] 最优K=3 (搜索范围[2, 3, 4, 5, 6], 频率分离阈值=1.5)
16:08:56 | INFO    |   [VMD-LSTM-CatBoost] VMD最优K=3
16:08:56 | INFO    |   [VMD-LSTM-CatBoost] IMF筛选: 3→3个 | 残差=IMF1(新idx=0), 模态=['IMF2', 'IMF3']
16:08:56 | INFO    |   [LSTM架构] MultiFeatureLSTM | input_size=5, hidden_size=6, num_layers=2, dropout=0.25, ReduceLROnPlateau | CNN/池化层: 无(本模型不使用卷积/池化)
16:08:56 | INFO    |   [训练配置] optimizer=Adam, lr=0.002, weight_decay=0.0001, epochs=1000, patience=60, loss=MSELoss, batch_size=full_batch(全批次), device=cpu | 训练样本数(train_samples)=42, 序列长度(seq_len)=6
16:08:56 | DEBUG   |   [LSTM收敛] epoch=150, best_loss=0.014366
16:08:56 | DEBUG   |   [LSTM架构] SingleFeatureLSTM | hidden_size=6, num_layers=2, dropout=0.25, ReduceLROnPlateau | CNN/池化层: 无(本模型不使用卷积/池化)
16:08:56 | DEBUG   |   [训练配置] optimizer=Adam, lr=0.002, weight_decay=0.0001, epochs=1000, patience=60, loss=MSELoss, batch_size=full_batch(全批次), device=cpu | 训练样本数(train_samples)=42, 序列长度(seq_len)=6
16:08:57 | DEBUG   |   [LSTM收敛] epoch=232, best_loss=0.011649
16:08:57 | DEBUG   |   [LSTM架构] SingleFeatureLSTM | hidden_size=6, num_layers=2, dropout=0.25, ReduceLROnPlateau | CNN/池化层: 无(本模型不使用卷积/池化)
16:08:57 | DEBUG   |   [训练配置] optimizer=Adam, lr=0.002, weight_decay=0.0001, epochs=1000, patience=60, loss=MSELoss, batch_size=full_batch(全批次), device=cpu | 训练样本数(train_samples)=42, 序列长度(seq_len)=6
16:08:57 | DEBUG   |   [LSTM收敛] epoch=90, best_loss=0.007511
16:08:58 | INFO    |         MSE=166.7262 RMSE=12.9122 MAE=8.8381 R^2=0.5468
16:08:58 | INFO    |   [6/8] 模型四: VMD-LSTM(直接求和)...
16:08:58 | DEBUG   |   [VMD优化] 最优K=3 (搜索范围[2, 3, 4, 5, 6], 频率分离阈值=1.5)
16:08:58 | INFO    |   [VMD-LSTM直接求和] VMD最优K=3 → 1×MultiFeatureLSTM(hidden=8,do=0.25) + N×SingleFeatureLSTM(hidden=6,do=0.25) → 直接求和 | 序列长度(seq_len)=6, 输入特征数(input_features)=4(top-4因子)
16:08:58 | INFO    |   [VMD-LSTM直接求和] IMF筛选: 3→3个 | 残差=IMF1(新idx=0), 模态=['IMF2', 'IMF3']
16:08:58 | INFO    |   [LSTM架构] MultiFeatureLSTM | input_size=5, hidden_size=6, num_layers=2, dropout=0.25, ReduceLROnPlateau | CNN/池化层: 无(本模型不使用卷积/池化)
16:08:58 | INFO    |   [训练配置] optimizer=Adam, lr=0.002, weight_decay=0.0001, epochs=1000, patience=60, loss=MSELoss, batch_size=full_batch(全批次), device=cpu | 训练样本数(train_samples)=42, 序列长度(seq_len)=6
16:08:59 | DEBUG   |   [LSTM收敛] epoch=166, best_loss=0.002496
16:08:59 | DEBUG   |   [LSTM架构] SingleFeatureLSTM | hidden_size=6, num_layers=2, dropout=0.25, ReduceLROnPlateau | CNN/池化层: 无(本模型不使用卷积/池化)
16:08:59 | DEBUG   |   [训练配置] optimizer=Adam, lr=0.002, weight_decay=0.0001, epochs=1000, patience=60, loss=MSELoss, batch_size=full_batch(全批次), device=cpu | 训练样本数(train_samples)=42, 序列长度(seq_len)=6
16:09:00 | DEBUG   |   [LSTM收敛] epoch=236, best_loss=0.014788
16:09:00 | DEBUG   |   [LSTM架构] SingleFeatureLSTM | hidden_size=6, num_layers=2, dropout=0.25, ReduceLROnPlateau | CNN/池化层: 无(本模型不使用卷积/池化)
16:09:00 | DEBUG   |   [训练配置] optimizer=Adam, lr=0.002, weight_decay=0.0001, epochs=1000, patience=60, loss=MSELoss, batch_size=full_batch(全批次), device=cpu | 训练样本数(train_samples)=42, 序列长度(seq_len)=6
16:09:00 | DEBUG   |   [LSTM收敛] epoch=127, best_loss=0.007275
16:09:00 | INFO    |         MSE=394.4625 RMSE=19.8611 MAE=13.6972 R^2=-0.0723
16:09:00 | INFO    |   [7/8] 模型五: VMD-SVR...
16:09:00 | DEBUG   |   [VMD优化] 最优K=3 (搜索范围[2, 3, 4, 5, 6], 频率分离阈值=1.5)
16:09:00 | INFO    |   [VMD-SVR] VMD最优K=3
16:09:00 | INFO    |   [VMD-SVR] IMF筛选: 3→3个 (保留[0, 1, 2])
16:09:00 | INFO    |   [SVR超参数] kernel=rbf, C=[0.1, 1, 10, 100], gamma=['scale', 'auto', 0.01, 0.1], epsilon=[0.01, 0.05, 0.1, 0.2] | GridSearchCV(cv=3, scoring=neg_mse) | 输入特征数(input_features)=11 (3个IMF+4因子)
16:09:01 | INFO    |   [SVR最优参数] C=100, gamma=auto, epsilon=0.1
16:09:01 | INFO    |         MSE=529.1588 RMSE=23.0035 MAE=17.5329 R^2=-0.4385
16:09:07 | INFO    |   [图表] 特征重要性(arrester) → outputs/figures\feature_importance_arrester.png
16:09:07 | INFO    | 
16:09:07 | INFO    | [8/8] 汇总评估与可视化...
16:09:07 | INFO    | 
16:09:07 | INFO    | ========================================================================================================================
16:09:07 | INFO    | 评估指标汇总表
16:09:07 | INFO    | ========================================================================================================================
16:09:07 | INFO    | 物资               模型                              MSE         RMSE          MAE          R^2
16:09:07 | INFO    | ------------------------------------------------------------------------------------------------------------------------
16:09:07 | INFO    | 10KV电缆           CatBoost                    58.6607       7.6590       5.7293       0.2695
16:09:07 | INFO    |                  VMD-CatBoost                52.9203       7.2746       5.9659       0.3410
16:09:07 | INFO    |                  VMD-LSTM-CatBoost           82.8435       9.1018       7.4060      -0.0316
16:09:07 | INFO    |                  VMD-LSTM                   118.4736      10.8846       8.9842      -0.4753
16:09:07 | INFO    |                  VMD-SVR                     69.1118       8.3134       6.5432       0.1394
16:09:07 | INFO    | ------------------------------------------------------------------------------------------------------------------------
16:09:07 | INFO    | 柱上变压器台成套设备       CatBoost                    56.9071       7.5437       6.8103      -1.1060
16:09:07 | INFO    |                  VMD-CatBoost                61.4385       7.8383       6.9273      -1.2737
16:09:07 | INFO    |                  VMD-LSTM-CatBoost           67.7036       8.2282       7.1703      -1.5056
16:09:07 | INFO    |                  VMD-LSTM                    58.8680       7.6725       6.7500      -1.1786
16:09:07 | INFO    |                  VMD-SVR                    162.3790      12.7428      11.7445      -5.0094
16:09:07 | INFO    | ------------------------------------------------------------------------------------------------------------------------
16:09:07 | INFO    | 10kv交流避雷器        CatBoost                   230.2776      15.1749      10.5659       0.3740
16:09:07 | INFO    |                  VMD-CatBoost               297.7084      17.2542      11.3449       0.1907
16:09:07 | INFO    |                  VMD-LSTM-CatBoost          166.7262      12.9122       8.8381       0.5468
16:09:07 | INFO    |                  VMD-LSTM                   394.4625      19.8611      13.6972      -0.0723
16:09:07 | INFO    |                  VMD-SVR                    529.1588      23.0035      17.5329      -0.4385
16:09:07 | INFO    | ------------------------------------------------------------------------------------------------------------------------
16:09:07 | INFO    | 
16:09:07 | INFO    |   [文件] 指标JSON → outputs/figures\metrics_summary.json
16:09:09 | INFO    |   [图表] 预测对比图(cable) → outputs/figures\prediction_comparison_cable.png
16:09:11 | INFO    |   [图表] 预测对比图(transformer) → outputs/figures\prediction_comparison_transformer.png
16:09:15 | INFO    |   [图表] 预测对比图(arrester) → outputs/figures\prediction_comparison_arrester.png
16:09:20 | INFO    |   [图表] 指标对比图 → outputs/figures\metrics_comparison.png
16:09:20 | INFO    | 
16:09:20 | INFO    | ======================================================================
16:09:20 | INFO    |   模型性能排序 (按R^2)
16:09:20 | INFO    | ======================================================================
16:09:20 | INFO    |   10KV电缆: [1st] VMD-CatBoost (R^2=0.3410)  [2nd] CatBoost (R^2=0.2695)  [3rd] VMD-SVR (R^2=0.1394)
16:09:20 | INFO    |   柱上变压器台成套设备: [1st] CatBoost (R^2=-1.1060)  [2nd] VMD-LSTM (R^2=-1.1786)  [3rd] VMD-CatBoost (R^2=-1.2737)
16:09:20 | INFO    |   10kv交流避雷器: [1st] VMD-LSTM-CatBoost (R^2=0.5468)  [2nd] CatBoost (R^2=0.3740)  [3rd] VMD-CatBoost (R^2=0.1907)
16:09:20 | INFO    | 
16:09:20 | INFO    | 所有图表已保存至: C:\Users\lilacseeking\PycharmProjects\vmd-catboost\outputs\figures/
16:09:20 | INFO    | 日志文件: C:\Users\lilacseeking\PycharmProjects\vmd-catboost\outputs\logs\main_20260615_160815.log
16:09:20 | INFO    | 完成!
